<html>
<head>
<title>TestNG:  Default test</title>
<link href="../testng.css" rel="stylesheet" type="text/css" />
<link href="../my-testng.css" rel="stylesheet" type="text/css" />

<style type="text/css">
.log { display: none;} 
.stack-trace { display: none;} 
</style>
<script type="text/javascript">
<!--
function flip(e) {
  current = e.style.display;
  if (current == 'block') {
    e.style.display = 'none';
    return 0;
  }
  else {
    e.style.display = 'block';
    return 1;
  }
}

function toggleBox(szDivId, elem, msg1, msg2)
{
  var res = -1;  if (document.getElementById) {
    res = flip(document.getElementById(szDivId));
  }
  else if (document.all) {
    // this is the way old msie versions work
    res = flip(document.all[szDivId]);
  }
  if(elem) {
    if(res == 0) elem.innerHTML = msg1; else elem.innerHTML = msg2;
  }

}

function toggleAllBoxes() {
  if (document.getElementsByTagName) {
    d = document.getElementsByTagName('div');
    for (i = 0; i < d.length; i++) {
      if (d[i].className == 'log') {
        flip(d[i]);
      }
    }
  }
}

// -->
</script>

</head>
<body>
<h2 align='center'>Default test</h2><table border='1' align="center">
<tr>
<td>Tests passed/Failed/Skipped:</td><td>169/32/0</td>
</tr><tr>
<td>Started on:</td><td>Sat Apr 15 17:46:14 CDT 2023</td>
</tr>
<tr><td>Total time:</td><td>264 seconds (264617 ms)</td>
</tr><tr>
<td>Included groups:</td><td></td>
</tr><tr>
<td>Excluded groups:</td><td></td>
</tr>
</table><p/>
<small><i>(Hover the method name to see the test class name)</i></small><p/>
<table width='100%' border='1' class='invocation-failed'>
<tr><td colspan='4' align='center'><b>FAILED TESTS</b></td></tr>
<tr><td><b>Test method</b></td>
<td><b>Attribute(s)</b></td>
<td width="30%"><b>Exception</b></td>
<td width="10%"><b>Time (seconds)</b></td>
<td><b>Instance</b></td>
</tr>
<tr>
<td title='parallel.TestRunner.runScenario()'><b>runScenario</b><br>Test class: parallel.TestRunner<br>Test method: Runs Cucumber Scenarios<br>Parameters: "User is on Home page and click getstarted link "Queue" on home page without sign in", "User launch dsalgo application and test Home page"</td>
<td><div><pre>org.openqa.selenium.NoSuchElementException: no such element: Unable to locate element: {&quot;method&quot;:&quot;xpath&quot;,&quot;selector&quot;:&quot;//*[@class=&apos;alert alert-primary&apos;]&quot;}
  (Session info: chrome=112.0.5615.49)
For documentation on this error, please visit: https://selenium.dev/exceptions/#no_such_element
Build info: version: &apos;4.5.0&apos;, revision: &apos;fe167b119a&apos;
System info: os.name: &apos;Windows 11&apos;, os.arch: &apos;amd64&apos;, os.version: &apos;10.0&apos;, java.version: &apos;19.0.1&apos;
Driver info: org.openqa.selenium.chrome.ChromeDriver
Command: [b446593e541e53fd73eb28549a69f73e, findElement {using=xpath, value=//*[@class=&apos;alert alert-primary&apos;]}]
Capabilities {acceptInsecureCerts: false, browserName: chrome, browserVersion: 112.0.5615.49, chrome: {chromedriverVersion: 112.0.5615.49 (bd2a7bcb881c..., userDataDir: C:\Users\kiran\AppData\Loca...}, goog:chromeOptions: {debuggerAddress: localhost:56237}, networkConnectionEnabled: false, pageLoadStrategy: normal, platformName: WINDOWS, proxy: Proxy(), se:cdp: ws://localhost:56237/devtoo..., se:cdpVersion: 112.0.5615.49, setWindowRect: true, strictFileInteractability: false, timeouts: {implicit: 0, pageLoad: 300000, script: 30000}, unhandledPromptBehavior: dismiss and notify, webauthn:extension:credBlob: true, webauthn:extension:largeBlob: true, webauthn:extension:minPinLength: true, webauthn:extension:prf: true, webauthn:virtualAuthenticators: true}
Session ID: b446593e541e53fd73eb28549a69f73e
	at java.base/jdk.internal.reflect.DirectConstructorHandleAccessor.newInstance(DirectConstructorHandleAccessor.java:67)
	at java.base/java.lang.reflect.Constructor.newInstanceWithCaller(Constructor.java:500)
	at java.base/java.lang.reflect.Constructor.newInstance(Constructor.java:484)
	at org.openqa.selenium.remote.codec.w3c.W3CHttpResponseCodec.createException(W3CHttpResponseCodec.java:200)
	at org.openqa.selenium.remote.codec.w3c.W3CHttpResponseCodec.decode(W3CHttpResponseCodec.java:133)
	at org.openqa.selenium.remote.codec.w3c.W3CHttpResponseCodec.decode(W3CHttpResponseCodec.java:53)
	at org.openqa.selenium.remote.HttpCommandExecutor.execute(HttpCommandExecutor.java:184)
	at org.openqa.selenium.remote.service.DriverCommandExecutor.invokeExecute(DriverCommandExecutor.java:167)
	at org.openqa.selenium.remote.service.DriverCommandExecutor.execute(DriverCommandExecutor.java:142)
	at org.openqa.selenium.remote.RemoteWebDriver.execute(RemoteWebDriver.java:547)
	at org.openqa.selenium.remote.ElementLocation$ElementFinder$2.findElement(ElementLocation.java:162)
	at org.openqa.selenium.remote.ElementLocation.findElement(ElementLocation.java:60)
	at org.openqa.selenium.remote.RemoteWebDriver.findElement(RemoteWebDriver.java:365)
	at org.openqa.selenium.remote.RemoteWebDriver.findElement(RemoteWebDriver.java:357)
	at org.openqa.selenium.support.pagefactory.DefaultElementLocator.findElement(DefaultElementLocator.java:70)
	at org.openqa.selenium.support.pagefactory.internal.LocatingElementHandler.invoke(LocatingElementHandler.java:39)
	at jdk.proxy2/jdk.proxy2.$Proxy44.getText(Unknown Source)
	at pageObjects.HomePage.alert(HomePage.java:74)
	at parallel.Home_SD.the_user_get_warning_message(Home_SD.java:55)
	at ✽.The user get warning message &quot;You are not logged in&quot;(file:///C:/Users/kiran/eclipse-workspace/Implementors/src/test/resources/parallel/Home.feature:14)
</pre></div><a href='#' onClick='toggleBox("stack-trace2002552415", this, "Click to show all stack frames", "Click to hide stack frames")'>Click to show all stack frames</a>
<div class='stack-trace' id='stack-trace2002552415'><pre>org.openqa.selenium.NoSuchElementException: no such element: Unable to locate element: {&quot;method&quot;:&quot;xpath&quot;,&quot;selector&quot;:&quot;//*[@class=&apos;alert alert-primary&apos;]&quot;}
  (Session info: chrome=112.0.5615.49)
For documentation on this error, please visit: https://selenium.dev/exceptions/#no_such_element
Build info: version: &apos;4.5.0&apos;, revision: &apos;fe167b119a&apos;
System info: os.name: &apos;Windows 11&apos;, os.arch: &apos;amd64&apos;, os.version: &apos;10.0&apos;, java.version: &apos;19.0.1&apos;
Driver info: org.openqa.selenium.chrome.ChromeDriver
Command: [b446593e541e53fd73eb28549a69f73e, findElement {using=xpath, value=//*[@class=&apos;alert alert-primary&apos;]}]
Capabilities {acceptInsecureCerts: false, browserName: chrome, browserVersion: 112.0.5615.49, chrome: {chromedriverVersion: 112.0.5615.49 (bd2a7bcb881c..., userDataDir: C:\Users\kiran\AppData\Loca...}, goog:chromeOptions: {debuggerAddress: localhost:56237}, networkConnectionEnabled: false, pageLoadStrategy: normal, platformName: WINDOWS, proxy: Proxy(), se:cdp: ws://localhost:56237/devtoo..., se:cdpVersion: 112.0.5615.49, setWindowRect: true, strictFileInteractability: false, timeouts: {implicit: 0, pageLoad: 300000, script: 30000}, unhandledPromptBehavior: dismiss and notify, webauthn:extension:credBlob: true, webauthn:extension:largeBlob: true, webauthn:extension:minPinLength: true, webauthn:extension:prf: true, webauthn:virtualAuthenticators: true}
Session ID: b446593e541e53fd73eb28549a69f73e
	at java.base/jdk.internal.reflect.DirectConstructorHandleAccessor.newInstance(DirectConstructorHandleAccessor.java:67)
	at java.base/java.lang.reflect.Constructor.newInstanceWithCaller(Constructor.java:500)
	at java.base/java.lang.reflect.Constructor.newInstance(Constructor.java:484)
	at org.openqa.selenium.remote.codec.w3c.W3CHttpResponseCodec.createException(W3CHttpResponseCodec.java:200)
	at org.openqa.selenium.remote.codec.w3c.W3CHttpResponseCodec.decode(W3CHttpResponseCodec.java:133)
	at org.openqa.selenium.remote.codec.w3c.W3CHttpResponseCodec.decode(W3CHttpResponseCodec.java:53)
	at org.openqa.selenium.remote.HttpCommandExecutor.execute(HttpCommandExecutor.java:184)
	at org.openqa.selenium.remote.service.DriverCommandExecutor.invokeExecute(DriverCommandExecutor.java:167)
	at org.openqa.selenium.remote.service.DriverCommandExecutor.execute(DriverCommandExecutor.java:142)
	at org.openqa.selenium.remote.RemoteWebDriver.execute(RemoteWebDriver.java:547)
	at org.openqa.selenium.remote.ElementLocation$ElementFinder$2.findElement(ElementLocation.java:162)
	at org.openqa.selenium.remote.ElementLocation.findElement(ElementLocation.java:60)
	at org.openqa.selenium.remote.RemoteWebDriver.findElement(RemoteWebDriver.java:365)
	at org.openqa.selenium.remote.RemoteWebDriver.findElement(RemoteWebDriver.java:357)
	at org.openqa.selenium.support.pagefactory.DefaultElementLocator.findElement(DefaultElementLocator.java:70)
	at org.openqa.selenium.support.pagefactory.internal.LocatingElementHandler.invoke(LocatingElementHandler.java:39)
	at jdk.proxy2/jdk.proxy2.$Proxy44.getText(Unknown Source)
	at pageObjects.HomePage.alert(HomePage.java:74)
	at parallel.Home_SD.the_user_get_warning_message(Home_SD.java:55)
	at ✽.The user get warning message &quot;You are not logged in&quot;(file:///C:/Users/kiran/eclipse-workspace/Implementors/src/test/resources/parallel/Home.feature:14)
</pre></div></td>
<td>0</td>
<td>parallel.TestRunner@7bbc8656</td></tr>
<tr>
<td title='parallel.TestRunner.runScenario()'><b>runScenario</b><br>Test class: parallel.TestRunner<br>Test method: Runs Cucumber Scenarios<br>Parameters: "The user is able to submit code in tryEditor for Max Consecutive Ones", "User launch dsalgo application and test Array page"</td>
<td><div><pre>java.lang.AssertionError: Result do not match expected [submission success] but found [Error occurred during submission]
	at org.testng.Assert.fail(Assert.java:110)
	at org.testng.Assert.failNotEquals(Assert.java:1413)
	at org.testng.Assert.assertEqualsImpl(Assert.java:149)
	at org.testng.Assert.assertEquals(Assert.java:131)
	at org.testng.Assert.assertEquals(Assert.java:655)
	at parallel.Array_SD.the_user_should_be_presented_with_successful_submission_message(Array_SD.java:194)
	at ✽.The user should be presented with successful submission message(file:///C:/Users/kiran/eclipse-workspace/Implementors/src/test/resources/parallel/Array.feature:219)
</pre></div><a href='#' onClick='toggleBox("stack-trace218353095", this, "Click to show all stack frames", "Click to hide stack frames")'>Click to show all stack frames</a>
<div class='stack-trace' id='stack-trace218353095'><pre>java.lang.AssertionError: Result do not match expected [submission success] but found [Error occurred during submission]
	at org.testng.Assert.fail(Assert.java:110)
	at org.testng.Assert.failNotEquals(Assert.java:1413)
	at org.testng.Assert.assertEqualsImpl(Assert.java:149)
	at org.testng.Assert.assertEquals(Assert.java:131)
	at org.testng.Assert.assertEquals(Assert.java:655)
	at parallel.Array_SD.the_user_should_be_presented_with_successful_submission_message(Array_SD.java:194)
	at ✽.The user should be presented with successful submission message(file:///C:/Users/kiran/eclipse-workspace/Implementors/src/test/resources/parallel/Array.feature:219)
</pre></div></td>
<td>4</td>
<td>parallel.TestRunner@7bbc8656</td></tr>
<tr>
<td title='parallel.TestRunner.runScenario()'><b>runScenario</b><br>Test class: parallel.TestRunner<br>Test method: Runs Cucumber Scenarios<br>Parameters: "User is on Home page and click on dropdown "Graph" without sign in", "User launch dsalgo application and test Home page"</td>
<td><div><pre>org.openqa.selenium.NoSuchElementException: no such element: Unable to locate element: {&quot;method&quot;:&quot;xpath&quot;,&quot;selector&quot;:&quot;//*[@class=&apos;alert alert-primary&apos;]&quot;}
  (Session info: chrome=112.0.5615.49)
For documentation on this error, please visit: https://selenium.dev/exceptions/#no_such_element
Build info: version: &apos;4.5.0&apos;, revision: &apos;fe167b119a&apos;
System info: os.name: &apos;Windows 11&apos;, os.arch: &apos;amd64&apos;, os.version: &apos;10.0&apos;, java.version: &apos;19.0.1&apos;
Driver info: org.openqa.selenium.chrome.ChromeDriver
Command: [b446593e541e53fd73eb28549a69f73e, findElement {using=xpath, value=//*[@class=&apos;alert alert-primary&apos;]}]
Capabilities {acceptInsecureCerts: false, browserName: chrome, browserVersion: 112.0.5615.49, chrome: {chromedriverVersion: 112.0.5615.49 (bd2a7bcb881c..., userDataDir: C:\Users\kiran\AppData\Loca...}, goog:chromeOptions: {debuggerAddress: localhost:56237}, networkConnectionEnabled: false, pageLoadStrategy: normal, platformName: WINDOWS, proxy: Proxy(), se:cdp: ws://localhost:56237/devtoo..., se:cdpVersion: 112.0.5615.49, setWindowRect: true, strictFileInteractability: false, timeouts: {implicit: 0, pageLoad: 300000, script: 30000}, unhandledPromptBehavior: dismiss and notify, webauthn:extension:credBlob: true, webauthn:extension:largeBlob: true, webauthn:extension:minPinLength: true, webauthn:extension:prf: true, webauthn:virtualAuthenticators: true}
Session ID: b446593e541e53fd73eb28549a69f73e
	at java.base/jdk.internal.reflect.DirectConstructorHandleAccessor.newInstance(DirectConstructorHandleAccessor.java:67)
	at java.base/java.lang.reflect.Constructor.newInstanceWithCaller(Constructor.java:500)
	at java.base/java.lang.reflect.Constructor.newInstance(Constructor.java:484)
	at org.openqa.selenium.remote.codec.w3c.W3CHttpResponseCodec.createException(W3CHttpResponseCodec.java:200)
	at org.openqa.selenium.remote.codec.w3c.W3CHttpResponseCodec.decode(W3CHttpResponseCodec.java:133)
	at org.openqa.selenium.remote.codec.w3c.W3CHttpResponseCodec.decode(W3CHttpResponseCodec.java:53)
	at org.openqa.selenium.remote.HttpCommandExecutor.execute(HttpCommandExecutor.java:184)
	at org.openqa.selenium.remote.service.DriverCommandExecutor.invokeExecute(DriverCommandExecutor.java:167)
	at org.openqa.selenium.remote.service.DriverCommandExecutor.execute(DriverCommandExecutor.java:142)
	at org.openqa.selenium.remote.RemoteWebDriver.execute(RemoteWebDriver.java:547)
	at org.openqa.selenium.remote.ElementLocation$ElementFinder$2.findElement(ElementLocation.java:162)
	at org.openqa.selenium.remote.ElementLocation.findElement(ElementLocation.java:60)
	at org.openqa.selenium.remote.RemoteWebDriver.findElement(RemoteWebDriver.java:365)
	at org.openqa.selenium.remote.RemoteWebDriver.findElement(RemoteWebDriver.java:357)
	at org.openqa.selenium.support.pagefactory.DefaultElementLocator.findElement(DefaultElementLocator.java:70)
	at org.openqa.selenium.support.pagefactory.internal.LocatingElementHandler.invoke(LocatingElementHandler.java:39)
	at jdk.proxy2/jdk.proxy2.$Proxy44.getText(Unknown Source)
	at pageObjects.HomePage.alert(HomePage.java:74)
	at parallel.Home_SD.the_user_get_warning_message(Home_SD.java:55)
	at ✽.The user get warning message &quot;You are not logged in&quot;(file:///C:/Users/kiran/eclipse-workspace/Implementors/src/test/resources/parallel/Home.feature:30)
</pre></div><a href='#' onClick='toggleBox("stack-trace970960343", this, "Click to show all stack frames", "Click to hide stack frames")'>Click to show all stack frames</a>
<div class='stack-trace' id='stack-trace970960343'><pre>org.openqa.selenium.NoSuchElementException: no such element: Unable to locate element: {&quot;method&quot;:&quot;xpath&quot;,&quot;selector&quot;:&quot;//*[@class=&apos;alert alert-primary&apos;]&quot;}
  (Session info: chrome=112.0.5615.49)
For documentation on this error, please visit: https://selenium.dev/exceptions/#no_such_element
Build info: version: &apos;4.5.0&apos;, revision: &apos;fe167b119a&apos;
System info: os.name: &apos;Windows 11&apos;, os.arch: &apos;amd64&apos;, os.version: &apos;10.0&apos;, java.version: &apos;19.0.1&apos;
Driver info: org.openqa.selenium.chrome.ChromeDriver
Command: [b446593e541e53fd73eb28549a69f73e, findElement {using=xpath, value=//*[@class=&apos;alert alert-primary&apos;]}]
Capabilities {acceptInsecureCerts: false, browserName: chrome, browserVersion: 112.0.5615.49, chrome: {chromedriverVersion: 112.0.5615.49 (bd2a7bcb881c..., userDataDir: C:\Users\kiran\AppData\Loca...}, goog:chromeOptions: {debuggerAddress: localhost:56237}, networkConnectionEnabled: false, pageLoadStrategy: normal, platformName: WINDOWS, proxy: Proxy(), se:cdp: ws://localhost:56237/devtoo..., se:cdpVersion: 112.0.5615.49, setWindowRect: true, strictFileInteractability: false, timeouts: {implicit: 0, pageLoad: 300000, script: 30000}, unhandledPromptBehavior: dismiss and notify, webauthn:extension:credBlob: true, webauthn:extension:largeBlob: true, webauthn:extension:minPinLength: true, webauthn:extension:prf: true, webauthn:virtualAuthenticators: true}
Session ID: b446593e541e53fd73eb28549a69f73e
	at java.base/jdk.internal.reflect.DirectConstructorHandleAccessor.newInstance(DirectConstructorHandleAccessor.java:67)
	at java.base/java.lang.reflect.Constructor.newInstanceWithCaller(Constructor.java:500)
	at java.base/java.lang.reflect.Constructor.newInstance(Constructor.java:484)
	at org.openqa.selenium.remote.codec.w3c.W3CHttpResponseCodec.createException(W3CHttpResponseCodec.java:200)
	at org.openqa.selenium.remote.codec.w3c.W3CHttpResponseCodec.decode(W3CHttpResponseCodec.java:133)
	at org.openqa.selenium.remote.codec.w3c.W3CHttpResponseCodec.decode(W3CHttpResponseCodec.java:53)
	at org.openqa.selenium.remote.HttpCommandExecutor.execute(HttpCommandExecutor.java:184)
	at org.openqa.selenium.remote.service.DriverCommandExecutor.invokeExecute(DriverCommandExecutor.java:167)
	at org.openqa.selenium.remote.service.DriverCommandExecutor.execute(DriverCommandExecutor.java:142)
	at org.openqa.selenium.remote.RemoteWebDriver.execute(RemoteWebDriver.java:547)
	at org.openqa.selenium.remote.ElementLocation$ElementFinder$2.findElement(ElementLocation.java:162)
	at org.openqa.selenium.remote.ElementLocation.findElement(ElementLocation.java:60)
	at org.openqa.selenium.remote.RemoteWebDriver.findElement(RemoteWebDriver.java:365)
	at org.openqa.selenium.remote.RemoteWebDriver.findElement(RemoteWebDriver.java:357)
	at org.openqa.selenium.support.pagefactory.DefaultElementLocator.findElement(DefaultElementLocator.java:70)
	at org.openqa.selenium.support.pagefactory.internal.LocatingElementHandler.invoke(LocatingElementHandler.java:39)
	at jdk.proxy2/jdk.proxy2.$Proxy44.getText(Unknown Source)
	at pageObjects.HomePage.alert(HomePage.java:74)
	at parallel.Home_SD.the_user_get_warning_message(Home_SD.java:55)
	at ✽.The user get warning message &quot;You are not logged in&quot;(file:///C:/Users/kiran/eclipse-workspace/Implementors/src/test/resources/parallel/Home.feature:30)
</pre></div></td>
<td>0</td>
<td>parallel.TestRunner@7bbc8656</td></tr>
<tr>
<td title='parallel.TestRunner.runScenario()'><b>runScenario</b><br>Test class: parallel.TestRunner<br>Test method: Runs Cucumber Scenarios<br>Parameters: "User is on Home page and click getstarted link "Graph" on home page without sign in", "User launch dsalgo application and test Home page"</td>
<td><div><pre>org.openqa.selenium.NoSuchElementException: no such element: Unable to locate element: {&quot;method&quot;:&quot;xpath&quot;,&quot;selector&quot;:&quot;//*[@class=&apos;alert alert-primary&apos;]&quot;}
  (Session info: chrome=112.0.5615.49)
For documentation on this error, please visit: https://selenium.dev/exceptions/#no_such_element
Build info: version: &apos;4.5.0&apos;, revision: &apos;fe167b119a&apos;
System info: os.name: &apos;Windows 11&apos;, os.arch: &apos;amd64&apos;, os.version: &apos;10.0&apos;, java.version: &apos;19.0.1&apos;
Driver info: org.openqa.selenium.chrome.ChromeDriver
Command: [b446593e541e53fd73eb28549a69f73e, findElement {using=xpath, value=//*[@class=&apos;alert alert-primary&apos;]}]
Capabilities {acceptInsecureCerts: false, browserName: chrome, browserVersion: 112.0.5615.49, chrome: {chromedriverVersion: 112.0.5615.49 (bd2a7bcb881c..., userDataDir: C:\Users\kiran\AppData\Loca...}, goog:chromeOptions: {debuggerAddress: localhost:56237}, networkConnectionEnabled: false, pageLoadStrategy: normal, platformName: WINDOWS, proxy: Proxy(), se:cdp: ws://localhost:56237/devtoo..., se:cdpVersion: 112.0.5615.49, setWindowRect: true, strictFileInteractability: false, timeouts: {implicit: 0, pageLoad: 300000, script: 30000}, unhandledPromptBehavior: dismiss and notify, webauthn:extension:credBlob: true, webauthn:extension:largeBlob: true, webauthn:extension:minPinLength: true, webauthn:extension:prf: true, webauthn:virtualAuthenticators: true}
Session ID: b446593e541e53fd73eb28549a69f73e
	at java.base/jdk.internal.reflect.DirectConstructorHandleAccessor.newInstance(DirectConstructorHandleAccessor.java:67)
	at java.base/java.lang.reflect.Constructor.newInstanceWithCaller(Constructor.java:500)
	at java.base/java.lang.reflect.Constructor.newInstance(Constructor.java:484)
	at org.openqa.selenium.remote.codec.w3c.W3CHttpResponseCodec.createException(W3CHttpResponseCodec.java:200)
	at org.openqa.selenium.remote.codec.w3c.W3CHttpResponseCodec.decode(W3CHttpResponseCodec.java:133)
	at org.openqa.selenium.remote.codec.w3c.W3CHttpResponseCodec.decode(W3CHttpResponseCodec.java:53)
	at org.openqa.selenium.remote.HttpCommandExecutor.execute(HttpCommandExecutor.java:184)
	at org.openqa.selenium.remote.service.DriverCommandExecutor.invokeExecute(DriverCommandExecutor.java:167)
	at org.openqa.selenium.remote.service.DriverCommandExecutor.execute(DriverCommandExecutor.java:142)
	at org.openqa.selenium.remote.RemoteWebDriver.execute(RemoteWebDriver.java:547)
	at org.openqa.selenium.remote.ElementLocation$ElementFinder$2.findElement(ElementLocation.java:162)
	at org.openqa.selenium.remote.ElementLocation.findElement(ElementLocation.java:60)
	at org.openqa.selenium.remote.RemoteWebDriver.findElement(RemoteWebDriver.java:365)
	at org.openqa.selenium.remote.RemoteWebDriver.findElement(RemoteWebDriver.java:357)
	at org.openqa.selenium.support.pagefactory.DefaultElementLocator.findElement(DefaultElementLocator.java:70)
	at org.openqa.selenium.support.pagefactory.internal.LocatingElementHandler.invoke(LocatingElementHandler.java:39)
	at jdk.proxy2/jdk.proxy2.$Proxy44.getText(Unknown Source)
	at pageObjects.HomePage.alert(HomePage.java:74)
	at parallel.Home_SD.the_user_get_warning_message(Home_SD.java:55)
	at ✽.The user get warning message &quot;You are not logged in&quot;(file:///C:/Users/kiran/eclipse-workspace/Implementors/src/test/resources/parallel/Home.feature:14)
</pre></div><a href='#' onClick='toggleBox("stack-trace174021526", this, "Click to show all stack frames", "Click to hide stack frames")'>Click to show all stack frames</a>
<div class='stack-trace' id='stack-trace174021526'><pre>org.openqa.selenium.NoSuchElementException: no such element: Unable to locate element: {&quot;method&quot;:&quot;xpath&quot;,&quot;selector&quot;:&quot;//*[@class=&apos;alert alert-primary&apos;]&quot;}
  (Session info: chrome=112.0.5615.49)
For documentation on this error, please visit: https://selenium.dev/exceptions/#no_such_element
Build info: version: &apos;4.5.0&apos;, revision: &apos;fe167b119a&apos;
System info: os.name: &apos;Windows 11&apos;, os.arch: &apos;amd64&apos;, os.version: &apos;10.0&apos;, java.version: &apos;19.0.1&apos;
Driver info: org.openqa.selenium.chrome.ChromeDriver
Command: [b446593e541e53fd73eb28549a69f73e, findElement {using=xpath, value=//*[@class=&apos;alert alert-primary&apos;]}]
Capabilities {acceptInsecureCerts: false, browserName: chrome, browserVersion: 112.0.5615.49, chrome: {chromedriverVersion: 112.0.5615.49 (bd2a7bcb881c..., userDataDir: C:\Users\kiran\AppData\Loca...}, goog:chromeOptions: {debuggerAddress: localhost:56237}, networkConnectionEnabled: false, pageLoadStrategy: normal, platformName: WINDOWS, proxy: Proxy(), se:cdp: ws://localhost:56237/devtoo..., se:cdpVersion: 112.0.5615.49, setWindowRect: true, strictFileInteractability: false, timeouts: {implicit: 0, pageLoad: 300000, script: 30000}, unhandledPromptBehavior: dismiss and notify, webauthn:extension:credBlob: true, webauthn:extension:largeBlob: true, webauthn:extension:minPinLength: true, webauthn:extension:prf: true, webauthn:virtualAuthenticators: true}
Session ID: b446593e541e53fd73eb28549a69f73e
	at java.base/jdk.internal.reflect.DirectConstructorHandleAccessor.newInstance(DirectConstructorHandleAccessor.java:67)
	at java.base/java.lang.reflect.Constructor.newInstanceWithCaller(Constructor.java:500)
	at java.base/java.lang.reflect.Constructor.newInstance(Constructor.java:484)
	at org.openqa.selenium.remote.codec.w3c.W3CHttpResponseCodec.createException(W3CHttpResponseCodec.java:200)
	at org.openqa.selenium.remote.codec.w3c.W3CHttpResponseCodec.decode(W3CHttpResponseCodec.java:133)
	at org.openqa.selenium.remote.codec.w3c.W3CHttpResponseCodec.decode(W3CHttpResponseCodec.java:53)
	at org.openqa.selenium.remote.HttpCommandExecutor.execute(HttpCommandExecutor.java:184)
	at org.openqa.selenium.remote.service.DriverCommandExecutor.invokeExecute(DriverCommandExecutor.java:167)
	at org.openqa.selenium.remote.service.DriverCommandExecutor.execute(DriverCommandExecutor.java:142)
	at org.openqa.selenium.remote.RemoteWebDriver.execute(RemoteWebDriver.java:547)
	at org.openqa.selenium.remote.ElementLocation$ElementFinder$2.findElement(ElementLocation.java:162)
	at org.openqa.selenium.remote.ElementLocation.findElement(ElementLocation.java:60)
	at org.openqa.selenium.remote.RemoteWebDriver.findElement(RemoteWebDriver.java:365)
	at org.openqa.selenium.remote.RemoteWebDriver.findElement(RemoteWebDriver.java:357)
	at org.openqa.selenium.support.pagefactory.DefaultElementLocator.findElement(DefaultElementLocator.java:70)
	at org.openqa.selenium.support.pagefactory.internal.LocatingElementHandler.invoke(LocatingElementHandler.java:39)
	at jdk.proxy2/jdk.proxy2.$Proxy44.getText(Unknown Source)
	at pageObjects.HomePage.alert(HomePage.java:74)
	at parallel.Home_SD.the_user_get_warning_message(Home_SD.java:55)
	at ✽.The user get warning message &quot;You are not logged in&quot;(file:///C:/Users/kiran/eclipse-workspace/Implementors/src/test/resources/parallel/Home.feature:14)
</pre></div></td>
<td>0</td>
<td>parallel.TestRunner@7bbc8656</td></tr>
<tr>
<td title='parallel.TestRunner.runScenario()'><b>runScenario</b><br>Test class: parallel.TestRunner<br>Test method: Runs Cucumber Scenarios<br>Parameters: "User on login page and login with invalid and valid inputs from Excel "Sheet1" and 0", "Validating Login page"</td>
<td><div><pre>java.lang.AssertionError: expected [Please check your password] but found [Invalid Username and Password]
	at org.testng.Assert.fail(Assert.java:110)
	at org.testng.Assert.failNotEquals(Assert.java:1413)
	at org.testng.Assert.assertEqualsImpl(Assert.java:149)
	at org.testng.Assert.assertEquals(Assert.java:131)
	at org.testng.Assert.assertEquals(Assert.java:655)
	at org.testng.Assert.assertEquals(Assert.java:665)
	at parallel.Signin_SD.click_login_button(Signin_SD.java:94)
	at ✽.click login button(file:///C:/Users/kiran/eclipse-workspace/Implementors/src/test/resources/parallel/SignIn.feature:26)
</pre></div><a href='#' onClick='toggleBox("stack-trace1928154727", this, "Click to show all stack frames", "Click to hide stack frames")'>Click to show all stack frames</a>
<div class='stack-trace' id='stack-trace1928154727'><pre>java.lang.AssertionError: expected [Please check your password] but found [Invalid Username and Password]
	at org.testng.Assert.fail(Assert.java:110)
	at org.testng.Assert.failNotEquals(Assert.java:1413)
	at org.testng.Assert.assertEqualsImpl(Assert.java:149)
	at org.testng.Assert.assertEquals(Assert.java:131)
	at org.testng.Assert.assertEquals(Assert.java:655)
	at org.testng.Assert.assertEquals(Assert.java:665)
	at parallel.Signin_SD.click_login_button(Signin_SD.java:94)
	at ✽.click login button(file:///C:/Users/kiran/eclipse-workspace/Implementors/src/test/resources/parallel/SignIn.feature:26)
</pre></div></td>
<td>0</td>
<td>parallel.TestRunner@7bbc8656</td></tr>
<tr>
<td title='parallel.TestRunner.runScenario()'><b>runScenario</b><br>Test class: parallel.TestRunner<br>Test method: Runs Cucumber Scenarios<br>Parameters: "User is on Home page and click getstarted link "Stack" on home page without sign in", "User launch dsalgo application and test Home page"</td>
<td><div><pre>org.openqa.selenium.NoSuchElementException: no such element: Unable to locate element: {&quot;method&quot;:&quot;xpath&quot;,&quot;selector&quot;:&quot;//*[@class=&apos;alert alert-primary&apos;]&quot;}
  (Session info: chrome=112.0.5615.49)
For documentation on this error, please visit: https://selenium.dev/exceptions/#no_such_element
Build info: version: &apos;4.5.0&apos;, revision: &apos;fe167b119a&apos;
System info: os.name: &apos;Windows 11&apos;, os.arch: &apos;amd64&apos;, os.version: &apos;10.0&apos;, java.version: &apos;19.0.1&apos;
Driver info: org.openqa.selenium.chrome.ChromeDriver
Command: [b446593e541e53fd73eb28549a69f73e, findElement {using=xpath, value=//*[@class=&apos;alert alert-primary&apos;]}]
Capabilities {acceptInsecureCerts: false, browserName: chrome, browserVersion: 112.0.5615.49, chrome: {chromedriverVersion: 112.0.5615.49 (bd2a7bcb881c..., userDataDir: C:\Users\kiran\AppData\Loca...}, goog:chromeOptions: {debuggerAddress: localhost:56237}, networkConnectionEnabled: false, pageLoadStrategy: normal, platformName: WINDOWS, proxy: Proxy(), se:cdp: ws://localhost:56237/devtoo..., se:cdpVersion: 112.0.5615.49, setWindowRect: true, strictFileInteractability: false, timeouts: {implicit: 0, pageLoad: 300000, script: 30000}, unhandledPromptBehavior: dismiss and notify, webauthn:extension:credBlob: true, webauthn:extension:largeBlob: true, webauthn:extension:minPinLength: true, webauthn:extension:prf: true, webauthn:virtualAuthenticators: true}
Session ID: b446593e541e53fd73eb28549a69f73e
	at java.base/jdk.internal.reflect.DirectConstructorHandleAccessor.newInstance(DirectConstructorHandleAccessor.java:67)
	at java.base/java.lang.reflect.Constructor.newInstanceWithCaller(Constructor.java:500)
	at java.base/java.lang.reflect.Constructor.newInstance(Constructor.java:484)
	at org.openqa.selenium.remote.codec.w3c.W3CHttpResponseCodec.createException(W3CHttpResponseCodec.java:200)
	at org.openqa.selenium.remote.codec.w3c.W3CHttpResponseCodec.decode(W3CHttpResponseCodec.java:133)
	at org.openqa.selenium.remote.codec.w3c.W3CHttpResponseCodec.decode(W3CHttpResponseCodec.java:53)
	at org.openqa.selenium.remote.HttpCommandExecutor.execute(HttpCommandExecutor.java:184)
	at org.openqa.selenium.remote.service.DriverCommandExecutor.invokeExecute(DriverCommandExecutor.java:167)
	at org.openqa.selenium.remote.service.DriverCommandExecutor.execute(DriverCommandExecutor.java:142)
	at org.openqa.selenium.remote.RemoteWebDriver.execute(RemoteWebDriver.java:547)
	at org.openqa.selenium.remote.ElementLocation$ElementFinder$2.findElement(ElementLocation.java:162)
	at org.openqa.selenium.remote.ElementLocation.findElement(ElementLocation.java:60)
	at org.openqa.selenium.remote.RemoteWebDriver.findElement(RemoteWebDriver.java:365)
	at org.openqa.selenium.remote.RemoteWebDriver.findElement(RemoteWebDriver.java:357)
	at org.openqa.selenium.support.pagefactory.DefaultElementLocator.findElement(DefaultElementLocator.java:70)
	at org.openqa.selenium.support.pagefactory.internal.LocatingElementHandler.invoke(LocatingElementHandler.java:39)
	at jdk.proxy2/jdk.proxy2.$Proxy44.getText(Unknown Source)
	at pageObjects.HomePage.alert(HomePage.java:74)
	at parallel.Home_SD.the_user_get_warning_message(Home_SD.java:55)
	at ✽.The user get warning message &quot;You are not logged in&quot;(file:///C:/Users/kiran/eclipse-workspace/Implementors/src/test/resources/parallel/Home.feature:14)
</pre></div><a href='#' onClick='toggleBox("stack-trace1874361203", this, "Click to show all stack frames", "Click to hide stack frames")'>Click to show all stack frames</a>
<div class='stack-trace' id='stack-trace1874361203'><pre>org.openqa.selenium.NoSuchElementException: no such element: Unable to locate element: {&quot;method&quot;:&quot;xpath&quot;,&quot;selector&quot;:&quot;//*[@class=&apos;alert alert-primary&apos;]&quot;}
  (Session info: chrome=112.0.5615.49)
For documentation on this error, please visit: https://selenium.dev/exceptions/#no_such_element
Build info: version: &apos;4.5.0&apos;, revision: &apos;fe167b119a&apos;
System info: os.name: &apos;Windows 11&apos;, os.arch: &apos;amd64&apos;, os.version: &apos;10.0&apos;, java.version: &apos;19.0.1&apos;
Driver info: org.openqa.selenium.chrome.ChromeDriver
Command: [b446593e541e53fd73eb28549a69f73e, findElement {using=xpath, value=//*[@class=&apos;alert alert-primary&apos;]}]
Capabilities {acceptInsecureCerts: false, browserName: chrome, browserVersion: 112.0.5615.49, chrome: {chromedriverVersion: 112.0.5615.49 (bd2a7bcb881c..., userDataDir: C:\Users\kiran\AppData\Loca...}, goog:chromeOptions: {debuggerAddress: localhost:56237}, networkConnectionEnabled: false, pageLoadStrategy: normal, platformName: WINDOWS, proxy: Proxy(), se:cdp: ws://localhost:56237/devtoo..., se:cdpVersion: 112.0.5615.49, setWindowRect: true, strictFileInteractability: false, timeouts: {implicit: 0, pageLoad: 300000, script: 30000}, unhandledPromptBehavior: dismiss and notify, webauthn:extension:credBlob: true, webauthn:extension:largeBlob: true, webauthn:extension:minPinLength: true, webauthn:extension:prf: true, webauthn:virtualAuthenticators: true}
Session ID: b446593e541e53fd73eb28549a69f73e
	at java.base/jdk.internal.reflect.DirectConstructorHandleAccessor.newInstance(DirectConstructorHandleAccessor.java:67)
	at java.base/java.lang.reflect.Constructor.newInstanceWithCaller(Constructor.java:500)
	at java.base/java.lang.reflect.Constructor.newInstance(Constructor.java:484)
	at org.openqa.selenium.remote.codec.w3c.W3CHttpResponseCodec.createException(W3CHttpResponseCodec.java:200)
	at org.openqa.selenium.remote.codec.w3c.W3CHttpResponseCodec.decode(W3CHttpResponseCodec.java:133)
	at org.openqa.selenium.remote.codec.w3c.W3CHttpResponseCodec.decode(W3CHttpResponseCodec.java:53)
	at org.openqa.selenium.remote.HttpCommandExecutor.execute(HttpCommandExecutor.java:184)
	at org.openqa.selenium.remote.service.DriverCommandExecutor.invokeExecute(DriverCommandExecutor.java:167)
	at org.openqa.selenium.remote.service.DriverCommandExecutor.execute(DriverCommandExecutor.java:142)
	at org.openqa.selenium.remote.RemoteWebDriver.execute(RemoteWebDriver.java:547)
	at org.openqa.selenium.remote.ElementLocation$ElementFinder$2.findElement(ElementLocation.java:162)
	at org.openqa.selenium.remote.ElementLocation.findElement(ElementLocation.java:60)
	at org.openqa.selenium.remote.RemoteWebDriver.findElement(RemoteWebDriver.java:365)
	at org.openqa.selenium.remote.RemoteWebDriver.findElement(RemoteWebDriver.java:357)
	at org.openqa.selenium.support.pagefactory.DefaultElementLocator.findElement(DefaultElementLocator.java:70)
	at org.openqa.selenium.support.pagefactory.internal.LocatingElementHandler.invoke(LocatingElementHandler.java:39)
	at jdk.proxy2/jdk.proxy2.$Proxy44.getText(Unknown Source)
	at pageObjects.HomePage.alert(HomePage.java:74)
	at parallel.Home_SD.the_user_get_warning_message(Home_SD.java:55)
	at ✽.The user get warning message &quot;You are not logged in&quot;(file:///C:/Users/kiran/eclipse-workspace/Implementors/src/test/resources/parallel/Home.feature:14)
</pre></div></td>
<td>0</td>
<td>parallel.TestRunner@7bbc8656</td></tr>
<tr>
<td title='parallel.TestRunner.runScenario()'><b>runScenario</b><br>Test class: parallel.TestRunner<br>Test method: Runs Cucumber Scenarios<br>Parameters: "User is on Home page and click on dropdown "Arrays" without sign in", "User launch dsalgo application and test Home page"</td>
<td><div><pre>org.openqa.selenium.NoSuchElementException: no such element: Unable to locate element: {&quot;method&quot;:&quot;xpath&quot;,&quot;selector&quot;:&quot;//*[@class=&apos;alert alert-primary&apos;]&quot;}
  (Session info: chrome=112.0.5615.49)
For documentation on this error, please visit: https://selenium.dev/exceptions/#no_such_element
Build info: version: &apos;4.5.0&apos;, revision: &apos;fe167b119a&apos;
System info: os.name: &apos;Windows 11&apos;, os.arch: &apos;amd64&apos;, os.version: &apos;10.0&apos;, java.version: &apos;19.0.1&apos;
Driver info: org.openqa.selenium.chrome.ChromeDriver
Command: [b446593e541e53fd73eb28549a69f73e, findElement {using=xpath, value=//*[@class=&apos;alert alert-primary&apos;]}]
Capabilities {acceptInsecureCerts: false, browserName: chrome, browserVersion: 112.0.5615.49, chrome: {chromedriverVersion: 112.0.5615.49 (bd2a7bcb881c..., userDataDir: C:\Users\kiran\AppData\Loca...}, goog:chromeOptions: {debuggerAddress: localhost:56237}, networkConnectionEnabled: false, pageLoadStrategy: normal, platformName: WINDOWS, proxy: Proxy(), se:cdp: ws://localhost:56237/devtoo..., se:cdpVersion: 112.0.5615.49, setWindowRect: true, strictFileInteractability: false, timeouts: {implicit: 0, pageLoad: 300000, script: 30000}, unhandledPromptBehavior: dismiss and notify, webauthn:extension:credBlob: true, webauthn:extension:largeBlob: true, webauthn:extension:minPinLength: true, webauthn:extension:prf: true, webauthn:virtualAuthenticators: true}
Session ID: b446593e541e53fd73eb28549a69f73e
	at java.base/jdk.internal.reflect.DirectConstructorHandleAccessor.newInstance(DirectConstructorHandleAccessor.java:67)
	at java.base/java.lang.reflect.Constructor.newInstanceWithCaller(Constructor.java:500)
	at java.base/java.lang.reflect.Constructor.newInstance(Constructor.java:484)
	at org.openqa.selenium.remote.codec.w3c.W3CHttpResponseCodec.createException(W3CHttpResponseCodec.java:200)
	at org.openqa.selenium.remote.codec.w3c.W3CHttpResponseCodec.decode(W3CHttpResponseCodec.java:133)
	at org.openqa.selenium.remote.codec.w3c.W3CHttpResponseCodec.decode(W3CHttpResponseCodec.java:53)
	at org.openqa.selenium.remote.HttpCommandExecutor.execute(HttpCommandExecutor.java:184)
	at org.openqa.selenium.remote.service.DriverCommandExecutor.invokeExecute(DriverCommandExecutor.java:167)
	at org.openqa.selenium.remote.service.DriverCommandExecutor.execute(DriverCommandExecutor.java:142)
	at org.openqa.selenium.remote.RemoteWebDriver.execute(RemoteWebDriver.java:547)
	at org.openqa.selenium.remote.ElementLocation$ElementFinder$2.findElement(ElementLocation.java:162)
	at org.openqa.selenium.remote.ElementLocation.findElement(ElementLocation.java:60)
	at org.openqa.selenium.remote.RemoteWebDriver.findElement(RemoteWebDriver.java:365)
	at org.openqa.selenium.remote.RemoteWebDriver.findElement(RemoteWebDriver.java:357)
	at org.openqa.selenium.support.pagefactory.DefaultElementLocator.findElement(DefaultElementLocator.java:70)
	at org.openqa.selenium.support.pagefactory.internal.LocatingElementHandler.invoke(LocatingElementHandler.java:39)
	at jdk.proxy2/jdk.proxy2.$Proxy44.getText(Unknown Source)
	at pageObjects.HomePage.alert(HomePage.java:74)
	at parallel.Home_SD.the_user_get_warning_message(Home_SD.java:55)
	at ✽.The user get warning message &quot;You are not logged in&quot;(file:///C:/Users/kiran/eclipse-workspace/Implementors/src/test/resources/parallel/Home.feature:30)
</pre></div><a href='#' onClick='toggleBox("stack-trace1140333684", this, "Click to show all stack frames", "Click to hide stack frames")'>Click to show all stack frames</a>
<div class='stack-trace' id='stack-trace1140333684'><pre>org.openqa.selenium.NoSuchElementException: no such element: Unable to locate element: {&quot;method&quot;:&quot;xpath&quot;,&quot;selector&quot;:&quot;//*[@class=&apos;alert alert-primary&apos;]&quot;}
  (Session info: chrome=112.0.5615.49)
For documentation on this error, please visit: https://selenium.dev/exceptions/#no_such_element
Build info: version: &apos;4.5.0&apos;, revision: &apos;fe167b119a&apos;
System info: os.name: &apos;Windows 11&apos;, os.arch: &apos;amd64&apos;, os.version: &apos;10.0&apos;, java.version: &apos;19.0.1&apos;
Driver info: org.openqa.selenium.chrome.ChromeDriver
Command: [b446593e541e53fd73eb28549a69f73e, findElement {using=xpath, value=//*[@class=&apos;alert alert-primary&apos;]}]
Capabilities {acceptInsecureCerts: false, browserName: chrome, browserVersion: 112.0.5615.49, chrome: {chromedriverVersion: 112.0.5615.49 (bd2a7bcb881c..., userDataDir: C:\Users\kiran\AppData\Loca...}, goog:chromeOptions: {debuggerAddress: localhost:56237}, networkConnectionEnabled: false, pageLoadStrategy: normal, platformName: WINDOWS, proxy: Proxy(), se:cdp: ws://localhost:56237/devtoo..., se:cdpVersion: 112.0.5615.49, setWindowRect: true, strictFileInteractability: false, timeouts: {implicit: 0, pageLoad: 300000, script: 30000}, unhandledPromptBehavior: dismiss and notify, webauthn:extension:credBlob: true, webauthn:extension:largeBlob: true, webauthn:extension:minPinLength: true, webauthn:extension:prf: true, webauthn:virtualAuthenticators: true}
Session ID: b446593e541e53fd73eb28549a69f73e
	at java.base/jdk.internal.reflect.DirectConstructorHandleAccessor.newInstance(DirectConstructorHandleAccessor.java:67)
	at java.base/java.lang.reflect.Constructor.newInstanceWithCaller(Constructor.java:500)
	at java.base/java.lang.reflect.Constructor.newInstance(Constructor.java:484)
	at org.openqa.selenium.remote.codec.w3c.W3CHttpResponseCodec.createException(W3CHttpResponseCodec.java:200)
	at org.openqa.selenium.remote.codec.w3c.W3CHttpResponseCodec.decode(W3CHttpResponseCodec.java:133)
	at org.openqa.selenium.remote.codec.w3c.W3CHttpResponseCodec.decode(W3CHttpResponseCodec.java:53)
	at org.openqa.selenium.remote.HttpCommandExecutor.execute(HttpCommandExecutor.java:184)
	at org.openqa.selenium.remote.service.DriverCommandExecutor.invokeExecute(DriverCommandExecutor.java:167)
	at org.openqa.selenium.remote.service.DriverCommandExecutor.execute(DriverCommandExecutor.java:142)
	at org.openqa.selenium.remote.RemoteWebDriver.execute(RemoteWebDriver.java:547)
	at org.openqa.selenium.remote.ElementLocation$ElementFinder$2.findElement(ElementLocation.java:162)
	at org.openqa.selenium.remote.ElementLocation.findElement(ElementLocation.java:60)
	at org.openqa.selenium.remote.RemoteWebDriver.findElement(RemoteWebDriver.java:365)
	at org.openqa.selenium.remote.RemoteWebDriver.findElement(RemoteWebDriver.java:357)
	at org.openqa.selenium.support.pagefactory.DefaultElementLocator.findElement(DefaultElementLocator.java:70)
	at org.openqa.selenium.support.pagefactory.internal.LocatingElementHandler.invoke(LocatingElementHandler.java:39)
	at jdk.proxy2/jdk.proxy2.$Proxy44.getText(Unknown Source)
	at pageObjects.HomePage.alert(HomePage.java:74)
	at parallel.Home_SD.the_user_get_warning_message(Home_SD.java:55)
	at ✽.The user get warning message &quot;You are not logged in&quot;(file:///C:/Users/kiran/eclipse-workspace/Implementors/src/test/resources/parallel/Home.feature:30)
</pre></div></td>
<td>0</td>
<td>parallel.TestRunner@7bbc8656</td></tr>
<tr>
<td title='parallel.TestRunner.runScenario()'><b>runScenario</b><br>Test class: parallel.TestRunner<br>Test method: Runs Cucumber Scenarios<br>Parameters: "User is on Home page and click on dropdown "Stack" without sign in", "User launch dsalgo application and test Home page"</td>
<td><div><pre>org.openqa.selenium.NoSuchElementException: no such element: Unable to locate element: {&quot;method&quot;:&quot;xpath&quot;,&quot;selector&quot;:&quot;//*[@class=&apos;alert alert-primary&apos;]&quot;}
  (Session info: chrome=112.0.5615.49)
For documentation on this error, please visit: https://selenium.dev/exceptions/#no_such_element
Build info: version: &apos;4.5.0&apos;, revision: &apos;fe167b119a&apos;
System info: os.name: &apos;Windows 11&apos;, os.arch: &apos;amd64&apos;, os.version: &apos;10.0&apos;, java.version: &apos;19.0.1&apos;
Driver info: org.openqa.selenium.chrome.ChromeDriver
Command: [b446593e541e53fd73eb28549a69f73e, findElement {using=xpath, value=//*[@class=&apos;alert alert-primary&apos;]}]
Capabilities {acceptInsecureCerts: false, browserName: chrome, browserVersion: 112.0.5615.49, chrome: {chromedriverVersion: 112.0.5615.49 (bd2a7bcb881c..., userDataDir: C:\Users\kiran\AppData\Loca...}, goog:chromeOptions: {debuggerAddress: localhost:56237}, networkConnectionEnabled: false, pageLoadStrategy: normal, platformName: WINDOWS, proxy: Proxy(), se:cdp: ws://localhost:56237/devtoo..., se:cdpVersion: 112.0.5615.49, setWindowRect: true, strictFileInteractability: false, timeouts: {implicit: 0, pageLoad: 300000, script: 30000}, unhandledPromptBehavior: dismiss and notify, webauthn:extension:credBlob: true, webauthn:extension:largeBlob: true, webauthn:extension:minPinLength: true, webauthn:extension:prf: true, webauthn:virtualAuthenticators: true}
Session ID: b446593e541e53fd73eb28549a69f73e
	at java.base/jdk.internal.reflect.DirectConstructorHandleAccessor.newInstance(DirectConstructorHandleAccessor.java:67)
	at java.base/java.lang.reflect.Constructor.newInstanceWithCaller(Constructor.java:500)
	at java.base/java.lang.reflect.Constructor.newInstance(Constructor.java:484)
	at org.openqa.selenium.remote.codec.w3c.W3CHttpResponseCodec.createException(W3CHttpResponseCodec.java:200)
	at org.openqa.selenium.remote.codec.w3c.W3CHttpResponseCodec.decode(W3CHttpResponseCodec.java:133)
	at org.openqa.selenium.remote.codec.w3c.W3CHttpResponseCodec.decode(W3CHttpResponseCodec.java:53)
	at org.openqa.selenium.remote.HttpCommandExecutor.execute(HttpCommandExecutor.java:184)
	at org.openqa.selenium.remote.service.DriverCommandExecutor.invokeExecute(DriverCommandExecutor.java:167)
	at org.openqa.selenium.remote.service.DriverCommandExecutor.execute(DriverCommandExecutor.java:142)
	at org.openqa.selenium.remote.RemoteWebDriver.execute(RemoteWebDriver.java:547)
	at org.openqa.selenium.remote.ElementLocation$ElementFinder$2.findElement(ElementLocation.java:162)
	at org.openqa.selenium.remote.ElementLocation.findElement(ElementLocation.java:60)
	at org.openqa.selenium.remote.RemoteWebDriver.findElement(RemoteWebDriver.java:365)
	at org.openqa.selenium.remote.RemoteWebDriver.findElement(RemoteWebDriver.java:357)
	at org.openqa.selenium.support.pagefactory.DefaultElementLocator.findElement(DefaultElementLocator.java:70)
	at org.openqa.selenium.support.pagefactory.internal.LocatingElementHandler.invoke(LocatingElementHandler.java:39)
	at jdk.proxy2/jdk.proxy2.$Proxy44.getText(Unknown Source)
	at pageObjects.HomePage.alert(HomePage.java:74)
	at parallel.Home_SD.the_user_get_warning_message(Home_SD.java:55)
	at ✽.The user get warning message &quot;You are not logged in&quot;(file:///C:/Users/kiran/eclipse-workspace/Implementors/src/test/resources/parallel/Home.feature:30)
</pre></div><a href='#' onClick='toggleBox("stack-trace477800054", this, "Click to show all stack frames", "Click to hide stack frames")'>Click to show all stack frames</a>
<div class='stack-trace' id='stack-trace477800054'><pre>org.openqa.selenium.NoSuchElementException: no such element: Unable to locate element: {&quot;method&quot;:&quot;xpath&quot;,&quot;selector&quot;:&quot;//*[@class=&apos;alert alert-primary&apos;]&quot;}
  (Session info: chrome=112.0.5615.49)
For documentation on this error, please visit: https://selenium.dev/exceptions/#no_such_element
Build info: version: &apos;4.5.0&apos;, revision: &apos;fe167b119a&apos;
System info: os.name: &apos;Windows 11&apos;, os.arch: &apos;amd64&apos;, os.version: &apos;10.0&apos;, java.version: &apos;19.0.1&apos;
Driver info: org.openqa.selenium.chrome.ChromeDriver
Command: [b446593e541e53fd73eb28549a69f73e, findElement {using=xpath, value=//*[@class=&apos;alert alert-primary&apos;]}]
Capabilities {acceptInsecureCerts: false, browserName: chrome, browserVersion: 112.0.5615.49, chrome: {chromedriverVersion: 112.0.5615.49 (bd2a7bcb881c..., userDataDir: C:\Users\kiran\AppData\Loca...}, goog:chromeOptions: {debuggerAddress: localhost:56237}, networkConnectionEnabled: false, pageLoadStrategy: normal, platformName: WINDOWS, proxy: Proxy(), se:cdp: ws://localhost:56237/devtoo..., se:cdpVersion: 112.0.5615.49, setWindowRect: true, strictFileInteractability: false, timeouts: {implicit: 0, pageLoad: 300000, script: 30000}, unhandledPromptBehavior: dismiss and notify, webauthn:extension:credBlob: true, webauthn:extension:largeBlob: true, webauthn:extension:minPinLength: true, webauthn:extension:prf: true, webauthn:virtualAuthenticators: true}
Session ID: b446593e541e53fd73eb28549a69f73e
	at java.base/jdk.internal.reflect.DirectConstructorHandleAccessor.newInstance(DirectConstructorHandleAccessor.java:67)
	at java.base/java.lang.reflect.Constructor.newInstanceWithCaller(Constructor.java:500)
	at java.base/java.lang.reflect.Constructor.newInstance(Constructor.java:484)
	at org.openqa.selenium.remote.codec.w3c.W3CHttpResponseCodec.createException(W3CHttpResponseCodec.java:200)
	at org.openqa.selenium.remote.codec.w3c.W3CHttpResponseCodec.decode(W3CHttpResponseCodec.java:133)
	at org.openqa.selenium.remote.codec.w3c.W3CHttpResponseCodec.decode(W3CHttpResponseCodec.java:53)
	at org.openqa.selenium.remote.HttpCommandExecutor.execute(HttpCommandExecutor.java:184)
	at org.openqa.selenium.remote.service.DriverCommandExecutor.invokeExecute(DriverCommandExecutor.java:167)
	at org.openqa.selenium.remote.service.DriverCommandExecutor.execute(DriverCommandExecutor.java:142)
	at org.openqa.selenium.remote.RemoteWebDriver.execute(RemoteWebDriver.java:547)
	at org.openqa.selenium.remote.ElementLocation$ElementFinder$2.findElement(ElementLocation.java:162)
	at org.openqa.selenium.remote.ElementLocation.findElement(ElementLocation.java:60)
	at org.openqa.selenium.remote.RemoteWebDriver.findElement(RemoteWebDriver.java:365)
	at org.openqa.selenium.remote.RemoteWebDriver.findElement(RemoteWebDriver.java:357)
	at org.openqa.selenium.support.pagefactory.DefaultElementLocator.findElement(DefaultElementLocator.java:70)
	at org.openqa.selenium.support.pagefactory.internal.LocatingElementHandler.invoke(LocatingElementHandler.java:39)
	at jdk.proxy2/jdk.proxy2.$Proxy44.getText(Unknown Source)
	at pageObjects.HomePage.alert(HomePage.java:74)
	at parallel.Home_SD.the_user_get_warning_message(Home_SD.java:55)
	at ✽.The user get warning message &quot;You are not logged in&quot;(file:///C:/Users/kiran/eclipse-workspace/Implementors/src/test/resources/parallel/Home.feature:30)
</pre></div></td>
<td>0</td>
<td>parallel.TestRunner@7bbc8656</td></tr>
<tr>
<td title='parallel.TestRunner.runScenario()'><b>runScenario</b><br>Test class: parallel.TestRunner<br>Test method: Runs Cucumber Scenarios<br>Parameters: "The user is presented with error message for password with only numbers", "Validating Register page"</td>
<td><div><pre>java.lang.AssertionError: expected [Password can’t be entirely numeric.] but found [password_mismatch:The two password fields didn’t match.]
	at org.testng.Assert.fail(Assert.java:110)
	at org.testng.Assert.failNotEquals(Assert.java:1413)
	at org.testng.Assert.assertEqualsImpl(Assert.java:149)
	at org.testng.Assert.assertEquals(Assert.java:131)
	at org.testng.Assert.assertEquals(Assert.java:655)
	at org.testng.Assert.assertEquals(Assert.java:665)
	at parallel.Register_SD.it_should_display_an_error_message(Register_SD.java:86)
	at ✽.It should display an error message &quot;Password can’t be entirely numeric.&quot;(file:///C:/Users/kiran/eclipse-workspace/Implementors/src/test/resources/parallel/Register.feature:62)
</pre></div><a href='#' onClick='toggleBox("stack-trace1481984024", this, "Click to show all stack frames", "Click to hide stack frames")'>Click to show all stack frames</a>
<div class='stack-trace' id='stack-trace1481984024'><pre>java.lang.AssertionError: expected [Password can’t be entirely numeric.] but found [password_mismatch:The two password fields didn’t match.]
	at org.testng.Assert.fail(Assert.java:110)
	at org.testng.Assert.failNotEquals(Assert.java:1413)
	at org.testng.Assert.assertEqualsImpl(Assert.java:149)
	at org.testng.Assert.assertEquals(Assert.java:131)
	at org.testng.Assert.assertEquals(Assert.java:655)
	at org.testng.Assert.assertEquals(Assert.java:665)
	at parallel.Register_SD.it_should_display_an_error_message(Register_SD.java:86)
	at ✽.It should display an error message &quot;Password can’t be entirely numeric.&quot;(file:///C:/Users/kiran/eclipse-workspace/Implementors/src/test/resources/parallel/Register.feature:62)
</pre></div></td>
<td>0</td>
<td>parallel.TestRunner@7bbc8656</td></tr>
<tr>
<td title='parallel.TestRunner.runScenario()'><b>runScenario</b><br>Test class: parallel.TestRunner<br>Test method: Runs Cucumber Scenarios<br>Parameters: "The user redirected to Homepage with valid details", "Validating Register page"</td>
<td><div><pre>java.lang.AssertionError: Title do not match expected [NumpyNinja] but found [Registration]
	at org.testng.Assert.fail(Assert.java:110)
	at org.testng.Assert.failNotEquals(Assert.java:1413)
	at org.testng.Assert.assertEqualsImpl(Assert.java:149)
	at org.testng.Assert.assertEquals(Assert.java:131)
	at org.testng.Assert.assertEquals(Assert.java:655)
	at parallel.Register_SD.the_user_should_be_redirected_to_homepage_with_the_message(Register_SD.java:154)
	at ✽.The user should be redirected to Homepage with the message &quot;New Account Created. You are logged in as &lt;username&gt;&quot;(file:///C:/Users/kiran/eclipse-workspace/Implementors/src/test/resources/parallel/Register.feature:86)
</pre></div><a href='#' onClick='toggleBox("stack-trace909640117", this, "Click to show all stack frames", "Click to hide stack frames")'>Click to show all stack frames</a>
<div class='stack-trace' id='stack-trace909640117'><pre>java.lang.AssertionError: Title do not match expected [NumpyNinja] but found [Registration]
	at org.testng.Assert.fail(Assert.java:110)
	at org.testng.Assert.failNotEquals(Assert.java:1413)
	at org.testng.Assert.assertEqualsImpl(Assert.java:149)
	at org.testng.Assert.assertEquals(Assert.java:131)
	at org.testng.Assert.assertEquals(Assert.java:655)
	at parallel.Register_SD.the_user_should_be_redirected_to_homepage_with_the_message(Register_SD.java:154)
	at ✽.The user should be redirected to Homepage with the message &quot;New Account Created. You are logged in as &lt;username&gt;&quot;(file:///C:/Users/kiran/eclipse-workspace/Implementors/src/test/resources/parallel/Register.feature:86)
</pre></div></td>
<td>0</td>
<td>parallel.TestRunner@7bbc8656</td></tr>
<tr>
<td title='parallel.TestRunner.runScenario()'><b>runScenario</b><br>Test class: parallel.TestRunner<br>Test method: Runs Cucumber Scenarios<br>Parameters: "The user is able to run code in tryEditor for Search the array link", "User launch dsalgo application and test Array page"</td>
<td><div><pre>org.openqa.selenium.UnhandledAlertException: unexpected alert open: {Alert text : SyntaxError: bad input on line 1}
  (Session info: chrome=112.0.5615.49): SyntaxError: bad input on line 1
Build info: version: &apos;4.5.0&apos;, revision: &apos;fe167b119a&apos;
System info: os.name: &apos;Windows 11&apos;, os.arch: &apos;amd64&apos;, os.version: &apos;10.0&apos;, java.version: &apos;19.0.1&apos;
Driver info: org.openqa.selenium.chrome.ChromeDriver
Command: [b446593e541e53fd73eb28549a69f73e, findElement {using=id, value=output}]
Capabilities {acceptInsecureCerts: false, browserName: chrome, browserVersion: 112.0.5615.49, chrome: {chromedriverVersion: 112.0.5615.49 (bd2a7bcb881c..., userDataDir: C:\Users\kiran\AppData\Loca...}, goog:chromeOptions: {debuggerAddress: localhost:56237}, networkConnectionEnabled: false, pageLoadStrategy: normal, platformName: WINDOWS, proxy: Proxy(), se:cdp: ws://localhost:56237/devtoo..., se:cdpVersion: 112.0.5615.49, setWindowRect: true, strictFileInteractability: false, timeouts: {implicit: 0, pageLoad: 300000, script: 30000}, unhandledPromptBehavior: dismiss and notify, webauthn:extension:credBlob: true, webauthn:extension:largeBlob: true, webauthn:extension:minPinLength: true, webauthn:extension:prf: true, webauthn:virtualAuthenticators: true}
Session ID: b446593e541e53fd73eb28549a69f73e
	at org.openqa.selenium.remote.codec.w3c.W3CHttpResponseCodec.decode(W3CHttpResponseCodec.java:131)
	at org.openqa.selenium.remote.codec.w3c.W3CHttpResponseCodec.decode(W3CHttpResponseCodec.java:53)
	at org.openqa.selenium.remote.HttpCommandExecutor.execute(HttpCommandExecutor.java:184)
	at org.openqa.selenium.remote.service.DriverCommandExecutor.invokeExecute(DriverCommandExecutor.java:167)
	at org.openqa.selenium.remote.service.DriverCommandExecutor.execute(DriverCommandExecutor.java:142)
	at org.openqa.selenium.remote.RemoteWebDriver.execute(RemoteWebDriver.java:547)
	at org.openqa.selenium.remote.ElementLocation$ElementFinder$2.findElement(ElementLocation.java:162)
	at org.openqa.selenium.remote.ElementLocation.findElement(ElementLocation.java:60)
	at org.openqa.selenium.remote.RemoteWebDriver.findElement(RemoteWebDriver.java:365)
	at org.openqa.selenium.remote.RemoteWebDriver.findElement(RemoteWebDriver.java:357)
	at org.openqa.selenium.support.pagefactory.DefaultElementLocator.findElement(DefaultElementLocator.java:70)
	at org.openqa.selenium.support.pagefactory.internal.LocatingElementHandler.invoke(LocatingElementHandler.java:39)
	at jdk.proxy2/jdk.proxy2.$Proxy44.isDisplayed(Unknown Source)
	at org.openqa.selenium.support.ui.ExpectedConditions.elementIfVisible(ExpectedConditions.java:307)
	at org.openqa.selenium.support.ui.ExpectedConditions.access$000(ExpectedConditions.java:40)
	at org.openqa.selenium.support.ui.ExpectedConditions$10.apply(ExpectedConditions.java:293)
	at org.openqa.selenium.support.ui.ExpectedConditions$10.apply(ExpectedConditions.java:290)
	at org.openqa.selenium.support.ui.FluentWait.until(FluentWait.java:208)
	at utilities.ElementsUtils.waitForElement(ElementsUtils.java:25)
	at pageObjects.ArrayPage.getActualResult(ArrayPage.java:100)
	at parallel.Array_SD.the_user_should_be_presented_with_run_result(Array_SD.java:88)
	at ✽.The user should be presented with Run result(file:///C:/Users/kiran/eclipse-workspace/Implementors/src/test/resources/parallel/Array.feature:169)
</pre></div><a href='#' onClick='toggleBox("stack-trace886259869", this, "Click to show all stack frames", "Click to hide stack frames")'>Click to show all stack frames</a>
<div class='stack-trace' id='stack-trace886259869'><pre>org.openqa.selenium.UnhandledAlertException: unexpected alert open: {Alert text : SyntaxError: bad input on line 1}
  (Session info: chrome=112.0.5615.49): SyntaxError: bad input on line 1
Build info: version: &apos;4.5.0&apos;, revision: &apos;fe167b119a&apos;
System info: os.name: &apos;Windows 11&apos;, os.arch: &apos;amd64&apos;, os.version: &apos;10.0&apos;, java.version: &apos;19.0.1&apos;
Driver info: org.openqa.selenium.chrome.ChromeDriver
Command: [b446593e541e53fd73eb28549a69f73e, findElement {using=id, value=output}]
Capabilities {acceptInsecureCerts: false, browserName: chrome, browserVersion: 112.0.5615.49, chrome: {chromedriverVersion: 112.0.5615.49 (bd2a7bcb881c..., userDataDir: C:\Users\kiran\AppData\Loca...}, goog:chromeOptions: {debuggerAddress: localhost:56237}, networkConnectionEnabled: false, pageLoadStrategy: normal, platformName: WINDOWS, proxy: Proxy(), se:cdp: ws://localhost:56237/devtoo..., se:cdpVersion: 112.0.5615.49, setWindowRect: true, strictFileInteractability: false, timeouts: {implicit: 0, pageLoad: 300000, script: 30000}, unhandledPromptBehavior: dismiss and notify, webauthn:extension:credBlob: true, webauthn:extension:largeBlob: true, webauthn:extension:minPinLength: true, webauthn:extension:prf: true, webauthn:virtualAuthenticators: true}
Session ID: b446593e541e53fd73eb28549a69f73e
	at org.openqa.selenium.remote.codec.w3c.W3CHttpResponseCodec.decode(W3CHttpResponseCodec.java:131)
	at org.openqa.selenium.remote.codec.w3c.W3CHttpResponseCodec.decode(W3CHttpResponseCodec.java:53)
	at org.openqa.selenium.remote.HttpCommandExecutor.execute(HttpCommandExecutor.java:184)
	at org.openqa.selenium.remote.service.DriverCommandExecutor.invokeExecute(DriverCommandExecutor.java:167)
	at org.openqa.selenium.remote.service.DriverCommandExecutor.execute(DriverCommandExecutor.java:142)
	at org.openqa.selenium.remote.RemoteWebDriver.execute(RemoteWebDriver.java:547)
	at org.openqa.selenium.remote.ElementLocation$ElementFinder$2.findElement(ElementLocation.java:162)
	at org.openqa.selenium.remote.ElementLocation.findElement(ElementLocation.java:60)
	at org.openqa.selenium.remote.RemoteWebDriver.findElement(RemoteWebDriver.java:365)
	at org.openqa.selenium.remote.RemoteWebDriver.findElement(RemoteWebDriver.java:357)
	at org.openqa.selenium.support.pagefactory.DefaultElementLocator.findElement(DefaultElementLocator.java:70)
	at org.openqa.selenium.support.pagefactory.internal.LocatingElementHandler.invoke(LocatingElementHandler.java:39)
	at jdk.proxy2/jdk.proxy2.$Proxy44.isDisplayed(Unknown Source)
	at org.openqa.selenium.support.ui.ExpectedConditions.elementIfVisible(ExpectedConditions.java:307)
	at org.openqa.selenium.support.ui.ExpectedConditions.access$000(ExpectedConditions.java:40)
	at org.openqa.selenium.support.ui.ExpectedConditions$10.apply(ExpectedConditions.java:293)
	at org.openqa.selenium.support.ui.ExpectedConditions$10.apply(ExpectedConditions.java:290)
	at org.openqa.selenium.support.ui.FluentWait.until(FluentWait.java:208)
	at utilities.ElementsUtils.waitForElement(ElementsUtils.java:25)
	at pageObjects.ArrayPage.getActualResult(ArrayPage.java:100)
	at parallel.Array_SD.the_user_should_be_presented_with_run_result(Array_SD.java:88)
	at ✽.The user should be presented with Run result(file:///C:/Users/kiran/eclipse-workspace/Implementors/src/test/resources/parallel/Array.feature:169)
</pre></div></td>
<td>2</td>
<td>parallel.TestRunner@7bbc8656</td></tr>
<tr>
<td title='parallel.TestRunner.runScenario()'><b>runScenario</b><br>Test class: parallel.TestRunner<br>Test method: Runs Cucumber Scenarios<br>Parameters: "The user is presented with error message for invalid username", "Validating Register page"</td>
<td><div><pre>java.lang.AssertionError: expected [Please enter a valid username] but found [password_mismatch:The two password fields didn’t match.]
	at org.testng.Assert.fail(Assert.java:110)
	at org.testng.Assert.failNotEquals(Assert.java:1413)
	at org.testng.Assert.assertEqualsImpl(Assert.java:149)
	at org.testng.Assert.assertEquals(Assert.java:131)
	at org.testng.Assert.assertEquals(Assert.java:655)
	at org.testng.Assert.assertEquals(Assert.java:665)
	at parallel.Register_SD.it_should_display_an_error_message(Register_SD.java:86)
	at ✽.It should display an error message &quot;Please enter a valid username&quot;(file:///C:/Users/kiran/eclipse-workspace/Implementors/src/test/resources/parallel/Register.feature:38)
</pre></div><a href='#' onClick='toggleBox("stack-trace914985758", this, "Click to show all stack frames", "Click to hide stack frames")'>Click to show all stack frames</a>
<div class='stack-trace' id='stack-trace914985758'><pre>java.lang.AssertionError: expected [Please enter a valid username] but found [password_mismatch:The two password fields didn’t match.]
	at org.testng.Assert.fail(Assert.java:110)
	at org.testng.Assert.failNotEquals(Assert.java:1413)
	at org.testng.Assert.assertEqualsImpl(Assert.java:149)
	at org.testng.Assert.assertEquals(Assert.java:131)
	at org.testng.Assert.assertEquals(Assert.java:655)
	at org.testng.Assert.assertEquals(Assert.java:665)
	at parallel.Register_SD.it_should_display_an_error_message(Register_SD.java:86)
	at ✽.It should display an error message &quot;Please enter a valid username&quot;(file:///C:/Users/kiran/eclipse-workspace/Implementors/src/test/resources/parallel/Register.feature:38)
</pre></div></td>
<td>0</td>
<td>parallel.TestRunner@7bbc8656</td></tr>
<tr>
<td title='parallel.TestRunner.runScenario()'><b>runScenario</b><br>Test class: parallel.TestRunner<br>Test method: Runs Cucumber Scenarios<br>Parameters: "The user is presented with error message for password with characters less than 8", "Validating Register page"</td>
<td><div><pre>java.lang.AssertionError: expected [Password should contain at least 8 characters] but found [password_mismatch:The two password fields didn’t match.]
	at org.testng.Assert.fail(Assert.java:110)
	at org.testng.Assert.failNotEquals(Assert.java:1413)
	at org.testng.Assert.assertEqualsImpl(Assert.java:149)
	at org.testng.Assert.assertEquals(Assert.java:131)
	at org.testng.Assert.assertEquals(Assert.java:655)
	at org.testng.Assert.assertEquals(Assert.java:665)
	at parallel.Register_SD.it_should_display_an_error_message(Register_SD.java:86)
	at ✽.It should display an error message &quot;Password should contain at least 8 characters&quot;(file:///C:/Users/kiran/eclipse-workspace/Implementors/src/test/resources/parallel/Register.feature:54)
</pre></div><a href='#' onClick='toggleBox("stack-trace633224294", this, "Click to show all stack frames", "Click to hide stack frames")'>Click to show all stack frames</a>
<div class='stack-trace' id='stack-trace633224294'><pre>java.lang.AssertionError: expected [Password should contain at least 8 characters] but found [password_mismatch:The two password fields didn’t match.]
	at org.testng.Assert.fail(Assert.java:110)
	at org.testng.Assert.failNotEquals(Assert.java:1413)
	at org.testng.Assert.assertEqualsImpl(Assert.java:149)
	at org.testng.Assert.assertEquals(Assert.java:131)
	at org.testng.Assert.assertEquals(Assert.java:655)
	at org.testng.Assert.assertEquals(Assert.java:665)
	at parallel.Register_SD.it_should_display_an_error_message(Register_SD.java:86)
	at ✽.It should display an error message &quot;Password should contain at least 8 characters&quot;(file:///C:/Users/kiran/eclipse-workspace/Implementors/src/test/resources/parallel/Register.feature:54)
</pre></div></td>
<td>0</td>
<td>parallel.TestRunner@7bbc8656</td></tr>
<tr>
<td title='parallel.TestRunner.runScenario()'><b>runScenario</b><br>Test class: parallel.TestRunner<br>Test method: Runs Cucumber Scenarios<br>Parameters: "User is on Home page and click on dropdown "Queue" without sign in", "User launch dsalgo application and test Home page"</td>
<td><div><pre>org.openqa.selenium.NoSuchElementException: no such element: Unable to locate element: {&quot;method&quot;:&quot;xpath&quot;,&quot;selector&quot;:&quot;//*[@class=&apos;alert alert-primary&apos;]&quot;}
  (Session info: chrome=112.0.5615.49)
For documentation on this error, please visit: https://selenium.dev/exceptions/#no_such_element
Build info: version: &apos;4.5.0&apos;, revision: &apos;fe167b119a&apos;
System info: os.name: &apos;Windows 11&apos;, os.arch: &apos;amd64&apos;, os.version: &apos;10.0&apos;, java.version: &apos;19.0.1&apos;
Driver info: org.openqa.selenium.chrome.ChromeDriver
Command: [b446593e541e53fd73eb28549a69f73e, findElement {using=xpath, value=//*[@class=&apos;alert alert-primary&apos;]}]
Capabilities {acceptInsecureCerts: false, browserName: chrome, browserVersion: 112.0.5615.49, chrome: {chromedriverVersion: 112.0.5615.49 (bd2a7bcb881c..., userDataDir: C:\Users\kiran\AppData\Loca...}, goog:chromeOptions: {debuggerAddress: localhost:56237}, networkConnectionEnabled: false, pageLoadStrategy: normal, platformName: WINDOWS, proxy: Proxy(), se:cdp: ws://localhost:56237/devtoo..., se:cdpVersion: 112.0.5615.49, setWindowRect: true, strictFileInteractability: false, timeouts: {implicit: 0, pageLoad: 300000, script: 30000}, unhandledPromptBehavior: dismiss and notify, webauthn:extension:credBlob: true, webauthn:extension:largeBlob: true, webauthn:extension:minPinLength: true, webauthn:extension:prf: true, webauthn:virtualAuthenticators: true}
Session ID: b446593e541e53fd73eb28549a69f73e
	at java.base/jdk.internal.reflect.DirectConstructorHandleAccessor.newInstance(DirectConstructorHandleAccessor.java:67)
	at java.base/java.lang.reflect.Constructor.newInstanceWithCaller(Constructor.java:500)
	at java.base/java.lang.reflect.Constructor.newInstance(Constructor.java:484)
	at org.openqa.selenium.remote.codec.w3c.W3CHttpResponseCodec.createException(W3CHttpResponseCodec.java:200)
	at org.openqa.selenium.remote.codec.w3c.W3CHttpResponseCodec.decode(W3CHttpResponseCodec.java:133)
	at org.openqa.selenium.remote.codec.w3c.W3CHttpResponseCodec.decode(W3CHttpResponseCodec.java:53)
	at org.openqa.selenium.remote.HttpCommandExecutor.execute(HttpCommandExecutor.java:184)
	at org.openqa.selenium.remote.service.DriverCommandExecutor.invokeExecute(DriverCommandExecutor.java:167)
	at org.openqa.selenium.remote.service.DriverCommandExecutor.execute(DriverCommandExecutor.java:142)
	at org.openqa.selenium.remote.RemoteWebDriver.execute(RemoteWebDriver.java:547)
	at org.openqa.selenium.remote.ElementLocation$ElementFinder$2.findElement(ElementLocation.java:162)
	at org.openqa.selenium.remote.ElementLocation.findElement(ElementLocation.java:60)
	at org.openqa.selenium.remote.RemoteWebDriver.findElement(RemoteWebDriver.java:365)
	at org.openqa.selenium.remote.RemoteWebDriver.findElement(RemoteWebDriver.java:357)
	at org.openqa.selenium.support.pagefactory.DefaultElementLocator.findElement(DefaultElementLocator.java:70)
	at org.openqa.selenium.support.pagefactory.internal.LocatingElementHandler.invoke(LocatingElementHandler.java:39)
	at jdk.proxy2/jdk.proxy2.$Proxy44.getText(Unknown Source)
	at pageObjects.HomePage.alert(HomePage.java:74)
	at parallel.Home_SD.the_user_get_warning_message(Home_SD.java:55)
	at ✽.The user get warning message &quot;You are not logged in&quot;(file:///C:/Users/kiran/eclipse-workspace/Implementors/src/test/resources/parallel/Home.feature:30)
</pre></div><a href='#' onClick='toggleBox("stack-trace212282107", this, "Click to show all stack frames", "Click to hide stack frames")'>Click to show all stack frames</a>
<div class='stack-trace' id='stack-trace212282107'><pre>org.openqa.selenium.NoSuchElementException: no such element: Unable to locate element: {&quot;method&quot;:&quot;xpath&quot;,&quot;selector&quot;:&quot;//*[@class=&apos;alert alert-primary&apos;]&quot;}
  (Session info: chrome=112.0.5615.49)
For documentation on this error, please visit: https://selenium.dev/exceptions/#no_such_element
Build info: version: &apos;4.5.0&apos;, revision: &apos;fe167b119a&apos;
System info: os.name: &apos;Windows 11&apos;, os.arch: &apos;amd64&apos;, os.version: &apos;10.0&apos;, java.version: &apos;19.0.1&apos;
Driver info: org.openqa.selenium.chrome.ChromeDriver
Command: [b446593e541e53fd73eb28549a69f73e, findElement {using=xpath, value=//*[@class=&apos;alert alert-primary&apos;]}]
Capabilities {acceptInsecureCerts: false, browserName: chrome, browserVersion: 112.0.5615.49, chrome: {chromedriverVersion: 112.0.5615.49 (bd2a7bcb881c..., userDataDir: C:\Users\kiran\AppData\Loca...}, goog:chromeOptions: {debuggerAddress: localhost:56237}, networkConnectionEnabled: false, pageLoadStrategy: normal, platformName: WINDOWS, proxy: Proxy(), se:cdp: ws://localhost:56237/devtoo..., se:cdpVersion: 112.0.5615.49, setWindowRect: true, strictFileInteractability: false, timeouts: {implicit: 0, pageLoad: 300000, script: 30000}, unhandledPromptBehavior: dismiss and notify, webauthn:extension:credBlob: true, webauthn:extension:largeBlob: true, webauthn:extension:minPinLength: true, webauthn:extension:prf: true, webauthn:virtualAuthenticators: true}
Session ID: b446593e541e53fd73eb28549a69f73e
	at java.base/jdk.internal.reflect.DirectConstructorHandleAccessor.newInstance(DirectConstructorHandleAccessor.java:67)
	at java.base/java.lang.reflect.Constructor.newInstanceWithCaller(Constructor.java:500)
	at java.base/java.lang.reflect.Constructor.newInstance(Constructor.java:484)
	at org.openqa.selenium.remote.codec.w3c.W3CHttpResponseCodec.createException(W3CHttpResponseCodec.java:200)
	at org.openqa.selenium.remote.codec.w3c.W3CHttpResponseCodec.decode(W3CHttpResponseCodec.java:133)
	at org.openqa.selenium.remote.codec.w3c.W3CHttpResponseCodec.decode(W3CHttpResponseCodec.java:53)
	at org.openqa.selenium.remote.HttpCommandExecutor.execute(HttpCommandExecutor.java:184)
	at org.openqa.selenium.remote.service.DriverCommandExecutor.invokeExecute(DriverCommandExecutor.java:167)
	at org.openqa.selenium.remote.service.DriverCommandExecutor.execute(DriverCommandExecutor.java:142)
	at org.openqa.selenium.remote.RemoteWebDriver.execute(RemoteWebDriver.java:547)
	at org.openqa.selenium.remote.ElementLocation$ElementFinder$2.findElement(ElementLocation.java:162)
	at org.openqa.selenium.remote.ElementLocation.findElement(ElementLocation.java:60)
	at org.openqa.selenium.remote.RemoteWebDriver.findElement(RemoteWebDriver.java:365)
	at org.openqa.selenium.remote.RemoteWebDriver.findElement(RemoteWebDriver.java:357)
	at org.openqa.selenium.support.pagefactory.DefaultElementLocator.findElement(DefaultElementLocator.java:70)
	at org.openqa.selenium.support.pagefactory.internal.LocatingElementHandler.invoke(LocatingElementHandler.java:39)
	at jdk.proxy2/jdk.proxy2.$Proxy44.getText(Unknown Source)
	at pageObjects.HomePage.alert(HomePage.java:74)
	at parallel.Home_SD.the_user_get_warning_message(Home_SD.java:55)
	at ✽.The user get warning message &quot;You are not logged in&quot;(file:///C:/Users/kiran/eclipse-workspace/Implementors/src/test/resources/parallel/Home.feature:30)
</pre></div></td>
<td>0</td>
<td>parallel.TestRunner@7bbc8656</td></tr>
<tr>
<td title='parallel.TestRunner.runScenario()'><b>runScenario</b><br>Test class: parallel.TestRunner<br>Test method: Runs Cucumber Scenarios<br>Parameters: "The user is able to run code in tryEditor for Squares of a Sorted Array", "User launch dsalgo application and test Array page"</td>
<td><div><pre>org.openqa.selenium.UnhandledAlertException: unexpected alert open: {Alert text : SyntaxError: bad input on line 1}
  (Session info: chrome=112.0.5615.49): SyntaxError: bad input on line 1
Build info: version: &apos;4.5.0&apos;, revision: &apos;fe167b119a&apos;
System info: os.name: &apos;Windows 11&apos;, os.arch: &apos;amd64&apos;, os.version: &apos;10.0&apos;, java.version: &apos;19.0.1&apos;
Driver info: org.openqa.selenium.chrome.ChromeDriver
Command: [b446593e541e53fd73eb28549a69f73e, findElement {using=id, value=output}]
Capabilities {acceptInsecureCerts: false, browserName: chrome, browserVersion: 112.0.5615.49, chrome: {chromedriverVersion: 112.0.5615.49 (bd2a7bcb881c..., userDataDir: C:\Users\kiran\AppData\Loca...}, goog:chromeOptions: {debuggerAddress: localhost:56237}, networkConnectionEnabled: false, pageLoadStrategy: normal, platformName: WINDOWS, proxy: Proxy(), se:cdp: ws://localhost:56237/devtoo..., se:cdpVersion: 112.0.5615.49, setWindowRect: true, strictFileInteractability: false, timeouts: {implicit: 0, pageLoad: 300000, script: 30000}, unhandledPromptBehavior: dismiss and notify, webauthn:extension:credBlob: true, webauthn:extension:largeBlob: true, webauthn:extension:minPinLength: true, webauthn:extension:prf: true, webauthn:virtualAuthenticators: true}
Session ID: b446593e541e53fd73eb28549a69f73e
	at org.openqa.selenium.remote.codec.w3c.W3CHttpResponseCodec.decode(W3CHttpResponseCodec.java:131)
	at org.openqa.selenium.remote.codec.w3c.W3CHttpResponseCodec.decode(W3CHttpResponseCodec.java:53)
	at org.openqa.selenium.remote.HttpCommandExecutor.execute(HttpCommandExecutor.java:184)
	at org.openqa.selenium.remote.service.DriverCommandExecutor.invokeExecute(DriverCommandExecutor.java:167)
	at org.openqa.selenium.remote.service.DriverCommandExecutor.execute(DriverCommandExecutor.java:142)
	at org.openqa.selenium.remote.RemoteWebDriver.execute(RemoteWebDriver.java:547)
	at org.openqa.selenium.remote.ElementLocation$ElementFinder$2.findElement(ElementLocation.java:162)
	at org.openqa.selenium.remote.ElementLocation.findElement(ElementLocation.java:60)
	at org.openqa.selenium.remote.RemoteWebDriver.findElement(RemoteWebDriver.java:365)
	at org.openqa.selenium.remote.RemoteWebDriver.findElement(RemoteWebDriver.java:357)
	at org.openqa.selenium.support.pagefactory.DefaultElementLocator.findElement(DefaultElementLocator.java:70)
	at org.openqa.selenium.support.pagefactory.internal.LocatingElementHandler.invoke(LocatingElementHandler.java:39)
	at jdk.proxy2/jdk.proxy2.$Proxy44.isDisplayed(Unknown Source)
	at org.openqa.selenium.support.ui.ExpectedConditions.elementIfVisible(ExpectedConditions.java:307)
	at org.openqa.selenium.support.ui.ExpectedConditions.access$000(ExpectedConditions.java:40)
	at org.openqa.selenium.support.ui.ExpectedConditions$10.apply(ExpectedConditions.java:293)
	at org.openqa.selenium.support.ui.ExpectedConditions$10.apply(ExpectedConditions.java:290)
	at org.openqa.selenium.support.ui.FluentWait.until(FluentWait.java:208)
	at utilities.ElementsUtils.waitForElement(ElementsUtils.java:25)
	at pageObjects.ArrayPage.getActualResult(ArrayPage.java:100)
	at parallel.Array_SD.the_user_should_be_presented_with_run_result(Array_SD.java:88)
	at ✽.The user should be presented with Run result(file:///C:/Users/kiran/eclipse-workspace/Implementors/src/test/resources/parallel/Array.feature:286)
</pre></div><a href='#' onClick='toggleBox("stack-trace1740832605", this, "Click to show all stack frames", "Click to hide stack frames")'>Click to show all stack frames</a>
<div class='stack-trace' id='stack-trace1740832605'><pre>org.openqa.selenium.UnhandledAlertException: unexpected alert open: {Alert text : SyntaxError: bad input on line 1}
  (Session info: chrome=112.0.5615.49): SyntaxError: bad input on line 1
Build info: version: &apos;4.5.0&apos;, revision: &apos;fe167b119a&apos;
System info: os.name: &apos;Windows 11&apos;, os.arch: &apos;amd64&apos;, os.version: &apos;10.0&apos;, java.version: &apos;19.0.1&apos;
Driver info: org.openqa.selenium.chrome.ChromeDriver
Command: [b446593e541e53fd73eb28549a69f73e, findElement {using=id, value=output}]
Capabilities {acceptInsecureCerts: false, browserName: chrome, browserVersion: 112.0.5615.49, chrome: {chromedriverVersion: 112.0.5615.49 (bd2a7bcb881c..., userDataDir: C:\Users\kiran\AppData\Loca...}, goog:chromeOptions: {debuggerAddress: localhost:56237}, networkConnectionEnabled: false, pageLoadStrategy: normal, platformName: WINDOWS, proxy: Proxy(), se:cdp: ws://localhost:56237/devtoo..., se:cdpVersion: 112.0.5615.49, setWindowRect: true, strictFileInteractability: false, timeouts: {implicit: 0, pageLoad: 300000, script: 30000}, unhandledPromptBehavior: dismiss and notify, webauthn:extension:credBlob: true, webauthn:extension:largeBlob: true, webauthn:extension:minPinLength: true, webauthn:extension:prf: true, webauthn:virtualAuthenticators: true}
Session ID: b446593e541e53fd73eb28549a69f73e
	at org.openqa.selenium.remote.codec.w3c.W3CHttpResponseCodec.decode(W3CHttpResponseCodec.java:131)
	at org.openqa.selenium.remote.codec.w3c.W3CHttpResponseCodec.decode(W3CHttpResponseCodec.java:53)
	at org.openqa.selenium.remote.HttpCommandExecutor.execute(HttpCommandExecutor.java:184)
	at org.openqa.selenium.remote.service.DriverCommandExecutor.invokeExecute(DriverCommandExecutor.java:167)
	at org.openqa.selenium.remote.service.DriverCommandExecutor.execute(DriverCommandExecutor.java:142)
	at org.openqa.selenium.remote.RemoteWebDriver.execute(RemoteWebDriver.java:547)
	at org.openqa.selenium.remote.ElementLocation$ElementFinder$2.findElement(ElementLocation.java:162)
	at org.openqa.selenium.remote.ElementLocation.findElement(ElementLocation.java:60)
	at org.openqa.selenium.remote.RemoteWebDriver.findElement(RemoteWebDriver.java:365)
	at org.openqa.selenium.remote.RemoteWebDriver.findElement(RemoteWebDriver.java:357)
	at org.openqa.selenium.support.pagefactory.DefaultElementLocator.findElement(DefaultElementLocator.java:70)
	at org.openqa.selenium.support.pagefactory.internal.LocatingElementHandler.invoke(LocatingElementHandler.java:39)
	at jdk.proxy2/jdk.proxy2.$Proxy44.isDisplayed(Unknown Source)
	at org.openqa.selenium.support.ui.ExpectedConditions.elementIfVisible(ExpectedConditions.java:307)
	at org.openqa.selenium.support.ui.ExpectedConditions.access$000(ExpectedConditions.java:40)
	at org.openqa.selenium.support.ui.ExpectedConditions$10.apply(ExpectedConditions.java:293)
	at org.openqa.selenium.support.ui.ExpectedConditions$10.apply(ExpectedConditions.java:290)
	at org.openqa.selenium.support.ui.FluentWait.until(FluentWait.java:208)
	at utilities.ElementsUtils.waitForElement(ElementsUtils.java:25)
	at pageObjects.ArrayPage.getActualResult(ArrayPage.java:100)
	at parallel.Array_SD.the_user_should_be_presented_with_run_result(Array_SD.java:88)
	at ✽.The user should be presented with Run result(file:///C:/Users/kiran/eclipse-workspace/Implementors/src/test/resources/parallel/Array.feature:286)
</pre></div></td>
<td>3</td>
<td>parallel.TestRunner@7bbc8656</td></tr>
<tr>
<td title='parallel.TestRunner.runScenario()'><b>runScenario</b><br>Test class: parallel.TestRunner<br>Test method: Runs Cucumber Scenarios<br>Parameters: "User is on Home page and click on dropdown "Tree" without sign in", "User launch dsalgo application and test Home page"</td>
<td><div><pre>org.openqa.selenium.NoSuchElementException: no such element: Unable to locate element: {&quot;method&quot;:&quot;xpath&quot;,&quot;selector&quot;:&quot;//*[@class=&apos;alert alert-primary&apos;]&quot;}
  (Session info: chrome=112.0.5615.49)
For documentation on this error, please visit: https://selenium.dev/exceptions/#no_such_element
Build info: version: &apos;4.5.0&apos;, revision: &apos;fe167b119a&apos;
System info: os.name: &apos;Windows 11&apos;, os.arch: &apos;amd64&apos;, os.version: &apos;10.0&apos;, java.version: &apos;19.0.1&apos;
Driver info: org.openqa.selenium.chrome.ChromeDriver
Command: [b446593e541e53fd73eb28549a69f73e, findElement {using=xpath, value=//*[@class=&apos;alert alert-primary&apos;]}]
Capabilities {acceptInsecureCerts: false, browserName: chrome, browserVersion: 112.0.5615.49, chrome: {chromedriverVersion: 112.0.5615.49 (bd2a7bcb881c..., userDataDir: C:\Users\kiran\AppData\Loca...}, goog:chromeOptions: {debuggerAddress: localhost:56237}, networkConnectionEnabled: false, pageLoadStrategy: normal, platformName: WINDOWS, proxy: Proxy(), se:cdp: ws://localhost:56237/devtoo..., se:cdpVersion: 112.0.5615.49, setWindowRect: true, strictFileInteractability: false, timeouts: {implicit: 0, pageLoad: 300000, script: 30000}, unhandledPromptBehavior: dismiss and notify, webauthn:extension:credBlob: true, webauthn:extension:largeBlob: true, webauthn:extension:minPinLength: true, webauthn:extension:prf: true, webauthn:virtualAuthenticators: true}
Session ID: b446593e541e53fd73eb28549a69f73e
	at java.base/jdk.internal.reflect.DirectConstructorHandleAccessor.newInstance(DirectConstructorHandleAccessor.java:67)
	at java.base/java.lang.reflect.Constructor.newInstanceWithCaller(Constructor.java:500)
	at java.base/java.lang.reflect.Constructor.newInstance(Constructor.java:484)
	at org.openqa.selenium.remote.codec.w3c.W3CHttpResponseCodec.createException(W3CHttpResponseCodec.java:200)
	at org.openqa.selenium.remote.codec.w3c.W3CHttpResponseCodec.decode(W3CHttpResponseCodec.java:133)
	at org.openqa.selenium.remote.codec.w3c.W3CHttpResponseCodec.decode(W3CHttpResponseCodec.java:53)
	at org.openqa.selenium.remote.HttpCommandExecutor.execute(HttpCommandExecutor.java:184)
	at org.openqa.selenium.remote.service.DriverCommandExecutor.invokeExecute(DriverCommandExecutor.java:167)
	at org.openqa.selenium.remote.service.DriverCommandExecutor.execute(DriverCommandExecutor.java:142)
	at org.openqa.selenium.remote.RemoteWebDriver.execute(RemoteWebDriver.java:547)
	at org.openqa.selenium.remote.ElementLocation$ElementFinder$2.findElement(ElementLocation.java:162)
	at org.openqa.selenium.remote.ElementLocation.findElement(ElementLocation.java:60)
	at org.openqa.selenium.remote.RemoteWebDriver.findElement(RemoteWebDriver.java:365)
	at org.openqa.selenium.remote.RemoteWebDriver.findElement(RemoteWebDriver.java:357)
	at org.openqa.selenium.support.pagefactory.DefaultElementLocator.findElement(DefaultElementLocator.java:70)
	at org.openqa.selenium.support.pagefactory.internal.LocatingElementHandler.invoke(LocatingElementHandler.java:39)
	at jdk.proxy2/jdk.proxy2.$Proxy44.getText(Unknown Source)
	at pageObjects.HomePage.alert(HomePage.java:74)
	at parallel.Home_SD.the_user_get_warning_message(Home_SD.java:55)
	at ✽.The user get warning message &quot;You are not logged in&quot;(file:///C:/Users/kiran/eclipse-workspace/Implementors/src/test/resources/parallel/Home.feature:30)
</pre></div><a href='#' onClick='toggleBox("stack-trace479517046", this, "Click to show all stack frames", "Click to hide stack frames")'>Click to show all stack frames</a>
<div class='stack-trace' id='stack-trace479517046'><pre>org.openqa.selenium.NoSuchElementException: no such element: Unable to locate element: {&quot;method&quot;:&quot;xpath&quot;,&quot;selector&quot;:&quot;//*[@class=&apos;alert alert-primary&apos;]&quot;}
  (Session info: chrome=112.0.5615.49)
For documentation on this error, please visit: https://selenium.dev/exceptions/#no_such_element
Build info: version: &apos;4.5.0&apos;, revision: &apos;fe167b119a&apos;
System info: os.name: &apos;Windows 11&apos;, os.arch: &apos;amd64&apos;, os.version: &apos;10.0&apos;, java.version: &apos;19.0.1&apos;
Driver info: org.openqa.selenium.chrome.ChromeDriver
Command: [b446593e541e53fd73eb28549a69f73e, findElement {using=xpath, value=//*[@class=&apos;alert alert-primary&apos;]}]
Capabilities {acceptInsecureCerts: false, browserName: chrome, browserVersion: 112.0.5615.49, chrome: {chromedriverVersion: 112.0.5615.49 (bd2a7bcb881c..., userDataDir: C:\Users\kiran\AppData\Loca...}, goog:chromeOptions: {debuggerAddress: localhost:56237}, networkConnectionEnabled: false, pageLoadStrategy: normal, platformName: WINDOWS, proxy: Proxy(), se:cdp: ws://localhost:56237/devtoo..., se:cdpVersion: 112.0.5615.49, setWindowRect: true, strictFileInteractability: false, timeouts: {implicit: 0, pageLoad: 300000, script: 30000}, unhandledPromptBehavior: dismiss and notify, webauthn:extension:credBlob: true, webauthn:extension:largeBlob: true, webauthn:extension:minPinLength: true, webauthn:extension:prf: true, webauthn:virtualAuthenticators: true}
Session ID: b446593e541e53fd73eb28549a69f73e
	at java.base/jdk.internal.reflect.DirectConstructorHandleAccessor.newInstance(DirectConstructorHandleAccessor.java:67)
	at java.base/java.lang.reflect.Constructor.newInstanceWithCaller(Constructor.java:500)
	at java.base/java.lang.reflect.Constructor.newInstance(Constructor.java:484)
	at org.openqa.selenium.remote.codec.w3c.W3CHttpResponseCodec.createException(W3CHttpResponseCodec.java:200)
	at org.openqa.selenium.remote.codec.w3c.W3CHttpResponseCodec.decode(W3CHttpResponseCodec.java:133)
	at org.openqa.selenium.remote.codec.w3c.W3CHttpResponseCodec.decode(W3CHttpResponseCodec.java:53)
	at org.openqa.selenium.remote.HttpCommandExecutor.execute(HttpCommandExecutor.java:184)
	at org.openqa.selenium.remote.service.DriverCommandExecutor.invokeExecute(DriverCommandExecutor.java:167)
	at org.openqa.selenium.remote.service.DriverCommandExecutor.execute(DriverCommandExecutor.java:142)
	at org.openqa.selenium.remote.RemoteWebDriver.execute(RemoteWebDriver.java:547)
	at org.openqa.selenium.remote.ElementLocation$ElementFinder$2.findElement(ElementLocation.java:162)
	at org.openqa.selenium.remote.ElementLocation.findElement(ElementLocation.java:60)
	at org.openqa.selenium.remote.RemoteWebDriver.findElement(RemoteWebDriver.java:365)
	at org.openqa.selenium.remote.RemoteWebDriver.findElement(RemoteWebDriver.java:357)
	at org.openqa.selenium.support.pagefactory.DefaultElementLocator.findElement(DefaultElementLocator.java:70)
	at org.openqa.selenium.support.pagefactory.internal.LocatingElementHandler.invoke(LocatingElementHandler.java:39)
	at jdk.proxy2/jdk.proxy2.$Proxy44.getText(Unknown Source)
	at pageObjects.HomePage.alert(HomePage.java:74)
	at parallel.Home_SD.the_user_get_warning_message(Home_SD.java:55)
	at ✽.The user get warning message &quot;You are not logged in&quot;(file:///C:/Users/kiran/eclipse-workspace/Implementors/src/test/resources/parallel/Home.feature:30)
</pre></div></td>
<td>0</td>
<td>parallel.TestRunner@7bbc8656</td></tr>
<tr>
<td title='parallel.TestRunner.runScenario()'><b>runScenario</b><br>Test class: parallel.TestRunner<br>Test method: Runs Cucumber Scenarios<br>Parameters: "The user is presented with error message for commonly used password", "Validating Register page"</td>
<td><div><pre>java.lang.AssertionError: expected [Password can’t be commonly used password] but found [password_mismatch:The two password fields didn’t match.]
	at org.testng.Assert.fail(Assert.java:110)
	at org.testng.Assert.failNotEquals(Assert.java:1413)
	at org.testng.Assert.assertEqualsImpl(Assert.java:149)
	at org.testng.Assert.assertEquals(Assert.java:131)
	at org.testng.Assert.assertEquals(Assert.java:655)
	at org.testng.Assert.assertEquals(Assert.java:665)
	at parallel.Register_SD.it_should_display_an_error_message(Register_SD.java:86)
	at ✽.It should display an error message &quot;Password can’t be commonly used password&quot;(file:///C:/Users/kiran/eclipse-workspace/Implementors/src/test/resources/parallel/Register.feature:78)
</pre></div><a href='#' onClick='toggleBox("stack-trace907254006", this, "Click to show all stack frames", "Click to hide stack frames")'>Click to show all stack frames</a>
<div class='stack-trace' id='stack-trace907254006'><pre>java.lang.AssertionError: expected [Password can’t be commonly used password] but found [password_mismatch:The two password fields didn’t match.]
	at org.testng.Assert.fail(Assert.java:110)
	at org.testng.Assert.failNotEquals(Assert.java:1413)
	at org.testng.Assert.assertEqualsImpl(Assert.java:149)
	at org.testng.Assert.assertEquals(Assert.java:131)
	at org.testng.Assert.assertEquals(Assert.java:655)
	at org.testng.Assert.assertEquals(Assert.java:665)
	at parallel.Register_SD.it_should_display_an_error_message(Register_SD.java:86)
	at ✽.It should display an error message &quot;Password can’t be commonly used password&quot;(file:///C:/Users/kiran/eclipse-workspace/Implementors/src/test/resources/parallel/Register.feature:78)
</pre></div></td>
<td>0</td>
<td>parallel.TestRunner@7bbc8656</td></tr>
<tr>
<td title='parallel.TestRunner.runScenario()'><b>runScenario</b><br>Test class: parallel.TestRunner<br>Test method: Runs Cucumber Scenarios<br>Parameters: "User on login page and login with invalid and valid inputs from Excel "Sheet1" and 1", "Validating Login page"</td>
<td><div><pre>java.lang.AssertionError: expected [Please check your user id] but found [Invalid Username and Password]
	at org.testng.Assert.fail(Assert.java:110)
	at org.testng.Assert.failNotEquals(Assert.java:1413)
	at org.testng.Assert.assertEqualsImpl(Assert.java:149)
	at org.testng.Assert.assertEquals(Assert.java:131)
	at org.testng.Assert.assertEquals(Assert.java:655)
	at org.testng.Assert.assertEquals(Assert.java:665)
	at parallel.Signin_SD.click_login_button(Signin_SD.java:94)
	at ✽.click login button(file:///C:/Users/kiran/eclipse-workspace/Implementors/src/test/resources/parallel/SignIn.feature:26)
</pre></div><a href='#' onClick='toggleBox("stack-trace1558488449", this, "Click to show all stack frames", "Click to hide stack frames")'>Click to show all stack frames</a>
<div class='stack-trace' id='stack-trace1558488449'><pre>java.lang.AssertionError: expected [Please check your user id] but found [Invalid Username and Password]
	at org.testng.Assert.fail(Assert.java:110)
	at org.testng.Assert.failNotEquals(Assert.java:1413)
	at org.testng.Assert.assertEqualsImpl(Assert.java:149)
	at org.testng.Assert.assertEquals(Assert.java:131)
	at org.testng.Assert.assertEquals(Assert.java:655)
	at org.testng.Assert.assertEquals(Assert.java:665)
	at parallel.Signin_SD.click_login_button(Signin_SD.java:94)
	at ✽.click login button(file:///C:/Users/kiran/eclipse-workspace/Implementors/src/test/resources/parallel/SignIn.feature:26)
</pre></div></td>
<td>0</td>
<td>parallel.TestRunner@7bbc8656</td></tr>
<tr>
<td title='parallel.TestRunner.runScenario()'><b>runScenario</b><br>Test class: parallel.TestRunner<br>Test method: Runs Cucumber Scenarios<br>Parameters: "The user is able to run code in tryEditor for Max Consecutive Ones", "User launch dsalgo application and test Array page"</td>
<td><div><pre>org.openqa.selenium.UnhandledAlertException: unexpected alert open: {Alert text : SyntaxError: bad input on line 1}
  (Session info: chrome=112.0.5615.49): SyntaxError: bad input on line 1
Build info: version: &apos;4.5.0&apos;, revision: &apos;fe167b119a&apos;
System info: os.name: &apos;Windows 11&apos;, os.arch: &apos;amd64&apos;, os.version: &apos;10.0&apos;, java.version: &apos;19.0.1&apos;
Driver info: org.openqa.selenium.chrome.ChromeDriver
Command: [b446593e541e53fd73eb28549a69f73e, findElement {using=id, value=output}]
Capabilities {acceptInsecureCerts: false, browserName: chrome, browserVersion: 112.0.5615.49, chrome: {chromedriverVersion: 112.0.5615.49 (bd2a7bcb881c..., userDataDir: C:\Users\kiran\AppData\Loca...}, goog:chromeOptions: {debuggerAddress: localhost:56237}, networkConnectionEnabled: false, pageLoadStrategy: normal, platformName: WINDOWS, proxy: Proxy(), se:cdp: ws://localhost:56237/devtoo..., se:cdpVersion: 112.0.5615.49, setWindowRect: true, strictFileInteractability: false, timeouts: {implicit: 0, pageLoad: 300000, script: 30000}, unhandledPromptBehavior: dismiss and notify, webauthn:extension:credBlob: true, webauthn:extension:largeBlob: true, webauthn:extension:minPinLength: true, webauthn:extension:prf: true, webauthn:virtualAuthenticators: true}
Session ID: b446593e541e53fd73eb28549a69f73e
	at org.openqa.selenium.remote.codec.w3c.W3CHttpResponseCodec.decode(W3CHttpResponseCodec.java:131)
	at org.openqa.selenium.remote.codec.w3c.W3CHttpResponseCodec.decode(W3CHttpResponseCodec.java:53)
	at org.openqa.selenium.remote.HttpCommandExecutor.execute(HttpCommandExecutor.java:184)
	at org.openqa.selenium.remote.service.DriverCommandExecutor.invokeExecute(DriverCommandExecutor.java:167)
	at org.openqa.selenium.remote.service.DriverCommandExecutor.execute(DriverCommandExecutor.java:142)
	at org.openqa.selenium.remote.RemoteWebDriver.execute(RemoteWebDriver.java:547)
	at org.openqa.selenium.remote.ElementLocation$ElementFinder$2.findElement(ElementLocation.java:162)
	at org.openqa.selenium.remote.ElementLocation.findElement(ElementLocation.java:60)
	at org.openqa.selenium.remote.RemoteWebDriver.findElement(RemoteWebDriver.java:365)
	at org.openqa.selenium.remote.RemoteWebDriver.findElement(RemoteWebDriver.java:357)
	at org.openqa.selenium.support.pagefactory.DefaultElementLocator.findElement(DefaultElementLocator.java:70)
	at org.openqa.selenium.support.pagefactory.internal.LocatingElementHandler.invoke(LocatingElementHandler.java:39)
	at jdk.proxy2/jdk.proxy2.$Proxy44.isDisplayed(Unknown Source)
	at org.openqa.selenium.support.ui.ExpectedConditions.elementIfVisible(ExpectedConditions.java:307)
	at org.openqa.selenium.support.ui.ExpectedConditions.access$000(ExpectedConditions.java:40)
	at org.openqa.selenium.support.ui.ExpectedConditions$10.apply(ExpectedConditions.java:293)
	at org.openqa.selenium.support.ui.ExpectedConditions$10.apply(ExpectedConditions.java:290)
	at org.openqa.selenium.support.ui.FluentWait.until(FluentWait.java:208)
	at utilities.ElementsUtils.waitForElement(ElementsUtils.java:25)
	at pageObjects.ArrayPage.getActualResult(ArrayPage.java:100)
	at parallel.Array_SD.the_user_should_be_presented_with_run_result(Array_SD.java:88)
	at ✽.The user should be presented with Run result(file:///C:/Users/kiran/eclipse-workspace/Implementors/src/test/resources/parallel/Array.feature:208)
</pre></div><a href='#' onClick='toggleBox("stack-trace1793450447", this, "Click to show all stack frames", "Click to hide stack frames")'>Click to show all stack frames</a>
<div class='stack-trace' id='stack-trace1793450447'><pre>org.openqa.selenium.UnhandledAlertException: unexpected alert open: {Alert text : SyntaxError: bad input on line 1}
  (Session info: chrome=112.0.5615.49): SyntaxError: bad input on line 1
Build info: version: &apos;4.5.0&apos;, revision: &apos;fe167b119a&apos;
System info: os.name: &apos;Windows 11&apos;, os.arch: &apos;amd64&apos;, os.version: &apos;10.0&apos;, java.version: &apos;19.0.1&apos;
Driver info: org.openqa.selenium.chrome.ChromeDriver
Command: [b446593e541e53fd73eb28549a69f73e, findElement {using=id, value=output}]
Capabilities {acceptInsecureCerts: false, browserName: chrome, browserVersion: 112.0.5615.49, chrome: {chromedriverVersion: 112.0.5615.49 (bd2a7bcb881c..., userDataDir: C:\Users\kiran\AppData\Loca...}, goog:chromeOptions: {debuggerAddress: localhost:56237}, networkConnectionEnabled: false, pageLoadStrategy: normal, platformName: WINDOWS, proxy: Proxy(), se:cdp: ws://localhost:56237/devtoo..., se:cdpVersion: 112.0.5615.49, setWindowRect: true, strictFileInteractability: false, timeouts: {implicit: 0, pageLoad: 300000, script: 30000}, unhandledPromptBehavior: dismiss and notify, webauthn:extension:credBlob: true, webauthn:extension:largeBlob: true, webauthn:extension:minPinLength: true, webauthn:extension:prf: true, webauthn:virtualAuthenticators: true}
Session ID: b446593e541e53fd73eb28549a69f73e
	at org.openqa.selenium.remote.codec.w3c.W3CHttpResponseCodec.decode(W3CHttpResponseCodec.java:131)
	at org.openqa.selenium.remote.codec.w3c.W3CHttpResponseCodec.decode(W3CHttpResponseCodec.java:53)
	at org.openqa.selenium.remote.HttpCommandExecutor.execute(HttpCommandExecutor.java:184)
	at org.openqa.selenium.remote.service.DriverCommandExecutor.invokeExecute(DriverCommandExecutor.java:167)
	at org.openqa.selenium.remote.service.DriverCommandExecutor.execute(DriverCommandExecutor.java:142)
	at org.openqa.selenium.remote.RemoteWebDriver.execute(RemoteWebDriver.java:547)
	at org.openqa.selenium.remote.ElementLocation$ElementFinder$2.findElement(ElementLocation.java:162)
	at org.openqa.selenium.remote.ElementLocation.findElement(ElementLocation.java:60)
	at org.openqa.selenium.remote.RemoteWebDriver.findElement(RemoteWebDriver.java:365)
	at org.openqa.selenium.remote.RemoteWebDriver.findElement(RemoteWebDriver.java:357)
	at org.openqa.selenium.support.pagefactory.DefaultElementLocator.findElement(DefaultElementLocator.java:70)
	at org.openqa.selenium.support.pagefactory.internal.LocatingElementHandler.invoke(LocatingElementHandler.java:39)
	at jdk.proxy2/jdk.proxy2.$Proxy44.isDisplayed(Unknown Source)
	at org.openqa.selenium.support.ui.ExpectedConditions.elementIfVisible(ExpectedConditions.java:307)
	at org.openqa.selenium.support.ui.ExpectedConditions.access$000(ExpectedConditions.java:40)
	at org.openqa.selenium.support.ui.ExpectedConditions$10.apply(ExpectedConditions.java:293)
	at org.openqa.selenium.support.ui.ExpectedConditions$10.apply(ExpectedConditions.java:290)
	at org.openqa.selenium.support.ui.FluentWait.until(FluentWait.java:208)
	at utilities.ElementsUtils.waitForElement(ElementsUtils.java:25)
	at pageObjects.ArrayPage.getActualResult(ArrayPage.java:100)
	at parallel.Array_SD.the_user_should_be_presented_with_run_result(Array_SD.java:88)
	at ✽.The user should be presented with Run result(file:///C:/Users/kiran/eclipse-workspace/Implementors/src/test/resources/parallel/Array.feature:208)
</pre></div></td>
<td>3</td>
<td>parallel.TestRunner@7bbc8656</td></tr>
<tr>
<td title='parallel.TestRunner.runScenario()'><b>runScenario</b><br>Test class: parallel.TestRunner<br>Test method: Runs Cucumber Scenarios<br>Parameters: "User is on Home page and click on sign in", "User launch dsalgo application and test Home page"</td>
<td><div><pre>org.openqa.selenium.NoSuchElementException: no such element: Unable to locate element: {&quot;method&quot;:&quot;xpath&quot;,&quot;selector&quot;:&quot;//a[@href=&apos;/login&apos;]&quot;}
  (Session info: chrome=112.0.5615.49)
For documentation on this error, please visit: https://selenium.dev/exceptions/#no_such_element
Build info: version: &apos;4.5.0&apos;, revision: &apos;fe167b119a&apos;
System info: os.name: &apos;Windows 11&apos;, os.arch: &apos;amd64&apos;, os.version: &apos;10.0&apos;, java.version: &apos;19.0.1&apos;
Driver info: org.openqa.selenium.chrome.ChromeDriver
Command: [b446593e541e53fd73eb28549a69f73e, findElement {using=xpath, value=//a[@href=&apos;/login&apos;]}]
Capabilities {acceptInsecureCerts: false, browserName: chrome, browserVersion: 112.0.5615.49, chrome: {chromedriverVersion: 112.0.5615.49 (bd2a7bcb881c..., userDataDir: C:\Users\kiran\AppData\Loca...}, goog:chromeOptions: {debuggerAddress: localhost:56237}, networkConnectionEnabled: false, pageLoadStrategy: normal, platformName: WINDOWS, proxy: Proxy(), se:cdp: ws://localhost:56237/devtoo..., se:cdpVersion: 112.0.5615.49, setWindowRect: true, strictFileInteractability: false, timeouts: {implicit: 0, pageLoad: 300000, script: 30000}, unhandledPromptBehavior: dismiss and notify, webauthn:extension:credBlob: true, webauthn:extension:largeBlob: true, webauthn:extension:minPinLength: true, webauthn:extension:prf: true, webauthn:virtualAuthenticators: true}
Session ID: b446593e541e53fd73eb28549a69f73e
	at java.base/jdk.internal.reflect.DirectConstructorHandleAccessor.newInstance(DirectConstructorHandleAccessor.java:67)
	at java.base/java.lang.reflect.Constructor.newInstanceWithCaller(Constructor.java:500)
	at java.base/java.lang.reflect.Constructor.newInstance(Constructor.java:484)
	at org.openqa.selenium.remote.codec.w3c.W3CHttpResponseCodec.createException(W3CHttpResponseCodec.java:200)
	at org.openqa.selenium.remote.codec.w3c.W3CHttpResponseCodec.decode(W3CHttpResponseCodec.java:133)
	at org.openqa.selenium.remote.codec.w3c.W3CHttpResponseCodec.decode(W3CHttpResponseCodec.java:53)
	at org.openqa.selenium.remote.HttpCommandExecutor.execute(HttpCommandExecutor.java:184)
	at org.openqa.selenium.remote.service.DriverCommandExecutor.invokeExecute(DriverCommandExecutor.java:167)
	at org.openqa.selenium.remote.service.DriverCommandExecutor.execute(DriverCommandExecutor.java:142)
	at org.openqa.selenium.remote.RemoteWebDriver.execute(RemoteWebDriver.java:547)
	at org.openqa.selenium.remote.ElementLocation$ElementFinder$2.findElement(ElementLocation.java:162)
	at org.openqa.selenium.remote.ElementLocation.findElement(ElementLocation.java:60)
	at org.openqa.selenium.remote.RemoteWebDriver.findElement(RemoteWebDriver.java:365)
	at org.openqa.selenium.remote.RemoteWebDriver.findElement(RemoteWebDriver.java:357)
	at org.openqa.selenium.support.pagefactory.DefaultElementLocator.findElement(DefaultElementLocator.java:70)
	at org.openqa.selenium.support.pagefactory.internal.LocatingElementHandler.invoke(LocatingElementHandler.java:39)
	at jdk.proxy2/jdk.proxy2.$Proxy44.click(Unknown Source)
	at pageObjects.HomePage.signin_link(HomePage.java:155)
	at parallel.Home_SD.the_user_clicks_on_signin_link(Home_SD.java:76)
	at ✽.The user clicks on signin link(file:///C:/Users/kiran/eclipse-workspace/Implementors/src/test/resources/parallel/Home.feature:44)
</pre></div><a href='#' onClick='toggleBox("stack-trace1558145969", this, "Click to show all stack frames", "Click to hide stack frames")'>Click to show all stack frames</a>
<div class='stack-trace' id='stack-trace1558145969'><pre>org.openqa.selenium.NoSuchElementException: no such element: Unable to locate element: {&quot;method&quot;:&quot;xpath&quot;,&quot;selector&quot;:&quot;//a[@href=&apos;/login&apos;]&quot;}
  (Session info: chrome=112.0.5615.49)
For documentation on this error, please visit: https://selenium.dev/exceptions/#no_such_element
Build info: version: &apos;4.5.0&apos;, revision: &apos;fe167b119a&apos;
System info: os.name: &apos;Windows 11&apos;, os.arch: &apos;amd64&apos;, os.version: &apos;10.0&apos;, java.version: &apos;19.0.1&apos;
Driver info: org.openqa.selenium.chrome.ChromeDriver
Command: [b446593e541e53fd73eb28549a69f73e, findElement {using=xpath, value=//a[@href=&apos;/login&apos;]}]
Capabilities {acceptInsecureCerts: false, browserName: chrome, browserVersion: 112.0.5615.49, chrome: {chromedriverVersion: 112.0.5615.49 (bd2a7bcb881c..., userDataDir: C:\Users\kiran\AppData\Loca...}, goog:chromeOptions: {debuggerAddress: localhost:56237}, networkConnectionEnabled: false, pageLoadStrategy: normal, platformName: WINDOWS, proxy: Proxy(), se:cdp: ws://localhost:56237/devtoo..., se:cdpVersion: 112.0.5615.49, setWindowRect: true, strictFileInteractability: false, timeouts: {implicit: 0, pageLoad: 300000, script: 30000}, unhandledPromptBehavior: dismiss and notify, webauthn:extension:credBlob: true, webauthn:extension:largeBlob: true, webauthn:extension:minPinLength: true, webauthn:extension:prf: true, webauthn:virtualAuthenticators: true}
Session ID: b446593e541e53fd73eb28549a69f73e
	at java.base/jdk.internal.reflect.DirectConstructorHandleAccessor.newInstance(DirectConstructorHandleAccessor.java:67)
	at java.base/java.lang.reflect.Constructor.newInstanceWithCaller(Constructor.java:500)
	at java.base/java.lang.reflect.Constructor.newInstance(Constructor.java:484)
	at org.openqa.selenium.remote.codec.w3c.W3CHttpResponseCodec.createException(W3CHttpResponseCodec.java:200)
	at org.openqa.selenium.remote.codec.w3c.W3CHttpResponseCodec.decode(W3CHttpResponseCodec.java:133)
	at org.openqa.selenium.remote.codec.w3c.W3CHttpResponseCodec.decode(W3CHttpResponseCodec.java:53)
	at org.openqa.selenium.remote.HttpCommandExecutor.execute(HttpCommandExecutor.java:184)
	at org.openqa.selenium.remote.service.DriverCommandExecutor.invokeExecute(DriverCommandExecutor.java:167)
	at org.openqa.selenium.remote.service.DriverCommandExecutor.execute(DriverCommandExecutor.java:142)
	at org.openqa.selenium.remote.RemoteWebDriver.execute(RemoteWebDriver.java:547)
	at org.openqa.selenium.remote.ElementLocation$ElementFinder$2.findElement(ElementLocation.java:162)
	at org.openqa.selenium.remote.ElementLocation.findElement(ElementLocation.java:60)
	at org.openqa.selenium.remote.RemoteWebDriver.findElement(RemoteWebDriver.java:365)
	at org.openqa.selenium.remote.RemoteWebDriver.findElement(RemoteWebDriver.java:357)
	at org.openqa.selenium.support.pagefactory.DefaultElementLocator.findElement(DefaultElementLocator.java:70)
	at org.openqa.selenium.support.pagefactory.internal.LocatingElementHandler.invoke(LocatingElementHandler.java:39)
	at jdk.proxy2/jdk.proxy2.$Proxy44.click(Unknown Source)
	at pageObjects.HomePage.signin_link(HomePage.java:155)
	at parallel.Home_SD.the_user_clicks_on_signin_link(Home_SD.java:76)
	at ✽.The user clicks on signin link(file:///C:/Users/kiran/eclipse-workspace/Implementors/src/test/resources/parallel/Home.feature:44)
</pre></div></td>
<td>0</td>
<td>parallel.TestRunner@7bbc8656</td></tr>
<tr>
<td title='parallel.TestRunner.runScenario()'><b>runScenario</b><br>Test class: parallel.TestRunner<br>Test method: Runs Cucumber Scenarios<br>Parameters: "User is on Home page and click getstarted link "Arrays" on home page without sign in", "User launch dsalgo application and test Home page"</td>
<td><div><pre>org.openqa.selenium.NoSuchElementException: no such element: Unable to locate element: {&quot;method&quot;:&quot;xpath&quot;,&quot;selector&quot;:&quot;//*[@class=&apos;alert alert-primary&apos;]&quot;}
  (Session info: chrome=112.0.5615.49)
For documentation on this error, please visit: https://selenium.dev/exceptions/#no_such_element
Build info: version: &apos;4.5.0&apos;, revision: &apos;fe167b119a&apos;
System info: os.name: &apos;Windows 11&apos;, os.arch: &apos;amd64&apos;, os.version: &apos;10.0&apos;, java.version: &apos;19.0.1&apos;
Driver info: org.openqa.selenium.chrome.ChromeDriver
Command: [b446593e541e53fd73eb28549a69f73e, findElement {using=xpath, value=//*[@class=&apos;alert alert-primary&apos;]}]
Capabilities {acceptInsecureCerts: false, browserName: chrome, browserVersion: 112.0.5615.49, chrome: {chromedriverVersion: 112.0.5615.49 (bd2a7bcb881c..., userDataDir: C:\Users\kiran\AppData\Loca...}, goog:chromeOptions: {debuggerAddress: localhost:56237}, networkConnectionEnabled: false, pageLoadStrategy: normal, platformName: WINDOWS, proxy: Proxy(), se:cdp: ws://localhost:56237/devtoo..., se:cdpVersion: 112.0.5615.49, setWindowRect: true, strictFileInteractability: false, timeouts: {implicit: 0, pageLoad: 300000, script: 30000}, unhandledPromptBehavior: dismiss and notify, webauthn:extension:credBlob: true, webauthn:extension:largeBlob: true, webauthn:extension:minPinLength: true, webauthn:extension:prf: true, webauthn:virtualAuthenticators: true}
Session ID: b446593e541e53fd73eb28549a69f73e
	at java.base/jdk.internal.reflect.DirectConstructorHandleAccessor.newInstance(DirectConstructorHandleAccessor.java:67)
	at java.base/java.lang.reflect.Constructor.newInstanceWithCaller(Constructor.java:500)
	at java.base/java.lang.reflect.Constructor.newInstance(Constructor.java:484)
	at org.openqa.selenium.remote.codec.w3c.W3CHttpResponseCodec.createException(W3CHttpResponseCodec.java:200)
	at org.openqa.selenium.remote.codec.w3c.W3CHttpResponseCodec.decode(W3CHttpResponseCodec.java:133)
	at org.openqa.selenium.remote.codec.w3c.W3CHttpResponseCodec.decode(W3CHttpResponseCodec.java:53)
	at org.openqa.selenium.remote.HttpCommandExecutor.execute(HttpCommandExecutor.java:184)
	at org.openqa.selenium.remote.service.DriverCommandExecutor.invokeExecute(DriverCommandExecutor.java:167)
	at org.openqa.selenium.remote.service.DriverCommandExecutor.execute(DriverCommandExecutor.java:142)
	at org.openqa.selenium.remote.RemoteWebDriver.execute(RemoteWebDriver.java:547)
	at org.openqa.selenium.remote.ElementLocation$ElementFinder$2.findElement(ElementLocation.java:162)
	at org.openqa.selenium.remote.ElementLocation.findElement(ElementLocation.java:60)
	at org.openqa.selenium.remote.RemoteWebDriver.findElement(RemoteWebDriver.java:365)
	at org.openqa.selenium.remote.RemoteWebDriver.findElement(RemoteWebDriver.java:357)
	at org.openqa.selenium.support.pagefactory.DefaultElementLocator.findElement(DefaultElementLocator.java:70)
	at org.openqa.selenium.support.pagefactory.internal.LocatingElementHandler.invoke(LocatingElementHandler.java:39)
	at jdk.proxy2/jdk.proxy2.$Proxy44.getText(Unknown Source)
	at pageObjects.HomePage.alert(HomePage.java:74)
	at parallel.Home_SD.the_user_get_warning_message(Home_SD.java:55)
	at ✽.The user get warning message &quot;You are not logged in&quot;(file:///C:/Users/kiran/eclipse-workspace/Implementors/src/test/resources/parallel/Home.feature:14)
</pre></div><a href='#' onClick='toggleBox("stack-trace1970602458", this, "Click to show all stack frames", "Click to hide stack frames")'>Click to show all stack frames</a>
<div class='stack-trace' id='stack-trace1970602458'><pre>org.openqa.selenium.NoSuchElementException: no such element: Unable to locate element: {&quot;method&quot;:&quot;xpath&quot;,&quot;selector&quot;:&quot;//*[@class=&apos;alert alert-primary&apos;]&quot;}
  (Session info: chrome=112.0.5615.49)
For documentation on this error, please visit: https://selenium.dev/exceptions/#no_such_element
Build info: version: &apos;4.5.0&apos;, revision: &apos;fe167b119a&apos;
System info: os.name: &apos;Windows 11&apos;, os.arch: &apos;amd64&apos;, os.version: &apos;10.0&apos;, java.version: &apos;19.0.1&apos;
Driver info: org.openqa.selenium.chrome.ChromeDriver
Command: [b446593e541e53fd73eb28549a69f73e, findElement {using=xpath, value=//*[@class=&apos;alert alert-primary&apos;]}]
Capabilities {acceptInsecureCerts: false, browserName: chrome, browserVersion: 112.0.5615.49, chrome: {chromedriverVersion: 112.0.5615.49 (bd2a7bcb881c..., userDataDir: C:\Users\kiran\AppData\Loca...}, goog:chromeOptions: {debuggerAddress: localhost:56237}, networkConnectionEnabled: false, pageLoadStrategy: normal, platformName: WINDOWS, proxy: Proxy(), se:cdp: ws://localhost:56237/devtoo..., se:cdpVersion: 112.0.5615.49, setWindowRect: true, strictFileInteractability: false, timeouts: {implicit: 0, pageLoad: 300000, script: 30000}, unhandledPromptBehavior: dismiss and notify, webauthn:extension:credBlob: true, webauthn:extension:largeBlob: true, webauthn:extension:minPinLength: true, webauthn:extension:prf: true, webauthn:virtualAuthenticators: true}
Session ID: b446593e541e53fd73eb28549a69f73e
	at java.base/jdk.internal.reflect.DirectConstructorHandleAccessor.newInstance(DirectConstructorHandleAccessor.java:67)
	at java.base/java.lang.reflect.Constructor.newInstanceWithCaller(Constructor.java:500)
	at java.base/java.lang.reflect.Constructor.newInstance(Constructor.java:484)
	at org.openqa.selenium.remote.codec.w3c.W3CHttpResponseCodec.createException(W3CHttpResponseCodec.java:200)
	at org.openqa.selenium.remote.codec.w3c.W3CHttpResponseCodec.decode(W3CHttpResponseCodec.java:133)
	at org.openqa.selenium.remote.codec.w3c.W3CHttpResponseCodec.decode(W3CHttpResponseCodec.java:53)
	at org.openqa.selenium.remote.HttpCommandExecutor.execute(HttpCommandExecutor.java:184)
	at org.openqa.selenium.remote.service.DriverCommandExecutor.invokeExecute(DriverCommandExecutor.java:167)
	at org.openqa.selenium.remote.service.DriverCommandExecutor.execute(DriverCommandExecutor.java:142)
	at org.openqa.selenium.remote.RemoteWebDriver.execute(RemoteWebDriver.java:547)
	at org.openqa.selenium.remote.ElementLocation$ElementFinder$2.findElement(ElementLocation.java:162)
	at org.openqa.selenium.remote.ElementLocation.findElement(ElementLocation.java:60)
	at org.openqa.selenium.remote.RemoteWebDriver.findElement(RemoteWebDriver.java:365)
	at org.openqa.selenium.remote.RemoteWebDriver.findElement(RemoteWebDriver.java:357)
	at org.openqa.selenium.support.pagefactory.DefaultElementLocator.findElement(DefaultElementLocator.java:70)
	at org.openqa.selenium.support.pagefactory.internal.LocatingElementHandler.invoke(LocatingElementHandler.java:39)
	at jdk.proxy2/jdk.proxy2.$Proxy44.getText(Unknown Source)
	at pageObjects.HomePage.alert(HomePage.java:74)
	at parallel.Home_SD.the_user_get_warning_message(Home_SD.java:55)
	at ✽.The user get warning message &quot;You are not logged in&quot;(file:///C:/Users/kiran/eclipse-workspace/Implementors/src/test/resources/parallel/Home.feature:14)
</pre></div></td>
<td>0</td>
<td>parallel.TestRunner@7bbc8656</td></tr>
<tr>
<td title='parallel.TestRunner.runScenario()'><b>runScenario</b><br>Test class: parallel.TestRunner<br>Test method: Runs Cucumber Scenarios<br>Parameters: "The user is able to run code in tryEditor for Find Numbers with Even Number of Digits", "User launch dsalgo application and test Array page"</td>
<td><div><pre>org.openqa.selenium.UnhandledAlertException: unexpected alert open: {Alert text : SyntaxError: bad input on line 1}
  (Session info: chrome=112.0.5615.49): SyntaxError: bad input on line 1
Build info: version: &apos;4.5.0&apos;, revision: &apos;fe167b119a&apos;
System info: os.name: &apos;Windows 11&apos;, os.arch: &apos;amd64&apos;, os.version: &apos;10.0&apos;, java.version: &apos;19.0.1&apos;
Driver info: org.openqa.selenium.chrome.ChromeDriver
Command: [b446593e541e53fd73eb28549a69f73e, findElement {using=id, value=output}]
Capabilities {acceptInsecureCerts: false, browserName: chrome, browserVersion: 112.0.5615.49, chrome: {chromedriverVersion: 112.0.5615.49 (bd2a7bcb881c..., userDataDir: C:\Users\kiran\AppData\Loca...}, goog:chromeOptions: {debuggerAddress: localhost:56237}, networkConnectionEnabled: false, pageLoadStrategy: normal, platformName: WINDOWS, proxy: Proxy(), se:cdp: ws://localhost:56237/devtoo..., se:cdpVersion: 112.0.5615.49, setWindowRect: true, strictFileInteractability: false, timeouts: {implicit: 0, pageLoad: 300000, script: 30000}, unhandledPromptBehavior: dismiss and notify, webauthn:extension:credBlob: true, webauthn:extension:largeBlob: true, webauthn:extension:minPinLength: true, webauthn:extension:prf: true, webauthn:virtualAuthenticators: true}
Session ID: b446593e541e53fd73eb28549a69f73e
	at org.openqa.selenium.remote.codec.w3c.W3CHttpResponseCodec.decode(W3CHttpResponseCodec.java:131)
	at org.openqa.selenium.remote.codec.w3c.W3CHttpResponseCodec.decode(W3CHttpResponseCodec.java:53)
	at org.openqa.selenium.remote.HttpCommandExecutor.execute(HttpCommandExecutor.java:184)
	at org.openqa.selenium.remote.service.DriverCommandExecutor.invokeExecute(DriverCommandExecutor.java:167)
	at org.openqa.selenium.remote.service.DriverCommandExecutor.execute(DriverCommandExecutor.java:142)
	at org.openqa.selenium.remote.RemoteWebDriver.execute(RemoteWebDriver.java:547)
	at org.openqa.selenium.remote.ElementLocation$ElementFinder$2.findElement(ElementLocation.java:162)
	at org.openqa.selenium.remote.ElementLocation.findElement(ElementLocation.java:60)
	at org.openqa.selenium.remote.RemoteWebDriver.findElement(RemoteWebDriver.java:365)
	at org.openqa.selenium.remote.RemoteWebDriver.findElement(RemoteWebDriver.java:357)
	at org.openqa.selenium.support.pagefactory.DefaultElementLocator.findElement(DefaultElementLocator.java:70)
	at org.openqa.selenium.support.pagefactory.internal.LocatingElementHandler.invoke(LocatingElementHandler.java:39)
	at jdk.proxy2/jdk.proxy2.$Proxy44.isDisplayed(Unknown Source)
	at org.openqa.selenium.support.ui.ExpectedConditions.elementIfVisible(ExpectedConditions.java:307)
	at org.openqa.selenium.support.ui.ExpectedConditions.access$000(ExpectedConditions.java:40)
	at org.openqa.selenium.support.ui.ExpectedConditions$10.apply(ExpectedConditions.java:293)
	at org.openqa.selenium.support.ui.ExpectedConditions$10.apply(ExpectedConditions.java:290)
	at org.openqa.selenium.support.ui.FluentWait.until(FluentWait.java:208)
	at utilities.ElementsUtils.waitForElement(ElementsUtils.java:25)
	at pageObjects.ArrayPage.getActualResult(ArrayPage.java:100)
	at parallel.Array_SD.the_user_should_be_presented_with_run_result(Array_SD.java:88)
	at ✽.The user should be presented with Run result(file:///C:/Users/kiran/eclipse-workspace/Implementors/src/test/resources/parallel/Array.feature:247)
</pre></div><a href='#' onClick='toggleBox("stack-trace1782910133", this, "Click to show all stack frames", "Click to hide stack frames")'>Click to show all stack frames</a>
<div class='stack-trace' id='stack-trace1782910133'><pre>org.openqa.selenium.UnhandledAlertException: unexpected alert open: {Alert text : SyntaxError: bad input on line 1}
  (Session info: chrome=112.0.5615.49): SyntaxError: bad input on line 1
Build info: version: &apos;4.5.0&apos;, revision: &apos;fe167b119a&apos;
System info: os.name: &apos;Windows 11&apos;, os.arch: &apos;amd64&apos;, os.version: &apos;10.0&apos;, java.version: &apos;19.0.1&apos;
Driver info: org.openqa.selenium.chrome.ChromeDriver
Command: [b446593e541e53fd73eb28549a69f73e, findElement {using=id, value=output}]
Capabilities {acceptInsecureCerts: false, browserName: chrome, browserVersion: 112.0.5615.49, chrome: {chromedriverVersion: 112.0.5615.49 (bd2a7bcb881c..., userDataDir: C:\Users\kiran\AppData\Loca...}, goog:chromeOptions: {debuggerAddress: localhost:56237}, networkConnectionEnabled: false, pageLoadStrategy: normal, platformName: WINDOWS, proxy: Proxy(), se:cdp: ws://localhost:56237/devtoo..., se:cdpVersion: 112.0.5615.49, setWindowRect: true, strictFileInteractability: false, timeouts: {implicit: 0, pageLoad: 300000, script: 30000}, unhandledPromptBehavior: dismiss and notify, webauthn:extension:credBlob: true, webauthn:extension:largeBlob: true, webauthn:extension:minPinLength: true, webauthn:extension:prf: true, webauthn:virtualAuthenticators: true}
Session ID: b446593e541e53fd73eb28549a69f73e
	at org.openqa.selenium.remote.codec.w3c.W3CHttpResponseCodec.decode(W3CHttpResponseCodec.java:131)
	at org.openqa.selenium.remote.codec.w3c.W3CHttpResponseCodec.decode(W3CHttpResponseCodec.java:53)
	at org.openqa.selenium.remote.HttpCommandExecutor.execute(HttpCommandExecutor.java:184)
	at org.openqa.selenium.remote.service.DriverCommandExecutor.invokeExecute(DriverCommandExecutor.java:167)
	at org.openqa.selenium.remote.service.DriverCommandExecutor.execute(DriverCommandExecutor.java:142)
	at org.openqa.selenium.remote.RemoteWebDriver.execute(RemoteWebDriver.java:547)
	at org.openqa.selenium.remote.ElementLocation$ElementFinder$2.findElement(ElementLocation.java:162)
	at org.openqa.selenium.remote.ElementLocation.findElement(ElementLocation.java:60)
	at org.openqa.selenium.remote.RemoteWebDriver.findElement(RemoteWebDriver.java:365)
	at org.openqa.selenium.remote.RemoteWebDriver.findElement(RemoteWebDriver.java:357)
	at org.openqa.selenium.support.pagefactory.DefaultElementLocator.findElement(DefaultElementLocator.java:70)
	at org.openqa.selenium.support.pagefactory.internal.LocatingElementHandler.invoke(LocatingElementHandler.java:39)
	at jdk.proxy2/jdk.proxy2.$Proxy44.isDisplayed(Unknown Source)
	at org.openqa.selenium.support.ui.ExpectedConditions.elementIfVisible(ExpectedConditions.java:307)
	at org.openqa.selenium.support.ui.ExpectedConditions.access$000(ExpectedConditions.java:40)
	at org.openqa.selenium.support.ui.ExpectedConditions$10.apply(ExpectedConditions.java:293)
	at org.openqa.selenium.support.ui.ExpectedConditions$10.apply(ExpectedConditions.java:290)
	at org.openqa.selenium.support.ui.FluentWait.until(FluentWait.java:208)
	at utilities.ElementsUtils.waitForElement(ElementsUtils.java:25)
	at pageObjects.ArrayPage.getActualResult(ArrayPage.java:100)
	at parallel.Array_SD.the_user_should_be_presented_with_run_result(Array_SD.java:88)
	at ✽.The user should be presented with Run result(file:///C:/Users/kiran/eclipse-workspace/Implementors/src/test/resources/parallel/Array.feature:247)
</pre></div></td>
<td>2</td>
<td>parallel.TestRunner@7bbc8656</td></tr>
<tr>
<td title='parallel.TestRunner.runScenario()'><b>runScenario</b><br>Test class: parallel.TestRunner<br>Test method: Runs Cucumber Scenarios<br>Parameters: "The user is able to submit code in tryEditor for Squares of a Sorted Array", "User launch dsalgo application and test Array page"</td>
<td><div><pre>java.lang.AssertionError: Result do not match expected [submission success] but found [ No tests were collected]
	at org.testng.Assert.fail(Assert.java:110)
	at org.testng.Assert.failNotEquals(Assert.java:1413)
	at org.testng.Assert.assertEqualsImpl(Assert.java:149)
	at org.testng.Assert.assertEquals(Assert.java:131)
	at org.testng.Assert.assertEquals(Assert.java:655)
	at parallel.Array_SD.the_user_should_be_presented_with_successful_submission_message(Array_SD.java:194)
	at ✽.The user should be presented with successful submission message(file:///C:/Users/kiran/eclipse-workspace/Implementors/src/test/resources/parallel/Array.feature:297)
</pre></div><a href='#' onClick='toggleBox("stack-trace694065903", this, "Click to show all stack frames", "Click to hide stack frames")'>Click to show all stack frames</a>
<div class='stack-trace' id='stack-trace694065903'><pre>java.lang.AssertionError: Result do not match expected [submission success] but found [ No tests were collected]
	at org.testng.Assert.fail(Assert.java:110)
	at org.testng.Assert.failNotEquals(Assert.java:1413)
	at org.testng.Assert.assertEqualsImpl(Assert.java:149)
	at org.testng.Assert.assertEquals(Assert.java:131)
	at org.testng.Assert.assertEquals(Assert.java:655)
	at parallel.Array_SD.the_user_should_be_presented_with_successful_submission_message(Array_SD.java:194)
	at ✽.The user should be presented with successful submission message(file:///C:/Users/kiran/eclipse-workspace/Implementors/src/test/resources/parallel/Array.feature:297)
</pre></div></td>
<td>3</td>
<td>parallel.TestRunner@7bbc8656</td></tr>
<tr>
<td title='parallel.TestRunner.runScenario()'><b>runScenario</b><br>Test class: parallel.TestRunner<br>Test method: Runs Cucumber Scenarios<br>Parameters: "The user is presented with error message for existing username", "Validating Register page"</td>
<td><div><pre>java.lang.AssertionError: expected [Username already exists] but found [password_mismatch:The two password fields didn’t match.]
	at org.testng.Assert.fail(Assert.java:110)
	at org.testng.Assert.failNotEquals(Assert.java:1413)
	at org.testng.Assert.assertEqualsImpl(Assert.java:149)
	at org.testng.Assert.assertEquals(Assert.java:131)
	at org.testng.Assert.assertEquals(Assert.java:655)
	at org.testng.Assert.assertEquals(Assert.java:665)
	at parallel.Register_SD.it_should_display_an_error_message(Register_SD.java:86)
	at ✽.It should display an error message &quot;Username already exists&quot;(file:///C:/Users/kiran/eclipse-workspace/Implementors/src/test/resources/parallel/Register.feature:94)
</pre></div><a href='#' onClick='toggleBox("stack-trace626077923", this, "Click to show all stack frames", "Click to hide stack frames")'>Click to show all stack frames</a>
<div class='stack-trace' id='stack-trace626077923'><pre>java.lang.AssertionError: expected [Username already exists] but found [password_mismatch:The two password fields didn’t match.]
	at org.testng.Assert.fail(Assert.java:110)
	at org.testng.Assert.failNotEquals(Assert.java:1413)
	at org.testng.Assert.assertEqualsImpl(Assert.java:149)
	at org.testng.Assert.assertEquals(Assert.java:131)
	at org.testng.Assert.assertEquals(Assert.java:655)
	at org.testng.Assert.assertEquals(Assert.java:665)
	at parallel.Register_SD.it_should_display_an_error_message(Register_SD.java:86)
	at ✽.It should display an error message &quot;Username already exists&quot;(file:///C:/Users/kiran/eclipse-workspace/Implementors/src/test/resources/parallel/Register.feature:94)
</pre></div></td>
<td>0</td>
<td>parallel.TestRunner@7bbc8656</td></tr>
<tr>
<td title='parallel.TestRunner.runScenario()'><b>runScenario</b><br>Test class: parallel.TestRunner<br>Test method: Runs Cucumber Scenarios<br>Parameters: "User is on Home page and click getstarted link "Linkedlist" on home page without sign in", "User launch dsalgo application and test Home page"</td>
<td><div><pre>org.openqa.selenium.NoSuchElementException: no such element: Unable to locate element: {&quot;method&quot;:&quot;xpath&quot;,&quot;selector&quot;:&quot;//*[@class=&apos;alert alert-primary&apos;]&quot;}
  (Session info: chrome=112.0.5615.49)
For documentation on this error, please visit: https://selenium.dev/exceptions/#no_such_element
Build info: version: &apos;4.5.0&apos;, revision: &apos;fe167b119a&apos;
System info: os.name: &apos;Windows 11&apos;, os.arch: &apos;amd64&apos;, os.version: &apos;10.0&apos;, java.version: &apos;19.0.1&apos;
Driver info: org.openqa.selenium.chrome.ChromeDriver
Command: [b446593e541e53fd73eb28549a69f73e, findElement {using=xpath, value=//*[@class=&apos;alert alert-primary&apos;]}]
Capabilities {acceptInsecureCerts: false, browserName: chrome, browserVersion: 112.0.5615.49, chrome: {chromedriverVersion: 112.0.5615.49 (bd2a7bcb881c..., userDataDir: C:\Users\kiran\AppData\Loca...}, goog:chromeOptions: {debuggerAddress: localhost:56237}, networkConnectionEnabled: false, pageLoadStrategy: normal, platformName: WINDOWS, proxy: Proxy(), se:cdp: ws://localhost:56237/devtoo..., se:cdpVersion: 112.0.5615.49, setWindowRect: true, strictFileInteractability: false, timeouts: {implicit: 0, pageLoad: 300000, script: 30000}, unhandledPromptBehavior: dismiss and notify, webauthn:extension:credBlob: true, webauthn:extension:largeBlob: true, webauthn:extension:minPinLength: true, webauthn:extension:prf: true, webauthn:virtualAuthenticators: true}
Session ID: b446593e541e53fd73eb28549a69f73e
	at java.base/jdk.internal.reflect.DirectConstructorHandleAccessor.newInstance(DirectConstructorHandleAccessor.java:67)
	at java.base/java.lang.reflect.Constructor.newInstanceWithCaller(Constructor.java:500)
	at java.base/java.lang.reflect.Constructor.newInstance(Constructor.java:484)
	at org.openqa.selenium.remote.codec.w3c.W3CHttpResponseCodec.createException(W3CHttpResponseCodec.java:200)
	at org.openqa.selenium.remote.codec.w3c.W3CHttpResponseCodec.decode(W3CHttpResponseCodec.java:133)
	at org.openqa.selenium.remote.codec.w3c.W3CHttpResponseCodec.decode(W3CHttpResponseCodec.java:53)
	at org.openqa.selenium.remote.HttpCommandExecutor.execute(HttpCommandExecutor.java:184)
	at org.openqa.selenium.remote.service.DriverCommandExecutor.invokeExecute(DriverCommandExecutor.java:167)
	at org.openqa.selenium.remote.service.DriverCommandExecutor.execute(DriverCommandExecutor.java:142)
	at org.openqa.selenium.remote.RemoteWebDriver.execute(RemoteWebDriver.java:547)
	at org.openqa.selenium.remote.ElementLocation$ElementFinder$2.findElement(ElementLocation.java:162)
	at org.openqa.selenium.remote.ElementLocation.findElement(ElementLocation.java:60)
	at org.openqa.selenium.remote.RemoteWebDriver.findElement(RemoteWebDriver.java:365)
	at org.openqa.selenium.remote.RemoteWebDriver.findElement(RemoteWebDriver.java:357)
	at org.openqa.selenium.support.pagefactory.DefaultElementLocator.findElement(DefaultElementLocator.java:70)
	at org.openqa.selenium.support.pagefactory.internal.LocatingElementHandler.invoke(LocatingElementHandler.java:39)
	at jdk.proxy2/jdk.proxy2.$Proxy44.getText(Unknown Source)
	at pageObjects.HomePage.alert(HomePage.java:74)
	at parallel.Home_SD.the_user_get_warning_message(Home_SD.java:55)
	at ✽.The user get warning message &quot;You are not logged in&quot;(file:///C:/Users/kiran/eclipse-workspace/Implementors/src/test/resources/parallel/Home.feature:14)
</pre></div><a href='#' onClick='toggleBox("stack-trace566988925", this, "Click to show all stack frames", "Click to hide stack frames")'>Click to show all stack frames</a>
<div class='stack-trace' id='stack-trace566988925'><pre>org.openqa.selenium.NoSuchElementException: no such element: Unable to locate element: {&quot;method&quot;:&quot;xpath&quot;,&quot;selector&quot;:&quot;//*[@class=&apos;alert alert-primary&apos;]&quot;}
  (Session info: chrome=112.0.5615.49)
For documentation on this error, please visit: https://selenium.dev/exceptions/#no_such_element
Build info: version: &apos;4.5.0&apos;, revision: &apos;fe167b119a&apos;
System info: os.name: &apos;Windows 11&apos;, os.arch: &apos;amd64&apos;, os.version: &apos;10.0&apos;, java.version: &apos;19.0.1&apos;
Driver info: org.openqa.selenium.chrome.ChromeDriver
Command: [b446593e541e53fd73eb28549a69f73e, findElement {using=xpath, value=//*[@class=&apos;alert alert-primary&apos;]}]
Capabilities {acceptInsecureCerts: false, browserName: chrome, browserVersion: 112.0.5615.49, chrome: {chromedriverVersion: 112.0.5615.49 (bd2a7bcb881c..., userDataDir: C:\Users\kiran\AppData\Loca...}, goog:chromeOptions: {debuggerAddress: localhost:56237}, networkConnectionEnabled: false, pageLoadStrategy: normal, platformName: WINDOWS, proxy: Proxy(), se:cdp: ws://localhost:56237/devtoo..., se:cdpVersion: 112.0.5615.49, setWindowRect: true, strictFileInteractability: false, timeouts: {implicit: 0, pageLoad: 300000, script: 30000}, unhandledPromptBehavior: dismiss and notify, webauthn:extension:credBlob: true, webauthn:extension:largeBlob: true, webauthn:extension:minPinLength: true, webauthn:extension:prf: true, webauthn:virtualAuthenticators: true}
Session ID: b446593e541e53fd73eb28549a69f73e
	at java.base/jdk.internal.reflect.DirectConstructorHandleAccessor.newInstance(DirectConstructorHandleAccessor.java:67)
	at java.base/java.lang.reflect.Constructor.newInstanceWithCaller(Constructor.java:500)
	at java.base/java.lang.reflect.Constructor.newInstance(Constructor.java:484)
	at org.openqa.selenium.remote.codec.w3c.W3CHttpResponseCodec.createException(W3CHttpResponseCodec.java:200)
	at org.openqa.selenium.remote.codec.w3c.W3CHttpResponseCodec.decode(W3CHttpResponseCodec.java:133)
	at org.openqa.selenium.remote.codec.w3c.W3CHttpResponseCodec.decode(W3CHttpResponseCodec.java:53)
	at org.openqa.selenium.remote.HttpCommandExecutor.execute(HttpCommandExecutor.java:184)
	at org.openqa.selenium.remote.service.DriverCommandExecutor.invokeExecute(DriverCommandExecutor.java:167)
	at org.openqa.selenium.remote.service.DriverCommandExecutor.execute(DriverCommandExecutor.java:142)
	at org.openqa.selenium.remote.RemoteWebDriver.execute(RemoteWebDriver.java:547)
	at org.openqa.selenium.remote.ElementLocation$ElementFinder$2.findElement(ElementLocation.java:162)
	at org.openqa.selenium.remote.ElementLocation.findElement(ElementLocation.java:60)
	at org.openqa.selenium.remote.RemoteWebDriver.findElement(RemoteWebDriver.java:365)
	at org.openqa.selenium.remote.RemoteWebDriver.findElement(RemoteWebDriver.java:357)
	at org.openqa.selenium.support.pagefactory.DefaultElementLocator.findElement(DefaultElementLocator.java:70)
	at org.openqa.selenium.support.pagefactory.internal.LocatingElementHandler.invoke(LocatingElementHandler.java:39)
	at jdk.proxy2/jdk.proxy2.$Proxy44.getText(Unknown Source)
	at pageObjects.HomePage.alert(HomePage.java:74)
	at parallel.Home_SD.the_user_get_warning_message(Home_SD.java:55)
	at ✽.The user get warning message &quot;You are not logged in&quot;(file:///C:/Users/kiran/eclipse-workspace/Implementors/src/test/resources/parallel/Home.feature:14)
</pre></div></td>
<td>0</td>
<td>parallel.TestRunner@7bbc8656</td></tr>
<tr>
<td title='parallel.TestRunner.runScenario()'><b>runScenario</b><br>Test class: parallel.TestRunner<br>Test method: Runs Cucumber Scenarios<br>Parameters: "The user is able to submit code in tryEditor for Search the array link", "User launch dsalgo application and test Array page"</td>
<td><div><pre>java.lang.AssertionError: Result do not match expected [submission success] but found [Error occurred during submission]
	at org.testng.Assert.fail(Assert.java:110)
	at org.testng.Assert.failNotEquals(Assert.java:1413)
	at org.testng.Assert.assertEqualsImpl(Assert.java:149)
	at org.testng.Assert.assertEquals(Assert.java:131)
	at org.testng.Assert.assertEquals(Assert.java:655)
	at parallel.Array_SD.the_user_should_be_presented_with_successful_submission_message(Array_SD.java:194)
	at ✽.The user should be presented with successful submission message(file:///C:/Users/kiran/eclipse-workspace/Implementors/src/test/resources/parallel/Array.feature:180)
</pre></div><a href='#' onClick='toggleBox("stack-trace379409767", this, "Click to show all stack frames", "Click to hide stack frames")'>Click to show all stack frames</a>
<div class='stack-trace' id='stack-trace379409767'><pre>java.lang.AssertionError: Result do not match expected [submission success] but found [Error occurred during submission]
	at org.testng.Assert.fail(Assert.java:110)
	at org.testng.Assert.failNotEquals(Assert.java:1413)
	at org.testng.Assert.assertEqualsImpl(Assert.java:149)
	at org.testng.Assert.assertEquals(Assert.java:131)
	at org.testng.Assert.assertEquals(Assert.java:655)
	at parallel.Array_SD.the_user_should_be_presented_with_successful_submission_message(Array_SD.java:194)
	at ✽.The user should be presented with successful submission message(file:///C:/Users/kiran/eclipse-workspace/Implementors/src/test/resources/parallel/Array.feature:180)
</pre></div></td>
<td>3</td>
<td>parallel.TestRunner@7bbc8656</td></tr>
<tr>
<td title='parallel.TestRunner.runScenario()'><b>runScenario</b><br>Test class: parallel.TestRunner<br>Test method: Runs Cucumber Scenarios<br>Parameters: "The user is able to submit code in tryEditor for Find Numbers with Even Number of Digits", "User launch dsalgo application and test Array page"</td>
<td><div><pre>java.lang.AssertionError: Result do not match expected [submission success] but found [Error occurred during submission]
	at org.testng.Assert.fail(Assert.java:110)
	at org.testng.Assert.failNotEquals(Assert.java:1413)
	at org.testng.Assert.assertEqualsImpl(Assert.java:149)
	at org.testng.Assert.assertEquals(Assert.java:131)
	at org.testng.Assert.assertEquals(Assert.java:655)
	at parallel.Array_SD.the_user_should_be_presented_with_successful_submission_message(Array_SD.java:194)
	at ✽.The user should be presented with successful submission message(file:///C:/Users/kiran/eclipse-workspace/Implementors/src/test/resources/parallel/Array.feature:258)
</pre></div><a href='#' onClick='toggleBox("stack-trace1286885448", this, "Click to show all stack frames", "Click to hide stack frames")'>Click to show all stack frames</a>
<div class='stack-trace' id='stack-trace1286885448'><pre>java.lang.AssertionError: Result do not match expected [submission success] but found [Error occurred during submission]
	at org.testng.Assert.fail(Assert.java:110)
	at org.testng.Assert.failNotEquals(Assert.java:1413)
	at org.testng.Assert.assertEqualsImpl(Assert.java:149)
	at org.testng.Assert.assertEquals(Assert.java:131)
	at org.testng.Assert.assertEquals(Assert.java:655)
	at parallel.Array_SD.the_user_should_be_presented_with_successful_submission_message(Array_SD.java:194)
	at ✽.The user should be presented with successful submission message(file:///C:/Users/kiran/eclipse-workspace/Implementors/src/test/resources/parallel/Array.feature:258)
</pre></div></td>
<td>3</td>
<td>parallel.TestRunner@7bbc8656</td></tr>
<tr>
<td title='parallel.TestRunner.runScenario()'><b>runScenario</b><br>Test class: parallel.TestRunner<br>Test method: Runs Cucumber Scenarios<br>Parameters: "User is on Home page and click on dropdown "Linkedlist" without sign in", "User launch dsalgo application and test Home page"</td>
<td><div><pre>org.openqa.selenium.NoSuchElementException: no such element: Unable to locate element: {&quot;method&quot;:&quot;xpath&quot;,&quot;selector&quot;:&quot;//*[@class=&apos;alert alert-primary&apos;]&quot;}
  (Session info: chrome=112.0.5615.49)
For documentation on this error, please visit: https://selenium.dev/exceptions/#no_such_element
Build info: version: &apos;4.5.0&apos;, revision: &apos;fe167b119a&apos;
System info: os.name: &apos;Windows 11&apos;, os.arch: &apos;amd64&apos;, os.version: &apos;10.0&apos;, java.version: &apos;19.0.1&apos;
Driver info: org.openqa.selenium.chrome.ChromeDriver
Command: [b446593e541e53fd73eb28549a69f73e, findElement {using=xpath, value=//*[@class=&apos;alert alert-primary&apos;]}]
Capabilities {acceptInsecureCerts: false, browserName: chrome, browserVersion: 112.0.5615.49, chrome: {chromedriverVersion: 112.0.5615.49 (bd2a7bcb881c..., userDataDir: C:\Users\kiran\AppData\Loca...}, goog:chromeOptions: {debuggerAddress: localhost:56237}, networkConnectionEnabled: false, pageLoadStrategy: normal, platformName: WINDOWS, proxy: Proxy(), se:cdp: ws://localhost:56237/devtoo..., se:cdpVersion: 112.0.5615.49, setWindowRect: true, strictFileInteractability: false, timeouts: {implicit: 0, pageLoad: 300000, script: 30000}, unhandledPromptBehavior: dismiss and notify, webauthn:extension:credBlob: true, webauthn:extension:largeBlob: true, webauthn:extension:minPinLength: true, webauthn:extension:prf: true, webauthn:virtualAuthenticators: true}
Session ID: b446593e541e53fd73eb28549a69f73e
	at java.base/jdk.internal.reflect.DirectConstructorHandleAccessor.newInstance(DirectConstructorHandleAccessor.java:67)
	at java.base/java.lang.reflect.Constructor.newInstanceWithCaller(Constructor.java:500)
	at java.base/java.lang.reflect.Constructor.newInstance(Constructor.java:484)
	at org.openqa.selenium.remote.codec.w3c.W3CHttpResponseCodec.createException(W3CHttpResponseCodec.java:200)
	at org.openqa.selenium.remote.codec.w3c.W3CHttpResponseCodec.decode(W3CHttpResponseCodec.java:133)
	at org.openqa.selenium.remote.codec.w3c.W3CHttpResponseCodec.decode(W3CHttpResponseCodec.java:53)
	at org.openqa.selenium.remote.HttpCommandExecutor.execute(HttpCommandExecutor.java:184)
	at org.openqa.selenium.remote.service.DriverCommandExecutor.invokeExecute(DriverCommandExecutor.java:167)
	at org.openqa.selenium.remote.service.DriverCommandExecutor.execute(DriverCommandExecutor.java:142)
	at org.openqa.selenium.remote.RemoteWebDriver.execute(RemoteWebDriver.java:547)
	at org.openqa.selenium.remote.ElementLocation$ElementFinder$2.findElement(ElementLocation.java:162)
	at org.openqa.selenium.remote.ElementLocation.findElement(ElementLocation.java:60)
	at org.openqa.selenium.remote.RemoteWebDriver.findElement(RemoteWebDriver.java:365)
	at org.openqa.selenium.remote.RemoteWebDriver.findElement(RemoteWebDriver.java:357)
	at org.openqa.selenium.support.pagefactory.DefaultElementLocator.findElement(DefaultElementLocator.java:70)
	at org.openqa.selenium.support.pagefactory.internal.LocatingElementHandler.invoke(LocatingElementHandler.java:39)
	at jdk.proxy2/jdk.proxy2.$Proxy44.getText(Unknown Source)
	at pageObjects.HomePage.alert(HomePage.java:74)
	at parallel.Home_SD.the_user_get_warning_message(Home_SD.java:55)
	at ✽.The user get warning message &quot;You are not logged in&quot;(file:///C:/Users/kiran/eclipse-workspace/Implementors/src/test/resources/parallel/Home.feature:30)
</pre></div><a href='#' onClick='toggleBox("stack-trace597016936", this, "Click to show all stack frames", "Click to hide stack frames")'>Click to show all stack frames</a>
<div class='stack-trace' id='stack-trace597016936'><pre>org.openqa.selenium.NoSuchElementException: no such element: Unable to locate element: {&quot;method&quot;:&quot;xpath&quot;,&quot;selector&quot;:&quot;//*[@class=&apos;alert alert-primary&apos;]&quot;}
  (Session info: chrome=112.0.5615.49)
For documentation on this error, please visit: https://selenium.dev/exceptions/#no_such_element
Build info: version: &apos;4.5.0&apos;, revision: &apos;fe167b119a&apos;
System info: os.name: &apos;Windows 11&apos;, os.arch: &apos;amd64&apos;, os.version: &apos;10.0&apos;, java.version: &apos;19.0.1&apos;
Driver info: org.openqa.selenium.chrome.ChromeDriver
Command: [b446593e541e53fd73eb28549a69f73e, findElement {using=xpath, value=//*[@class=&apos;alert alert-primary&apos;]}]
Capabilities {acceptInsecureCerts: false, browserName: chrome, browserVersion: 112.0.5615.49, chrome: {chromedriverVersion: 112.0.5615.49 (bd2a7bcb881c..., userDataDir: C:\Users\kiran\AppData\Loca...}, goog:chromeOptions: {debuggerAddress: localhost:56237}, networkConnectionEnabled: false, pageLoadStrategy: normal, platformName: WINDOWS, proxy: Proxy(), se:cdp: ws://localhost:56237/devtoo..., se:cdpVersion: 112.0.5615.49, setWindowRect: true, strictFileInteractability: false, timeouts: {implicit: 0, pageLoad: 300000, script: 30000}, unhandledPromptBehavior: dismiss and notify, webauthn:extension:credBlob: true, webauthn:extension:largeBlob: true, webauthn:extension:minPinLength: true, webauthn:extension:prf: true, webauthn:virtualAuthenticators: true}
Session ID: b446593e541e53fd73eb28549a69f73e
	at java.base/jdk.internal.reflect.DirectConstructorHandleAccessor.newInstance(DirectConstructorHandleAccessor.java:67)
	at java.base/java.lang.reflect.Constructor.newInstanceWithCaller(Constructor.java:500)
	at java.base/java.lang.reflect.Constructor.newInstance(Constructor.java:484)
	at org.openqa.selenium.remote.codec.w3c.W3CHttpResponseCodec.createException(W3CHttpResponseCodec.java:200)
	at org.openqa.selenium.remote.codec.w3c.W3CHttpResponseCodec.decode(W3CHttpResponseCodec.java:133)
	at org.openqa.selenium.remote.codec.w3c.W3CHttpResponseCodec.decode(W3CHttpResponseCodec.java:53)
	at org.openqa.selenium.remote.HttpCommandExecutor.execute(HttpCommandExecutor.java:184)
	at org.openqa.selenium.remote.service.DriverCommandExecutor.invokeExecute(DriverCommandExecutor.java:167)
	at org.openqa.selenium.remote.service.DriverCommandExecutor.execute(DriverCommandExecutor.java:142)
	at org.openqa.selenium.remote.RemoteWebDriver.execute(RemoteWebDriver.java:547)
	at org.openqa.selenium.remote.ElementLocation$ElementFinder$2.findElement(ElementLocation.java:162)
	at org.openqa.selenium.remote.ElementLocation.findElement(ElementLocation.java:60)
	at org.openqa.selenium.remote.RemoteWebDriver.findElement(RemoteWebDriver.java:365)
	at org.openqa.selenium.remote.RemoteWebDriver.findElement(RemoteWebDriver.java:357)
	at org.openqa.selenium.support.pagefactory.DefaultElementLocator.findElement(DefaultElementLocator.java:70)
	at org.openqa.selenium.support.pagefactory.internal.LocatingElementHandler.invoke(LocatingElementHandler.java:39)
	at jdk.proxy2/jdk.proxy2.$Proxy44.getText(Unknown Source)
	at pageObjects.HomePage.alert(HomePage.java:74)
	at parallel.Home_SD.the_user_get_warning_message(Home_SD.java:55)
	at ✽.The user get warning message &quot;You are not logged in&quot;(file:///C:/Users/kiran/eclipse-workspace/Implementors/src/test/resources/parallel/Home.feature:30)
</pre></div></td>
<td>0</td>
<td>parallel.TestRunner@7bbc8656</td></tr>
<tr>
<td title='parallel.TestRunner.runScenario()'><b>runScenario</b><br>Test class: parallel.TestRunner<br>Test method: Runs Cucumber Scenarios<br>Parameters: "User is on Home page and click getstarted link "Datastructures" on home page without sign in", "User launch dsalgo application and test Home page"</td>
<td><div><pre>org.openqa.selenium.NoSuchElementException: no such element: Unable to locate element: {&quot;method&quot;:&quot;xpath&quot;,&quot;selector&quot;:&quot;//*[@class=&apos;alert alert-primary&apos;]&quot;}
  (Session info: chrome=112.0.5615.49)
For documentation on this error, please visit: https://selenium.dev/exceptions/#no_such_element
Build info: version: &apos;4.5.0&apos;, revision: &apos;fe167b119a&apos;
System info: os.name: &apos;Windows 11&apos;, os.arch: &apos;amd64&apos;, os.version: &apos;10.0&apos;, java.version: &apos;19.0.1&apos;
Driver info: org.openqa.selenium.chrome.ChromeDriver
Command: [b446593e541e53fd73eb28549a69f73e, findElement {using=xpath, value=//*[@class=&apos;alert alert-primary&apos;]}]
Capabilities {acceptInsecureCerts: false, browserName: chrome, browserVersion: 112.0.5615.49, chrome: {chromedriverVersion: 112.0.5615.49 (bd2a7bcb881c..., userDataDir: C:\Users\kiran\AppData\Loca...}, goog:chromeOptions: {debuggerAddress: localhost:56237}, networkConnectionEnabled: false, pageLoadStrategy: normal, platformName: WINDOWS, proxy: Proxy(), se:cdp: ws://localhost:56237/devtoo..., se:cdpVersion: 112.0.5615.49, setWindowRect: true, strictFileInteractability: false, timeouts: {implicit: 0, pageLoad: 300000, script: 30000}, unhandledPromptBehavior: dismiss and notify, webauthn:extension:credBlob: true, webauthn:extension:largeBlob: true, webauthn:extension:minPinLength: true, webauthn:extension:prf: true, webauthn:virtualAuthenticators: true}
Session ID: b446593e541e53fd73eb28549a69f73e
	at java.base/jdk.internal.reflect.DirectConstructorHandleAccessor.newInstance(DirectConstructorHandleAccessor.java:67)
	at java.base/java.lang.reflect.Constructor.newInstanceWithCaller(Constructor.java:500)
	at java.base/java.lang.reflect.Constructor.newInstance(Constructor.java:484)
	at org.openqa.selenium.remote.codec.w3c.W3CHttpResponseCodec.createException(W3CHttpResponseCodec.java:200)
	at org.openqa.selenium.remote.codec.w3c.W3CHttpResponseCodec.decode(W3CHttpResponseCodec.java:133)
	at org.openqa.selenium.remote.codec.w3c.W3CHttpResponseCodec.decode(W3CHttpResponseCodec.java:53)
	at org.openqa.selenium.remote.HttpCommandExecutor.execute(HttpCommandExecutor.java:184)
	at org.openqa.selenium.remote.service.DriverCommandExecutor.invokeExecute(DriverCommandExecutor.java:167)
	at org.openqa.selenium.remote.service.DriverCommandExecutor.execute(DriverCommandExecutor.java:142)
	at org.openqa.selenium.remote.RemoteWebDriver.execute(RemoteWebDriver.java:547)
	at org.openqa.selenium.remote.ElementLocation$ElementFinder$2.findElement(ElementLocation.java:162)
	at org.openqa.selenium.remote.ElementLocation.findElement(ElementLocation.java:60)
	at org.openqa.selenium.remote.RemoteWebDriver.findElement(RemoteWebDriver.java:365)
	at org.openqa.selenium.remote.RemoteWebDriver.findElement(RemoteWebDriver.java:357)
	at org.openqa.selenium.support.pagefactory.DefaultElementLocator.findElement(DefaultElementLocator.java:70)
	at org.openqa.selenium.support.pagefactory.internal.LocatingElementHandler.invoke(LocatingElementHandler.java:39)
	at jdk.proxy2/jdk.proxy2.$Proxy44.getText(Unknown Source)
	at pageObjects.HomePage.alert(HomePage.java:74)
	at parallel.Home_SD.the_user_get_warning_message(Home_SD.java:55)
	at ✽.The user get warning message &quot;You are not logged in&quot;(file:///C:/Users/kiran/eclipse-workspace/Implementors/src/test/resources/parallel/Home.feature:14)
</pre></div><a href='#' onClick='toggleBox("stack-trace1622614473", this, "Click to show all stack frames", "Click to hide stack frames")'>Click to show all stack frames</a>
<div class='stack-trace' id='stack-trace1622614473'><pre>org.openqa.selenium.NoSuchElementException: no such element: Unable to locate element: {&quot;method&quot;:&quot;xpath&quot;,&quot;selector&quot;:&quot;//*[@class=&apos;alert alert-primary&apos;]&quot;}
  (Session info: chrome=112.0.5615.49)
For documentation on this error, please visit: https://selenium.dev/exceptions/#no_such_element
Build info: version: &apos;4.5.0&apos;, revision: &apos;fe167b119a&apos;
System info: os.name: &apos;Windows 11&apos;, os.arch: &apos;amd64&apos;, os.version: &apos;10.0&apos;, java.version: &apos;19.0.1&apos;
Driver info: org.openqa.selenium.chrome.ChromeDriver
Command: [b446593e541e53fd73eb28549a69f73e, findElement {using=xpath, value=//*[@class=&apos;alert alert-primary&apos;]}]
Capabilities {acceptInsecureCerts: false, browserName: chrome, browserVersion: 112.0.5615.49, chrome: {chromedriverVersion: 112.0.5615.49 (bd2a7bcb881c..., userDataDir: C:\Users\kiran\AppData\Loca...}, goog:chromeOptions: {debuggerAddress: localhost:56237}, networkConnectionEnabled: false, pageLoadStrategy: normal, platformName: WINDOWS, proxy: Proxy(), se:cdp: ws://localhost:56237/devtoo..., se:cdpVersion: 112.0.5615.49, setWindowRect: true, strictFileInteractability: false, timeouts: {implicit: 0, pageLoad: 300000, script: 30000}, unhandledPromptBehavior: dismiss and notify, webauthn:extension:credBlob: true, webauthn:extension:largeBlob: true, webauthn:extension:minPinLength: true, webauthn:extension:prf: true, webauthn:virtualAuthenticators: true}
Session ID: b446593e541e53fd73eb28549a69f73e
	at java.base/jdk.internal.reflect.DirectConstructorHandleAccessor.newInstance(DirectConstructorHandleAccessor.java:67)
	at java.base/java.lang.reflect.Constructor.newInstanceWithCaller(Constructor.java:500)
	at java.base/java.lang.reflect.Constructor.newInstance(Constructor.java:484)
	at org.openqa.selenium.remote.codec.w3c.W3CHttpResponseCodec.createException(W3CHttpResponseCodec.java:200)
	at org.openqa.selenium.remote.codec.w3c.W3CHttpResponseCodec.decode(W3CHttpResponseCodec.java:133)
	at org.openqa.selenium.remote.codec.w3c.W3CHttpResponseCodec.decode(W3CHttpResponseCodec.java:53)
	at org.openqa.selenium.remote.HttpCommandExecutor.execute(HttpCommandExecutor.java:184)
	at org.openqa.selenium.remote.service.DriverCommandExecutor.invokeExecute(DriverCommandExecutor.java:167)
	at org.openqa.selenium.remote.service.DriverCommandExecutor.execute(DriverCommandExecutor.java:142)
	at org.openqa.selenium.remote.RemoteWebDriver.execute(RemoteWebDriver.java:547)
	at org.openqa.selenium.remote.ElementLocation$ElementFinder$2.findElement(ElementLocation.java:162)
	at org.openqa.selenium.remote.ElementLocation.findElement(ElementLocation.java:60)
	at org.openqa.selenium.remote.RemoteWebDriver.findElement(RemoteWebDriver.java:365)
	at org.openqa.selenium.remote.RemoteWebDriver.findElement(RemoteWebDriver.java:357)
	at org.openqa.selenium.support.pagefactory.DefaultElementLocator.findElement(DefaultElementLocator.java:70)
	at org.openqa.selenium.support.pagefactory.internal.LocatingElementHandler.invoke(LocatingElementHandler.java:39)
	at jdk.proxy2/jdk.proxy2.$Proxy44.getText(Unknown Source)
	at pageObjects.HomePage.alert(HomePage.java:74)
	at parallel.Home_SD.the_user_get_warning_message(Home_SD.java:55)
	at ✽.The user get warning message &quot;You are not logged in&quot;(file:///C:/Users/kiran/eclipse-workspace/Implementors/src/test/resources/parallel/Home.feature:14)
</pre></div></td>
<td>0</td>
<td>parallel.TestRunner@7bbc8656</td></tr>
<tr>
<td title='parallel.TestRunner.runScenario()'><b>runScenario</b><br>Test class: parallel.TestRunner<br>Test method: Runs Cucumber Scenarios<br>Parameters: "User is on Home page and click getstarted link "Tree" on home page without sign in", "User launch dsalgo application and test Home page"</td>
<td><div><pre>org.openqa.selenium.NoSuchElementException: no such element: Unable to locate element: {&quot;method&quot;:&quot;xpath&quot;,&quot;selector&quot;:&quot;//*[@class=&apos;alert alert-primary&apos;]&quot;}
  (Session info: chrome=112.0.5615.49)
For documentation on this error, please visit: https://selenium.dev/exceptions/#no_such_element
Build info: version: &apos;4.5.0&apos;, revision: &apos;fe167b119a&apos;
System info: os.name: &apos;Windows 11&apos;, os.arch: &apos;amd64&apos;, os.version: &apos;10.0&apos;, java.version: &apos;19.0.1&apos;
Driver info: org.openqa.selenium.chrome.ChromeDriver
Command: [b446593e541e53fd73eb28549a69f73e, findElement {using=xpath, value=//*[@class=&apos;alert alert-primary&apos;]}]
Capabilities {acceptInsecureCerts: false, browserName: chrome, browserVersion: 112.0.5615.49, chrome: {chromedriverVersion: 112.0.5615.49 (bd2a7bcb881c..., userDataDir: C:\Users\kiran\AppData\Loca...}, goog:chromeOptions: {debuggerAddress: localhost:56237}, networkConnectionEnabled: false, pageLoadStrategy: normal, platformName: WINDOWS, proxy: Proxy(), se:cdp: ws://localhost:56237/devtoo..., se:cdpVersion: 112.0.5615.49, setWindowRect: true, strictFileInteractability: false, timeouts: {implicit: 0, pageLoad: 300000, script: 30000}, unhandledPromptBehavior: dismiss and notify, webauthn:extension:credBlob: true, webauthn:extension:largeBlob: true, webauthn:extension:minPinLength: true, webauthn:extension:prf: true, webauthn:virtualAuthenticators: true}
Session ID: b446593e541e53fd73eb28549a69f73e
	at java.base/jdk.internal.reflect.DirectConstructorHandleAccessor.newInstance(DirectConstructorHandleAccessor.java:67)
	at java.base/java.lang.reflect.Constructor.newInstanceWithCaller(Constructor.java:500)
	at java.base/java.lang.reflect.Constructor.newInstance(Constructor.java:484)
	at org.openqa.selenium.remote.codec.w3c.W3CHttpResponseCodec.createException(W3CHttpResponseCodec.java:200)
	at org.openqa.selenium.remote.codec.w3c.W3CHttpResponseCodec.decode(W3CHttpResponseCodec.java:133)
	at org.openqa.selenium.remote.codec.w3c.W3CHttpResponseCodec.decode(W3CHttpResponseCodec.java:53)
	at org.openqa.selenium.remote.HttpCommandExecutor.execute(HttpCommandExecutor.java:184)
	at org.openqa.selenium.remote.service.DriverCommandExecutor.invokeExecute(DriverCommandExecutor.java:167)
	at org.openqa.selenium.remote.service.DriverCommandExecutor.execute(DriverCommandExecutor.java:142)
	at org.openqa.selenium.remote.RemoteWebDriver.execute(RemoteWebDriver.java:547)
	at org.openqa.selenium.remote.ElementLocation$ElementFinder$2.findElement(ElementLocation.java:162)
	at org.openqa.selenium.remote.ElementLocation.findElement(ElementLocation.java:60)
	at org.openqa.selenium.remote.RemoteWebDriver.findElement(RemoteWebDriver.java:365)
	at org.openqa.selenium.remote.RemoteWebDriver.findElement(RemoteWebDriver.java:357)
	at org.openqa.selenium.support.pagefactory.DefaultElementLocator.findElement(DefaultElementLocator.java:70)
	at org.openqa.selenium.support.pagefactory.internal.LocatingElementHandler.invoke(LocatingElementHandler.java:39)
	at jdk.proxy2/jdk.proxy2.$Proxy44.getText(Unknown Source)
	at pageObjects.HomePage.alert(HomePage.java:74)
	at parallel.Home_SD.the_user_get_warning_message(Home_SD.java:55)
	at ✽.The user get warning message &quot;You are not logged in&quot;(file:///C:/Users/kiran/eclipse-workspace/Implementors/src/test/resources/parallel/Home.feature:14)
</pre></div><a href='#' onClick='toggleBox("stack-trace1611732847", this, "Click to show all stack frames", "Click to hide stack frames")'>Click to show all stack frames</a>
<div class='stack-trace' id='stack-trace1611732847'><pre>org.openqa.selenium.NoSuchElementException: no such element: Unable to locate element: {&quot;method&quot;:&quot;xpath&quot;,&quot;selector&quot;:&quot;//*[@class=&apos;alert alert-primary&apos;]&quot;}
  (Session info: chrome=112.0.5615.49)
For documentation on this error, please visit: https://selenium.dev/exceptions/#no_such_element
Build info: version: &apos;4.5.0&apos;, revision: &apos;fe167b119a&apos;
System info: os.name: &apos;Windows 11&apos;, os.arch: &apos;amd64&apos;, os.version: &apos;10.0&apos;, java.version: &apos;19.0.1&apos;
Driver info: org.openqa.selenium.chrome.ChromeDriver
Command: [b446593e541e53fd73eb28549a69f73e, findElement {using=xpath, value=//*[@class=&apos;alert alert-primary&apos;]}]
Capabilities {acceptInsecureCerts: false, browserName: chrome, browserVersion: 112.0.5615.49, chrome: {chromedriverVersion: 112.0.5615.49 (bd2a7bcb881c..., userDataDir: C:\Users\kiran\AppData\Loca...}, goog:chromeOptions: {debuggerAddress: localhost:56237}, networkConnectionEnabled: false, pageLoadStrategy: normal, platformName: WINDOWS, proxy: Proxy(), se:cdp: ws://localhost:56237/devtoo..., se:cdpVersion: 112.0.5615.49, setWindowRect: true, strictFileInteractability: false, timeouts: {implicit: 0, pageLoad: 300000, script: 30000}, unhandledPromptBehavior: dismiss and notify, webauthn:extension:credBlob: true, webauthn:extension:largeBlob: true, webauthn:extension:minPinLength: true, webauthn:extension:prf: true, webauthn:virtualAuthenticators: true}
Session ID: b446593e541e53fd73eb28549a69f73e
	at java.base/jdk.internal.reflect.DirectConstructorHandleAccessor.newInstance(DirectConstructorHandleAccessor.java:67)
	at java.base/java.lang.reflect.Constructor.newInstanceWithCaller(Constructor.java:500)
	at java.base/java.lang.reflect.Constructor.newInstance(Constructor.java:484)
	at org.openqa.selenium.remote.codec.w3c.W3CHttpResponseCodec.createException(W3CHttpResponseCodec.java:200)
	at org.openqa.selenium.remote.codec.w3c.W3CHttpResponseCodec.decode(W3CHttpResponseCodec.java:133)
	at org.openqa.selenium.remote.codec.w3c.W3CHttpResponseCodec.decode(W3CHttpResponseCodec.java:53)
	at org.openqa.selenium.remote.HttpCommandExecutor.execute(HttpCommandExecutor.java:184)
	at org.openqa.selenium.remote.service.DriverCommandExecutor.invokeExecute(DriverCommandExecutor.java:167)
	at org.openqa.selenium.remote.service.DriverCommandExecutor.execute(DriverCommandExecutor.java:142)
	at org.openqa.selenium.remote.RemoteWebDriver.execute(RemoteWebDriver.java:547)
	at org.openqa.selenium.remote.ElementLocation$ElementFinder$2.findElement(ElementLocation.java:162)
	at org.openqa.selenium.remote.ElementLocation.findElement(ElementLocation.java:60)
	at org.openqa.selenium.remote.RemoteWebDriver.findElement(RemoteWebDriver.java:365)
	at org.openqa.selenium.remote.RemoteWebDriver.findElement(RemoteWebDriver.java:357)
	at org.openqa.selenium.support.pagefactory.DefaultElementLocator.findElement(DefaultElementLocator.java:70)
	at org.openqa.selenium.support.pagefactory.internal.LocatingElementHandler.invoke(LocatingElementHandler.java:39)
	at jdk.proxy2/jdk.proxy2.$Proxy44.getText(Unknown Source)
	at pageObjects.HomePage.alert(HomePage.java:74)
	at parallel.Home_SD.the_user_get_warning_message(Home_SD.java:55)
	at ✽.The user get warning message &quot;You are not logged in&quot;(file:///C:/Users/kiran/eclipse-workspace/Implementors/src/test/resources/parallel/Home.feature:14)
</pre></div></td>
<td>0</td>
<td>parallel.TestRunner@7bbc8656</td></tr>
<tr>
<td title='parallel.TestRunner.runScenario()'><b>runScenario</b><br>Test class: parallel.TestRunner<br>Test method: Runs Cucumber Scenarios<br>Parameters: "User is on Home page and click on Register", "User launch dsalgo application and test Home page"</td>
<td><div><pre>org.openqa.selenium.NoSuchElementException: no such element: Unable to locate element: {&quot;method&quot;:&quot;xpath&quot;,&quot;selector&quot;:&quot;//a[@href=&apos;/register&apos;]&quot;}
  (Session info: chrome=112.0.5615.49)
For documentation on this error, please visit: https://selenium.dev/exceptions/#no_such_element
Build info: version: &apos;4.5.0&apos;, revision: &apos;fe167b119a&apos;
System info: os.name: &apos;Windows 11&apos;, os.arch: &apos;amd64&apos;, os.version: &apos;10.0&apos;, java.version: &apos;19.0.1&apos;
Driver info: org.openqa.selenium.chrome.ChromeDriver
Command: [b446593e541e53fd73eb28549a69f73e, findElement {using=xpath, value=//a[@href=&apos;/register&apos;]}]
Capabilities {acceptInsecureCerts: false, browserName: chrome, browserVersion: 112.0.5615.49, chrome: {chromedriverVersion: 112.0.5615.49 (bd2a7bcb881c..., userDataDir: C:\Users\kiran\AppData\Loca...}, goog:chromeOptions: {debuggerAddress: localhost:56237}, networkConnectionEnabled: false, pageLoadStrategy: normal, platformName: WINDOWS, proxy: Proxy(), se:cdp: ws://localhost:56237/devtoo..., se:cdpVersion: 112.0.5615.49, setWindowRect: true, strictFileInteractability: false, timeouts: {implicit: 0, pageLoad: 300000, script: 30000}, unhandledPromptBehavior: dismiss and notify, webauthn:extension:credBlob: true, webauthn:extension:largeBlob: true, webauthn:extension:minPinLength: true, webauthn:extension:prf: true, webauthn:virtualAuthenticators: true}
Session ID: b446593e541e53fd73eb28549a69f73e
	at java.base/jdk.internal.reflect.DirectConstructorHandleAccessor.newInstance(DirectConstructorHandleAccessor.java:67)
	at java.base/java.lang.reflect.Constructor.newInstanceWithCaller(Constructor.java:500)
	at java.base/java.lang.reflect.Constructor.newInstance(Constructor.java:484)
	at org.openqa.selenium.remote.codec.w3c.W3CHttpResponseCodec.createException(W3CHttpResponseCodec.java:200)
	at org.openqa.selenium.remote.codec.w3c.W3CHttpResponseCodec.decode(W3CHttpResponseCodec.java:133)
	at org.openqa.selenium.remote.codec.w3c.W3CHttpResponseCodec.decode(W3CHttpResponseCodec.java:53)
	at org.openqa.selenium.remote.HttpCommandExecutor.execute(HttpCommandExecutor.java:184)
	at org.openqa.selenium.remote.service.DriverCommandExecutor.invokeExecute(DriverCommandExecutor.java:167)
	at org.openqa.selenium.remote.service.DriverCommandExecutor.execute(DriverCommandExecutor.java:142)
	at org.openqa.selenium.remote.RemoteWebDriver.execute(RemoteWebDriver.java:547)
	at org.openqa.selenium.remote.ElementLocation$ElementFinder$2.findElement(ElementLocation.java:162)
	at org.openqa.selenium.remote.ElementLocation.findElement(ElementLocation.java:60)
	at org.openqa.selenium.remote.RemoteWebDriver.findElement(RemoteWebDriver.java:365)
	at org.openqa.selenium.remote.RemoteWebDriver.findElement(RemoteWebDriver.java:357)
	at org.openqa.selenium.support.pagefactory.DefaultElementLocator.findElement(DefaultElementLocator.java:70)
	at org.openqa.selenium.support.pagefactory.internal.LocatingElementHandler.invoke(LocatingElementHandler.java:39)
	at jdk.proxy2/jdk.proxy2.$Proxy44.click(Unknown Source)
	at pageObjects.HomePage.register_link(HomePage.java:166)
	at parallel.Home_SD.the_user_clicks_on_register_link(Home_SD.java:92)
	at ✽.The user clicks on register link(file:///C:/Users/kiran/eclipse-workspace/Implementors/src/test/resources/parallel/Home.feature:50)
</pre></div><a href='#' onClick='toggleBox("stack-trace533920109", this, "Click to show all stack frames", "Click to hide stack frames")'>Click to show all stack frames</a>
<div class='stack-trace' id='stack-trace533920109'><pre>org.openqa.selenium.NoSuchElementException: no such element: Unable to locate element: {&quot;method&quot;:&quot;xpath&quot;,&quot;selector&quot;:&quot;//a[@href=&apos;/register&apos;]&quot;}
  (Session info: chrome=112.0.5615.49)
For documentation on this error, please visit: https://selenium.dev/exceptions/#no_such_element
Build info: version: &apos;4.5.0&apos;, revision: &apos;fe167b119a&apos;
System info: os.name: &apos;Windows 11&apos;, os.arch: &apos;amd64&apos;, os.version: &apos;10.0&apos;, java.version: &apos;19.0.1&apos;
Driver info: org.openqa.selenium.chrome.ChromeDriver
Command: [b446593e541e53fd73eb28549a69f73e, findElement {using=xpath, value=//a[@href=&apos;/register&apos;]}]
Capabilities {acceptInsecureCerts: false, browserName: chrome, browserVersion: 112.0.5615.49, chrome: {chromedriverVersion: 112.0.5615.49 (bd2a7bcb881c..., userDataDir: C:\Users\kiran\AppData\Loca...}, goog:chromeOptions: {debuggerAddress: localhost:56237}, networkConnectionEnabled: false, pageLoadStrategy: normal, platformName: WINDOWS, proxy: Proxy(), se:cdp: ws://localhost:56237/devtoo..., se:cdpVersion: 112.0.5615.49, setWindowRect: true, strictFileInteractability: false, timeouts: {implicit: 0, pageLoad: 300000, script: 30000}, unhandledPromptBehavior: dismiss and notify, webauthn:extension:credBlob: true, webauthn:extension:largeBlob: true, webauthn:extension:minPinLength: true, webauthn:extension:prf: true, webauthn:virtualAuthenticators: true}
Session ID: b446593e541e53fd73eb28549a69f73e
	at java.base/jdk.internal.reflect.DirectConstructorHandleAccessor.newInstance(DirectConstructorHandleAccessor.java:67)
	at java.base/java.lang.reflect.Constructor.newInstanceWithCaller(Constructor.java:500)
	at java.base/java.lang.reflect.Constructor.newInstance(Constructor.java:484)
	at org.openqa.selenium.remote.codec.w3c.W3CHttpResponseCodec.createException(W3CHttpResponseCodec.java:200)
	at org.openqa.selenium.remote.codec.w3c.W3CHttpResponseCodec.decode(W3CHttpResponseCodec.java:133)
	at org.openqa.selenium.remote.codec.w3c.W3CHttpResponseCodec.decode(W3CHttpResponseCodec.java:53)
	at org.openqa.selenium.remote.HttpCommandExecutor.execute(HttpCommandExecutor.java:184)
	at org.openqa.selenium.remote.service.DriverCommandExecutor.invokeExecute(DriverCommandExecutor.java:167)
	at org.openqa.selenium.remote.service.DriverCommandExecutor.execute(DriverCommandExecutor.java:142)
	at org.openqa.selenium.remote.RemoteWebDriver.execute(RemoteWebDriver.java:547)
	at org.openqa.selenium.remote.ElementLocation$ElementFinder$2.findElement(ElementLocation.java:162)
	at org.openqa.selenium.remote.ElementLocation.findElement(ElementLocation.java:60)
	at org.openqa.selenium.remote.RemoteWebDriver.findElement(RemoteWebDriver.java:365)
	at org.openqa.selenium.remote.RemoteWebDriver.findElement(RemoteWebDriver.java:357)
	at org.openqa.selenium.support.pagefactory.DefaultElementLocator.findElement(DefaultElementLocator.java:70)
	at org.openqa.selenium.support.pagefactory.internal.LocatingElementHandler.invoke(LocatingElementHandler.java:39)
	at jdk.proxy2/jdk.proxy2.$Proxy44.click(Unknown Source)
	at pageObjects.HomePage.register_link(HomePage.java:166)
	at parallel.Home_SD.the_user_clicks_on_register_link(Home_SD.java:92)
	at ✽.The user clicks on register link(file:///C:/Users/kiran/eclipse-workspace/Implementors/src/test/resources/parallel/Home.feature:50)
</pre></div></td>
<td>0</td>
<td>parallel.TestRunner@7bbc8656</td></tr>
<tr>
<td title='parallel.TestRunner.runScenario()'><b>runScenario</b><br>Test class: parallel.TestRunner<br>Test method: Runs Cucumber Scenarios<br>Parameters: "The user is presented with error message for password too similar to your other personal information", "Validating Register page"</td>
<td><div><pre>java.lang.AssertionError: expected [password can’t be too similar to your other personal information.] but found [password_mismatch:The two password fields didn’t match.]
	at org.testng.Assert.fail(Assert.java:110)
	at org.testng.Assert.failNotEquals(Assert.java:1413)
	at org.testng.Assert.assertEqualsImpl(Assert.java:149)
	at org.testng.Assert.assertEquals(Assert.java:131)
	at org.testng.Assert.assertEquals(Assert.java:655)
	at org.testng.Assert.assertEquals(Assert.java:665)
	at parallel.Register_SD.it_should_display_an_error_message(Register_SD.java:86)
	at ✽.It should display an error message &quot;password can’t be too similar to your other personal information.&quot;(file:///C:/Users/kiran/eclipse-workspace/Implementors/src/test/resources/parallel/Register.feature:70)
</pre></div><a href='#' onClick='toggleBox("stack-trace1103971954", this, "Click to show all stack frames", "Click to hide stack frames")'>Click to show all stack frames</a>
<div class='stack-trace' id='stack-trace1103971954'><pre>java.lang.AssertionError: expected [password can’t be too similar to your other personal information.] but found [password_mismatch:The two password fields didn’t match.]
	at org.testng.Assert.fail(Assert.java:110)
	at org.testng.Assert.failNotEquals(Assert.java:1413)
	at org.testng.Assert.assertEqualsImpl(Assert.java:149)
	at org.testng.Assert.assertEquals(Assert.java:131)
	at org.testng.Assert.assertEquals(Assert.java:655)
	at org.testng.Assert.assertEquals(Assert.java:665)
	at parallel.Register_SD.it_should_display_an_error_message(Register_SD.java:86)
	at ✽.It should display an error message &quot;password can’t be too similar to your other personal information.&quot;(file:///C:/Users/kiran/eclipse-workspace/Implementors/src/test/resources/parallel/Register.feature:70)
</pre></div></td>
<td>0</td>
<td>parallel.TestRunner@7bbc8656</td></tr>
</table><p>
<table width='100%' border='1' class='invocation-passed'>
<tr><td colspan='4' align='center'><b>PASSED TESTS</b></td></tr>
<tr><td><b>Test method</b></td>
<td><b>Attribute(s)</b></td>
<td width="30%"><b>Exception</b></td>
<td width="10%"><b>Time (seconds)</b></td>
<td><b>Instance</b></td>
</tr>
<tr>
<td title='parallel.TestRunner.runScenario()'><b>runScenario</b><br>Test class: parallel.TestRunner<br>Test method: Runs Cucumber Scenarios<br>Parameters: "The user getting error message with invalid python code for Introduction page", "Testing LinkedList page"</td>
<td></td>
<td>1</td>
<td>parallel.TestRunner@7bbc8656</td></tr>
<tr>
<td title='parallel.TestRunner.runScenario()'><b>runScenario</b><br>Test class: parallel.TestRunner<br>Test method: Runs Cucumber Scenarios<br>Parameters: "user navigated to "Implementation linked list in python" page", "Testing LinkedList page"</td>
<td></td>
<td>1</td>
<td>parallel.TestRunner@7bbc8656</td></tr>
<tr>
<td title='parallel.TestRunner.runScenario()'><b>runScenario</b><br>Test class: parallel.TestRunner<br>Test method: Runs Cucumber Scenarios<br>Parameters: "The user is presented with error message for invalid code in Editor for Queue Operations page", "User to sign in the dsalgo application and test Queue page"</td>
<td></td>
<td>1</td>
<td>parallel.TestRunner@7bbc8656</td></tr>
<tr>
<td title='parallel.TestRunner.runScenario()'><b>runScenario</b><br>Test class: parallel.TestRunner<br>Test method: Runs Cucumber Scenarios<br>Parameters: "The user is able to navigate to queue page and click on Implementation using array link", "User to sign in the dsalgo application and test Queue page"</td>
<td></td>
<td>1</td>
<td>parallel.TestRunner@7bbc8656</td></tr>
<tr>
<td title='parallel.TestRunner.runScenario()'><b>runScenario</b><br>Test class: parallel.TestRunner<br>Test method: Runs Cucumber Scenarios<br>Parameters: "The user is able to navigate to a page having an tryEditor from Traversals-Illustration Page", "User tests the Tree page on the Ds algo application"</td>
<td></td>
<td>1</td>
<td>parallel.TestRunner@7bbc8656</td></tr>
<tr>
<td title='parallel.TestRunner.runScenario()'><b>runScenario</b><br>Test class: parallel.TestRunner<br>Test method: Runs Cucumber Scenarios<br>Parameters: "The user is presented with error message for code with invalid syntax in tryEditor for Time Complexity page", "User launch dsalgo application and test Data Structure introduction page"</td>
<td></td>
<td>1</td>
<td>parallel.TestRunner@7bbc8656</td></tr>
<tr>
<td title='parallel.TestRunner.runScenario()'><b>runScenario</b><br>Test class: parallel.TestRunner<br>Test method: Runs Cucumber Scenarios<br>Parameters: "The user is presented with error message for empty fields below Username textbox", "Validating Register page"</td>
<td></td>
<td>0</td>
<td>parallel.TestRunner@7bbc8656</td></tr>
<tr>
<td title='parallel.TestRunner.runScenario()'><b>runScenario</b><br>Test class: parallel.TestRunner<br>Test method: Runs Cucumber Scenarios<br>Parameters: "The user is able run code in tryEditor for Time Complexity page", "User launch dsalgo application and test Data Structure introduction page"</td>
<td></td>
<td>1</td>
<td>parallel.TestRunner@7bbc8656</td></tr>
<tr>
<td title='parallel.TestRunner.runScenario()'><b>runScenario</b><br>Test class: parallel.TestRunner<br>Test method: Runs Cucumber Scenarios<br>Parameters: "User on login page and login with invalid inputs "" and "passowrd"", "Validating Login page"</td>
<td></td>
<td>0</td>
<td>parallel.TestRunner@7bbc8656</td></tr>
<tr>
<td title='parallel.TestRunner.runScenario()'><b>runScenario</b><br>Test class: parallel.TestRunner<br>Test method: Runs Cucumber Scenarios<br>Parameters: "The user is able to run code in tryEditor for Binary Search Trees Page", "User tests the Tree page on the Ds algo application"</td>
<td></td>
<td>1</td>
<td>parallel.TestRunner@7bbc8656</td></tr>
<tr>
<td title='parallel.TestRunner.runScenario()'><b>runScenario</b><br>Test class: parallel.TestRunner<br>Test method: Runs Cucumber Scenarios<br>Parameters: "The user is able to get the error message for invalid syntax for Tree Traversals Page", "User tests the Tree page on the Ds algo application"</td>
<td></td>
<td>1</td>
<td>parallel.TestRunner@7bbc8656</td></tr>
<tr>
<td title='parallel.TestRunner.runScenario()'><b>runScenario</b><br>Test class: parallel.TestRunner<br>Test method: Runs Cucumber Scenarios<br>Parameters: "The user is able to navigate to "Types of Binary trees" Page", "User tests the Tree page on the Ds algo application"</td>
<td></td>
<td>1</td>
<td>parallel.TestRunner@7bbc8656</td></tr>
<tr>
<td title='parallel.TestRunner.runScenario()'><b>runScenario</b><br>Test class: parallel.TestRunner<br>Test method: Runs Cucumber Scenarios<br>Parameters: "The user is able to navigate to a page having an tryEditor from Implementation Of BST Page", "User tests the Tree page on the Ds algo application"</td>
<td></td>
<td>1</td>
<td>parallel.TestRunner@7bbc8656</td></tr>
<tr>
<td title='parallel.TestRunner.runScenario()'><b>runScenario</b><br>Test class: parallel.TestRunner<br>Test method: Runs Cucumber Scenarios<br>Parameters: "The user is able to run code in Editor for Graph page", "User launch dsalgo application and test Graph page"</td>
<td></td>
<td>1</td>
<td>parallel.TestRunner@7bbc8656</td></tr>
<tr>
<td title='parallel.TestRunner.runScenario()'><b>runScenario</b><br>Test class: parallel.TestRunner<br>Test method: Runs Cucumber Scenarios<br>Parameters: "The user is able to run code in tryEditor for Binary Tree Traversals page", "User tests the Tree page on the Ds algo application"</td>
<td></td>
<td>1</td>
<td>parallel.TestRunner@7bbc8656</td></tr>
<tr>
<td title='parallel.TestRunner.runScenario()'><b>runScenario</b><br>Test class: parallel.TestRunner<br>Test method: Runs Cucumber Scenarios<br>Parameters: "The user is able to navigate to "Types of Trees" Page", "User tests the Tree page on the Ds algo application"</td>
<td></td>
<td>1</td>
<td>parallel.TestRunner@7bbc8656</td></tr>
<tr>
<td title='parallel.TestRunner.runScenario()'><b>runScenario</b><br>Test class: parallel.TestRunner<br>Test method: Runs Cucumber Scenarios<br>Parameters: "The user is able to run code in tryEditor for Types of Trees page", "User tests the Tree page on the Ds algo application"</td>
<td></td>
<td>1</td>
<td>parallel.TestRunner@7bbc8656</td></tr>
<tr>
<td title='parallel.TestRunner.runScenario()'><b>runScenario</b><br>Test class: parallel.TestRunner<br>Test method: Runs Cucumber Scenarios<br>Parameters: "The user is able to navigate to a page having an tryEditor from Binary Trees Page", "User tests the Tree page on the Ds algo application"</td>
<td></td>
<td>1</td>
<td>parallel.TestRunner@7bbc8656</td></tr>
<tr>
<td title='parallel.TestRunner.runScenario()'><b>runScenario</b><br>Test class: parallel.TestRunner<br>Test method: Runs Cucumber Scenarios<br>Parameters: "The user run the code in tryEditor with valid input for Introduction page", "Testing LinkedList page"</td>
<td></td>
<td>1</td>
<td>parallel.TestRunner@7bbc8656</td></tr>
<tr>
<td title='parallel.TestRunner.runScenario()'><b>runScenario</b><br>Test class: parallel.TestRunner<br>Test method: Runs Cucumber Scenarios<br>Parameters: "The user is presented with error message for invalid code in tryEditor for Max Consecutive Ones", "User launch dsalgo application and test Array page"</td>
<td></td>
<td>1</td>
<td>parallel.TestRunner@7bbc8656</td></tr>
<tr>
<td title='parallel.TestRunner.runScenario()'><b>runScenario</b><br>Test class: parallel.TestRunner<br>Test method: Runs Cucumber Scenarios<br>Parameters: "The user should be directed to editor page with run button to test python code from Graph Representations page", "User launch dsalgo application and test Graph page"</td>
<td></td>
<td>1</td>
<td>parallel.TestRunner@7bbc8656</td></tr>
<tr>
<td title='parallel.TestRunner.runScenario()'><b>runScenario</b><br>Test class: parallel.TestRunner<br>Test method: Runs Cucumber Scenarios<br>Parameters: "The user is presented with error message for code with invalid syntax in tryEditor for Arrays Using List page", "User launch dsalgo application and test Array page"</td>
<td></td>
<td>1</td>
<td>parallel.TestRunner@7bbc8656</td></tr>
<tr>
<td title='parallel.TestRunner.runScenario()'><b>runScenario</b><br>Test class: parallel.TestRunner<br>Test method: Runs Cucumber Scenarios<br>Parameters: "The user is able to get the error message for invalid syntax for Implementation of Binary Trees Page", "User tests the Tree page on the Ds algo application"</td>
<td></td>
<td>1</td>
<td>parallel.TestRunner@7bbc8656</td></tr>
<tr>
<td title='parallel.TestRunner.runScenario()'><b>runScenario</b><br>Test class: parallel.TestRunner<br>Test method: Runs Cucumber Scenarios<br>Parameters: "Verifying signout link", "Validating Login page"</td>
<td></td>
<td>0</td>
<td>parallel.TestRunner@7bbc8656</td></tr>
<tr>
<td title='parallel.TestRunner.runScenario()'><b>runScenario</b><br>Test class: parallel.TestRunner<br>Test method: Runs Cucumber Scenarios<br>Parameters: "The user is able to navigate to a page having an tryEditor from Applications of Array page", "User launch dsalgo application and test Array page"</td>
<td></td>
<td>1</td>
<td>parallel.TestRunner@7bbc8656</td></tr>
<tr>
<td title='parallel.TestRunner.runScenario()'><b>runScenario</b><br>Test class: parallel.TestRunner<br>Test method: Runs Cucumber Scenarios<br>Parameters: "The user is presented with error message for invalid code in Editor for Graph Representations page", "User launch dsalgo application and test Graph page"</td>
<td></td>
<td>1</td>
<td>parallel.TestRunner@7bbc8656</td></tr>
<tr>
<td title='parallel.TestRunner.runScenario()'><b>runScenario</b><br>Test class: parallel.TestRunner<br>Test method: Runs Cucumber Scenarios<br>Parameters: "The user is presented with error message for invalid code in Editor for Implementation using array page", "User to sign in the dsalgo application and test Queue page"</td>
<td></td>
<td>1</td>
<td>parallel.TestRunner@7bbc8656</td></tr>
<tr>
<td title='parallel.TestRunner.runScenario()'><b>runScenario</b><br>Test class: parallel.TestRunner<br>Test method: Runs Cucumber Scenarios<br>Parameters: "The user is able to navigate to "Implementation of BST" Page", "User tests the Tree page on the Ds algo application"</td>
<td></td>
<td>1</td>
<td>parallel.TestRunner@7bbc8656</td></tr>
<tr>
<td title='parallel.TestRunner.runScenario()'><b>runScenario</b><br>Test class: parallel.TestRunner<br>Test method: Runs Cucumber Scenarios<br>Parameters: "The user is able to navigate to a page having an tryEditor from Tree Traversals Page", "User tests the Tree page on the Ds algo application"</td>
<td></td>
<td>1</td>
<td>parallel.TestRunner@7bbc8656</td></tr>
<tr>
<td title='parallel.TestRunner.runScenario()'><b>runScenario</b><br>Test class: parallel.TestRunner<br>Test method: Runs Cucumber Scenarios<br>Parameters: "The user is able to navigate to "Operations in Stack" page", "User tests the stack page on the Ds algo application"</td>
<td></td>
<td>1</td>
<td>parallel.TestRunner@7bbc8656</td></tr>
<tr>
<td title='parallel.TestRunner.runScenario()'><b>runScenario</b><br>Test class: parallel.TestRunner<br>Test method: Runs Cucumber Scenarios<br>Parameters: "The user is able to navigate to "Practice Questions" in stack Page", "User tests the stack page on the Ds algo application"</td>
<td></td>
<td>1</td>
<td>parallel.TestRunner@7bbc8656</td></tr>
<tr>
<td title='parallel.TestRunner.runScenario()'><b>runScenario</b><br>Test class: parallel.TestRunner<br>Test method: Runs Cucumber Scenarios<br>Parameters: "The user getting error message with invalid python code for Implement Linked List in Python page", "Testing LinkedList page"</td>
<td></td>
<td>1</td>
<td>parallel.TestRunner@7bbc8656</td></tr>
<tr>
<td title='parallel.TestRunner.runScenario()'><b>runScenario</b><br>Test class: parallel.TestRunner<br>Test method: Runs Cucumber Scenarios<br>Parameters: "The user is able to navigate to "Overview of Trees" page", "User tests the Tree page on the Ds algo application"</td>
<td></td>
<td>1</td>
<td>parallel.TestRunner@7bbc8656</td></tr>
<tr>
<td title='parallel.TestRunner.runScenario()'><b>runScenario</b><br>Test class: parallel.TestRunner<br>Test method: Runs Cucumber Scenarios<br>Parameters: "The user is able to get the error message for invalid syntax for Types of Binary Trees Page", "User tests the Tree page on the Ds algo application"</td>
<td></td>
<td>1</td>
<td>parallel.TestRunner@7bbc8656</td></tr>
<tr>
<td title='parallel.TestRunner.runScenario()'><b>runScenario</b><br>Test class: parallel.TestRunner<br>Test method: Runs Cucumber Scenarios<br>Parameters: "The user is able to run code in tryEditor for Implementation in Python Page", "User tests the Tree page on the Ds algo application"</td>
<td></td>
<td>1</td>
<td>parallel.TestRunner@7bbc8656</td></tr>
<tr>
<td title='parallel.TestRunner.runScenario()'><b>runScenario</b><br>Test class: parallel.TestRunner<br>Test method: Runs Cucumber Scenarios<br>Parameters: "User navigated to "Introduction" page", "Testing LinkedList page"</td>
<td></td>
<td>1</td>
<td>parallel.TestRunner@7bbc8656</td></tr>
<tr>
<td title='parallel.TestRunner.runScenario()'><b>runScenario</b><br>Test class: parallel.TestRunner<br>Test method: Runs Cucumber Scenarios<br>Parameters: "The user is able to get the error message for invalid syntax for Binary Search Trees Page", "User tests the Tree page on the Ds algo application"</td>
<td></td>
<td>1</td>
<td>parallel.TestRunner@7bbc8656</td></tr>
<tr>
<td title='parallel.TestRunner.runScenario()'><b>runScenario</b><br>Test class: parallel.TestRunner<br>Test method: Runs Cucumber Scenarios<br>Parameters: "The user is presented with error message for invalid code in Editor for Implementation using collections page", "User to sign in the dsalgo application and test Queue page"</td>
<td></td>
<td>1</td>
<td>parallel.TestRunner@7bbc8656</td></tr>
<tr>
<td title='parallel.TestRunner.runScenario()'><b>runScenario</b><br>Test class: parallel.TestRunner<br>Test method: Runs Cucumber Scenarios<br>Parameters: "User on login page and login with invalid and valid inputs from Excel "Sheet1" and 3", "Validating Login page"</td>
<td></td>
<td>0</td>
<td>parallel.TestRunner@7bbc8656</td></tr>
<tr>
<td title='parallel.TestRunner.runScenario()'><b>runScenario</b><br>Test class: parallel.TestRunner<br>Test method: Runs Cucumber Scenarios<br>Parameters: "The user is presented with error message for empty fields below Password textbox", "Validating Register page"</td>
<td></td>
<td>0</td>
<td>parallel.TestRunner@7bbc8656</td></tr>
<tr>
<td title='parallel.TestRunner.runScenario()'><b>runScenario</b><br>Test class: parallel.TestRunner<br>Test method: Runs Cucumber Scenarios<br>Parameters: "User navigated to "Types of linked list" page", "Testing LinkedList page"</td>
<td></td>
<td>1</td>
<td>parallel.TestRunner@7bbc8656</td></tr>
<tr>
<td title='parallel.TestRunner.runScenario()'><b>runScenario</b><br>Test class: parallel.TestRunner<br>Test method: Runs Cucumber Scenarios<br>Parameters: "The user should be directed to editor page with run button to test python code", "User launch dsalgo application and test Graph page"</td>
<td></td>
<td>1</td>
<td>parallel.TestRunner@7bbc8656</td></tr>
<tr>
<td title='parallel.TestRunner.runScenario()'><b>runScenario</b><br>Test class: parallel.TestRunner<br>Test method: Runs Cucumber Scenarios<br>Parameters: "User on login page and login with invalid and valid inputs from Excel "Sheet1" and 2", "Validating Login page"</td>
<td></td>
<td>0</td>
<td>parallel.TestRunner@7bbc8656</td></tr>
<tr>
<td title='parallel.TestRunner.runScenario()'><b>runScenario</b><br>Test class: parallel.TestRunner<br>Test method: Runs Cucumber Scenarios<br>Parameters: "The user is presented with error message for code with invalid syntax in tryEditor for Basic Operations in Lists page", "User launch dsalgo application and test Array page"</td>
<td></td>
<td>1</td>
<td>parallel.TestRunner@7bbc8656</td></tr>
<tr>
<td title='parallel.TestRunner.runScenario()'><b>runScenario</b><br>Test class: parallel.TestRunner<br>Test method: Runs Cucumber Scenarios<br>Parameters: "The user is able to navigate to Implementation of Binary Trees Page", "User tests the Tree page on the Ds algo application"</td>
<td></td>
<td>1</td>
<td>parallel.TestRunner@7bbc8656</td></tr>
<tr>
<td title='parallel.TestRunner.runScenario()'><b>runScenario</b><br>Test class: parallel.TestRunner<br>Test method: Runs Cucumber Scenarios<br>Parameters: "The user is able to navigate to Practice page", "User launch dsalgo application and test Array page"</td>
<td></td>
<td>1</td>
<td>parallel.TestRunner@7bbc8656</td></tr>
<tr>
<td title='parallel.TestRunner.runScenario()'><b>runScenario</b><br>Test class: parallel.TestRunner<br>Test method: Runs Cucumber Scenarios<br>Parameters: "User navigated to tryEditor page with Run button from Implement Linked List in Python page", "Testing LinkedList page"</td>
<td></td>
<td>1</td>
<td>parallel.TestRunner@7bbc8656</td></tr>
<tr>
<td title='parallel.TestRunner.runScenario()'><b>runScenario</b><br>Test class: parallel.TestRunner<br>Test method: Runs Cucumber Scenarios<br>Parameters: "The user is able to run code in Editor for Queue Operations page", "User to sign in the dsalgo application and test Queue page"</td>
<td></td>
<td>1</td>
<td>parallel.TestRunner@7bbc8656</td></tr>
<tr>
<td title='parallel.TestRunner.runScenario()'><b>runScenario</b><br>Test class: parallel.TestRunner<br>Test method: Runs Cucumber Scenarios<br>Parameters: "The user is able to get the error message for invalid syntax for Applications of Binary trees Page", "User tests the Tree page on the Ds algo application"</td>
<td></td>
<td>1</td>
<td>parallel.TestRunner@7bbc8656</td></tr>
<tr>
<td title='parallel.TestRunner.runScenario()'><b>runScenario</b><br>Test class: parallel.TestRunner<br>Test method: Runs Cucumber Scenarios<br>Parameters: "The user run the code in tryEditor with valid input for Implement Linked List in Python page", "Testing LinkedList page"</td>
<td></td>
<td>1</td>
<td>parallel.TestRunner@7bbc8656</td></tr>
<tr>
<td title='parallel.TestRunner.runScenario()'><b>runScenario</b><br>Test class: parallel.TestRunner<br>Test method: Runs Cucumber Scenarios<br>Parameters: "The user is able to navigate to "Terminologies" Page", "User tests the Tree page on the Ds algo application"</td>
<td></td>
<td>1</td>
<td>parallel.TestRunner@7bbc8656</td></tr>
<tr>
<td title='parallel.TestRunner.runScenario()'><b>runScenario</b><br>Test class: parallel.TestRunner<br>Test method: Runs Cucumber Scenarios<br>Parameters: "The user is able to navigate to QueueOp page and click on Practice Questions", "User to sign in the dsalgo application and test Queue page"</td>
<td></td>
<td>1</td>
<td>parallel.TestRunner@7bbc8656</td></tr>
<tr>
<td title='parallel.TestRunner.runScenario()'><b>runScenario</b><br>Test class: parallel.TestRunner<br>Test method: Runs Cucumber Scenarios<br>Parameters: "User launch home page of an dsalgo project", "User launch dsalgo application and test Home page"</td>
<td></td>
<td>0</td>
<td>parallel.TestRunner@7bbc8656</td></tr>
<tr>
<td title='parallel.TestRunner.runScenario()'><b>runScenario</b><br>Test class: parallel.TestRunner<br>Test method: Runs Cucumber Scenarios<br>Parameters: "The user is able to run code in Editor for Implementation using array page", "User to sign in the dsalgo application and test Queue page"</td>
<td></td>
<td>1</td>
<td>parallel.TestRunner@7bbc8656</td></tr>
<tr>
<td title='parallel.TestRunner.runScenario()'><b>runScenario</b><br>Test class: parallel.TestRunner<br>Test method: Runs Cucumber Scenarios<br>Parameters: "The user is presented with error message for code with invalid syntax in tryEditor for Applications of Array page", "User launch dsalgo application and test Array page"</td>
<td></td>
<td>1</td>
<td>parallel.TestRunner@7bbc8656</td></tr>
<tr>
<td title='parallel.TestRunner.runScenario()'><b>runScenario</b><br>Test class: parallel.TestRunner<br>Test method: Runs Cucumber Scenarios<br>Parameters: "user navigated to "Traversal" page", "Testing LinkedList page"</td>
<td></td>
<td>1</td>
<td>parallel.TestRunner@7bbc8656</td></tr>
<tr>
<td title='parallel.TestRunner.runScenario()'><b>runScenario</b><br>Test class: parallel.TestRunner<br>Test method: Runs Cucumber Scenarios<br>Parameters: "The user is able to run code in tryEditor for stack Implementation page", "User tests the stack page on the Ds algo application"</td>
<td></td>
<td>1</td>
<td>parallel.TestRunner@7bbc8656</td></tr>
<tr>
<td title='parallel.TestRunner.runScenario()'><b>runScenario</b><br>Test class: parallel.TestRunner<br>Test method: Runs Cucumber Scenarios<br>Parameters: "The user should be directed to editor page with run button to test python code from Queue Operations page", "User to sign in the dsalgo application and test Queue page"</td>
<td></td>
<td>1</td>
<td>parallel.TestRunner@7bbc8656</td></tr>
<tr>
<td title='parallel.TestRunner.runScenario()'><b>runScenario</b><br>Test class: parallel.TestRunner<br>Test method: Runs Cucumber Scenarios<br>Parameters: "The user getting error message with invalid python code for Creating a Linked List page", "Testing LinkedList page"</td>
<td></td>
<td>1</td>
<td>parallel.TestRunner@7bbc8656</td></tr>
<tr>
<td title='parallel.TestRunner.runScenario()'><b>runScenario</b><br>Test class: parallel.TestRunner<br>Test method: Runs Cucumber Scenarios<br>Parameters: "The user validating "Practice Questions" page", "User tests the Tree page on the Ds algo application"</td>
<td></td>
<td>1</td>
<td>parallel.TestRunner@7bbc8656</td></tr>
<tr>
<td title='parallel.TestRunner.runScenario()'><b>runScenario</b><br>Test class: parallel.TestRunner<br>Test method: Runs Cucumber Scenarios<br>Parameters: "The user is able to get the error message for invalid syntax for Traversals-Illustration Page", "User tests the Tree page on the Ds algo application"</td>
<td></td>
<td>1</td>
<td>parallel.TestRunner@7bbc8656</td></tr>
<tr>
<td title='parallel.TestRunner.runScenario()'><b>runScenario</b><br>Test class: parallel.TestRunner<br>Test method: Runs Cucumber Scenarios<br>Parameters: "The user is directed to "Tree" Page", "User tests the Tree page on the Ds algo application"</td>
<td></td>
<td>1</td>
<td>parallel.TestRunner@7bbc8656</td></tr>
<tr>
<td title='parallel.TestRunner.runScenario()'><b>runScenario</b><br>Test class: parallel.TestRunner<br>Test method: Runs Cucumber Scenarios<br>Parameters: "The user is able to navigate to a page having an tryEditor from Overview of Trees page", "User tests the Tree page on the Ds algo application"</td>
<td></td>
<td>1</td>
<td>parallel.TestRunner@7bbc8656</td></tr>
<tr>
<td title='parallel.TestRunner.runScenario()'><b>runScenario</b><br>Test class: parallel.TestRunner<br>Test method: Runs Cucumber Scenarios<br>Parameters: "The user is able to navigate to Basic Operations in Lists page", "User launch dsalgo application and test Array page"</td>
<td></td>
<td>1</td>
<td>parallel.TestRunner@7bbc8656</td></tr>
<tr>
<td title='parallel.TestRunner.runScenario()'><b>runScenario</b><br>Test class: parallel.TestRunner<br>Test method: Runs Cucumber Scenarios<br>Parameters: "The user is presented with error message for code with invalid syntax in tryEditor for Arrays in Python page", "User launch dsalgo application and test Array page"</td>
<td></td>
<td>1</td>
<td>parallel.TestRunner@7bbc8656</td></tr>
<tr>
<td title='parallel.TestRunner.runScenario()'><b>runScenario</b><br>Test class: parallel.TestRunner<br>Test method: Runs Cucumber Scenarios<br>Parameters: "User navigated to tryEditor page with Run button from Types of Linked List", "Testing LinkedList page"</td>
<td></td>
<td>1</td>
<td>parallel.TestRunner@7bbc8656</td></tr>
<tr>
<td title='parallel.TestRunner.runScenario()'><b>runScenario</b><br>Test class: parallel.TestRunner<br>Test method: Runs Cucumber Scenarios<br>Parameters: "User on login page and login with invalid inputs "user" and """, "Validating Login page"</td>
<td></td>
<td>0</td>
<td>parallel.TestRunner@7bbc8656</td></tr>
<tr>
<td title='parallel.TestRunner.runScenario()'><b>runScenario</b><br>Test class: parallel.TestRunner<br>Test method: Runs Cucumber Scenarios<br>Parameters: "The user is able to navigate to Graph Data Structure Page", "User launch dsalgo application and test Graph page"</td>
<td></td>
<td>1</td>
<td>parallel.TestRunner@7bbc8656</td></tr>
<tr>
<td title='parallel.TestRunner.runScenario()'><b>runScenario</b><br>Test class: parallel.TestRunner<br>Test method: Runs Cucumber Scenarios<br>Parameters: "The user is able run code in tryEditor for Arrays Using List page", "User launch dsalgo application and test Array page"</td>
<td></td>
<td>1</td>
<td>parallel.TestRunner@7bbc8656</td></tr>
<tr>
<td title='parallel.TestRunner.runScenario()'><b>runScenario</b><br>Test class: parallel.TestRunner<br>Test method: Runs Cucumber Scenarios<br>Parameters: "The user should be directed to editor page with run button to test python code", "User to sign in the dsalgo application and test Queue page"</td>
<td></td>
<td>1</td>
<td>parallel.TestRunner@7bbc8656</td></tr>
<tr>
<td title='parallel.TestRunner.runScenario()'><b>runScenario</b><br>Test class: parallel.TestRunner<br>Test method: Runs Cucumber Scenarios<br>Parameters: "The user is able run code in Editor for Implementation using collections page", "User to sign in the dsalgo application and test Queue page"</td>
<td></td>
<td>1</td>
<td>parallel.TestRunner@7bbc8656</td></tr>
<tr>
<td title='parallel.TestRunner.runScenario()'><b>runScenario</b><br>Test class: parallel.TestRunner<br>Test method: Runs Cucumber Scenarios<br>Parameters: "The user is able to navigate to Applications of Array page", "User launch dsalgo application and test Array page"</td>
<td></td>
<td>1</td>
<td>parallel.TestRunner@7bbc8656</td></tr>
<tr>
<td title='parallel.TestRunner.runScenario()'><b>runScenario</b><br>Test class: parallel.TestRunner<br>Test method: Runs Cucumber Scenarios<br>Parameters: "The user is able to navigate to a page having an tryEditor for Arrays Using List page", "User launch dsalgo application and test Array page"</td>
<td></td>
<td>1</td>
<td>parallel.TestRunner@7bbc8656</td></tr>
<tr>
<td title='parallel.TestRunner.runScenario()'><b>runScenario</b><br>Test class: parallel.TestRunner<br>Test method: Runs Cucumber Scenarios<br>Parameters: "The user is able to run code in tryEditor for Implementation Of BST Page", "User tests the Tree page on the Ds algo application"</td>
<td></td>
<td>1</td>
<td>parallel.TestRunner@7bbc8656</td></tr>
<tr>
<td title='parallel.TestRunner.runScenario()'><b>runScenario</b><br>Test class: parallel.TestRunner<br>Test method: Runs Cucumber Scenarios<br>Parameters: "The user getting error message with invalid python code for Types of Linked List", "Testing LinkedList page"</td>
<td></td>
<td>1</td>
<td>parallel.TestRunner@7bbc8656</td></tr>
<tr>
<td title='parallel.TestRunner.runScenario()'><b>runScenario</b><br>Test class: parallel.TestRunner<br>Test method: Runs Cucumber Scenarios<br>Parameters: "The user run the code in tryEditor with valid input for Insertion page", "Testing LinkedList page"</td>
<td></td>
<td>1</td>
<td>parallel.TestRunner@7bbc8656</td></tr>
<tr>
<td title='parallel.TestRunner.runScenario()'><b>runScenario</b><br>Test class: parallel.TestRunner<br>Test method: Runs Cucumber Scenarios<br>Parameters: "The user run the code in tryEditor with valid input for Creating a Linked List page", "Testing LinkedList page"</td>
<td></td>
<td>1</td>
<td>parallel.TestRunner@7bbc8656</td></tr>
<tr>
<td title='parallel.TestRunner.runScenario()'><b>runScenario</b><br>Test class: parallel.TestRunner<br>Test method: Runs Cucumber Scenarios<br>Parameters: "The user is able to navigate to a page having an tryEditor from Binary Search Trees Page", "User tests the Tree page on the Ds algo application"</td>
<td></td>
<td>1</td>
<td>parallel.TestRunner@7bbc8656</td></tr>
<tr>
<td title='parallel.TestRunner.runScenario()'><b>runScenario</b><br>Test class: parallel.TestRunner<br>Test method: Runs Cucumber Scenarios<br>Parameters: "The user is able to navigate to Applications of Binary Trees Page", "User tests the Tree page on the Ds algo application"</td>
<td></td>
<td>1</td>
<td>parallel.TestRunner@7bbc8656</td></tr>
<tr>
<td title='parallel.TestRunner.runScenario()'><b>runScenario</b><br>Test class: parallel.TestRunner<br>Test method: Runs Cucumber Scenarios<br>Parameters: "The user is able to navigate to a page having an tryEditor from Implementation of Binary Trees Page", "User tests the Tree page on the Ds algo application"</td>
<td></td>
<td>1</td>
<td>parallel.TestRunner@7bbc8656</td></tr>
<tr>
<td title='parallel.TestRunner.runScenario()'><b>runScenario</b><br>Test class: parallel.TestRunner<br>Test method: Runs Cucumber Scenarios<br>Parameters: "The user is able to navigate to "Binary Search Trees" Page", "User tests the Tree page on the Ds algo application"</td>
<td></td>
<td>1</td>
<td>parallel.TestRunner@7bbc8656</td></tr>
<tr>
<td title='parallel.TestRunner.runScenario()'><b>runScenario</b><br>Test class: parallel.TestRunner<br>Test method: Runs Cucumber Scenarios<br>Parameters: "The user is able to run code in tryEditor for Traversals-Illustration Page", "User tests the Tree page on the Ds algo application"</td>
<td></td>
<td>1</td>
<td>parallel.TestRunner@7bbc8656</td></tr>
<tr>
<td title='parallel.TestRunner.runScenario()'><b>runScenario</b><br>Test class: parallel.TestRunner<br>Test method: Runs Cucumber Scenarios<br>Parameters: "The user is able to get the error message for invalid syntax for Terminologies page", "User tests the Tree page on the Ds algo application"</td>
<td></td>
<td>1</td>
<td>parallel.TestRunner@7bbc8656</td></tr>
<tr>
<td title='parallel.TestRunner.runScenario()'><b>runScenario</b><br>Test class: parallel.TestRunner<br>Test method: Runs Cucumber Scenarios<br>Parameters: "User on login page and login with invalid inputs "" and """, "Validating Login page"</td>
<td></td>
<td>0</td>
<td>parallel.TestRunner@7bbc8656</td></tr>
<tr>
<td title='parallel.TestRunner.runScenario()'><b>runScenario</b><br>Test class: parallel.TestRunner<br>Test method: Runs Cucumber Scenarios<br>Parameters: "The user is able to get the error message for invalid syntax for Operations in Stack page", "User tests the stack page on the Ds algo application"</td>
<td></td>
<td>1</td>
<td>parallel.TestRunner@7bbc8656</td></tr>
<tr>
<td title='parallel.TestRunner.runScenario()'><b>runScenario</b><br>Test class: parallel.TestRunner<br>Test method: Runs Cucumber Scenarios<br>Parameters: "The user is able run code in tryEditor for Arrays in Python page", "User launch dsalgo application and test Array page"</td>
<td></td>
<td>2</td>
<td>parallel.TestRunner@7bbc8656</td></tr>
<tr>
<td title='parallel.TestRunner.runScenario()'><b>runScenario</b><br>Test class: parallel.TestRunner<br>Test method: Runs Cucumber Scenarios<br>Parameters: "The user is presented with error message for code with invalid syntax in tryEditor for Find Numbers with Even Number of Digits", "User launch dsalgo application and test Array page"</td>
<td></td>
<td>1</td>
<td>parallel.TestRunner@7bbc8656</td></tr>
<tr>
<td title='parallel.TestRunner.runScenario()'><b>runScenario</b><br>Test class: parallel.TestRunner<br>Test method: Runs Cucumber Scenarios<br>Parameters: "The user validating "Practice Questions" page", "Testing LinkedList page"</td>
<td></td>
<td>1</td>
<td>parallel.TestRunner@7bbc8656</td></tr>
<tr>
<td title='parallel.TestRunner.runScenario()'><b>runScenario</b><br>Test class: parallel.TestRunner<br>Test method: Runs Cucumber Scenarios<br>Parameters: "The user is able to run code in tryEditor for stack Applications page", "User tests the stack page on the Ds algo application"</td>
<td></td>
<td>1</td>
<td>parallel.TestRunner@7bbc8656</td></tr>
<tr>
<td title='parallel.TestRunner.runScenario()'><b>runScenario</b><br>Test class: parallel.TestRunner<br>Test method: Runs Cucumber Scenarios<br>Parameters: "The user is able to run code in Editor for Graph Representations page", "User launch dsalgo application and test Graph page"</td>
<td></td>
<td>1</td>
<td>parallel.TestRunner@7bbc8656</td></tr>
<tr>
<td title='parallel.TestRunner.runScenario()'><b>runScenario</b><br>Test class: parallel.TestRunner<br>Test method: Runs Cucumber Scenarios<br>Parameters: "User navigated to tryEditor page with Run button from Introduction page", "Testing LinkedList page"</td>
<td></td>
<td>1</td>
<td>parallel.TestRunner@7bbc8656</td></tr>
<tr>
<td title='parallel.TestRunner.runScenario()'><b>runScenario</b><br>Test class: parallel.TestRunner<br>Test method: Runs Cucumber Scenarios<br>Parameters: "The user is presented with error message for password mismatch", "Validating Register page"</td>
<td></td>
<td>0</td>
<td>parallel.TestRunner@7bbc8656</td></tr>
<tr>
<td title='parallel.TestRunner.runScenario()'><b>runScenario</b><br>Test class: parallel.TestRunner<br>Test method: Runs Cucumber Scenarios<br>Parameters: "The user is able to run code in tryEditor for Implementation of Binary Trees Page", "User tests the Tree page on the Ds algo application"</td>
<td></td>
<td>1</td>
<td>parallel.TestRunner@7bbc8656</td></tr>
<tr>
<td title='parallel.TestRunner.runScenario()'><b>runScenario</b><br>Test class: parallel.TestRunner<br>Test method: Runs Cucumber Scenarios<br>Parameters: "The user getting error message with invalid python code for Insertion page", "Testing LinkedList page"</td>
<td></td>
<td>1</td>
<td>parallel.TestRunner@7bbc8656</td></tr>
<tr>
<td title='parallel.TestRunner.runScenario()'><b>runScenario</b><br>Test class: parallel.TestRunner<br>Test method: Runs Cucumber Scenarios<br>Parameters: "The user is able to get the error message for invalid syntax for stack Implementation page", "User tests the stack page on the Ds algo application"</td>
<td></td>
<td>1</td>
<td>parallel.TestRunner@7bbc8656</td></tr>
<tr>
<td title='parallel.TestRunner.runScenario()'><b>runScenario</b><br>Test class: parallel.TestRunner<br>Test method: Runs Cucumber Scenarios<br>Parameters: "The user is able to navigate to queue page and click on Queue Operations link", "User to sign in the dsalgo application and test Queue page"</td>
<td></td>
<td>1</td>
<td>parallel.TestRunner@7bbc8656</td></tr>
<tr>
<td title='parallel.TestRunner.runScenario()'><b>runScenario</b><br>Test class: parallel.TestRunner<br>Test method: Runs Cucumber Scenarios<br>Parameters: "The user run the code in tryEditor with valid input for Types of Linked List", "Testing LinkedList page"</td>
<td></td>
<td>1</td>
<td>parallel.TestRunner@7bbc8656</td></tr>
<tr>
<td title='parallel.TestRunner.runScenario()'><b>runScenario</b><br>Test class: parallel.TestRunner<br>Test method: Runs Cucumber Scenarios<br>Parameters: "The user is able to navigate to binary tree traversals Page", "User tests the Tree page on the Ds algo application"</td>
<td></td>
<td>1</td>
<td>parallel.TestRunner@7bbc8656</td></tr>
<tr>
<td title='parallel.TestRunner.runScenario()'><b>runScenario</b><br>Test class: parallel.TestRunner<br>Test method: Runs Cucumber Scenarios<br>Parameters: "The user is able to get the error message for invalid syntax for Binary Trees Page", "User tests the Tree page on the Ds algo application"</td>
<td></td>
<td>1</td>
<td>parallel.TestRunner@7bbc8656</td></tr>
<tr>
<td title='parallel.TestRunner.runScenario()'><b>runScenario</b><br>Test class: parallel.TestRunner<br>Test method: Runs Cucumber Scenarios<br>Parameters: "The user run the code in tryEditor with valid input for Deletion page", "Testing LinkedList page"</td>
<td></td>
<td>1</td>
<td>parallel.TestRunner@7bbc8656</td></tr>
<tr>
<td title='parallel.TestRunner.runScenario()'><b>runScenario</b><br>Test class: parallel.TestRunner<br>Test method: Runs Cucumber Scenarios<br>Parameters: "The user is able to run code in tryEditor for Terminologies page", "User tests the Tree page on the Ds algo application"</td>
<td></td>
<td>1</td>
<td>parallel.TestRunner@7bbc8656</td></tr>
<tr>
<td title='parallel.TestRunner.runScenario()'><b>runScenario</b><br>Test class: parallel.TestRunner<br>Test method: Runs Cucumber Scenarios<br>Parameters: "The user is presented with error message for empty fields below confirm Password textbox", "Validating Register page"</td>
<td></td>
<td>0</td>
<td>parallel.TestRunner@7bbc8656</td></tr>
<tr>
<td title='parallel.TestRunner.runScenario()'><b>runScenario</b><br>Test class: parallel.TestRunner<br>Test method: Runs Cucumber Scenarios<br>Parameters: "The user is able to navigate to Applications page having an tryEditor", "User tests the stack page on the Ds algo application"</td>
<td></td>
<td>1</td>
<td>parallel.TestRunner@7bbc8656</td></tr>
<tr>
<td title='parallel.TestRunner.runScenario()'><b>runScenario</b><br>Test class: parallel.TestRunner<br>Test method: Runs Cucumber Scenarios<br>Parameters: "The user run the code in tryEditor with valid input for Traversal page", "Testing LinkedList page"</td>
<td></td>
<td>1</td>
<td>parallel.TestRunner@7bbc8656</td></tr>
<tr>
<td title='parallel.TestRunner.runScenario()'><b>runScenario</b><br>Test class: parallel.TestRunner<br>Test method: Runs Cucumber Scenarios<br>Parameters: "The user is able to navigate to a page having an tryEditor from Binary Tree Traversals page", "User tests the Tree page on the Ds algo application"</td>
<td></td>
<td>1</td>
<td>parallel.TestRunner@7bbc8656</td></tr>
<tr>
<td title='parallel.TestRunner.runScenario()'><b>runScenario</b><br>Test class: parallel.TestRunner<br>Test method: Runs Cucumber Scenarios<br>Parameters: "The user is able to navigate to graph page and click on Graph Representations link", "User launch dsalgo application and test Graph page"</td>
<td></td>
<td>1</td>
<td>parallel.TestRunner@7bbc8656</td></tr>
<tr>
<td title='parallel.TestRunner.runScenario()'><b>runScenario</b><br>Test class: parallel.TestRunner<br>Test method: Runs Cucumber Scenarios<br>Parameters: "The user is directed to "Stack" Page", "User tests the stack page on the Ds algo application"</td>
<td></td>
<td>1</td>
<td>parallel.TestRunner@7bbc8656</td></tr>
<tr>
<td title='parallel.TestRunner.runScenario()'><b>runScenario</b><br>Test class: parallel.TestRunner<br>Test method: Runs Cucumber Scenarios<br>Parameters: "The user is able to navigate to Data Structure introduction page", "User launch dsalgo application and test Data Structure introduction page"</td>
<td></td>
<td>1</td>
<td>parallel.TestRunner@7bbc8656</td></tr>
<tr>
<td title='parallel.TestRunner.runScenario()'><b>runScenario</b><br>Test class: parallel.TestRunner<br>Test method: Runs Cucumber Scenarios<br>Parameters: "The user is able to navigate to Graph page", "User launch dsalgo application and test Graph page"</td>
<td></td>
<td>1</td>
<td>parallel.TestRunner@7bbc8656</td></tr>
<tr>
<td title='parallel.TestRunner.runScenario()'><b>runScenario</b><br>Test class: parallel.TestRunner<br>Test method: Runs Cucumber Scenarios<br>Parameters: "The user is able to navigate to "Applications" in stack Page", "User tests the stack page on the Ds algo application"</td>
<td></td>
<td>1</td>
<td>parallel.TestRunner@7bbc8656</td></tr>
<tr>
<td title='parallel.TestRunner.runScenario()'><b>runScenario</b><br>Test class: parallel.TestRunner<br>Test method: Runs Cucumber Scenarios<br>Parameters: "The user is able to navigate to "Traversals illustration" Page", "User tests the Tree page on the Ds algo application"</td>
<td></td>
<td>1</td>
<td>parallel.TestRunner@7bbc8656</td></tr>
<tr>
<td title='parallel.TestRunner.runScenario()'><b>runScenario</b><br>Test class: parallel.TestRunner<br>Test method: Runs Cucumber Scenarios<br>Parameters: "The user is able to navigate to "Implementation" Page", "User tests the stack page on the Ds algo application"</td>
<td></td>
<td>1</td>
<td>parallel.TestRunner@7bbc8656</td></tr>
<tr>
<td title='parallel.TestRunner.runScenario()'><b>runScenario</b><br>Test class: parallel.TestRunner<br>Test method: Runs Cucumber Scenarios<br>Parameters: "User navigated to "linked list" page", "Testing LinkedList page"</td>
<td></td>
<td>1</td>
<td>parallel.TestRunner@7bbc8656</td></tr>
<tr>
<td title='parallel.TestRunner.runScenario()'><b>runScenario</b><br>Test class: parallel.TestRunner<br>Test method: Runs Cucumber Scenarios<br>Parameters: "The user is able run code in Editor for Implementation of queue page", "User to sign in the dsalgo application and test Queue page"</td>
<td></td>
<td>1</td>
<td>parallel.TestRunner@7bbc8656</td></tr>
<tr>
<td title='parallel.TestRunner.runScenario()'><b>runScenario</b><br>Test class: parallel.TestRunner<br>Test method: Runs Cucumber Scenarios<br>Parameters: "The user is able to run code in tryEditor for Tree Traversals Page", "User tests the Tree page on the Ds algo application"</td>
<td></td>
<td>1</td>
<td>parallel.TestRunner@7bbc8656</td></tr>
<tr>
<td title='parallel.TestRunner.runScenario()'><b>runScenario</b><br>Test class: parallel.TestRunner<br>Test method: Runs Cucumber Scenarios<br>Parameters: "User launch home page of an dsalgo project", "Validating Register page"</td>
<td></td>
<td>0</td>
<td>parallel.TestRunner@7bbc8656</td></tr>
<tr>
<td title='parallel.TestRunner.runScenario()'><b>runScenario</b><br>Test class: parallel.TestRunner<br>Test method: Runs Cucumber Scenarios<br>Parameters: "The user is able to navigate to "Tree Traversals" Page", "User tests the Tree page on the Ds algo application"</td>
<td></td>
<td>1</td>
<td>parallel.TestRunner@7bbc8656</td></tr>
<tr>
<td title='parallel.TestRunner.runScenario()'><b>runScenario</b><br>Test class: parallel.TestRunner<br>Test method: Runs Cucumber Scenarios<br>Parameters: "The user is able to get the error message for invalid syantax for Overview of Trees page", "User tests the Tree page on the Ds algo application"</td>
<td></td>
<td>1</td>
<td>parallel.TestRunner@7bbc8656</td></tr>
<tr>
<td title='parallel.TestRunner.runScenario()'><b>runScenario</b><br>Test class: parallel.TestRunner<br>Test method: Runs Cucumber Scenarios<br>Parameters: "The user is able to navigate to Question page from Search the array link", "User launch dsalgo application and test Array page"</td>
<td></td>
<td>1</td>
<td>parallel.TestRunner@7bbc8656</td></tr>
<tr>
<td title='parallel.TestRunner.runScenario()'><b>runScenario</b><br>Test class: parallel.TestRunner<br>Test method: Runs Cucumber Scenarios<br>Parameters: "The user is able to run code in tryEditor for Types of Binary Trees Page", "User tests the Tree page on the Ds algo application"</td>
<td></td>
<td>1</td>
<td>parallel.TestRunner@7bbc8656</td></tr>
<tr>
<td title='parallel.TestRunner.runScenario()'><b>runScenario</b><br>Test class: parallel.TestRunner<br>Test method: Runs Cucumber Scenarios<br>Parameters: "The user is able to navigate to Question page from Find Numbers with Even Number of Digits", "User launch dsalgo application and test Array page"</td>
<td></td>
<td>1</td>
<td>parallel.TestRunner@7bbc8656</td></tr>
<tr>
<td title='parallel.TestRunner.runScenario()'><b>runScenario</b><br>Test class: parallel.TestRunner<br>Test method: Runs Cucumber Scenarios<br>Parameters: "The user is able to navigate to Question page from Max Consecutive Ones", "User launch dsalgo application and test Array page"</td>
<td></td>
<td>1</td>
<td>parallel.TestRunner@7bbc8656</td></tr>
<tr>
<td title='parallel.TestRunner.runScenario()'><b>runScenario</b><br>Test class: parallel.TestRunner<br>Test method: Runs Cucumber Scenarios<br>Parameters: "The user is able to navigate to a page having an tryEditor from Operations in Stack page", "User tests the stack page on the Ds algo application"</td>
<td></td>
<td>1</td>
<td>parallel.TestRunner@7bbc8656</td></tr>
<tr>
<td title='parallel.TestRunner.runScenario()'><b>runScenario</b><br>Test class: parallel.TestRunner<br>Test method: Runs Cucumber Scenarios<br>Parameters: "The user is able to get the error message for invalid syntax for Implementation in Python Page", "User tests the Tree page on the Ds algo application"</td>
<td></td>
<td>1</td>
<td>parallel.TestRunner@7bbc8656</td></tr>
<tr>
<td title='parallel.TestRunner.runScenario()'><b>runScenario</b><br>Test class: parallel.TestRunner<br>Test method: Runs Cucumber Scenarios<br>Parameters: "User navigated to tryEditor page with Run button from Creating a Linked List page", "Testing LinkedList page"</td>
<td></td>
<td>1</td>
<td>parallel.TestRunner@7bbc8656</td></tr>
<tr>
<td title='parallel.TestRunner.runScenario()'><b>runScenario</b><br>Test class: parallel.TestRunner<br>Test method: Runs Cucumber Scenarios<br>Parameters: "The user is able to navigate to a page having an tryEditor from Types of Binary Trees Page", "User tests the Tree page on the Ds algo application"</td>
<td></td>
<td>1</td>
<td>parallel.TestRunner@7bbc8656</td></tr>
<tr>
<td title='parallel.TestRunner.runScenario()'><b>runScenario</b><br>Test class: parallel.TestRunner<br>Test method: Runs Cucumber Scenarios<br>Parameters: "The user is able to navigate to Implementation in Python Page", "User tests the Tree page on the Ds algo application"</td>
<td></td>
<td>1</td>
<td>parallel.TestRunner@7bbc8656</td></tr>
<tr>
<td title='parallel.TestRunner.runScenario()'><b>runScenario</b><br>Test class: parallel.TestRunner<br>Test method: Runs Cucumber Scenarios<br>Parameters: "The user is able to get the error message for invalid syntax for Types of Trees page", "User tests the Tree page on the Ds algo application"</td>
<td></td>
<td>1</td>
<td>parallel.TestRunner@7bbc8656</td></tr>
<tr>
<td title='parallel.TestRunner.runScenario()'><b>runScenario</b><br>Test class: parallel.TestRunner<br>Test method: Runs Cucumber Scenarios<br>Parameters: "User navigated to tryEditor page with Run button from Insertion page", "Testing LinkedList page"</td>
<td></td>
<td>1</td>
<td>parallel.TestRunner@7bbc8656</td></tr>
<tr>
<td title='parallel.TestRunner.runScenario()'><b>runScenario</b><br>Test class: parallel.TestRunner<br>Test method: Runs Cucumber Scenarios<br>Parameters: "The user is presented with error message for code with invalid syntax in tryEditor for Squares of a Sorted Array", "User launch dsalgo application and test Array page"</td>
<td></td>
<td>1</td>
<td>parallel.TestRunner@7bbc8656</td></tr>
<tr>
<td title='parallel.TestRunner.runScenario()'><b>runScenario</b><br>Test class: parallel.TestRunner<br>Test method: Runs Cucumber Scenarios<br>Parameters: "The user is presented with error message for invalid code in Editor for Graph page", "User launch dsalgo application and test Graph page"</td>
<td></td>
<td>1</td>
<td>parallel.TestRunner@7bbc8656</td></tr>
<tr>
<td title='parallel.TestRunner.runScenario()'><b>runScenario</b><br>Test class: parallel.TestRunner<br>Test method: Runs Cucumber Scenarios<br>Parameters: "The user is able to navigate to graph representations page and click on Practice Questions", "User launch dsalgo application and test Graph page"</td>
<td></td>
<td>1</td>
<td>parallel.TestRunner@7bbc8656</td></tr>
<tr>
<td title='parallel.TestRunner.runScenario()'><b>runScenario</b><br>Test class: parallel.TestRunner<br>Test method: Runs Cucumber Scenarios<br>Parameters: "The user is able to run code in tryEditor for Applications of Binary trees Page", "User tests the Tree page on the Ds algo application"</td>
<td></td>
<td>1</td>
<td>parallel.TestRunner@7bbc8656</td></tr>
<tr>
<td title='parallel.TestRunner.runScenario()'><b>runScenario</b><br>Test class: parallel.TestRunner<br>Test method: Runs Cucumber Scenarios<br>Parameters: "The user is able to navigate to Question page from Squares of a Sorted Array", "User launch dsalgo application and test Array page"</td>
<td></td>
<td>1</td>
<td>parallel.TestRunner@7bbc8656</td></tr>
<tr>
<td title='parallel.TestRunner.runScenario()'><b>runScenario</b><br>Test class: parallel.TestRunner<br>Test method: Runs Cucumber Scenarios<br>Parameters: "The user is able to navigate to Terminologies page having an tryEditor", "User tests the Tree page on the Ds algo application"</td>
<td></td>
<td>1</td>
<td>parallel.TestRunner@7bbc8656</td></tr>
<tr>
<td title='parallel.TestRunner.runScenario()'><b>runScenario</b><br>Test class: parallel.TestRunner<br>Test method: Runs Cucumber Scenarios<br>Parameters: "user navigated to "Insertion" page", "Testing LinkedList page"</td>
<td></td>
<td>1</td>
<td>parallel.TestRunner@7bbc8656</td></tr>
<tr>
<td title='parallel.TestRunner.runScenario()'><b>runScenario</b><br>Test class: parallel.TestRunner<br>Test method: Runs Cucumber Scenarios<br>Parameters: "The user is presented with error message for invalid code in Editor for Implementation of queue page", "User to sign in the dsalgo application and test Queue page"</td>
<td></td>
<td>1</td>
<td>parallel.TestRunner@7bbc8656</td></tr>
<tr>
<td title='parallel.TestRunner.runScenario()'><b>runScenario</b><br>Test class: parallel.TestRunner<br>Test method: Runs Cucumber Scenarios<br>Parameters: "The user is able to get the error message for invalid syntax for Implementation Of BST Page", "User tests the Tree page on the Ds algo application"</td>
<td></td>
<td>1</td>
<td>parallel.TestRunner@7bbc8656</td></tr>
<tr>
<td title='parallel.TestRunner.runScenario()'><b>runScenario</b><br>Test class: parallel.TestRunner<br>Test method: Runs Cucumber Scenarios<br>Parameters: "The user is able to get the error messagefor invalid syntax for stack Applications page", "User tests the stack page on the Ds algo application"</td>
<td></td>
<td>1</td>
<td>parallel.TestRunner@7bbc8656</td></tr>
<tr>
<td title='parallel.TestRunner.runScenario()'><b>runScenario</b><br>Test class: parallel.TestRunner<br>Test method: Runs Cucumber Scenarios<br>Parameters: "The user is able to navigate to a page having an tryEditor from Implementation in Python Page", "User tests the Tree page on the Ds algo application"</td>
<td></td>
<td>1</td>
<td>parallel.TestRunner@7bbc8656</td></tr>
<tr>
<td title='parallel.TestRunner.runScenario()'><b>runScenario</b><br>Test class: parallel.TestRunner<br>Test method: Runs Cucumber Scenarios<br>Parameters: "The user is able to navigate to a page having an tryEditor from Arrays in Python page", "User launch dsalgo application and test Array page"</td>
<td></td>
<td>1</td>
<td>parallel.TestRunner@7bbc8656</td></tr>
<tr>
<td title='parallel.TestRunner.runScenario()'><b>runScenario</b><br>Test class: parallel.TestRunner<br>Test method: Runs Cucumber Scenarios<br>Parameters: "User on signin page and login with valid credentials", "Validating Register page"</td>
<td></td>
<td>0</td>
<td>parallel.TestRunner@7bbc8656</td></tr>
<tr>
<td title='parallel.TestRunner.runScenario()'><b>runScenario</b><br>Test class: parallel.TestRunner<br>Test method: Runs Cucumber Scenarios<br>Parameters: "User navigated to "creating linked list" page", "Testing LinkedList page"</td>
<td></td>
<td>1</td>
<td>parallel.TestRunner@7bbc8656</td></tr>
<tr>
<td title='parallel.TestRunner.runScenario()'><b>runScenario</b><br>Test class: parallel.TestRunner<br>Test method: Runs Cucumber Scenarios<br>Parameters: "The user is able to navigate to a page having an tryEditor from Applications of Binary trees Page", "User tests the Tree page on the Ds algo application"</td>
<td></td>
<td>1</td>
<td>parallel.TestRunner@7bbc8656</td></tr>
<tr>
<td title='parallel.TestRunner.runScenario()'><b>runScenario</b><br>Test class: parallel.TestRunner<br>Test method: Runs Cucumber Scenarios<br>Parameters: "The user is able to navigate to "ARRAY" Data Structure Page", "User launch dsalgo application and test Array page"</td>
<td></td>
<td>1</td>
<td>parallel.TestRunner@7bbc8656</td></tr>
<tr>
<td title='parallel.TestRunner.runScenario()'><b>runScenario</b><br>Test class: parallel.TestRunner<br>Test method: Runs Cucumber Scenarios<br>Parameters: "The user is presented with error message for code with invalid syntax in tryEditor for Search the array link", "User launch dsalgo application and test Array page"</td>
<td></td>
<td>1</td>
<td>parallel.TestRunner@7bbc8656</td></tr>
<tr>
<td title='parallel.TestRunner.runScenario()'><b>runScenario</b><br>Test class: parallel.TestRunner<br>Test method: Runs Cucumber Scenarios<br>Parameters: "user navigated to "Deletion" page", "Testing LinkedList page"</td>
<td></td>
<td>1</td>
<td>parallel.TestRunner@7bbc8656</td></tr>
<tr>
<td title='parallel.TestRunner.runScenario()'><b>runScenario</b><br>Test class: parallel.TestRunner<br>Test method: Runs Cucumber Scenarios<br>Parameters: "The user getting error message with invalid python code for Deletion page", "Testing LinkedList page"</td>
<td></td>
<td>1</td>
<td>parallel.TestRunner@7bbc8656</td></tr>
<tr>
<td title='parallel.TestRunner.runScenario()'><b>runScenario</b><br>Test class: parallel.TestRunner<br>Test method: Runs Cucumber Scenarios<br>Parameters: "User navigated to tryEditor page with Run button from Traversal page", "Testing LinkedList page"</td>
<td></td>
<td>1</td>
<td>parallel.TestRunner@7bbc8656</td></tr>
<tr>
<td title='parallel.TestRunner.runScenario()'><b>runScenario</b><br>Test class: parallel.TestRunner<br>Test method: Runs Cucumber Scenarios<br>Parameters: "The user is able run code in tryEditor for Applications of Array page", "User launch dsalgo application and test Array page"</td>
<td></td>
<td>1</td>
<td>parallel.TestRunner@7bbc8656</td></tr>
<tr>
<td title='parallel.TestRunner.runScenario()'><b>runScenario</b><br>Test class: parallel.TestRunner<br>Test method: Runs Cucumber Scenarios<br>Parameters: "The user is able to navigate to Arrays in Python page", "User launch dsalgo application and test Array page"</td>
<td></td>
<td>1</td>
<td>parallel.TestRunner@7bbc8656</td></tr>
<tr>
<td title='parallel.TestRunner.runScenario()'><b>runScenario</b><br>Test class: parallel.TestRunner<br>Test method: Runs Cucumber Scenarios<br>Parameters: "The user is able to navigate to Arrays Using List page", "User launch dsalgo application and test Array page"</td>
<td></td>
<td>1</td>
<td>parallel.TestRunner@7bbc8656</td></tr>
<tr>
<td title='parallel.TestRunner.runScenario()'><b>runScenario</b><br>Test class: parallel.TestRunner<br>Test method: Runs Cucumber Scenarios<br>Parameters: "The user is able to run code in tryEditor for Overview of Trees page", "User tests the Tree page on the Ds algo application"</td>
<td></td>
<td>1</td>
<td>parallel.TestRunner@7bbc8656</td></tr>
<tr>
<td title='parallel.TestRunner.runScenario()'><b>runScenario</b><br>Test class: parallel.TestRunner<br>Test method: Runs Cucumber Scenarios<br>Parameters: "The user is able to navigate to "Binary trees" Page", "User tests the Tree page on the Ds algo application"</td>
<td></td>
<td>1</td>
<td>parallel.TestRunner@7bbc8656</td></tr>
<tr>
<td title='parallel.TestRunner.runScenario()'><b>runScenario</b><br>Test class: parallel.TestRunner<br>Test method: Runs Cucumber Scenarios<br>Parameters: "The user is able to navigate to a page having an tryEditor f Basic Operations in Lists page", "User launch dsalgo application and test Array page"</td>
<td></td>
<td>1</td>
<td>parallel.TestRunner@7bbc8656</td></tr>
<tr>
<td title='parallel.TestRunner.runScenario()'><b>runScenario</b><br>Test class: parallel.TestRunner<br>Test method: Runs Cucumber Scenarios<br>Parameters: "The user is able to navigate to Implementation of Queue in Python link page", "User to sign in the dsalgo application and test Queue page"</td>
<td></td>
<td>1</td>
<td>parallel.TestRunner@7bbc8656</td></tr>
<tr>
<td title='parallel.TestRunner.runScenario()'><b>runScenario</b><br>Test class: parallel.TestRunner<br>Test method: Runs Cucumber Scenarios<br>Parameters: "User navigated to tryEditor page with Run button from Deletion page", "Testing LinkedList page"</td>
<td></td>
<td>1</td>
<td>parallel.TestRunner@7bbc8656</td></tr>
<tr>
<td title='parallel.TestRunner.runScenario()'><b>runScenario</b><br>Test class: parallel.TestRunner<br>Test method: Runs Cucumber Scenarios<br>Parameters: "The user is able to navigate to Implementation page having an tryEditor", "User tests the stack page on the Ds algo application"</td>
<td></td>
<td>1</td>
<td>parallel.TestRunner@7bbc8656</td></tr>
<tr>
<td title='parallel.TestRunner.runScenario()'><b>runScenario</b><br>Test class: parallel.TestRunner<br>Test method: Runs Cucumber Scenarios<br>Parameters: "The user is able to get the error message for invalid syntax for Binary Tree Traversals page", "User tests the Tree page on the Ds algo application"</td>
<td></td>
<td>1</td>
<td>parallel.TestRunner@7bbc8656</td></tr>
<tr>
<td title='parallel.TestRunner.runScenario()'><b>runScenario</b><br>Test class: parallel.TestRunner<br>Test method: Runs Cucumber Scenarios<br>Parameters: "The user is able run code in tryEditor for Basic Operations in Lists page", "User launch dsalgo application and test Array page"</td>
<td></td>
<td>1</td>
<td>parallel.TestRunner@7bbc8656</td></tr>
<tr>
<td title='parallel.TestRunner.runScenario()'><b>runScenario</b><br>Test class: parallel.TestRunner<br>Test method: Runs Cucumber Scenarios<br>Parameters: "The user is able to navigate to a page having an tryEditor from Types of Trees page", "User tests the Tree page on the Ds algo application"</td>
<td></td>
<td>1</td>
<td>parallel.TestRunner@7bbc8656</td></tr>
<tr>
<td title='parallel.TestRunner.runScenario()'><b>runScenario</b><br>Test class: parallel.TestRunner<br>Test method: Runs Cucumber Scenarios<br>Parameters: "Verifying Register link", "Validating Login page"</td>
<td></td>
<td>0</td>
<td>parallel.TestRunner@7bbc8656</td></tr>
<tr>
<td title='parallel.TestRunner.runScenario()'><b>runScenario</b><br>Test class: parallel.TestRunner<br>Test method: Runs Cucumber Scenarios<br>Parameters: "The user is able to navigate to Queue Data Structure Page", "User to sign in the dsalgo application and test Queue page"</td>
<td></td>
<td>1</td>
<td>parallel.TestRunner@7bbc8656</td></tr>
<tr>
<td title='parallel.TestRunner.runScenario()'><b>runScenario</b><br>Test class: parallel.TestRunner<br>Test method: Runs Cucumber Scenarios<br>Parameters: "The user is able to run code in tryEditor for Operations in Stack page", "User tests the stack page on the Ds algo application"</td>
<td></td>
<td>1</td>
<td>parallel.TestRunner@7bbc8656</td></tr>
<tr>
<td title='parallel.TestRunner.runScenario()'><b>runScenario</b><br>Test class: parallel.TestRunner<br>Test method: Runs Cucumber Scenarios<br>Parameters: "The user is able to navigate to queue page and click on Implementation using collections deque link", "User to sign in the dsalgo application and test Queue page"</td>
<td></td>
<td>1</td>
<td>parallel.TestRunner@7bbc8656</td></tr>
<tr>
<td title='parallel.TestRunner.runScenario()'><b>runScenario</b><br>Test class: parallel.TestRunner<br>Test method: Runs Cucumber Scenarios<br>Parameters: "The user should be directed to editor page with run button to test python code from Implementation using array page", "User to sign in the dsalgo application and test Queue page"</td>
<td></td>
<td>1</td>
<td>parallel.TestRunner@7bbc8656</td></tr>
<tr>
<td title='parallel.TestRunner.runScenario()'><b>runScenario</b><br>Test class: parallel.TestRunner<br>Test method: Runs Cucumber Scenarios<br>Parameters: "The user is able to run code in tryEditor for Binary Trees Page", "User tests the Tree page on the Ds algo application"</td>
<td></td>
<td>1</td>
<td>parallel.TestRunner@7bbc8656</td></tr>
<tr>
<td title='parallel.TestRunner.runScenario()'><b>runScenario</b><br>Test class: parallel.TestRunner<br>Test method: Runs Cucumber Scenarios<br>Parameters: "The user should be directed to editor page with run button to test python code from Implementation using collections page", "User to sign in the dsalgo application and test Queue page"</td>
<td></td>
<td>1</td>
<td>parallel.TestRunner@7bbc8656</td></tr>
<tr>
<td title='parallel.TestRunner.runScenario()'><b>runScenario</b><br>Test class: parallel.TestRunner<br>Test method: Runs Cucumber Scenarios<br>Parameters: "The user getting error message with invalid python code for Traversal page", "Testing LinkedList page"</td>
<td></td>
<td>1</td>
<td>parallel.TestRunner@7bbc8656</td></tr>
</table><p>
</body>
</html>