<!DOCTYPE html PUBLIC "-//W3C//DTD XHTML 1.1//EN" "https://www.w3.org/TR/xhtml11/DTD/xhtml11.dtd">
<html xmlns="https://www.w3.org/1999/xhtml">
<head>
<meta http-equiv="content-type" content="text/html; charset=UTF-8"/>
<title>TestNG Report</title>
<style type="text/css">table {margin-bottom:10px;border-collapse:collapse;empty-cells:show}th,td {border:1px solid #009;padding:.25em .5em}th {vertical-align:bottom}td {vertical-align:top}table a {font-weight:bold}.stripe td {background-color: #E6EBF9}.num {text-align:right}.passedodd td {background-color: #3F3}.passedeven td {background-color: #0A0}.skippedodd td {background-color: #DDD}.skippedeven td {background-color: #CCC}.failedodd td,.attn {background-color: #F33}.failedeven td,.stripe .attn {background-color: #D00}.stacktrace {white-space:pre;font-family:monospace}.totop {font-size:85%;text-align:center;border-bottom:2px solid #000}.invisible {display:none}</style>
</head>
<body>
<table>
<tr><th>Test</th><th># Passed</th><th># Skipped</th><th># Retried</th><th># Failed</th><th>Time (ms)</th><th>Included Groups</th><th>Excluded Groups</th></tr>
<tr><th colspan="8">Default suite</th></tr>
<tr><td><a href="#t0">Default test</a></td><td class="num">169</td><td class="num">0</td><td class="num">0</td><td class="num attn">32</td><td class="num">264,617</td><td></td><td></td></tr>
</table>
<table id='summary'><thead><tr><th>Class</th><th>Method</th><th>Start</th><th>Time (ms)</th></tr></thead><tbody><tr><th colspan="4">Default suite</th></tr></tbody><tbody id="t0"><tr><th colspan="4">Default test &#8212; failed</th></tr><tr class="failedeven"><td rowspan="32">parallel.TestRunner</td><td><a href="#m0">runScenario</a></td><td rowspan="32">1681598863500</td><td rowspan="32">681</td></tr><tr class="failedeven"><td><a href="#m1">runScenario</a></td></tr><tr class="failedeven"><td><a href="#m2">runScenario</a></td></tr><tr class="failedeven"><td><a href="#m3">runScenario</a></td></tr><tr class="failedeven"><td><a href="#m4">runScenario</a></td></tr><tr class="failedeven"><td><a href="#m5">runScenario</a></td></tr><tr class="failedeven"><td><a href="#m6">runScenario</a></td></tr><tr class="failedeven"><td><a href="#m7">runScenario</a></td></tr><tr class="failedeven"><td><a href="#m8">runScenario</a></td></tr><tr class="failedeven"><td><a href="#m9">runScenario</a></td></tr><tr class="failedeven"><td><a href="#m10">runScenario</a></td></tr><tr class="failedeven"><td><a href="#m11">runScenario</a></td></tr><tr class="failedeven"><td><a href="#m12">runScenario</a></td></tr><tr class="failedeven"><td><a href="#m13">runScenario</a></td></tr><tr class="failedeven"><td><a href="#m14">runScenario</a></td></tr><tr class="failedeven"><td><a href="#m15">runScenario</a></td></tr><tr class="failedeven"><td><a href="#m16">runScenario</a></td></tr><tr class="failedeven"><td><a href="#m17">runScenario</a></td></tr><tr class="failedeven"><td><a href="#m18">runScenario</a></td></tr><tr class="failedeven"><td><a href="#m19">runScenario</a></td></tr><tr class="failedeven"><td><a href="#m20">runScenario</a></td></tr><tr class="failedeven"><td><a href="#m21">runScenario</a></td></tr><tr class="failedeven"><td><a href="#m22">runScenario</a></td></tr><tr class="failedeven"><td><a href="#m23">runScenario</a></td></tr><tr class="failedeven"><td><a href="#m24">runScenario</a></td></tr><tr class="failedeven"><td><a href="#m25">runScenario</a></td></tr><tr class="failedeven"><td><a href="#m26">runScenario</a></td></tr><tr class="failedeven"><td><a href="#m27">runScenario</a></td></tr><tr class="failedeven"><td><a href="#m28">runScenario</a></td></tr><tr class="failedeven"><td><a href="#m29">runScenario</a></td></tr><tr class="failedeven"><td><a href="#m30">runScenario</a></td></tr><tr class="failedeven"><td><a href="#m31">runScenario</a></td></tr><tr><th colspan="4">Default test &#8212; passed</th></tr><tr class="passedeven"><td rowspan="169">parallel.TestRunner</td><td><a href="#m32">runScenario</a></td><td rowspan="169">1681598875396</td><td rowspan="169">1264</td></tr><tr class="passedeven"><td><a href="#m33">runScenario</a></td></tr><tr class="passedeven"><td><a href="#m34">runScenario</a></td></tr><tr class="passedeven"><td><a href="#m35">runScenario</a></td></tr><tr class="passedeven"><td><a href="#m36">runScenario</a></td></tr><tr class="passedeven"><td><a href="#m37">runScenario</a></td></tr><tr class="passedeven"><td><a href="#m38">runScenario</a></td></tr><tr class="passedeven"><td><a href="#m39">runScenario</a></td></tr><tr class="passedeven"><td><a href="#m40">runScenario</a></td></tr><tr class="passedeven"><td><a href="#m41">runScenario</a></td></tr><tr class="passedeven"><td><a href="#m42">runScenario</a></td></tr><tr class="passedeven"><td><a href="#m43">runScenario</a></td></tr><tr class="passedeven"><td><a href="#m44">runScenario</a></td></tr><tr class="passedeven"><td><a href="#m45">runScenario</a></td></tr><tr class="passedeven"><td><a href="#m46">runScenario</a></td></tr><tr class="passedeven"><td><a href="#m47">runScenario</a></td></tr><tr class="passedeven"><td><a href="#m48">runScenario</a></td></tr><tr class="passedeven"><td><a href="#m49">runScenario</a></td></tr><tr class="passedeven"><td><a href="#m50">runScenario</a></td></tr><tr class="passedeven"><td><a href="#m51">runScenario</a></td></tr><tr class="passedeven"><td><a href="#m52">runScenario</a></td></tr><tr class="passedeven"><td><a href="#m53">runScenario</a></td></tr><tr class="passedeven"><td><a href="#m54">runScenario</a></td></tr><tr class="passedeven"><td><a href="#m55">runScenario</a></td></tr><tr class="passedeven"><td><a href="#m56">runScenario</a></td></tr><tr class="passedeven"><td><a href="#m57">runScenario</a></td></tr><tr class="passedeven"><td><a href="#m58">runScenario</a></td></tr><tr class="passedeven"><td><a href="#m59">runScenario</a></td></tr><tr class="passedeven"><td><a href="#m60">runScenario</a></td></tr><tr class="passedeven"><td><a href="#m61">runScenario</a></td></tr><tr class="passedeven"><td><a href="#m62">runScenario</a></td></tr><tr class="passedeven"><td><a href="#m63">runScenario</a></td></tr><tr class="passedeven"><td><a href="#m64">runScenario</a></td></tr><tr class="passedeven"><td><a href="#m65">runScenario</a></td></tr><tr class="passedeven"><td><a href="#m66">runScenario</a></td></tr><tr class="passedeven"><td><a href="#m67">runScenario</a></td></tr><tr class="passedeven"><td><a href="#m68">runScenario</a></td></tr><tr class="passedeven"><td><a href="#m69">runScenario</a></td></tr><tr class="passedeven"><td><a href="#m70">runScenario</a></td></tr><tr class="passedeven"><td><a href="#m71">runScenario</a></td></tr><tr class="passedeven"><td><a href="#m72">runScenario</a></td></tr><tr class="passedeven"><td><a href="#m73">runScenario</a></td></tr><tr class="passedeven"><td><a href="#m74">runScenario</a></td></tr><tr class="passedeven"><td><a href="#m75">runScenario</a></td></tr><tr class="passedeven"><td><a href="#m76">runScenario</a></td></tr><tr class="passedeven"><td><a href="#m77">runScenario</a></td></tr><tr class="passedeven"><td><a href="#m78">runScenario</a></td></tr><tr class="passedeven"><td><a href="#m79">runScenario</a></td></tr><tr class="passedeven"><td><a href="#m80">runScenario</a></td></tr><tr class="passedeven"><td><a href="#m81">runScenario</a></td></tr><tr class="passedeven"><td><a href="#m82">runScenario</a></td></tr><tr class="passedeven"><td><a href="#m83">runScenario</a></td></tr><tr class="passedeven"><td><a href="#m84">runScenario</a></td></tr><tr class="passedeven"><td><a href="#m85">runScenario</a></td></tr><tr class="passedeven"><td><a href="#m86">runScenario</a></td></tr><tr class="passedeven"><td><a href="#m87">runScenario</a></td></tr><tr class="passedeven"><td><a href="#m88">runScenario</a></td></tr><tr class="passedeven"><td><a href="#m89">runScenario</a></td></tr><tr class="passedeven"><td><a href="#m90">runScenario</a></td></tr><tr class="passedeven"><td><a href="#m91">runScenario</a></td></tr><tr class="passedeven"><td><a href="#m92">runScenario</a></td></tr><tr class="passedeven"><td><a href="#m93">runScenario</a></td></tr><tr class="passedeven"><td><a href="#m94">runScenario</a></td></tr><tr class="passedeven"><td><a href="#m95">runScenario</a></td></tr><tr class="passedeven"><td><a href="#m96">runScenario</a></td></tr><tr class="passedeven"><td><a href="#m97">runScenario</a></td></tr><tr class="passedeven"><td><a href="#m98">runScenario</a></td></tr><tr class="passedeven"><td><a href="#m99">runScenario</a></td></tr><tr class="passedeven"><td><a href="#m100">runScenario</a></td></tr><tr class="passedeven"><td><a href="#m101">runScenario</a></td></tr><tr class="passedeven"><td><a href="#m102">runScenario</a></td></tr><tr class="passedeven"><td><a href="#m103">runScenario</a></td></tr><tr class="passedeven"><td><a href="#m104">runScenario</a></td></tr><tr class="passedeven"><td><a href="#m105">runScenario</a></td></tr><tr class="passedeven"><td><a href="#m106">runScenario</a></td></tr><tr class="passedeven"><td><a href="#m107">runScenario</a></td></tr><tr class="passedeven"><td><a href="#m108">runScenario</a></td></tr><tr class="passedeven"><td><a href="#m109">runScenario</a></td></tr><tr class="passedeven"><td><a href="#m110">runScenario</a></td></tr><tr class="passedeven"><td><a href="#m111">runScenario</a></td></tr><tr class="passedeven"><td><a href="#m112">runScenario</a></td></tr><tr class="passedeven"><td><a href="#m113">runScenario</a></td></tr><tr class="passedeven"><td><a href="#m114">runScenario</a></td></tr><tr class="passedeven"><td><a href="#m115">runScenario</a></td></tr><tr class="passedeven"><td><a href="#m116">runScenario</a></td></tr><tr class="passedeven"><td><a href="#m117">runScenario</a></td></tr><tr class="passedeven"><td><a href="#m118">runScenario</a></td></tr><tr class="passedeven"><td><a href="#m119">runScenario</a></td></tr><tr class="passedeven"><td><a href="#m120">runScenario</a></td></tr><tr class="passedeven"><td><a href="#m121">runScenario</a></td></tr><tr class="passedeven"><td><a href="#m122">runScenario</a></td></tr><tr class="passedeven"><td><a href="#m123">runScenario</a></td></tr><tr class="passedeven"><td><a href="#m124">runScenario</a></td></tr><tr class="passedeven"><td><a href="#m125">runScenario</a></td></tr><tr class="passedeven"><td><a href="#m126">runScenario</a></td></tr><tr class="passedeven"><td><a href="#m127">runScenario</a></td></tr><tr class="passedeven"><td><a href="#m128">runScenario</a></td></tr><tr class="passedeven"><td><a href="#m129">runScenario</a></td></tr><tr class="passedeven"><td><a href="#m130">runScenario</a></td></tr><tr class="passedeven"><td><a href="#m131">runScenario</a></td></tr><tr class="passedeven"><td><a href="#m132">runScenario</a></td></tr><tr class="passedeven"><td><a href="#m133">runScenario</a></td></tr><tr class="passedeven"><td><a href="#m134">runScenario</a></td></tr><tr class="passedeven"><td><a href="#m135">runScenario</a></td></tr><tr class="passedeven"><td><a href="#m136">runScenario</a></td></tr><tr class="passedeven"><td><a href="#m137">runScenario</a></td></tr><tr class="passedeven"><td><a href="#m138">runScenario</a></td></tr><tr class="passedeven"><td><a href="#m139">runScenario</a></td></tr><tr class="passedeven"><td><a href="#m140">runScenario</a></td></tr><tr class="passedeven"><td><a href="#m141">runScenario</a></td></tr><tr class="passedeven"><td><a href="#m142">runScenario</a></td></tr><tr class="passedeven"><td><a href="#m143">runScenario</a></td></tr><tr class="passedeven"><td><a href="#m144">runScenario</a></td></tr><tr class="passedeven"><td><a href="#m145">runScenario</a></td></tr><tr class="passedeven"><td><a href="#m146">runScenario</a></td></tr><tr class="passedeven"><td><a href="#m147">runScenario</a></td></tr><tr class="passedeven"><td><a href="#m148">runScenario</a></td></tr><tr class="passedeven"><td><a href="#m149">runScenario</a></td></tr><tr class="passedeven"><td><a href="#m150">runScenario</a></td></tr><tr class="passedeven"><td><a href="#m151">runScenario</a></td></tr><tr class="passedeven"><td><a href="#m152">runScenario</a></td></tr><tr class="passedeven"><td><a href="#m153">runScenario</a></td></tr><tr class="passedeven"><td><a href="#m154">runScenario</a></td></tr><tr class="passedeven"><td><a href="#m155">runScenario</a></td></tr><tr class="passedeven"><td><a href="#m156">runScenario</a></td></tr><tr class="passedeven"><td><a href="#m157">runScenario</a></td></tr><tr class="passedeven"><td><a href="#m158">runScenario</a></td></tr><tr class="passedeven"><td><a href="#m159">runScenario</a></td></tr><tr class="passedeven"><td><a href="#m160">runScenario</a></td></tr><tr class="passedeven"><td><a href="#m161">runScenario</a></td></tr><tr class="passedeven"><td><a href="#m162">runScenario</a></td></tr><tr class="passedeven"><td><a href="#m163">runScenario</a></td></tr><tr class="passedeven"><td><a href="#m164">runScenario</a></td></tr><tr class="passedeven"><td><a href="#m165">runScenario</a></td></tr><tr class="passedeven"><td><a href="#m166">runScenario</a></td></tr><tr class="passedeven"><td><a href="#m167">runScenario</a></td></tr><tr class="passedeven"><td><a href="#m168">runScenario</a></td></tr><tr class="passedeven"><td><a href="#m169">runScenario</a></td></tr><tr class="passedeven"><td><a href="#m170">runScenario</a></td></tr><tr class="passedeven"><td><a href="#m171">runScenario</a></td></tr><tr class="passedeven"><td><a href="#m172">runScenario</a></td></tr><tr class="passedeven"><td><a href="#m173">runScenario</a></td></tr><tr class="passedeven"><td><a href="#m174">runScenario</a></td></tr><tr class="passedeven"><td><a href="#m175">runScenario</a></td></tr><tr class="passedeven"><td><a href="#m176">runScenario</a></td></tr><tr class="passedeven"><td><a href="#m177">runScenario</a></td></tr><tr class="passedeven"><td><a href="#m178">runScenario</a></td></tr><tr class="passedeven"><td><a href="#m179">runScenario</a></td></tr><tr class="passedeven"><td><a href="#m180">runScenario</a></td></tr><tr class="passedeven"><td><a href="#m181">runScenario</a></td></tr><tr class="passedeven"><td><a href="#m182">runScenario</a></td></tr><tr class="passedeven"><td><a href="#m183">runScenario</a></td></tr><tr class="passedeven"><td><a href="#m184">runScenario</a></td></tr><tr class="passedeven"><td><a href="#m185">runScenario</a></td></tr><tr class="passedeven"><td><a href="#m186">runScenario</a></td></tr><tr class="passedeven"><td><a href="#m187">runScenario</a></td></tr><tr class="passedeven"><td><a href="#m188">runScenario</a></td></tr><tr class="passedeven"><td><a href="#m189">runScenario</a></td></tr><tr class="passedeven"><td><a href="#m190">runScenario</a></td></tr><tr class="passedeven"><td><a href="#m191">runScenario</a></td></tr><tr class="passedeven"><td><a href="#m192">runScenario</a></td></tr><tr class="passedeven"><td><a href="#m193">runScenario</a></td></tr><tr class="passedeven"><td><a href="#m194">runScenario</a></td></tr><tr class="passedeven"><td><a href="#m195">runScenario</a></td></tr><tr class="passedeven"><td><a href="#m196">runScenario</a></td></tr><tr class="passedeven"><td><a href="#m197">runScenario</a></td></tr><tr class="passedeven"><td><a href="#m198">runScenario</a></td></tr><tr class="passedeven"><td><a href="#m199">runScenario</a></td></tr><tr class="passedeven"><td><a href="#m200">runScenario</a></td></tr></tbody>
</table>
<h2>Default test</h2><h3 id="m0">parallel.TestRunner#runScenario</h3><table class="result"><tr class="param"><th>Parameter #1</th><th>Parameter #2</th></tr><tr class="param stripe"><td>&quot;User is on Home page and click getstarted link &quot;Queue&quot; on home page without sign in&quot;</td><td>&quot;User launch dsalgo application and test Home page&quot;</td></tr><tr><th colspan="2">Exception</th></tr><tr><td colspan="2"><div class="stacktrace">org.openqa.selenium.NoSuchElementException: no such element: Unable to locate element: {&quot;method&quot;:&quot;xpath&quot;,&quot;selector&quot;:&quot;//*[@class=&apos;alert alert-primary&apos;]&quot;}
  (Session info: chrome=112.0.5615.49)
For documentation on this error, please visit: https://selenium.dev/exceptions/#no_such_element
Build info: version: &apos;4.5.0&apos;, revision: &apos;fe167b119a&apos;
System info: os.name: &apos;Windows 11&apos;, os.arch: &apos;amd64&apos;, os.version: &apos;10.0&apos;, java.version: &apos;19.0.1&apos;
Driver info: org.openqa.selenium.chrome.ChromeDriver
Command: [b446593e541e53fd73eb28549a69f73e, findElement {using=xpath, value=//*[@class=&apos;alert alert-primary&apos;]}]
Capabilities {acceptInsecureCerts: false, browserName: chrome, browserVersion: 112.0.5615.49, chrome: {chromedriverVersion: 112.0.5615.49 (bd2a7bcb881c..., userDataDir: C:\Users\kiran\AppData\Loca...}, goog:chromeOptions: {debuggerAddress: localhost:56237}, networkConnectionEnabled: false, pageLoadStrategy: normal, platformName: WINDOWS, proxy: Proxy(), se:cdp: ws://localhost:56237/devtoo..., se:cdpVersion: 112.0.5615.49, setWindowRect: true, strictFileInteractability: false, timeouts: {implicit: 0, pageLoad: 300000, script: 30000}, unhandledPromptBehavior: dismiss and notify, webauthn:extension:credBlob: true, webauthn:extension:largeBlob: true, webauthn:extension:minPinLength: true, webauthn:extension:prf: true, webauthn:virtualAuthenticators: true}
Session ID: b446593e541e53fd73eb28549a69f73e
	at java.base/jdk.internal.reflect.DirectConstructorHandleAccessor.newInstance(DirectConstructorHandleAccessor.java:67)
	at java.base/java.lang.reflect.Constructor.newInstanceWithCaller(Constructor.java:500)
	at java.base/java.lang.reflect.Constructor.newInstance(Constructor.java:484)
	at org.openqa.selenium.remote.codec.w3c.W3CHttpResponseCodec.createException(W3CHttpResponseCodec.java:200)
	at org.openqa.selenium.remote.codec.w3c.W3CHttpResponseCodec.decode(W3CHttpResponseCodec.java:133)
	at org.openqa.selenium.remote.codec.w3c.W3CHttpResponseCodec.decode(W3CHttpResponseCodec.java:53)
	at org.openqa.selenium.remote.HttpCommandExecutor.execute(HttpCommandExecutor.java:184)
	at org.openqa.selenium.remote.service.DriverCommandExecutor.invokeExecute(DriverCommandExecutor.java:167)
	at org.openqa.selenium.remote.service.DriverCommandExecutor.execute(DriverCommandExecutor.java:142)
	at org.openqa.selenium.remote.RemoteWebDriver.execute(RemoteWebDriver.java:547)
	at org.openqa.selenium.remote.ElementLocation$ElementFinder$2.findElement(ElementLocation.java:162)
	at org.openqa.selenium.remote.ElementLocation.findElement(ElementLocation.java:60)
	at org.openqa.selenium.remote.RemoteWebDriver.findElement(RemoteWebDriver.java:365)
	at org.openqa.selenium.remote.RemoteWebDriver.findElement(RemoteWebDriver.java:357)
	at org.openqa.selenium.support.pagefactory.DefaultElementLocator.findElement(DefaultElementLocator.java:70)
	at org.openqa.selenium.support.pagefactory.internal.LocatingElementHandler.invoke(LocatingElementHandler.java:39)
	at jdk.proxy2/jdk.proxy2.$Proxy44.getText(Unknown Source)
	at pageObjects.HomePage.alert(HomePage.java:74)
	at parallel.Home_SD.the_user_get_warning_message(Home_SD.java:55)
	at ✽.The user get warning message &quot;You are not logged in&quot;(file:///C:/Users/kiran/eclipse-workspace/Implementors/src/test/resources/parallel/Home.feature:14)
</div></td></tr></table><p class="totop"><a href="#summary">back to summary</a></p>
<h3 id="m1">parallel.TestRunner#runScenario</h3><table class="result"><tr class="param"><th>Parameter #1</th><th>Parameter #2</th></tr><tr class="param stripe"><td>&quot;The user is able to submit code in tryEditor for Max Consecutive Ones&quot;</td><td>&quot;User launch dsalgo application and test Array page&quot;</td></tr><tr><th colspan="2">Exception</th></tr><tr><td colspan="2"><div class="stacktrace">java.lang.AssertionError: Result do not match expected [submission success] but found [Error occurred during submission]
	at org.testng.Assert.fail(Assert.java:110)
	at org.testng.Assert.failNotEquals(Assert.java:1413)
	at org.testng.Assert.assertEqualsImpl(Assert.java:149)
	at org.testng.Assert.assertEquals(Assert.java:131)
	at org.testng.Assert.assertEquals(Assert.java:655)
	at parallel.Array_SD.the_user_should_be_presented_with_successful_submission_message(Array_SD.java:194)
	at ✽.The user should be presented with successful submission message(file:///C:/Users/kiran/eclipse-workspace/Implementors/src/test/resources/parallel/Array.feature:219)
</div></td></tr></table><p class="totop"><a href="#summary">back to summary</a></p>
<h3 id="m2">parallel.TestRunner#runScenario</h3><table class="result"><tr class="param"><th>Parameter #1</th><th>Parameter #2</th></tr><tr class="param stripe"><td>&quot;User is on Home page and click on dropdown &quot;Graph&quot; without sign in&quot;</td><td>&quot;User launch dsalgo application and test Home page&quot;</td></tr><tr><th colspan="2">Exception</th></tr><tr><td colspan="2"><div class="stacktrace">org.openqa.selenium.NoSuchElementException: no such element: Unable to locate element: {&quot;method&quot;:&quot;xpath&quot;,&quot;selector&quot;:&quot;//*[@class=&apos;alert alert-primary&apos;]&quot;}
  (Session info: chrome=112.0.5615.49)
For documentation on this error, please visit: https://selenium.dev/exceptions/#no_such_element
Build info: version: &apos;4.5.0&apos;, revision: &apos;fe167b119a&apos;
System info: os.name: &apos;Windows 11&apos;, os.arch: &apos;amd64&apos;, os.version: &apos;10.0&apos;, java.version: &apos;19.0.1&apos;
Driver info: org.openqa.selenium.chrome.ChromeDriver
Command: [b446593e541e53fd73eb28549a69f73e, findElement {using=xpath, value=//*[@class=&apos;alert alert-primary&apos;]}]
Capabilities {acceptInsecureCerts: false, browserName: chrome, browserVersion: 112.0.5615.49, chrome: {chromedriverVersion: 112.0.5615.49 (bd2a7bcb881c..., userDataDir: C:\Users\kiran\AppData\Loca...}, goog:chromeOptions: {debuggerAddress: localhost:56237}, networkConnectionEnabled: false, pageLoadStrategy: normal, platformName: WINDOWS, proxy: Proxy(), se:cdp: ws://localhost:56237/devtoo..., se:cdpVersion: 112.0.5615.49, setWindowRect: true, strictFileInteractability: false, timeouts: {implicit: 0, pageLoad: 300000, script: 30000}, unhandledPromptBehavior: dismiss and notify, webauthn:extension:credBlob: true, webauthn:extension:largeBlob: true, webauthn:extension:minPinLength: true, webauthn:extension:prf: true, webauthn:virtualAuthenticators: true}
Session ID: b446593e541e53fd73eb28549a69f73e
	at java.base/jdk.internal.reflect.DirectConstructorHandleAccessor.newInstance(DirectConstructorHandleAccessor.java:67)
	at java.base/java.lang.reflect.Constructor.newInstanceWithCaller(Constructor.java:500)
	at java.base/java.lang.reflect.Constructor.newInstance(Constructor.java:484)
	at org.openqa.selenium.remote.codec.w3c.W3CHttpResponseCodec.createException(W3CHttpResponseCodec.java:200)
	at org.openqa.selenium.remote.codec.w3c.W3CHttpResponseCodec.decode(W3CHttpResponseCodec.java:133)
	at org.openqa.selenium.remote.codec.w3c.W3CHttpResponseCodec.decode(W3CHttpResponseCodec.java:53)
	at org.openqa.selenium.remote.HttpCommandExecutor.execute(HttpCommandExecutor.java:184)
	at org.openqa.selenium.remote.service.DriverCommandExecutor.invokeExecute(DriverCommandExecutor.java:167)
	at org.openqa.selenium.remote.service.DriverCommandExecutor.execute(DriverCommandExecutor.java:142)
	at org.openqa.selenium.remote.RemoteWebDriver.execute(RemoteWebDriver.java:547)
	at org.openqa.selenium.remote.ElementLocation$ElementFinder$2.findElement(ElementLocation.java:162)
	at org.openqa.selenium.remote.ElementLocation.findElement(ElementLocation.java:60)
	at org.openqa.selenium.remote.RemoteWebDriver.findElement(RemoteWebDriver.java:365)
	at org.openqa.selenium.remote.RemoteWebDriver.findElement(RemoteWebDriver.java:357)
	at org.openqa.selenium.support.pagefactory.DefaultElementLocator.findElement(DefaultElementLocator.java:70)
	at org.openqa.selenium.support.pagefactory.internal.LocatingElementHandler.invoke(LocatingElementHandler.java:39)
	at jdk.proxy2/jdk.proxy2.$Proxy44.getText(Unknown Source)
	at pageObjects.HomePage.alert(HomePage.java:74)
	at parallel.Home_SD.the_user_get_warning_message(Home_SD.java:55)
	at ✽.The user get warning message &quot;You are not logged in&quot;(file:///C:/Users/kiran/eclipse-workspace/Implementors/src/test/resources/parallel/Home.feature:30)
</div></td></tr></table><p class="totop"><a href="#summary">back to summary</a></p>
<h3 id="m3">parallel.TestRunner#runScenario</h3><table class="result"><tr class="param"><th>Parameter #1</th><th>Parameter #2</th></tr><tr class="param stripe"><td>&quot;User is on Home page and click getstarted link &quot;Graph&quot; on home page without sign in&quot;</td><td>&quot;User launch dsalgo application and test Home page&quot;</td></tr><tr><th colspan="2">Exception</th></tr><tr><td colspan="2"><div class="stacktrace">org.openqa.selenium.NoSuchElementException: no such element: Unable to locate element: {&quot;method&quot;:&quot;xpath&quot;,&quot;selector&quot;:&quot;//*[@class=&apos;alert alert-primary&apos;]&quot;}
  (Session info: chrome=112.0.5615.49)
For documentation on this error, please visit: https://selenium.dev/exceptions/#no_such_element
Build info: version: &apos;4.5.0&apos;, revision: &apos;fe167b119a&apos;
System info: os.name: &apos;Windows 11&apos;, os.arch: &apos;amd64&apos;, os.version: &apos;10.0&apos;, java.version: &apos;19.0.1&apos;
Driver info: org.openqa.selenium.chrome.ChromeDriver
Command: [b446593e541e53fd73eb28549a69f73e, findElement {using=xpath, value=//*[@class=&apos;alert alert-primary&apos;]}]
Capabilities {acceptInsecureCerts: false, browserName: chrome, browserVersion: 112.0.5615.49, chrome: {chromedriverVersion: 112.0.5615.49 (bd2a7bcb881c..., userDataDir: C:\Users\kiran\AppData\Loca...}, goog:chromeOptions: {debuggerAddress: localhost:56237}, networkConnectionEnabled: false, pageLoadStrategy: normal, platformName: WINDOWS, proxy: Proxy(), se:cdp: ws://localhost:56237/devtoo..., se:cdpVersion: 112.0.5615.49, setWindowRect: true, strictFileInteractability: false, timeouts: {implicit: 0, pageLoad: 300000, script: 30000}, unhandledPromptBehavior: dismiss and notify, webauthn:extension:credBlob: true, webauthn:extension:largeBlob: true, webauthn:extension:minPinLength: true, webauthn:extension:prf: true, webauthn:virtualAuthenticators: true}
Session ID: b446593e541e53fd73eb28549a69f73e
	at java.base/jdk.internal.reflect.DirectConstructorHandleAccessor.newInstance(DirectConstructorHandleAccessor.java:67)
	at java.base/java.lang.reflect.Constructor.newInstanceWithCaller(Constructor.java:500)
	at java.base/java.lang.reflect.Constructor.newInstance(Constructor.java:484)
	at org.openqa.selenium.remote.codec.w3c.W3CHttpResponseCodec.createException(W3CHttpResponseCodec.java:200)
	at org.openqa.selenium.remote.codec.w3c.W3CHttpResponseCodec.decode(W3CHttpResponseCodec.java:133)
	at org.openqa.selenium.remote.codec.w3c.W3CHttpResponseCodec.decode(W3CHttpResponseCodec.java:53)
	at org.openqa.selenium.remote.HttpCommandExecutor.execute(HttpCommandExecutor.java:184)
	at org.openqa.selenium.remote.service.DriverCommandExecutor.invokeExecute(DriverCommandExecutor.java:167)
	at org.openqa.selenium.remote.service.DriverCommandExecutor.execute(DriverCommandExecutor.java:142)
	at org.openqa.selenium.remote.RemoteWebDriver.execute(RemoteWebDriver.java:547)
	at org.openqa.selenium.remote.ElementLocation$ElementFinder$2.findElement(ElementLocation.java:162)
	at org.openqa.selenium.remote.ElementLocation.findElement(ElementLocation.java:60)
	at org.openqa.selenium.remote.RemoteWebDriver.findElement(RemoteWebDriver.java:365)
	at org.openqa.selenium.remote.RemoteWebDriver.findElement(RemoteWebDriver.java:357)
	at org.openqa.selenium.support.pagefactory.DefaultElementLocator.findElement(DefaultElementLocator.java:70)
	at org.openqa.selenium.support.pagefactory.internal.LocatingElementHandler.invoke(LocatingElementHandler.java:39)
	at jdk.proxy2/jdk.proxy2.$Proxy44.getText(Unknown Source)
	at pageObjects.HomePage.alert(HomePage.java:74)
	at parallel.Home_SD.the_user_get_warning_message(Home_SD.java:55)
	at ✽.The user get warning message &quot;You are not logged in&quot;(file:///C:/Users/kiran/eclipse-workspace/Implementors/src/test/resources/parallel/Home.feature:14)
</div></td></tr></table><p class="totop"><a href="#summary">back to summary</a></p>
<h3 id="m4">parallel.TestRunner#runScenario</h3><table class="result"><tr class="param"><th>Parameter #1</th><th>Parameter #2</th></tr><tr class="param stripe"><td>&quot;User on login page and login with invalid and valid inputs from Excel &quot;Sheet1&quot; and 0&quot;</td><td>&quot;Validating Login page&quot;</td></tr><tr><th colspan="2">Exception</th></tr><tr><td colspan="2"><div class="stacktrace">java.lang.AssertionError: expected [Please check your password] but found [Invalid Username and Password]
	at org.testng.Assert.fail(Assert.java:110)
	at org.testng.Assert.failNotEquals(Assert.java:1413)
	at org.testng.Assert.assertEqualsImpl(Assert.java:149)
	at org.testng.Assert.assertEquals(Assert.java:131)
	at org.testng.Assert.assertEquals(Assert.java:655)
	at org.testng.Assert.assertEquals(Assert.java:665)
	at parallel.Signin_SD.click_login_button(Signin_SD.java:94)
	at ✽.click login button(file:///C:/Users/kiran/eclipse-workspace/Implementors/src/test/resources/parallel/SignIn.feature:26)
</div></td></tr></table><p class="totop"><a href="#summary">back to summary</a></p>
<h3 id="m5">parallel.TestRunner#runScenario</h3><table class="result"><tr class="param"><th>Parameter #1</th><th>Parameter #2</th></tr><tr class="param stripe"><td>&quot;User is on Home page and click getstarted link &quot;Stack&quot; on home page without sign in&quot;</td><td>&quot;User launch dsalgo application and test Home page&quot;</td></tr><tr><th colspan="2">Exception</th></tr><tr><td colspan="2"><div class="stacktrace">org.openqa.selenium.NoSuchElementException: no such element: Unable to locate element: {&quot;method&quot;:&quot;xpath&quot;,&quot;selector&quot;:&quot;//*[@class=&apos;alert alert-primary&apos;]&quot;}
  (Session info: chrome=112.0.5615.49)
For documentation on this error, please visit: https://selenium.dev/exceptions/#no_such_element
Build info: version: &apos;4.5.0&apos;, revision: &apos;fe167b119a&apos;
System info: os.name: &apos;Windows 11&apos;, os.arch: &apos;amd64&apos;, os.version: &apos;10.0&apos;, java.version: &apos;19.0.1&apos;
Driver info: org.openqa.selenium.chrome.ChromeDriver
Command: [b446593e541e53fd73eb28549a69f73e, findElement {using=xpath, value=//*[@class=&apos;alert alert-primary&apos;]}]
Capabilities {acceptInsecureCerts: false, browserName: chrome, browserVersion: 112.0.5615.49, chrome: {chromedriverVersion: 112.0.5615.49 (bd2a7bcb881c..., userDataDir: C:\Users\kiran\AppData\Loca...}, goog:chromeOptions: {debuggerAddress: localhost:56237}, networkConnectionEnabled: false, pageLoadStrategy: normal, platformName: WINDOWS, proxy: Proxy(), se:cdp: ws://localhost:56237/devtoo..., se:cdpVersion: 112.0.5615.49, setWindowRect: true, strictFileInteractability: false, timeouts: {implicit: 0, pageLoad: 300000, script: 30000}, unhandledPromptBehavior: dismiss and notify, webauthn:extension:credBlob: true, webauthn:extension:largeBlob: true, webauthn:extension:minPinLength: true, webauthn:extension:prf: true, webauthn:virtualAuthenticators: true}
Session ID: b446593e541e53fd73eb28549a69f73e
	at java.base/jdk.internal.reflect.DirectConstructorHandleAccessor.newInstance(DirectConstructorHandleAccessor.java:67)
	at java.base/java.lang.reflect.Constructor.newInstanceWithCaller(Constructor.java:500)
	at java.base/java.lang.reflect.Constructor.newInstance(Constructor.java:484)
	at org.openqa.selenium.remote.codec.w3c.W3CHttpResponseCodec.createException(W3CHttpResponseCodec.java:200)
	at org.openqa.selenium.remote.codec.w3c.W3CHttpResponseCodec.decode(W3CHttpResponseCodec.java:133)
	at org.openqa.selenium.remote.codec.w3c.W3CHttpResponseCodec.decode(W3CHttpResponseCodec.java:53)
	at org.openqa.selenium.remote.HttpCommandExecutor.execute(HttpCommandExecutor.java:184)
	at org.openqa.selenium.remote.service.DriverCommandExecutor.invokeExecute(DriverCommandExecutor.java:167)
	at org.openqa.selenium.remote.service.DriverCommandExecutor.execute(DriverCommandExecutor.java:142)
	at org.openqa.selenium.remote.RemoteWebDriver.execute(RemoteWebDriver.java:547)
	at org.openqa.selenium.remote.ElementLocation$ElementFinder$2.findElement(ElementLocation.java:162)
	at org.openqa.selenium.remote.ElementLocation.findElement(ElementLocation.java:60)
	at org.openqa.selenium.remote.RemoteWebDriver.findElement(RemoteWebDriver.java:365)
	at org.openqa.selenium.remote.RemoteWebDriver.findElement(RemoteWebDriver.java:357)
	at org.openqa.selenium.support.pagefactory.DefaultElementLocator.findElement(DefaultElementLocator.java:70)
	at org.openqa.selenium.support.pagefactory.internal.LocatingElementHandler.invoke(LocatingElementHandler.java:39)
	at jdk.proxy2/jdk.proxy2.$Proxy44.getText(Unknown Source)
	at pageObjects.HomePage.alert(HomePage.java:74)
	at parallel.Home_SD.the_user_get_warning_message(Home_SD.java:55)
	at ✽.The user get warning message &quot;You are not logged in&quot;(file:///C:/Users/kiran/eclipse-workspace/Implementors/src/test/resources/parallel/Home.feature:14)
</div></td></tr></table><p class="totop"><a href="#summary">back to summary</a></p>
<h3 id="m6">parallel.TestRunner#runScenario</h3><table class="result"><tr class="param"><th>Parameter #1</th><th>Parameter #2</th></tr><tr class="param stripe"><td>&quot;User is on Home page and click on dropdown &quot;Arrays&quot; without sign in&quot;</td><td>&quot;User launch dsalgo application and test Home page&quot;</td></tr><tr><th colspan="2">Exception</th></tr><tr><td colspan="2"><div class="stacktrace">org.openqa.selenium.NoSuchElementException: no such element: Unable to locate element: {&quot;method&quot;:&quot;xpath&quot;,&quot;selector&quot;:&quot;//*[@class=&apos;alert alert-primary&apos;]&quot;}
  (Session info: chrome=112.0.5615.49)
For documentation on this error, please visit: https://selenium.dev/exceptions/#no_such_element
Build info: version: &apos;4.5.0&apos;, revision: &apos;fe167b119a&apos;
System info: os.name: &apos;Windows 11&apos;, os.arch: &apos;amd64&apos;, os.version: &apos;10.0&apos;, java.version: &apos;19.0.1&apos;
Driver info: org.openqa.selenium.chrome.ChromeDriver
Command: [b446593e541e53fd73eb28549a69f73e, findElement {using=xpath, value=//*[@class=&apos;alert alert-primary&apos;]}]
Capabilities {acceptInsecureCerts: false, browserName: chrome, browserVersion: 112.0.5615.49, chrome: {chromedriverVersion: 112.0.5615.49 (bd2a7bcb881c..., userDataDir: C:\Users\kiran\AppData\Loca...}, goog:chromeOptions: {debuggerAddress: localhost:56237}, networkConnectionEnabled: false, pageLoadStrategy: normal, platformName: WINDOWS, proxy: Proxy(), se:cdp: ws://localhost:56237/devtoo..., se:cdpVersion: 112.0.5615.49, setWindowRect: true, strictFileInteractability: false, timeouts: {implicit: 0, pageLoad: 300000, script: 30000}, unhandledPromptBehavior: dismiss and notify, webauthn:extension:credBlob: true, webauthn:extension:largeBlob: true, webauthn:extension:minPinLength: true, webauthn:extension:prf: true, webauthn:virtualAuthenticators: true}
Session ID: b446593e541e53fd73eb28549a69f73e
	at java.base/jdk.internal.reflect.DirectConstructorHandleAccessor.newInstance(DirectConstructorHandleAccessor.java:67)
	at java.base/java.lang.reflect.Constructor.newInstanceWithCaller(Constructor.java:500)
	at java.base/java.lang.reflect.Constructor.newInstance(Constructor.java:484)
	at org.openqa.selenium.remote.codec.w3c.W3CHttpResponseCodec.createException(W3CHttpResponseCodec.java:200)
	at org.openqa.selenium.remote.codec.w3c.W3CHttpResponseCodec.decode(W3CHttpResponseCodec.java:133)
	at org.openqa.selenium.remote.codec.w3c.W3CHttpResponseCodec.decode(W3CHttpResponseCodec.java:53)
	at org.openqa.selenium.remote.HttpCommandExecutor.execute(HttpCommandExecutor.java:184)
	at org.openqa.selenium.remote.service.DriverCommandExecutor.invokeExecute(DriverCommandExecutor.java:167)
	at org.openqa.selenium.remote.service.DriverCommandExecutor.execute(DriverCommandExecutor.java:142)
	at org.openqa.selenium.remote.RemoteWebDriver.execute(RemoteWebDriver.java:547)
	at org.openqa.selenium.remote.ElementLocation$ElementFinder$2.findElement(ElementLocation.java:162)
	at org.openqa.selenium.remote.ElementLocation.findElement(ElementLocation.java:60)
	at org.openqa.selenium.remote.RemoteWebDriver.findElement(RemoteWebDriver.java:365)
	at org.openqa.selenium.remote.RemoteWebDriver.findElement(RemoteWebDriver.java:357)
	at org.openqa.selenium.support.pagefactory.DefaultElementLocator.findElement(DefaultElementLocator.java:70)
	at org.openqa.selenium.support.pagefactory.internal.LocatingElementHandler.invoke(LocatingElementHandler.java:39)
	at jdk.proxy2/jdk.proxy2.$Proxy44.getText(Unknown Source)
	at pageObjects.HomePage.alert(HomePage.java:74)
	at parallel.Home_SD.the_user_get_warning_message(Home_SD.java:55)
	at ✽.The user get warning message &quot;You are not logged in&quot;(file:///C:/Users/kiran/eclipse-workspace/Implementors/src/test/resources/parallel/Home.feature:30)
</div></td></tr></table><p class="totop"><a href="#summary">back to summary</a></p>
<h3 id="m7">parallel.TestRunner#runScenario</h3><table class="result"><tr class="param"><th>Parameter #1</th><th>Parameter #2</th></tr><tr class="param stripe"><td>&quot;User is on Home page and click on dropdown &quot;Stack&quot; without sign in&quot;</td><td>&quot;User launch dsalgo application and test Home page&quot;</td></tr><tr><th colspan="2">Exception</th></tr><tr><td colspan="2"><div class="stacktrace">org.openqa.selenium.NoSuchElementException: no such element: Unable to locate element: {&quot;method&quot;:&quot;xpath&quot;,&quot;selector&quot;:&quot;//*[@class=&apos;alert alert-primary&apos;]&quot;}
  (Session info: chrome=112.0.5615.49)
For documentation on this error, please visit: https://selenium.dev/exceptions/#no_such_element
Build info: version: &apos;4.5.0&apos;, revision: &apos;fe167b119a&apos;
System info: os.name: &apos;Windows 11&apos;, os.arch: &apos;amd64&apos;, os.version: &apos;10.0&apos;, java.version: &apos;19.0.1&apos;
Driver info: org.openqa.selenium.chrome.ChromeDriver
Command: [b446593e541e53fd73eb28549a69f73e, findElement {using=xpath, value=//*[@class=&apos;alert alert-primary&apos;]}]
Capabilities {acceptInsecureCerts: false, browserName: chrome, browserVersion: 112.0.5615.49, chrome: {chromedriverVersion: 112.0.5615.49 (bd2a7bcb881c..., userDataDir: C:\Users\kiran\AppData\Loca...}, goog:chromeOptions: {debuggerAddress: localhost:56237}, networkConnectionEnabled: false, pageLoadStrategy: normal, platformName: WINDOWS, proxy: Proxy(), se:cdp: ws://localhost:56237/devtoo..., se:cdpVersion: 112.0.5615.49, setWindowRect: true, strictFileInteractability: false, timeouts: {implicit: 0, pageLoad: 300000, script: 30000}, unhandledPromptBehavior: dismiss and notify, webauthn:extension:credBlob: true, webauthn:extension:largeBlob: true, webauthn:extension:minPinLength: true, webauthn:extension:prf: true, webauthn:virtualAuthenticators: true}
Session ID: b446593e541e53fd73eb28549a69f73e
	at java.base/jdk.internal.reflect.DirectConstructorHandleAccessor.newInstance(DirectConstructorHandleAccessor.java:67)
	at java.base/java.lang.reflect.Constructor.newInstanceWithCaller(Constructor.java:500)
	at java.base/java.lang.reflect.Constructor.newInstance(Constructor.java:484)
	at org.openqa.selenium.remote.codec.w3c.W3CHttpResponseCodec.createException(W3CHttpResponseCodec.java:200)
	at org.openqa.selenium.remote.codec.w3c.W3CHttpResponseCodec.decode(W3CHttpResponseCodec.java:133)
	at org.openqa.selenium.remote.codec.w3c.W3CHttpResponseCodec.decode(W3CHttpResponseCodec.java:53)
	at org.openqa.selenium.remote.HttpCommandExecutor.execute(HttpCommandExecutor.java:184)
	at org.openqa.selenium.remote.service.DriverCommandExecutor.invokeExecute(DriverCommandExecutor.java:167)
	at org.openqa.selenium.remote.service.DriverCommandExecutor.execute(DriverCommandExecutor.java:142)
	at org.openqa.selenium.remote.RemoteWebDriver.execute(RemoteWebDriver.java:547)
	at org.openqa.selenium.remote.ElementLocation$ElementFinder$2.findElement(ElementLocation.java:162)
	at org.openqa.selenium.remote.ElementLocation.findElement(ElementLocation.java:60)
	at org.openqa.selenium.remote.RemoteWebDriver.findElement(RemoteWebDriver.java:365)
	at org.openqa.selenium.remote.RemoteWebDriver.findElement(RemoteWebDriver.java:357)
	at org.openqa.selenium.support.pagefactory.DefaultElementLocator.findElement(DefaultElementLocator.java:70)
	at org.openqa.selenium.support.pagefactory.internal.LocatingElementHandler.invoke(LocatingElementHandler.java:39)
	at jdk.proxy2/jdk.proxy2.$Proxy44.getText(Unknown Source)
	at pageObjects.HomePage.alert(HomePage.java:74)
	at parallel.Home_SD.the_user_get_warning_message(Home_SD.java:55)
	at ✽.The user get warning message &quot;You are not logged in&quot;(file:///C:/Users/kiran/eclipse-workspace/Implementors/src/test/resources/parallel/Home.feature:30)
</div></td></tr></table><p class="totop"><a href="#summary">back to summary</a></p>
<h3 id="m8">parallel.TestRunner#runScenario</h3><table class="result"><tr class="param"><th>Parameter #1</th><th>Parameter #2</th></tr><tr class="param stripe"><td>&quot;The user is presented with error message for password with only numbers&quot;</td><td>&quot;Validating Register page&quot;</td></tr><tr><th colspan="2">Exception</th></tr><tr><td colspan="2"><div class="stacktrace">java.lang.AssertionError: expected [Password can’t be entirely numeric.] but found [password_mismatch:The two password fields didn’t match.]
	at org.testng.Assert.fail(Assert.java:110)
	at org.testng.Assert.failNotEquals(Assert.java:1413)
	at org.testng.Assert.assertEqualsImpl(Assert.java:149)
	at org.testng.Assert.assertEquals(Assert.java:131)
	at org.testng.Assert.assertEquals(Assert.java:655)
	at org.testng.Assert.assertEquals(Assert.java:665)
	at parallel.Register_SD.it_should_display_an_error_message(Register_SD.java:86)
	at ✽.It should display an error message &quot;Password can’t be entirely numeric.&quot;(file:///C:/Users/kiran/eclipse-workspace/Implementors/src/test/resources/parallel/Register.feature:62)
</div></td></tr></table><p class="totop"><a href="#summary">back to summary</a></p>
<h3 id="m9">parallel.TestRunner#runScenario</h3><table class="result"><tr class="param"><th>Parameter #1</th><th>Parameter #2</th></tr><tr class="param stripe"><td>&quot;The user redirected to Homepage with valid details&quot;</td><td>&quot;Validating Register page&quot;</td></tr><tr><th colspan="2">Exception</th></tr><tr><td colspan="2"><div class="stacktrace">java.lang.AssertionError: Title do not match expected [NumpyNinja] but found [Registration]
	at org.testng.Assert.fail(Assert.java:110)
	at org.testng.Assert.failNotEquals(Assert.java:1413)
	at org.testng.Assert.assertEqualsImpl(Assert.java:149)
	at org.testng.Assert.assertEquals(Assert.java:131)
	at org.testng.Assert.assertEquals(Assert.java:655)
	at parallel.Register_SD.the_user_should_be_redirected_to_homepage_with_the_message(Register_SD.java:154)
	at ✽.The user should be redirected to Homepage with the message &quot;New Account Created. You are logged in as &lt;username&gt;&quot;(file:///C:/Users/kiran/eclipse-workspace/Implementors/src/test/resources/parallel/Register.feature:86)
</div></td></tr></table><p class="totop"><a href="#summary">back to summary</a></p>
<h3 id="m10">parallel.TestRunner#runScenario</h3><table class="result"><tr class="param"><th>Parameter #1</th><th>Parameter #2</th></tr><tr class="param stripe"><td>&quot;The user is able to run code in tryEditor for Search the array link&quot;</td><td>&quot;User launch dsalgo application and test Array page&quot;</td></tr><tr><th colspan="2">Exception</th></tr><tr><td colspan="2"><div class="stacktrace">org.openqa.selenium.UnhandledAlertException: unexpected alert open: {Alert text : SyntaxError: bad input on line 1}
  (Session info: chrome=112.0.5615.49): SyntaxError: bad input on line 1
Build info: version: &apos;4.5.0&apos;, revision: &apos;fe167b119a&apos;
System info: os.name: &apos;Windows 11&apos;, os.arch: &apos;amd64&apos;, os.version: &apos;10.0&apos;, java.version: &apos;19.0.1&apos;
Driver info: org.openqa.selenium.chrome.ChromeDriver
Command: [b446593e541e53fd73eb28549a69f73e, findElement {using=id, value=output}]
Capabilities {acceptInsecureCerts: false, browserName: chrome, browserVersion: 112.0.5615.49, chrome: {chromedriverVersion: 112.0.5615.49 (bd2a7bcb881c..., userDataDir: C:\Users\kiran\AppData\Loca...}, goog:chromeOptions: {debuggerAddress: localhost:56237}, networkConnectionEnabled: false, pageLoadStrategy: normal, platformName: WINDOWS, proxy: Proxy(), se:cdp: ws://localhost:56237/devtoo..., se:cdpVersion: 112.0.5615.49, setWindowRect: true, strictFileInteractability: false, timeouts: {implicit: 0, pageLoad: 300000, script: 30000}, unhandledPromptBehavior: dismiss and notify, webauthn:extension:credBlob: true, webauthn:extension:largeBlob: true, webauthn:extension:minPinLength: true, webauthn:extension:prf: true, webauthn:virtualAuthenticators: true}
Session ID: b446593e541e53fd73eb28549a69f73e
	at org.openqa.selenium.remote.codec.w3c.W3CHttpResponseCodec.decode(W3CHttpResponseCodec.java:131)
	at org.openqa.selenium.remote.codec.w3c.W3CHttpResponseCodec.decode(W3CHttpResponseCodec.java:53)
	at org.openqa.selenium.remote.HttpCommandExecutor.execute(HttpCommandExecutor.java:184)
	at org.openqa.selenium.remote.service.DriverCommandExecutor.invokeExecute(DriverCommandExecutor.java:167)
	at org.openqa.selenium.remote.service.DriverCommandExecutor.execute(DriverCommandExecutor.java:142)
	at org.openqa.selenium.remote.RemoteWebDriver.execute(RemoteWebDriver.java:547)
	at org.openqa.selenium.remote.ElementLocation$ElementFinder$2.findElement(ElementLocation.java:162)
	at org.openqa.selenium.remote.ElementLocation.findElement(ElementLocation.java:60)
	at org.openqa.selenium.remote.RemoteWebDriver.findElement(RemoteWebDriver.java:365)
	at org.openqa.selenium.remote.RemoteWebDriver.findElement(RemoteWebDriver.java:357)
	at org.openqa.selenium.support.pagefactory.DefaultElementLocator.findElement(DefaultElementLocator.java:70)
	at org.openqa.selenium.support.pagefactory.internal.LocatingElementHandler.invoke(LocatingElementHandler.java:39)
	at jdk.proxy2/jdk.proxy2.$Proxy44.isDisplayed(Unknown Source)
	at org.openqa.selenium.support.ui.ExpectedConditions.elementIfVisible(ExpectedConditions.java:307)
	at org.openqa.selenium.support.ui.ExpectedConditions.access$000(ExpectedConditions.java:40)
	at org.openqa.selenium.support.ui.ExpectedConditions$10.apply(ExpectedConditions.java:293)
	at org.openqa.selenium.support.ui.ExpectedConditions$10.apply(ExpectedConditions.java:290)
	at org.openqa.selenium.support.ui.FluentWait.until(FluentWait.java:208)
	at utilities.ElementsUtils.waitForElement(ElementsUtils.java:25)
	at pageObjects.ArrayPage.getActualResult(ArrayPage.java:100)
	at parallel.Array_SD.the_user_should_be_presented_with_run_result(Array_SD.java:88)
	at ✽.The user should be presented with Run result(file:///C:/Users/kiran/eclipse-workspace/Implementors/src/test/resources/parallel/Array.feature:169)
</div></td></tr></table><p class="totop"><a href="#summary">back to summary</a></p>
<h3 id="m11">parallel.TestRunner#runScenario</h3><table class="result"><tr class="param"><th>Parameter #1</th><th>Parameter #2</th></tr><tr class="param stripe"><td>&quot;The user is presented with error message for invalid username&quot;</td><td>&quot;Validating Register page&quot;</td></tr><tr><th colspan="2">Exception</th></tr><tr><td colspan="2"><div class="stacktrace">java.lang.AssertionError: expected [Please enter a valid username] but found [password_mismatch:The two password fields didn’t match.]
	at org.testng.Assert.fail(Assert.java:110)
	at org.testng.Assert.failNotEquals(Assert.java:1413)
	at org.testng.Assert.assertEqualsImpl(Assert.java:149)
	at org.testng.Assert.assertEquals(Assert.java:131)
	at org.testng.Assert.assertEquals(Assert.java:655)
	at org.testng.Assert.assertEquals(Assert.java:665)
	at parallel.Register_SD.it_should_display_an_error_message(Register_SD.java:86)
	at ✽.It should display an error message &quot;Please enter a valid username&quot;(file:///C:/Users/kiran/eclipse-workspace/Implementors/src/test/resources/parallel/Register.feature:38)
</div></td></tr></table><p class="totop"><a href="#summary">back to summary</a></p>
<h3 id="m12">parallel.TestRunner#runScenario</h3><table class="result"><tr class="param"><th>Parameter #1</th><th>Parameter #2</th></tr><tr class="param stripe"><td>&quot;The user is presented with error message for password with characters less than 8&quot;</td><td>&quot;Validating Register page&quot;</td></tr><tr><th colspan="2">Exception</th></tr><tr><td colspan="2"><div class="stacktrace">java.lang.AssertionError: expected [Password should contain at least 8 characters] but found [password_mismatch:The two password fields didn’t match.]
	at org.testng.Assert.fail(Assert.java:110)
	at org.testng.Assert.failNotEquals(Assert.java:1413)
	at org.testng.Assert.assertEqualsImpl(Assert.java:149)
	at org.testng.Assert.assertEquals(Assert.java:131)
	at org.testng.Assert.assertEquals(Assert.java:655)
	at org.testng.Assert.assertEquals(Assert.java:665)
	at parallel.Register_SD.it_should_display_an_error_message(Register_SD.java:86)
	at ✽.It should display an error message &quot;Password should contain at least 8 characters&quot;(file:///C:/Users/kiran/eclipse-workspace/Implementors/src/test/resources/parallel/Register.feature:54)
</div></td></tr></table><p class="totop"><a href="#summary">back to summary</a></p>
<h3 id="m13">parallel.TestRunner#runScenario</h3><table class="result"><tr class="param"><th>Parameter #1</th><th>Parameter #2</th></tr><tr class="param stripe"><td>&quot;User is on Home page and click on dropdown &quot;Queue&quot; without sign in&quot;</td><td>&quot;User launch dsalgo application and test Home page&quot;</td></tr><tr><th colspan="2">Exception</th></tr><tr><td colspan="2"><div class="stacktrace">org.openqa.selenium.NoSuchElementException: no such element: Unable to locate element: {&quot;method&quot;:&quot;xpath&quot;,&quot;selector&quot;:&quot;//*[@class=&apos;alert alert-primary&apos;]&quot;}
  (Session info: chrome=112.0.5615.49)
For documentation on this error, please visit: https://selenium.dev/exceptions/#no_such_element
Build info: version: &apos;4.5.0&apos;, revision: &apos;fe167b119a&apos;
System info: os.name: &apos;Windows 11&apos;, os.arch: &apos;amd64&apos;, os.version: &apos;10.0&apos;, java.version: &apos;19.0.1&apos;
Driver info: org.openqa.selenium.chrome.ChromeDriver
Command: [b446593e541e53fd73eb28549a69f73e, findElement {using=xpath, value=//*[@class=&apos;alert alert-primary&apos;]}]
Capabilities {acceptInsecureCerts: false, browserName: chrome, browserVersion: 112.0.5615.49, chrome: {chromedriverVersion: 112.0.5615.49 (bd2a7bcb881c..., userDataDir: C:\Users\kiran\AppData\Loca...}, goog:chromeOptions: {debuggerAddress: localhost:56237}, networkConnectionEnabled: false, pageLoadStrategy: normal, platformName: WINDOWS, proxy: Proxy(), se:cdp: ws://localhost:56237/devtoo..., se:cdpVersion: 112.0.5615.49, setWindowRect: true, strictFileInteractability: false, timeouts: {implicit: 0, pageLoad: 300000, script: 30000}, unhandledPromptBehavior: dismiss and notify, webauthn:extension:credBlob: true, webauthn:extension:largeBlob: true, webauthn:extension:minPinLength: true, webauthn:extension:prf: true, webauthn:virtualAuthenticators: true}
Session ID: b446593e541e53fd73eb28549a69f73e
	at java.base/jdk.internal.reflect.DirectConstructorHandleAccessor.newInstance(DirectConstructorHandleAccessor.java:67)
	at java.base/java.lang.reflect.Constructor.newInstanceWithCaller(Constructor.java:500)
	at java.base/java.lang.reflect.Constructor.newInstance(Constructor.java:484)
	at org.openqa.selenium.remote.codec.w3c.W3CHttpResponseCodec.createException(W3CHttpResponseCodec.java:200)
	at org.openqa.selenium.remote.codec.w3c.W3CHttpResponseCodec.decode(W3CHttpResponseCodec.java:133)
	at org.openqa.selenium.remote.codec.w3c.W3CHttpResponseCodec.decode(W3CHttpResponseCodec.java:53)
	at org.openqa.selenium.remote.HttpCommandExecutor.execute(HttpCommandExecutor.java:184)
	at org.openqa.selenium.remote.service.DriverCommandExecutor.invokeExecute(DriverCommandExecutor.java:167)
	at org.openqa.selenium.remote.service.DriverCommandExecutor.execute(DriverCommandExecutor.java:142)
	at org.openqa.selenium.remote.RemoteWebDriver.execute(RemoteWebDriver.java:547)
	at org.openqa.selenium.remote.ElementLocation$ElementFinder$2.findElement(ElementLocation.java:162)
	at org.openqa.selenium.remote.ElementLocation.findElement(ElementLocation.java:60)
	at org.openqa.selenium.remote.RemoteWebDriver.findElement(RemoteWebDriver.java:365)
	at org.openqa.selenium.remote.RemoteWebDriver.findElement(RemoteWebDriver.java:357)
	at org.openqa.selenium.support.pagefactory.DefaultElementLocator.findElement(DefaultElementLocator.java:70)
	at org.openqa.selenium.support.pagefactory.internal.LocatingElementHandler.invoke(LocatingElementHandler.java:39)
	at jdk.proxy2/jdk.proxy2.$Proxy44.getText(Unknown Source)
	at pageObjects.HomePage.alert(HomePage.java:74)
	at parallel.Home_SD.the_user_get_warning_message(Home_SD.java:55)
	at ✽.The user get warning message &quot;You are not logged in&quot;(file:///C:/Users/kiran/eclipse-workspace/Implementors/src/test/resources/parallel/Home.feature:30)
</div></td></tr></table><p class="totop"><a href="#summary">back to summary</a></p>
<h3 id="m14">parallel.TestRunner#runScenario</h3><table class="result"><tr class="param"><th>Parameter #1</th><th>Parameter #2</th></tr><tr class="param stripe"><td>&quot;The user is able to run code in tryEditor for Squares of a Sorted Array&quot;</td><td>&quot;User launch dsalgo application and test Array page&quot;</td></tr><tr><th colspan="2">Exception</th></tr><tr><td colspan="2"><div class="stacktrace">org.openqa.selenium.UnhandledAlertException: unexpected alert open: {Alert text : SyntaxError: bad input on line 1}
  (Session info: chrome=112.0.5615.49): SyntaxError: bad input on line 1
Build info: version: &apos;4.5.0&apos;, revision: &apos;fe167b119a&apos;
System info: os.name: &apos;Windows 11&apos;, os.arch: &apos;amd64&apos;, os.version: &apos;10.0&apos;, java.version: &apos;19.0.1&apos;
Driver info: org.openqa.selenium.chrome.ChromeDriver
Command: [b446593e541e53fd73eb28549a69f73e, findElement {using=id, value=output}]
Capabilities {acceptInsecureCerts: false, browserName: chrome, browserVersion: 112.0.5615.49, chrome: {chromedriverVersion: 112.0.5615.49 (bd2a7bcb881c..., userDataDir: C:\Users\kiran\AppData\Loca...}, goog:chromeOptions: {debuggerAddress: localhost:56237}, networkConnectionEnabled: false, pageLoadStrategy: normal, platformName: WINDOWS, proxy: Proxy(), se:cdp: ws://localhost:56237/devtoo..., se:cdpVersion: 112.0.5615.49, setWindowRect: true, strictFileInteractability: false, timeouts: {implicit: 0, pageLoad: 300000, script: 30000}, unhandledPromptBehavior: dismiss and notify, webauthn:extension:credBlob: true, webauthn:extension:largeBlob: true, webauthn:extension:minPinLength: true, webauthn:extension:prf: true, webauthn:virtualAuthenticators: true}
Session ID: b446593e541e53fd73eb28549a69f73e
	at org.openqa.selenium.remote.codec.w3c.W3CHttpResponseCodec.decode(W3CHttpResponseCodec.java:131)
	at org.openqa.selenium.remote.codec.w3c.W3CHttpResponseCodec.decode(W3CHttpResponseCodec.java:53)
	at org.openqa.selenium.remote.HttpCommandExecutor.execute(HttpCommandExecutor.java:184)
	at org.openqa.selenium.remote.service.DriverCommandExecutor.invokeExecute(DriverCommandExecutor.java:167)
	at org.openqa.selenium.remote.service.DriverCommandExecutor.execute(DriverCommandExecutor.java:142)
	at org.openqa.selenium.remote.RemoteWebDriver.execute(RemoteWebDriver.java:547)
	at org.openqa.selenium.remote.ElementLocation$ElementFinder$2.findElement(ElementLocation.java:162)
	at org.openqa.selenium.remote.ElementLocation.findElement(ElementLocation.java:60)
	at org.openqa.selenium.remote.RemoteWebDriver.findElement(RemoteWebDriver.java:365)
	at org.openqa.selenium.remote.RemoteWebDriver.findElement(RemoteWebDriver.java:357)
	at org.openqa.selenium.support.pagefactory.DefaultElementLocator.findElement(DefaultElementLocator.java:70)
	at org.openqa.selenium.support.pagefactory.internal.LocatingElementHandler.invoke(LocatingElementHandler.java:39)
	at jdk.proxy2/jdk.proxy2.$Proxy44.isDisplayed(Unknown Source)
	at org.openqa.selenium.support.ui.ExpectedConditions.elementIfVisible(ExpectedConditions.java:307)
	at org.openqa.selenium.support.ui.ExpectedConditions.access$000(ExpectedConditions.java:40)
	at org.openqa.selenium.support.ui.ExpectedConditions$10.apply(ExpectedConditions.java:293)
	at org.openqa.selenium.support.ui.ExpectedConditions$10.apply(ExpectedConditions.java:290)
	at org.openqa.selenium.support.ui.FluentWait.until(FluentWait.java:208)
	at utilities.ElementsUtils.waitForElement(ElementsUtils.java:25)
	at pageObjects.ArrayPage.getActualResult(ArrayPage.java:100)
	at parallel.Array_SD.the_user_should_be_presented_with_run_result(Array_SD.java:88)
	at ✽.The user should be presented with Run result(file:///C:/Users/kiran/eclipse-workspace/Implementors/src/test/resources/parallel/Array.feature:286)
</div></td></tr></table><p class="totop"><a href="#summary">back to summary</a></p>
<h3 id="m15">parallel.TestRunner#runScenario</h3><table class="result"><tr class="param"><th>Parameter #1</th><th>Parameter #2</th></tr><tr class="param stripe"><td>&quot;User is on Home page and click on dropdown &quot;Tree&quot; without sign in&quot;</td><td>&quot;User launch dsalgo application and test Home page&quot;</td></tr><tr><th colspan="2">Exception</th></tr><tr><td colspan="2"><div class="stacktrace">org.openqa.selenium.NoSuchElementException: no such element: Unable to locate element: {&quot;method&quot;:&quot;xpath&quot;,&quot;selector&quot;:&quot;//*[@class=&apos;alert alert-primary&apos;]&quot;}
  (Session info: chrome=112.0.5615.49)
For documentation on this error, please visit: https://selenium.dev/exceptions/#no_such_element
Build info: version: &apos;4.5.0&apos;, revision: &apos;fe167b119a&apos;
System info: os.name: &apos;Windows 11&apos;, os.arch: &apos;amd64&apos;, os.version: &apos;10.0&apos;, java.version: &apos;19.0.1&apos;
Driver info: org.openqa.selenium.chrome.ChromeDriver
Command: [b446593e541e53fd73eb28549a69f73e, findElement {using=xpath, value=//*[@class=&apos;alert alert-primary&apos;]}]
Capabilities {acceptInsecureCerts: false, browserName: chrome, browserVersion: 112.0.5615.49, chrome: {chromedriverVersion: 112.0.5615.49 (bd2a7bcb881c..., userDataDir: C:\Users\kiran\AppData\Loca...}, goog:chromeOptions: {debuggerAddress: localhost:56237}, networkConnectionEnabled: false, pageLoadStrategy: normal, platformName: WINDOWS, proxy: Proxy(), se:cdp: ws://localhost:56237/devtoo..., se:cdpVersion: 112.0.5615.49, setWindowRect: true, strictFileInteractability: false, timeouts: {implicit: 0, pageLoad: 300000, script: 30000}, unhandledPromptBehavior: dismiss and notify, webauthn:extension:credBlob: true, webauthn:extension:largeBlob: true, webauthn:extension:minPinLength: true, webauthn:extension:prf: true, webauthn:virtualAuthenticators: true}
Session ID: b446593e541e53fd73eb28549a69f73e
	at java.base/jdk.internal.reflect.DirectConstructorHandleAccessor.newInstance(DirectConstructorHandleAccessor.java:67)
	at java.base/java.lang.reflect.Constructor.newInstanceWithCaller(Constructor.java:500)
	at java.base/java.lang.reflect.Constructor.newInstance(Constructor.java:484)
	at org.openqa.selenium.remote.codec.w3c.W3CHttpResponseCodec.createException(W3CHttpResponseCodec.java:200)
	at org.openqa.selenium.remote.codec.w3c.W3CHttpResponseCodec.decode(W3CHttpResponseCodec.java:133)
	at org.openqa.selenium.remote.codec.w3c.W3CHttpResponseCodec.decode(W3CHttpResponseCodec.java:53)
	at org.openqa.selenium.remote.HttpCommandExecutor.execute(HttpCommandExecutor.java:184)
	at org.openqa.selenium.remote.service.DriverCommandExecutor.invokeExecute(DriverCommandExecutor.java:167)
	at org.openqa.selenium.remote.service.DriverCommandExecutor.execute(DriverCommandExecutor.java:142)
	at org.openqa.selenium.remote.RemoteWebDriver.execute(RemoteWebDriver.java:547)
	at org.openqa.selenium.remote.ElementLocation$ElementFinder$2.findElement(ElementLocation.java:162)
	at org.openqa.selenium.remote.ElementLocation.findElement(ElementLocation.java:60)
	at org.openqa.selenium.remote.RemoteWebDriver.findElement(RemoteWebDriver.java:365)
	at org.openqa.selenium.remote.RemoteWebDriver.findElement(RemoteWebDriver.java:357)
	at org.openqa.selenium.support.pagefactory.DefaultElementLocator.findElement(DefaultElementLocator.java:70)
	at org.openqa.selenium.support.pagefactory.internal.LocatingElementHandler.invoke(LocatingElementHandler.java:39)
	at jdk.proxy2/jdk.proxy2.$Proxy44.getText(Unknown Source)
	at pageObjects.HomePage.alert(HomePage.java:74)
	at parallel.Home_SD.the_user_get_warning_message(Home_SD.java:55)
	at ✽.The user get warning message &quot;You are not logged in&quot;(file:///C:/Users/kiran/eclipse-workspace/Implementors/src/test/resources/parallel/Home.feature:30)
</div></td></tr></table><p class="totop"><a href="#summary">back to summary</a></p>
<h3 id="m16">parallel.TestRunner#runScenario</h3><table class="result"><tr class="param"><th>Parameter #1</th><th>Parameter #2</th></tr><tr class="param stripe"><td>&quot;The user is presented with error message for commonly used password&quot;</td><td>&quot;Validating Register page&quot;</td></tr><tr><th colspan="2">Exception</th></tr><tr><td colspan="2"><div class="stacktrace">java.lang.AssertionError: expected [Password can’t be commonly used password] but found [password_mismatch:The two password fields didn’t match.]
	at org.testng.Assert.fail(Assert.java:110)
	at org.testng.Assert.failNotEquals(Assert.java:1413)
	at org.testng.Assert.assertEqualsImpl(Assert.java:149)
	at org.testng.Assert.assertEquals(Assert.java:131)
	at org.testng.Assert.assertEquals(Assert.java:655)
	at org.testng.Assert.assertEquals(Assert.java:665)
	at parallel.Register_SD.it_should_display_an_error_message(Register_SD.java:86)
	at ✽.It should display an error message &quot;Password can’t be commonly used password&quot;(file:///C:/Users/kiran/eclipse-workspace/Implementors/src/test/resources/parallel/Register.feature:78)
</div></td></tr></table><p class="totop"><a href="#summary">back to summary</a></p>
<h3 id="m17">parallel.TestRunner#runScenario</h3><table class="result"><tr class="param"><th>Parameter #1</th><th>Parameter #2</th></tr><tr class="param stripe"><td>&quot;User on login page and login with invalid and valid inputs from Excel &quot;Sheet1&quot; and 1&quot;</td><td>&quot;Validating Login page&quot;</td></tr><tr><th colspan="2">Exception</th></tr><tr><td colspan="2"><div class="stacktrace">java.lang.AssertionError: expected [Please check your user id] but found [Invalid Username and Password]
	at org.testng.Assert.fail(Assert.java:110)
	at org.testng.Assert.failNotEquals(Assert.java:1413)
	at org.testng.Assert.assertEqualsImpl(Assert.java:149)
	at org.testng.Assert.assertEquals(Assert.java:131)
	at org.testng.Assert.assertEquals(Assert.java:655)
	at org.testng.Assert.assertEquals(Assert.java:665)
	at parallel.Signin_SD.click_login_button(Signin_SD.java:94)
	at ✽.click login button(file:///C:/Users/kiran/eclipse-workspace/Implementors/src/test/resources/parallel/SignIn.feature:26)
</div></td></tr></table><p class="totop"><a href="#summary">back to summary</a></p>
<h3 id="m18">parallel.TestRunner#runScenario</h3><table class="result"><tr class="param"><th>Parameter #1</th><th>Parameter #2</th></tr><tr class="param stripe"><td>&quot;The user is able to run code in tryEditor for Max Consecutive Ones&quot;</td><td>&quot;User launch dsalgo application and test Array page&quot;</td></tr><tr><th colspan="2">Exception</th></tr><tr><td colspan="2"><div class="stacktrace">org.openqa.selenium.UnhandledAlertException: unexpected alert open: {Alert text : SyntaxError: bad input on line 1}
  (Session info: chrome=112.0.5615.49): SyntaxError: bad input on line 1
Build info: version: &apos;4.5.0&apos;, revision: &apos;fe167b119a&apos;
System info: os.name: &apos;Windows 11&apos;, os.arch: &apos;amd64&apos;, os.version: &apos;10.0&apos;, java.version: &apos;19.0.1&apos;
Driver info: org.openqa.selenium.chrome.ChromeDriver
Command: [b446593e541e53fd73eb28549a69f73e, findElement {using=id, value=output}]
Capabilities {acceptInsecureCerts: false, browserName: chrome, browserVersion: 112.0.5615.49, chrome: {chromedriverVersion: 112.0.5615.49 (bd2a7bcb881c..., userDataDir: C:\Users\kiran\AppData\Loca...}, goog:chromeOptions: {debuggerAddress: localhost:56237}, networkConnectionEnabled: false, pageLoadStrategy: normal, platformName: WINDOWS, proxy: Proxy(), se:cdp: ws://localhost:56237/devtoo..., se:cdpVersion: 112.0.5615.49, setWindowRect: true, strictFileInteractability: false, timeouts: {implicit: 0, pageLoad: 300000, script: 30000}, unhandledPromptBehavior: dismiss and notify, webauthn:extension:credBlob: true, webauthn:extension:largeBlob: true, webauthn:extension:minPinLength: true, webauthn:extension:prf: true, webauthn:virtualAuthenticators: true}
Session ID: b446593e541e53fd73eb28549a69f73e
	at org.openqa.selenium.remote.codec.w3c.W3CHttpResponseCodec.decode(W3CHttpResponseCodec.java:131)
	at org.openqa.selenium.remote.codec.w3c.W3CHttpResponseCodec.decode(W3CHttpResponseCodec.java:53)
	at org.openqa.selenium.remote.HttpCommandExecutor.execute(HttpCommandExecutor.java:184)
	at org.openqa.selenium.remote.service.DriverCommandExecutor.invokeExecute(DriverCommandExecutor.java:167)
	at org.openqa.selenium.remote.service.DriverCommandExecutor.execute(DriverCommandExecutor.java:142)
	at org.openqa.selenium.remote.RemoteWebDriver.execute(RemoteWebDriver.java:547)
	at org.openqa.selenium.remote.ElementLocation$ElementFinder$2.findElement(ElementLocation.java:162)
	at org.openqa.selenium.remote.ElementLocation.findElement(ElementLocation.java:60)
	at org.openqa.selenium.remote.RemoteWebDriver.findElement(RemoteWebDriver.java:365)
	at org.openqa.selenium.remote.RemoteWebDriver.findElement(RemoteWebDriver.java:357)
	at org.openqa.selenium.support.pagefactory.DefaultElementLocator.findElement(DefaultElementLocator.java:70)
	at org.openqa.selenium.support.pagefactory.internal.LocatingElementHandler.invoke(LocatingElementHandler.java:39)
	at jdk.proxy2/jdk.proxy2.$Proxy44.isDisplayed(Unknown Source)
	at org.openqa.selenium.support.ui.ExpectedConditions.elementIfVisible(ExpectedConditions.java:307)
	at org.openqa.selenium.support.ui.ExpectedConditions.access$000(ExpectedConditions.java:40)
	at org.openqa.selenium.support.ui.ExpectedConditions$10.apply(ExpectedConditions.java:293)
	at org.openqa.selenium.support.ui.ExpectedConditions$10.apply(ExpectedConditions.java:290)
	at org.openqa.selenium.support.ui.FluentWait.until(FluentWait.java:208)
	at utilities.ElementsUtils.waitForElement(ElementsUtils.java:25)
	at pageObjects.ArrayPage.getActualResult(ArrayPage.java:100)
	at parallel.Array_SD.the_user_should_be_presented_with_run_result(Array_SD.java:88)
	at ✽.The user should be presented with Run result(file:///C:/Users/kiran/eclipse-workspace/Implementors/src/test/resources/parallel/Array.feature:208)
</div></td></tr></table><p class="totop"><a href="#summary">back to summary</a></p>
<h3 id="m19">parallel.TestRunner#runScenario</h3><table class="result"><tr class="param"><th>Parameter #1</th><th>Parameter #2</th></tr><tr class="param stripe"><td>&quot;User is on Home page and click on sign in&quot;</td><td>&quot;User launch dsalgo application and test Home page&quot;</td></tr><tr><th colspan="2">Exception</th></tr><tr><td colspan="2"><div class="stacktrace">org.openqa.selenium.NoSuchElementException: no such element: Unable to locate element: {&quot;method&quot;:&quot;xpath&quot;,&quot;selector&quot;:&quot;//a[@href=&apos;/login&apos;]&quot;}
  (Session info: chrome=112.0.5615.49)
For documentation on this error, please visit: https://selenium.dev/exceptions/#no_such_element
Build info: version: &apos;4.5.0&apos;, revision: &apos;fe167b119a&apos;
System info: os.name: &apos;Windows 11&apos;, os.arch: &apos;amd64&apos;, os.version: &apos;10.0&apos;, java.version: &apos;19.0.1&apos;
Driver info: org.openqa.selenium.chrome.ChromeDriver
Command: [b446593e541e53fd73eb28549a69f73e, findElement {using=xpath, value=//a[@href=&apos;/login&apos;]}]
Capabilities {acceptInsecureCerts: false, browserName: chrome, browserVersion: 112.0.5615.49, chrome: {chromedriverVersion: 112.0.5615.49 (bd2a7bcb881c..., userDataDir: C:\Users\kiran\AppData\Loca...}, goog:chromeOptions: {debuggerAddress: localhost:56237}, networkConnectionEnabled: false, pageLoadStrategy: normal, platformName: WINDOWS, proxy: Proxy(), se:cdp: ws://localhost:56237/devtoo..., se:cdpVersion: 112.0.5615.49, setWindowRect: true, strictFileInteractability: false, timeouts: {implicit: 0, pageLoad: 300000, script: 30000}, unhandledPromptBehavior: dismiss and notify, webauthn:extension:credBlob: true, webauthn:extension:largeBlob: true, webauthn:extension:minPinLength: true, webauthn:extension:prf: true, webauthn:virtualAuthenticators: true}
Session ID: b446593e541e53fd73eb28549a69f73e
	at java.base/jdk.internal.reflect.DirectConstructorHandleAccessor.newInstance(DirectConstructorHandleAccessor.java:67)
	at java.base/java.lang.reflect.Constructor.newInstanceWithCaller(Constructor.java:500)
	at java.base/java.lang.reflect.Constructor.newInstance(Constructor.java:484)
	at org.openqa.selenium.remote.codec.w3c.W3CHttpResponseCodec.createException(W3CHttpResponseCodec.java:200)
	at org.openqa.selenium.remote.codec.w3c.W3CHttpResponseCodec.decode(W3CHttpResponseCodec.java:133)
	at org.openqa.selenium.remote.codec.w3c.W3CHttpResponseCodec.decode(W3CHttpResponseCodec.java:53)
	at org.openqa.selenium.remote.HttpCommandExecutor.execute(HttpCommandExecutor.java:184)
	at org.openqa.selenium.remote.service.DriverCommandExecutor.invokeExecute(DriverCommandExecutor.java:167)
	at org.openqa.selenium.remote.service.DriverCommandExecutor.execute(DriverCommandExecutor.java:142)
	at org.openqa.selenium.remote.RemoteWebDriver.execute(RemoteWebDriver.java:547)
	at org.openqa.selenium.remote.ElementLocation$ElementFinder$2.findElement(ElementLocation.java:162)
	at org.openqa.selenium.remote.ElementLocation.findElement(ElementLocation.java:60)
	at org.openqa.selenium.remote.RemoteWebDriver.findElement(RemoteWebDriver.java:365)
	at org.openqa.selenium.remote.RemoteWebDriver.findElement(RemoteWebDriver.java:357)
	at org.openqa.selenium.support.pagefactory.DefaultElementLocator.findElement(DefaultElementLocator.java:70)
	at org.openqa.selenium.support.pagefactory.internal.LocatingElementHandler.invoke(LocatingElementHandler.java:39)
	at jdk.proxy2/jdk.proxy2.$Proxy44.click(Unknown Source)
	at pageObjects.HomePage.signin_link(HomePage.java:155)
	at parallel.Home_SD.the_user_clicks_on_signin_link(Home_SD.java:76)
	at ✽.The user clicks on signin link(file:///C:/Users/kiran/eclipse-workspace/Implementors/src/test/resources/parallel/Home.feature:44)
</div></td></tr></table><p class="totop"><a href="#summary">back to summary</a></p>
<h3 id="m20">parallel.TestRunner#runScenario</h3><table class="result"><tr class="param"><th>Parameter #1</th><th>Parameter #2</th></tr><tr class="param stripe"><td>&quot;User is on Home page and click getstarted link &quot;Arrays&quot; on home page without sign in&quot;</td><td>&quot;User launch dsalgo application and test Home page&quot;</td></tr><tr><th colspan="2">Exception</th></tr><tr><td colspan="2"><div class="stacktrace">org.openqa.selenium.NoSuchElementException: no such element: Unable to locate element: {&quot;method&quot;:&quot;xpath&quot;,&quot;selector&quot;:&quot;//*[@class=&apos;alert alert-primary&apos;]&quot;}
  (Session info: chrome=112.0.5615.49)
For documentation on this error, please visit: https://selenium.dev/exceptions/#no_such_element
Build info: version: &apos;4.5.0&apos;, revision: &apos;fe167b119a&apos;
System info: os.name: &apos;Windows 11&apos;, os.arch: &apos;amd64&apos;, os.version: &apos;10.0&apos;, java.version: &apos;19.0.1&apos;
Driver info: org.openqa.selenium.chrome.ChromeDriver
Command: [b446593e541e53fd73eb28549a69f73e, findElement {using=xpath, value=//*[@class=&apos;alert alert-primary&apos;]}]
Capabilities {acceptInsecureCerts: false, browserName: chrome, browserVersion: 112.0.5615.49, chrome: {chromedriverVersion: 112.0.5615.49 (bd2a7bcb881c..., userDataDir: C:\Users\kiran\AppData\Loca...}, goog:chromeOptions: {debuggerAddress: localhost:56237}, networkConnectionEnabled: false, pageLoadStrategy: normal, platformName: WINDOWS, proxy: Proxy(), se:cdp: ws://localhost:56237/devtoo..., se:cdpVersion: 112.0.5615.49, setWindowRect: true, strictFileInteractability: false, timeouts: {implicit: 0, pageLoad: 300000, script: 30000}, unhandledPromptBehavior: dismiss and notify, webauthn:extension:credBlob: true, webauthn:extension:largeBlob: true, webauthn:extension:minPinLength: true, webauthn:extension:prf: true, webauthn:virtualAuthenticators: true}
Session ID: b446593e541e53fd73eb28549a69f73e
	at java.base/jdk.internal.reflect.DirectConstructorHandleAccessor.newInstance(DirectConstructorHandleAccessor.java:67)
	at java.base/java.lang.reflect.Constructor.newInstanceWithCaller(Constructor.java:500)
	at java.base/java.lang.reflect.Constructor.newInstance(Constructor.java:484)
	at org.openqa.selenium.remote.codec.w3c.W3CHttpResponseCodec.createException(W3CHttpResponseCodec.java:200)
	at org.openqa.selenium.remote.codec.w3c.W3CHttpResponseCodec.decode(W3CHttpResponseCodec.java:133)
	at org.openqa.selenium.remote.codec.w3c.W3CHttpResponseCodec.decode(W3CHttpResponseCodec.java:53)
	at org.openqa.selenium.remote.HttpCommandExecutor.execute(HttpCommandExecutor.java:184)
	at org.openqa.selenium.remote.service.DriverCommandExecutor.invokeExecute(DriverCommandExecutor.java:167)
	at org.openqa.selenium.remote.service.DriverCommandExecutor.execute(DriverCommandExecutor.java:142)
	at org.openqa.selenium.remote.RemoteWebDriver.execute(RemoteWebDriver.java:547)
	at org.openqa.selenium.remote.ElementLocation$ElementFinder$2.findElement(ElementLocation.java:162)
	at org.openqa.selenium.remote.ElementLocation.findElement(ElementLocation.java:60)
	at org.openqa.selenium.remote.RemoteWebDriver.findElement(RemoteWebDriver.java:365)
	at org.openqa.selenium.remote.RemoteWebDriver.findElement(RemoteWebDriver.java:357)
	at org.openqa.selenium.support.pagefactory.DefaultElementLocator.findElement(DefaultElementLocator.java:70)
	at org.openqa.selenium.support.pagefactory.internal.LocatingElementHandler.invoke(LocatingElementHandler.java:39)
	at jdk.proxy2/jdk.proxy2.$Proxy44.getText(Unknown Source)
	at pageObjects.HomePage.alert(HomePage.java:74)
	at parallel.Home_SD.the_user_get_warning_message(Home_SD.java:55)
	at ✽.The user get warning message &quot;You are not logged in&quot;(file:///C:/Users/kiran/eclipse-workspace/Implementors/src/test/resources/parallel/Home.feature:14)
</div></td></tr></table><p class="totop"><a href="#summary">back to summary</a></p>
<h3 id="m21">parallel.TestRunner#runScenario</h3><table class="result"><tr class="param"><th>Parameter #1</th><th>Parameter #2</th></tr><tr class="param stripe"><td>&quot;The user is able to run code in tryEditor for Find Numbers with Even Number of Digits&quot;</td><td>&quot;User launch dsalgo application and test Array page&quot;</td></tr><tr><th colspan="2">Exception</th></tr><tr><td colspan="2"><div class="stacktrace">org.openqa.selenium.UnhandledAlertException: unexpected alert open: {Alert text : SyntaxError: bad input on line 1}
  (Session info: chrome=112.0.5615.49): SyntaxError: bad input on line 1
Build info: version: &apos;4.5.0&apos;, revision: &apos;fe167b119a&apos;
System info: os.name: &apos;Windows 11&apos;, os.arch: &apos;amd64&apos;, os.version: &apos;10.0&apos;, java.version: &apos;19.0.1&apos;
Driver info: org.openqa.selenium.chrome.ChromeDriver
Command: [b446593e541e53fd73eb28549a69f73e, findElement {using=id, value=output}]
Capabilities {acceptInsecureCerts: false, browserName: chrome, browserVersion: 112.0.5615.49, chrome: {chromedriverVersion: 112.0.5615.49 (bd2a7bcb881c..., userDataDir: C:\Users\kiran\AppData\Loca...}, goog:chromeOptions: {debuggerAddress: localhost:56237}, networkConnectionEnabled: false, pageLoadStrategy: normal, platformName: WINDOWS, proxy: Proxy(), se:cdp: ws://localhost:56237/devtoo..., se:cdpVersion: 112.0.5615.49, setWindowRect: true, strictFileInteractability: false, timeouts: {implicit: 0, pageLoad: 300000, script: 30000}, unhandledPromptBehavior: dismiss and notify, webauthn:extension:credBlob: true, webauthn:extension:largeBlob: true, webauthn:extension:minPinLength: true, webauthn:extension:prf: true, webauthn:virtualAuthenticators: true}
Session ID: b446593e541e53fd73eb28549a69f73e
	at org.openqa.selenium.remote.codec.w3c.W3CHttpResponseCodec.decode(W3CHttpResponseCodec.java:131)
	at org.openqa.selenium.remote.codec.w3c.W3CHttpResponseCodec.decode(W3CHttpResponseCodec.java:53)
	at org.openqa.selenium.remote.HttpCommandExecutor.execute(HttpCommandExecutor.java:184)
	at org.openqa.selenium.remote.service.DriverCommandExecutor.invokeExecute(DriverCommandExecutor.java:167)
	at org.openqa.selenium.remote.service.DriverCommandExecutor.execute(DriverCommandExecutor.java:142)
	at org.openqa.selenium.remote.RemoteWebDriver.execute(RemoteWebDriver.java:547)
	at org.openqa.selenium.remote.ElementLocation$ElementFinder$2.findElement(ElementLocation.java:162)
	at org.openqa.selenium.remote.ElementLocation.findElement(ElementLocation.java:60)
	at org.openqa.selenium.remote.RemoteWebDriver.findElement(RemoteWebDriver.java:365)
	at org.openqa.selenium.remote.RemoteWebDriver.findElement(RemoteWebDriver.java:357)
	at org.openqa.selenium.support.pagefactory.DefaultElementLocator.findElement(DefaultElementLocator.java:70)
	at org.openqa.selenium.support.pagefactory.internal.LocatingElementHandler.invoke(LocatingElementHandler.java:39)
	at jdk.proxy2/jdk.proxy2.$Proxy44.isDisplayed(Unknown Source)
	at org.openqa.selenium.support.ui.ExpectedConditions.elementIfVisible(ExpectedConditions.java:307)
	at org.openqa.selenium.support.ui.ExpectedConditions.access$000(ExpectedConditions.java:40)
	at org.openqa.selenium.support.ui.ExpectedConditions$10.apply(ExpectedConditions.java:293)
	at org.openqa.selenium.support.ui.ExpectedConditions$10.apply(ExpectedConditions.java:290)
	at org.openqa.selenium.support.ui.FluentWait.until(FluentWait.java:208)
	at utilities.ElementsUtils.waitForElement(ElementsUtils.java:25)
	at pageObjects.ArrayPage.getActualResult(ArrayPage.java:100)
	at parallel.Array_SD.the_user_should_be_presented_with_run_result(Array_SD.java:88)
	at ✽.The user should be presented with Run result(file:///C:/Users/kiran/eclipse-workspace/Implementors/src/test/resources/parallel/Array.feature:247)
</div></td></tr></table><p class="totop"><a href="#summary">back to summary</a></p>
<h3 id="m22">parallel.TestRunner#runScenario</h3><table class="result"><tr class="param"><th>Parameter #1</th><th>Parameter #2</th></tr><tr class="param stripe"><td>&quot;The user is able to submit code in tryEditor for Squares of a Sorted Array&quot;</td><td>&quot;User launch dsalgo application and test Array page&quot;</td></tr><tr><th colspan="2">Exception</th></tr><tr><td colspan="2"><div class="stacktrace">java.lang.AssertionError: Result do not match expected [submission success] but found [ No tests were collected]
	at org.testng.Assert.fail(Assert.java:110)
	at org.testng.Assert.failNotEquals(Assert.java:1413)
	at org.testng.Assert.assertEqualsImpl(Assert.java:149)
	at org.testng.Assert.assertEquals(Assert.java:131)
	at org.testng.Assert.assertEquals(Assert.java:655)
	at parallel.Array_SD.the_user_should_be_presented_with_successful_submission_message(Array_SD.java:194)
	at ✽.The user should be presented with successful submission message(file:///C:/Users/kiran/eclipse-workspace/Implementors/src/test/resources/parallel/Array.feature:297)
</div></td></tr></table><p class="totop"><a href="#summary">back to summary</a></p>
<h3 id="m23">parallel.TestRunner#runScenario</h3><table class="result"><tr class="param"><th>Parameter #1</th><th>Parameter #2</th></tr><tr class="param stripe"><td>&quot;The user is presented with error message for existing username&quot;</td><td>&quot;Validating Register page&quot;</td></tr><tr><th colspan="2">Exception</th></tr><tr><td colspan="2"><div class="stacktrace">java.lang.AssertionError: expected [Username already exists] but found [password_mismatch:The two password fields didn’t match.]
	at org.testng.Assert.fail(Assert.java:110)
	at org.testng.Assert.failNotEquals(Assert.java:1413)
	at org.testng.Assert.assertEqualsImpl(Assert.java:149)
	at org.testng.Assert.assertEquals(Assert.java:131)
	at org.testng.Assert.assertEquals(Assert.java:655)
	at org.testng.Assert.assertEquals(Assert.java:665)
	at parallel.Register_SD.it_should_display_an_error_message(Register_SD.java:86)
	at ✽.It should display an error message &quot;Username already exists&quot;(file:///C:/Users/kiran/eclipse-workspace/Implementors/src/test/resources/parallel/Register.feature:94)
</div></td></tr></table><p class="totop"><a href="#summary">back to summary</a></p>
<h3 id="m24">parallel.TestRunner#runScenario</h3><table class="result"><tr class="param"><th>Parameter #1</th><th>Parameter #2</th></tr><tr class="param stripe"><td>&quot;User is on Home page and click getstarted link &quot;Linkedlist&quot; on home page without sign in&quot;</td><td>&quot;User launch dsalgo application and test Home page&quot;</td></tr><tr><th colspan="2">Exception</th></tr><tr><td colspan="2"><div class="stacktrace">org.openqa.selenium.NoSuchElementException: no such element: Unable to locate element: {&quot;method&quot;:&quot;xpath&quot;,&quot;selector&quot;:&quot;//*[@class=&apos;alert alert-primary&apos;]&quot;}
  (Session info: chrome=112.0.5615.49)
For documentation on this error, please visit: https://selenium.dev/exceptions/#no_such_element
Build info: version: &apos;4.5.0&apos;, revision: &apos;fe167b119a&apos;
System info: os.name: &apos;Windows 11&apos;, os.arch: &apos;amd64&apos;, os.version: &apos;10.0&apos;, java.version: &apos;19.0.1&apos;
Driver info: org.openqa.selenium.chrome.ChromeDriver
Command: [b446593e541e53fd73eb28549a69f73e, findElement {using=xpath, value=//*[@class=&apos;alert alert-primary&apos;]}]
Capabilities {acceptInsecureCerts: false, browserName: chrome, browserVersion: 112.0.5615.49, chrome: {chromedriverVersion: 112.0.5615.49 (bd2a7bcb881c..., userDataDir: C:\Users\kiran\AppData\Loca...}, goog:chromeOptions: {debuggerAddress: localhost:56237}, networkConnectionEnabled: false, pageLoadStrategy: normal, platformName: WINDOWS, proxy: Proxy(), se:cdp: ws://localhost:56237/devtoo..., se:cdpVersion: 112.0.5615.49, setWindowRect: true, strictFileInteractability: false, timeouts: {implicit: 0, pageLoad: 300000, script: 30000}, unhandledPromptBehavior: dismiss and notify, webauthn:extension:credBlob: true, webauthn:extension:largeBlob: true, webauthn:extension:minPinLength: true, webauthn:extension:prf: true, webauthn:virtualAuthenticators: true}
Session ID: b446593e541e53fd73eb28549a69f73e
	at java.base/jdk.internal.reflect.DirectConstructorHandleAccessor.newInstance(DirectConstructorHandleAccessor.java:67)
	at java.base/java.lang.reflect.Constructor.newInstanceWithCaller(Constructor.java:500)
	at java.base/java.lang.reflect.Constructor.newInstance(Constructor.java:484)
	at org.openqa.selenium.remote.codec.w3c.W3CHttpResponseCodec.createException(W3CHttpResponseCodec.java:200)
	at org.openqa.selenium.remote.codec.w3c.W3CHttpResponseCodec.decode(W3CHttpResponseCodec.java:133)
	at org.openqa.selenium.remote.codec.w3c.W3CHttpResponseCodec.decode(W3CHttpResponseCodec.java:53)
	at org.openqa.selenium.remote.HttpCommandExecutor.execute(HttpCommandExecutor.java:184)
	at org.openqa.selenium.remote.service.DriverCommandExecutor.invokeExecute(DriverCommandExecutor.java:167)
	at org.openqa.selenium.remote.service.DriverCommandExecutor.execute(DriverCommandExecutor.java:142)
	at org.openqa.selenium.remote.RemoteWebDriver.execute(RemoteWebDriver.java:547)
	at org.openqa.selenium.remote.ElementLocation$ElementFinder$2.findElement(ElementLocation.java:162)
	at org.openqa.selenium.remote.ElementLocation.findElement(ElementLocation.java:60)
	at org.openqa.selenium.remote.RemoteWebDriver.findElement(RemoteWebDriver.java:365)
	at org.openqa.selenium.remote.RemoteWebDriver.findElement(RemoteWebDriver.java:357)
	at org.openqa.selenium.support.pagefactory.DefaultElementLocator.findElement(DefaultElementLocator.java:70)
	at org.openqa.selenium.support.pagefactory.internal.LocatingElementHandler.invoke(LocatingElementHandler.java:39)
	at jdk.proxy2/jdk.proxy2.$Proxy44.getText(Unknown Source)
	at pageObjects.HomePage.alert(HomePage.java:74)
	at parallel.Home_SD.the_user_get_warning_message(Home_SD.java:55)
	at ✽.The user get warning message &quot;You are not logged in&quot;(file:///C:/Users/kiran/eclipse-workspace/Implementors/src/test/resources/parallel/Home.feature:14)
</div></td></tr></table><p class="totop"><a href="#summary">back to summary</a></p>
<h3 id="m25">parallel.TestRunner#runScenario</h3><table class="result"><tr class="param"><th>Parameter #1</th><th>Parameter #2</th></tr><tr class="param stripe"><td>&quot;The user is able to submit code in tryEditor for Search the array link&quot;</td><td>&quot;User launch dsalgo application and test Array page&quot;</td></tr><tr><th colspan="2">Exception</th></tr><tr><td colspan="2"><div class="stacktrace">java.lang.AssertionError: Result do not match expected [submission success] but found [Error occurred during submission]
	at org.testng.Assert.fail(Assert.java:110)
	at org.testng.Assert.failNotEquals(Assert.java:1413)
	at org.testng.Assert.assertEqualsImpl(Assert.java:149)
	at org.testng.Assert.assertEquals(Assert.java:131)
	at org.testng.Assert.assertEquals(Assert.java:655)
	at parallel.Array_SD.the_user_should_be_presented_with_successful_submission_message(Array_SD.java:194)
	at ✽.The user should be presented with successful submission message(file:///C:/Users/kiran/eclipse-workspace/Implementors/src/test/resources/parallel/Array.feature:180)
</div></td></tr></table><p class="totop"><a href="#summary">back to summary</a></p>
<h3 id="m26">parallel.TestRunner#runScenario</h3><table class="result"><tr class="param"><th>Parameter #1</th><th>Parameter #2</th></tr><tr class="param stripe"><td>&quot;The user is able to submit code in tryEditor for Find Numbers with Even Number of Digits&quot;</td><td>&quot;User launch dsalgo application and test Array page&quot;</td></tr><tr><th colspan="2">Exception</th></tr><tr><td colspan="2"><div class="stacktrace">java.lang.AssertionError: Result do not match expected [submission success] but found [Error occurred during submission]
	at org.testng.Assert.fail(Assert.java:110)
	at org.testng.Assert.failNotEquals(Assert.java:1413)
	at org.testng.Assert.assertEqualsImpl(Assert.java:149)
	at org.testng.Assert.assertEquals(Assert.java:131)
	at org.testng.Assert.assertEquals(Assert.java:655)
	at parallel.Array_SD.the_user_should_be_presented_with_successful_submission_message(Array_SD.java:194)
	at ✽.The user should be presented with successful submission message(file:///C:/Users/kiran/eclipse-workspace/Implementors/src/test/resources/parallel/Array.feature:258)
</div></td></tr></table><p class="totop"><a href="#summary">back to summary</a></p>
<h3 id="m27">parallel.TestRunner#runScenario</h3><table class="result"><tr class="param"><th>Parameter #1</th><th>Parameter #2</th></tr><tr class="param stripe"><td>&quot;User is on Home page and click on dropdown &quot;Linkedlist&quot; without sign in&quot;</td><td>&quot;User launch dsalgo application and test Home page&quot;</td></tr><tr><th colspan="2">Exception</th></tr><tr><td colspan="2"><div class="stacktrace">org.openqa.selenium.NoSuchElementException: no such element: Unable to locate element: {&quot;method&quot;:&quot;xpath&quot;,&quot;selector&quot;:&quot;//*[@class=&apos;alert alert-primary&apos;]&quot;}
  (Session info: chrome=112.0.5615.49)
For documentation on this error, please visit: https://selenium.dev/exceptions/#no_such_element
Build info: version: &apos;4.5.0&apos;, revision: &apos;fe167b119a&apos;
System info: os.name: &apos;Windows 11&apos;, os.arch: &apos;amd64&apos;, os.version: &apos;10.0&apos;, java.version: &apos;19.0.1&apos;
Driver info: org.openqa.selenium.chrome.ChromeDriver
Command: [b446593e541e53fd73eb28549a69f73e, findElement {using=xpath, value=//*[@class=&apos;alert alert-primary&apos;]}]
Capabilities {acceptInsecureCerts: false, browserName: chrome, browserVersion: 112.0.5615.49, chrome: {chromedriverVersion: 112.0.5615.49 (bd2a7bcb881c..., userDataDir: C:\Users\kiran\AppData\Loca...}, goog:chromeOptions: {debuggerAddress: localhost:56237}, networkConnectionEnabled: false, pageLoadStrategy: normal, platformName: WINDOWS, proxy: Proxy(), se:cdp: ws://localhost:56237/devtoo..., se:cdpVersion: 112.0.5615.49, setWindowRect: true, strictFileInteractability: false, timeouts: {implicit: 0, pageLoad: 300000, script: 30000}, unhandledPromptBehavior: dismiss and notify, webauthn:extension:credBlob: true, webauthn:extension:largeBlob: true, webauthn:extension:minPinLength: true, webauthn:extension:prf: true, webauthn:virtualAuthenticators: true}
Session ID: b446593e541e53fd73eb28549a69f73e
	at java.base/jdk.internal.reflect.DirectConstructorHandleAccessor.newInstance(DirectConstructorHandleAccessor.java:67)
	at java.base/java.lang.reflect.Constructor.newInstanceWithCaller(Constructor.java:500)
	at java.base/java.lang.reflect.Constructor.newInstance(Constructor.java:484)
	at org.openqa.selenium.remote.codec.w3c.W3CHttpResponseCodec.createException(W3CHttpResponseCodec.java:200)
	at org.openqa.selenium.remote.codec.w3c.W3CHttpResponseCodec.decode(W3CHttpResponseCodec.java:133)
	at org.openqa.selenium.remote.codec.w3c.W3CHttpResponseCodec.decode(W3CHttpResponseCodec.java:53)
	at org.openqa.selenium.remote.HttpCommandExecutor.execute(HttpCommandExecutor.java:184)
	at org.openqa.selenium.remote.service.DriverCommandExecutor.invokeExecute(DriverCommandExecutor.java:167)
	at org.openqa.selenium.remote.service.DriverCommandExecutor.execute(DriverCommandExecutor.java:142)
	at org.openqa.selenium.remote.RemoteWebDriver.execute(RemoteWebDriver.java:547)
	at org.openqa.selenium.remote.ElementLocation$ElementFinder$2.findElement(ElementLocation.java:162)
	at org.openqa.selenium.remote.ElementLocation.findElement(ElementLocation.java:60)
	at org.openqa.selenium.remote.RemoteWebDriver.findElement(RemoteWebDriver.java:365)
	at org.openqa.selenium.remote.RemoteWebDriver.findElement(RemoteWebDriver.java:357)
	at org.openqa.selenium.support.pagefactory.DefaultElementLocator.findElement(DefaultElementLocator.java:70)
	at org.openqa.selenium.support.pagefactory.internal.LocatingElementHandler.invoke(LocatingElementHandler.java:39)
	at jdk.proxy2/jdk.proxy2.$Proxy44.getText(Unknown Source)
	at pageObjects.HomePage.alert(HomePage.java:74)
	at parallel.Home_SD.the_user_get_warning_message(Home_SD.java:55)
	at ✽.The user get warning message &quot;You are not logged in&quot;(file:///C:/Users/kiran/eclipse-workspace/Implementors/src/test/resources/parallel/Home.feature:30)
</div></td></tr></table><p class="totop"><a href="#summary">back to summary</a></p>
<h3 id="m28">parallel.TestRunner#runScenario</h3><table class="result"><tr class="param"><th>Parameter #1</th><th>Parameter #2</th></tr><tr class="param stripe"><td>&quot;User is on Home page and click getstarted link &quot;Datastructures&quot; on home page without sign in&quot;</td><td>&quot;User launch dsalgo application and test Home page&quot;</td></tr><tr><th colspan="2">Exception</th></tr><tr><td colspan="2"><div class="stacktrace">org.openqa.selenium.NoSuchElementException: no such element: Unable to locate element: {&quot;method&quot;:&quot;xpath&quot;,&quot;selector&quot;:&quot;//*[@class=&apos;alert alert-primary&apos;]&quot;}
  (Session info: chrome=112.0.5615.49)
For documentation on this error, please visit: https://selenium.dev/exceptions/#no_such_element
Build info: version: &apos;4.5.0&apos;, revision: &apos;fe167b119a&apos;
System info: os.name: &apos;Windows 11&apos;, os.arch: &apos;amd64&apos;, os.version: &apos;10.0&apos;, java.version: &apos;19.0.1&apos;
Driver info: org.openqa.selenium.chrome.ChromeDriver
Command: [b446593e541e53fd73eb28549a69f73e, findElement {using=xpath, value=//*[@class=&apos;alert alert-primary&apos;]}]
Capabilities {acceptInsecureCerts: false, browserName: chrome, browserVersion: 112.0.5615.49, chrome: {chromedriverVersion: 112.0.5615.49 (bd2a7bcb881c..., userDataDir: C:\Users\kiran\AppData\Loca...}, goog:chromeOptions: {debuggerAddress: localhost:56237}, networkConnectionEnabled: false, pageLoadStrategy: normal, platformName: WINDOWS, proxy: Proxy(), se:cdp: ws://localhost:56237/devtoo..., se:cdpVersion: 112.0.5615.49, setWindowRect: true, strictFileInteractability: false, timeouts: {implicit: 0, pageLoad: 300000, script: 30000}, unhandledPromptBehavior: dismiss and notify, webauthn:extension:credBlob: true, webauthn:extension:largeBlob: true, webauthn:extension:minPinLength: true, webauthn:extension:prf: true, webauthn:virtualAuthenticators: true}
Session ID: b446593e541e53fd73eb28549a69f73e
	at java.base/jdk.internal.reflect.DirectConstructorHandleAccessor.newInstance(DirectConstructorHandleAccessor.java:67)
	at java.base/java.lang.reflect.Constructor.newInstanceWithCaller(Constructor.java:500)
	at java.base/java.lang.reflect.Constructor.newInstance(Constructor.java:484)
	at org.openqa.selenium.remote.codec.w3c.W3CHttpResponseCodec.createException(W3CHttpResponseCodec.java:200)
	at org.openqa.selenium.remote.codec.w3c.W3CHttpResponseCodec.decode(W3CHttpResponseCodec.java:133)
	at org.openqa.selenium.remote.codec.w3c.W3CHttpResponseCodec.decode(W3CHttpResponseCodec.java:53)
	at org.openqa.selenium.remote.HttpCommandExecutor.execute(HttpCommandExecutor.java:184)
	at org.openqa.selenium.remote.service.DriverCommandExecutor.invokeExecute(DriverCommandExecutor.java:167)
	at org.openqa.selenium.remote.service.DriverCommandExecutor.execute(DriverCommandExecutor.java:142)
	at org.openqa.selenium.remote.RemoteWebDriver.execute(RemoteWebDriver.java:547)
	at org.openqa.selenium.remote.ElementLocation$ElementFinder$2.findElement(ElementLocation.java:162)
	at org.openqa.selenium.remote.ElementLocation.findElement(ElementLocation.java:60)
	at org.openqa.selenium.remote.RemoteWebDriver.findElement(RemoteWebDriver.java:365)
	at org.openqa.selenium.remote.RemoteWebDriver.findElement(RemoteWebDriver.java:357)
	at org.openqa.selenium.support.pagefactory.DefaultElementLocator.findElement(DefaultElementLocator.java:70)
	at org.openqa.selenium.support.pagefactory.internal.LocatingElementHandler.invoke(LocatingElementHandler.java:39)
	at jdk.proxy2/jdk.proxy2.$Proxy44.getText(Unknown Source)
	at pageObjects.HomePage.alert(HomePage.java:74)
	at parallel.Home_SD.the_user_get_warning_message(Home_SD.java:55)
	at ✽.The user get warning message &quot;You are not logged in&quot;(file:///C:/Users/kiran/eclipse-workspace/Implementors/src/test/resources/parallel/Home.feature:14)
</div></td></tr></table><p class="totop"><a href="#summary">back to summary</a></p>
<h3 id="m29">parallel.TestRunner#runScenario</h3><table class="result"><tr class="param"><th>Parameter #1</th><th>Parameter #2</th></tr><tr class="param stripe"><td>&quot;User is on Home page and click getstarted link &quot;Tree&quot; on home page without sign in&quot;</td><td>&quot;User launch dsalgo application and test Home page&quot;</td></tr><tr><th colspan="2">Exception</th></tr><tr><td colspan="2"><div class="stacktrace">org.openqa.selenium.NoSuchElementException: no such element: Unable to locate element: {&quot;method&quot;:&quot;xpath&quot;,&quot;selector&quot;:&quot;//*[@class=&apos;alert alert-primary&apos;]&quot;}
  (Session info: chrome=112.0.5615.49)
For documentation on this error, please visit: https://selenium.dev/exceptions/#no_such_element
Build info: version: &apos;4.5.0&apos;, revision: &apos;fe167b119a&apos;
System info: os.name: &apos;Windows 11&apos;, os.arch: &apos;amd64&apos;, os.version: &apos;10.0&apos;, java.version: &apos;19.0.1&apos;
Driver info: org.openqa.selenium.chrome.ChromeDriver
Command: [b446593e541e53fd73eb28549a69f73e, findElement {using=xpath, value=//*[@class=&apos;alert alert-primary&apos;]}]
Capabilities {acceptInsecureCerts: false, browserName: chrome, browserVersion: 112.0.5615.49, chrome: {chromedriverVersion: 112.0.5615.49 (bd2a7bcb881c..., userDataDir: C:\Users\kiran\AppData\Loca...}, goog:chromeOptions: {debuggerAddress: localhost:56237}, networkConnectionEnabled: false, pageLoadStrategy: normal, platformName: WINDOWS, proxy: Proxy(), se:cdp: ws://localhost:56237/devtoo..., se:cdpVersion: 112.0.5615.49, setWindowRect: true, strictFileInteractability: false, timeouts: {implicit: 0, pageLoad: 300000, script: 30000}, unhandledPromptBehavior: dismiss and notify, webauthn:extension:credBlob: true, webauthn:extension:largeBlob: true, webauthn:extension:minPinLength: true, webauthn:extension:prf: true, webauthn:virtualAuthenticators: true}
Session ID: b446593e541e53fd73eb28549a69f73e
	at java.base/jdk.internal.reflect.DirectConstructorHandleAccessor.newInstance(DirectConstructorHandleAccessor.java:67)
	at java.base/java.lang.reflect.Constructor.newInstanceWithCaller(Constructor.java:500)
	at java.base/java.lang.reflect.Constructor.newInstance(Constructor.java:484)
	at org.openqa.selenium.remote.codec.w3c.W3CHttpResponseCodec.createException(W3CHttpResponseCodec.java:200)
	at org.openqa.selenium.remote.codec.w3c.W3CHttpResponseCodec.decode(W3CHttpResponseCodec.java:133)
	at org.openqa.selenium.remote.codec.w3c.W3CHttpResponseCodec.decode(W3CHttpResponseCodec.java:53)
	at org.openqa.selenium.remote.HttpCommandExecutor.execute(HttpCommandExecutor.java:184)
	at org.openqa.selenium.remote.service.DriverCommandExecutor.invokeExecute(DriverCommandExecutor.java:167)
	at org.openqa.selenium.remote.service.DriverCommandExecutor.execute(DriverCommandExecutor.java:142)
	at org.openqa.selenium.remote.RemoteWebDriver.execute(RemoteWebDriver.java:547)
	at org.openqa.selenium.remote.ElementLocation$ElementFinder$2.findElement(ElementLocation.java:162)
	at org.openqa.selenium.remote.ElementLocation.findElement(ElementLocation.java:60)
	at org.openqa.selenium.remote.RemoteWebDriver.findElement(RemoteWebDriver.java:365)
	at org.openqa.selenium.remote.RemoteWebDriver.findElement(RemoteWebDriver.java:357)
	at org.openqa.selenium.support.pagefactory.DefaultElementLocator.findElement(DefaultElementLocator.java:70)
	at org.openqa.selenium.support.pagefactory.internal.LocatingElementHandler.invoke(LocatingElementHandler.java:39)
	at jdk.proxy2/jdk.proxy2.$Proxy44.getText(Unknown Source)
	at pageObjects.HomePage.alert(HomePage.java:74)
	at parallel.Home_SD.the_user_get_warning_message(Home_SD.java:55)
	at ✽.The user get warning message &quot;You are not logged in&quot;(file:///C:/Users/kiran/eclipse-workspace/Implementors/src/test/resources/parallel/Home.feature:14)
</div></td></tr></table><p class="totop"><a href="#summary">back to summary</a></p>
<h3 id="m30">parallel.TestRunner#runScenario</h3><table class="result"><tr class="param"><th>Parameter #1</th><th>Parameter #2</th></tr><tr class="param stripe"><td>&quot;User is on Home page and click on Register&quot;</td><td>&quot;User launch dsalgo application and test Home page&quot;</td></tr><tr><th colspan="2">Exception</th></tr><tr><td colspan="2"><div class="stacktrace">org.openqa.selenium.NoSuchElementException: no such element: Unable to locate element: {&quot;method&quot;:&quot;xpath&quot;,&quot;selector&quot;:&quot;//a[@href=&apos;/register&apos;]&quot;}
  (Session info: chrome=112.0.5615.49)
For documentation on this error, please visit: https://selenium.dev/exceptions/#no_such_element
Build info: version: &apos;4.5.0&apos;, revision: &apos;fe167b119a&apos;
System info: os.name: &apos;Windows 11&apos;, os.arch: &apos;amd64&apos;, os.version: &apos;10.0&apos;, java.version: &apos;19.0.1&apos;
Driver info: org.openqa.selenium.chrome.ChromeDriver
Command: [b446593e541e53fd73eb28549a69f73e, findElement {using=xpath, value=//a[@href=&apos;/register&apos;]}]
Capabilities {acceptInsecureCerts: false, browserName: chrome, browserVersion: 112.0.5615.49, chrome: {chromedriverVersion: 112.0.5615.49 (bd2a7bcb881c..., userDataDir: C:\Users\kiran\AppData\Loca...}, goog:chromeOptions: {debuggerAddress: localhost:56237}, networkConnectionEnabled: false, pageLoadStrategy: normal, platformName: WINDOWS, proxy: Proxy(), se:cdp: ws://localhost:56237/devtoo..., se:cdpVersion: 112.0.5615.49, setWindowRect: true, strictFileInteractability: false, timeouts: {implicit: 0, pageLoad: 300000, script: 30000}, unhandledPromptBehavior: dismiss and notify, webauthn:extension:credBlob: true, webauthn:extension:largeBlob: true, webauthn:extension:minPinLength: true, webauthn:extension:prf: true, webauthn:virtualAuthenticators: true}
Session ID: b446593e541e53fd73eb28549a69f73e
	at java.base/jdk.internal.reflect.DirectConstructorHandleAccessor.newInstance(DirectConstructorHandleAccessor.java:67)
	at java.base/java.lang.reflect.Constructor.newInstanceWithCaller(Constructor.java:500)
	at java.base/java.lang.reflect.Constructor.newInstance(Constructor.java:484)
	at org.openqa.selenium.remote.codec.w3c.W3CHttpResponseCodec.createException(W3CHttpResponseCodec.java:200)
	at org.openqa.selenium.remote.codec.w3c.W3CHttpResponseCodec.decode(W3CHttpResponseCodec.java:133)
	at org.openqa.selenium.remote.codec.w3c.W3CHttpResponseCodec.decode(W3CHttpResponseCodec.java:53)
	at org.openqa.selenium.remote.HttpCommandExecutor.execute(HttpCommandExecutor.java:184)
	at org.openqa.selenium.remote.service.DriverCommandExecutor.invokeExecute(DriverCommandExecutor.java:167)
	at org.openqa.selenium.remote.service.DriverCommandExecutor.execute(DriverCommandExecutor.java:142)
	at org.openqa.selenium.remote.RemoteWebDriver.execute(RemoteWebDriver.java:547)
	at org.openqa.selenium.remote.ElementLocation$ElementFinder$2.findElement(ElementLocation.java:162)
	at org.openqa.selenium.remote.ElementLocation.findElement(ElementLocation.java:60)
	at org.openqa.selenium.remote.RemoteWebDriver.findElement(RemoteWebDriver.java:365)
	at org.openqa.selenium.remote.RemoteWebDriver.findElement(RemoteWebDriver.java:357)
	at org.openqa.selenium.support.pagefactory.DefaultElementLocator.findElement(DefaultElementLocator.java:70)
	at org.openqa.selenium.support.pagefactory.internal.LocatingElementHandler.invoke(LocatingElementHandler.java:39)
	at jdk.proxy2/jdk.proxy2.$Proxy44.click(Unknown Source)
	at pageObjects.HomePage.register_link(HomePage.java:166)
	at parallel.Home_SD.the_user_clicks_on_register_link(Home_SD.java:92)
	at ✽.The user clicks on register link(file:///C:/Users/kiran/eclipse-workspace/Implementors/src/test/resources/parallel/Home.feature:50)
</div></td></tr></table><p class="totop"><a href="#summary">back to summary</a></p>
<h3 id="m31">parallel.TestRunner#runScenario</h3><table class="result"><tr class="param"><th>Parameter #1</th><th>Parameter #2</th></tr><tr class="param stripe"><td>&quot;The user is presented with error message for password too similar to your other personal information&quot;</td><td>&quot;Validating Register page&quot;</td></tr><tr><th colspan="2">Exception</th></tr><tr><td colspan="2"><div class="stacktrace">java.lang.AssertionError: expected [password can’t be too similar to your other personal information.] but found [password_mismatch:The two password fields didn’t match.]
	at org.testng.Assert.fail(Assert.java:110)
	at org.testng.Assert.failNotEquals(Assert.java:1413)
	at org.testng.Assert.assertEqualsImpl(Assert.java:149)
	at org.testng.Assert.assertEquals(Assert.java:131)
	at org.testng.Assert.assertEquals(Assert.java:655)
	at org.testng.Assert.assertEquals(Assert.java:665)
	at parallel.Register_SD.it_should_display_an_error_message(Register_SD.java:86)
	at ✽.It should display an error message &quot;password can’t be too similar to your other personal information.&quot;(file:///C:/Users/kiran/eclipse-workspace/Implementors/src/test/resources/parallel/Register.feature:70)
</div></td></tr></table><p class="totop"><a href="#summary">back to summary</a></p>
<h3 id="m32">parallel.TestRunner#runScenario</h3><table class="result"><tr class="param"><th>Parameter #1</th><th>Parameter #2</th></tr><tr class="param stripe"><td>&quot;The user getting error message with invalid python code for Introduction page&quot;</td><td>&quot;Testing LinkedList page&quot;</td></tr></table><p class="totop"><a href="#summary">back to summary</a></p>
<h3 id="m33">parallel.TestRunner#runScenario</h3><table class="result"><tr class="param"><th>Parameter #1</th><th>Parameter #2</th></tr><tr class="param stripe"><td>&quot;user navigated to &quot;Implementation linked list in python&quot; page&quot;</td><td>&quot;Testing LinkedList page&quot;</td></tr></table><p class="totop"><a href="#summary">back to summary</a></p>
<h3 id="m34">parallel.TestRunner#runScenario</h3><table class="result"><tr class="param"><th>Parameter #1</th><th>Parameter #2</th></tr><tr class="param stripe"><td>&quot;The user is presented with error message for invalid code in Editor for Queue Operations page&quot;</td><td>&quot;User to sign in the dsalgo application and test Queue page&quot;</td></tr></table><p class="totop"><a href="#summary">back to summary</a></p>
<h3 id="m35">parallel.TestRunner#runScenario</h3><table class="result"><tr class="param"><th>Parameter #1</th><th>Parameter #2</th></tr><tr class="param stripe"><td>&quot;The user is able to navigate to queue page and click on Implementation using array link&quot;</td><td>&quot;User to sign in the dsalgo application and test Queue page&quot;</td></tr></table><p class="totop"><a href="#summary">back to summary</a></p>
<h3 id="m36">parallel.TestRunner#runScenario</h3><table class="result"><tr class="param"><th>Parameter #1</th><th>Parameter #2</th></tr><tr class="param stripe"><td>&quot;The user is able to navigate to a page having an tryEditor from Traversals-Illustration Page&quot;</td><td>&quot;User tests the Tree page on the Ds algo application&quot;</td></tr></table><p class="totop"><a href="#summary">back to summary</a></p>
<h3 id="m37">parallel.TestRunner#runScenario</h3><table class="result"><tr class="param"><th>Parameter #1</th><th>Parameter #2</th></tr><tr class="param stripe"><td>&quot;The user is presented with error message for code with invalid syntax in tryEditor for Time Complexity page&quot;</td><td>&quot;User launch dsalgo application and test Data Structure introduction page&quot;</td></tr></table><p class="totop"><a href="#summary">back to summary</a></p>
<h3 id="m38">parallel.TestRunner#runScenario</h3><table class="result"><tr class="param"><th>Parameter #1</th><th>Parameter #2</th></tr><tr class="param stripe"><td>&quot;The user is presented with error message for empty fields below Username textbox&quot;</td><td>&quot;Validating Register page&quot;</td></tr></table><p class="totop"><a href="#summary">back to summary</a></p>
<h3 id="m39">parallel.TestRunner#runScenario</h3><table class="result"><tr class="param"><th>Parameter #1</th><th>Parameter #2</th></tr><tr class="param stripe"><td>&quot;The user is able run code in tryEditor for Time Complexity page&quot;</td><td>&quot;User launch dsalgo application and test Data Structure introduction page&quot;</td></tr></table><p class="totop"><a href="#summary">back to summary</a></p>
<h3 id="m40">parallel.TestRunner#runScenario</h3><table class="result"><tr class="param"><th>Parameter #1</th><th>Parameter #2</th></tr><tr class="param stripe"><td>&quot;User on login page and login with invalid inputs &quot;&quot; and &quot;passowrd&quot;&quot;</td><td>&quot;Validating Login page&quot;</td></tr></table><p class="totop"><a href="#summary">back to summary</a></p>
<h3 id="m41">parallel.TestRunner#runScenario</h3><table class="result"><tr class="param"><th>Parameter #1</th><th>Parameter #2</th></tr><tr class="param stripe"><td>&quot;The user is able to run code in tryEditor for Binary Search Trees Page&quot;</td><td>&quot;User tests the Tree page on the Ds algo application&quot;</td></tr></table><p class="totop"><a href="#summary">back to summary</a></p>
<h3 id="m42">parallel.TestRunner#runScenario</h3><table class="result"><tr class="param"><th>Parameter #1</th><th>Parameter #2</th></tr><tr class="param stripe"><td>&quot;The user is able to get the error message for invalid syntax for Tree Traversals Page&quot;</td><td>&quot;User tests the Tree page on the Ds algo application&quot;</td></tr></table><p class="totop"><a href="#summary">back to summary</a></p>
<h3 id="m43">parallel.TestRunner#runScenario</h3><table class="result"><tr class="param"><th>Parameter #1</th><th>Parameter #2</th></tr><tr class="param stripe"><td>&quot;The user is able to navigate to &quot;Types of Binary trees&quot; Page&quot;</td><td>&quot;User tests the Tree page on the Ds algo application&quot;</td></tr></table><p class="totop"><a href="#summary">back to summary</a></p>
<h3 id="m44">parallel.TestRunner#runScenario</h3><table class="result"><tr class="param"><th>Parameter #1</th><th>Parameter #2</th></tr><tr class="param stripe"><td>&quot;The user is able to navigate to a page having an tryEditor from Implementation Of BST Page&quot;</td><td>&quot;User tests the Tree page on the Ds algo application&quot;</td></tr></table><p class="totop"><a href="#summary">back to summary</a></p>
<h3 id="m45">parallel.TestRunner#runScenario</h3><table class="result"><tr class="param"><th>Parameter #1</th><th>Parameter #2</th></tr><tr class="param stripe"><td>&quot;The user is able to run code in Editor for Graph page&quot;</td><td>&quot;User launch dsalgo application and test Graph page&quot;</td></tr></table><p class="totop"><a href="#summary">back to summary</a></p>
<h3 id="m46">parallel.TestRunner#runScenario</h3><table class="result"><tr class="param"><th>Parameter #1</th><th>Parameter #2</th></tr><tr class="param stripe"><td>&quot;The user is able to run code in tryEditor for Binary Tree Traversals page&quot;</td><td>&quot;User tests the Tree page on the Ds algo application&quot;</td></tr></table><p class="totop"><a href="#summary">back to summary</a></p>
<h3 id="m47">parallel.TestRunner#runScenario</h3><table class="result"><tr class="param"><th>Parameter #1</th><th>Parameter #2</th></tr><tr class="param stripe"><td>&quot;The user is able to navigate to &quot;Types of Trees&quot; Page&quot;</td><td>&quot;User tests the Tree page on the Ds algo application&quot;</td></tr></table><p class="totop"><a href="#summary">back to summary</a></p>
<h3 id="m48">parallel.TestRunner#runScenario</h3><table class="result"><tr class="param"><th>Parameter #1</th><th>Parameter #2</th></tr><tr class="param stripe"><td>&quot;The user is able to run code in tryEditor for Types of Trees page&quot;</td><td>&quot;User tests the Tree page on the Ds algo application&quot;</td></tr></table><p class="totop"><a href="#summary">back to summary</a></p>
<h3 id="m49">parallel.TestRunner#runScenario</h3><table class="result"><tr class="param"><th>Parameter #1</th><th>Parameter #2</th></tr><tr class="param stripe"><td>&quot;The user is able to navigate to a page having an tryEditor from Binary Trees Page&quot;</td><td>&quot;User tests the Tree page on the Ds algo application&quot;</td></tr></table><p class="totop"><a href="#summary">back to summary</a></p>
<h3 id="m50">parallel.TestRunner#runScenario</h3><table class="result"><tr class="param"><th>Parameter #1</th><th>Parameter #2</th></tr><tr class="param stripe"><td>&quot;The user run the code in tryEditor with valid input for Introduction page&quot;</td><td>&quot;Testing LinkedList page&quot;</td></tr></table><p class="totop"><a href="#summary">back to summary</a></p>
<h3 id="m51">parallel.TestRunner#runScenario</h3><table class="result"><tr class="param"><th>Parameter #1</th><th>Parameter #2</th></tr><tr class="param stripe"><td>&quot;The user is presented with error message for invalid code in tryEditor for Max Consecutive Ones&quot;</td><td>&quot;User launch dsalgo application and test Array page&quot;</td></tr></table><p class="totop"><a href="#summary">back to summary</a></p>
<h3 id="m52">parallel.TestRunner#runScenario</h3><table class="result"><tr class="param"><th>Parameter #1</th><th>Parameter #2</th></tr><tr class="param stripe"><td>&quot;The user should be directed to editor page with run button to test python code from Graph Representations page&quot;</td><td>&quot;User launch dsalgo application and test Graph page&quot;</td></tr></table><p class="totop"><a href="#summary">back to summary</a></p>
<h3 id="m53">parallel.TestRunner#runScenario</h3><table class="result"><tr class="param"><th>Parameter #1</th><th>Parameter #2</th></tr><tr class="param stripe"><td>&quot;The user is presented with error message for code with invalid syntax in tryEditor for Arrays Using List page&quot;</td><td>&quot;User launch dsalgo application and test Array page&quot;</td></tr></table><p class="totop"><a href="#summary">back to summary</a></p>
<h3 id="m54">parallel.TestRunner#runScenario</h3><table class="result"><tr class="param"><th>Parameter #1</th><th>Parameter #2</th></tr><tr class="param stripe"><td>&quot;The user is able to get the error message for invalid syntax for Implementation of Binary Trees Page&quot;</td><td>&quot;User tests the Tree page on the Ds algo application&quot;</td></tr></table><p class="totop"><a href="#summary">back to summary</a></p>
<h3 id="m55">parallel.TestRunner#runScenario</h3><table class="result"><tr class="param"><th>Parameter #1</th><th>Parameter #2</th></tr><tr class="param stripe"><td>&quot;Verifying signout link&quot;</td><td>&quot;Validating Login page&quot;</td></tr></table><p class="totop"><a href="#summary">back to summary</a></p>
<h3 id="m56">parallel.TestRunner#runScenario</h3><table class="result"><tr class="param"><th>Parameter #1</th><th>Parameter #2</th></tr><tr class="param stripe"><td>&quot;The user is able to navigate to a page having an tryEditor from Applications of Array page&quot;</td><td>&quot;User launch dsalgo application and test Array page&quot;</td></tr></table><p class="totop"><a href="#summary">back to summary</a></p>
<h3 id="m57">parallel.TestRunner#runScenario</h3><table class="result"><tr class="param"><th>Parameter #1</th><th>Parameter #2</th></tr><tr class="param stripe"><td>&quot;The user is presented with error message for invalid code in Editor for Graph Representations page&quot;</td><td>&quot;User launch dsalgo application and test Graph page&quot;</td></tr></table><p class="totop"><a href="#summary">back to summary</a></p>
<h3 id="m58">parallel.TestRunner#runScenario</h3><table class="result"><tr class="param"><th>Parameter #1</th><th>Parameter #2</th></tr><tr class="param stripe"><td>&quot;The user is presented with error message for invalid code in Editor for Implementation using array page&quot;</td><td>&quot;User to sign in the dsalgo application and test Queue page&quot;</td></tr></table><p class="totop"><a href="#summary">back to summary</a></p>
<h3 id="m59">parallel.TestRunner#runScenario</h3><table class="result"><tr class="param"><th>Parameter #1</th><th>Parameter #2</th></tr><tr class="param stripe"><td>&quot;The user is able to navigate to &quot;Implementation of BST&quot; Page&quot;</td><td>&quot;User tests the Tree page on the Ds algo application&quot;</td></tr></table><p class="totop"><a href="#summary">back to summary</a></p>
<h3 id="m60">parallel.TestRunner#runScenario</h3><table class="result"><tr class="param"><th>Parameter #1</th><th>Parameter #2</th></tr><tr class="param stripe"><td>&quot;The user is able to navigate to a page having an tryEditor from Tree Traversals Page&quot;</td><td>&quot;User tests the Tree page on the Ds algo application&quot;</td></tr></table><p class="totop"><a href="#summary">back to summary</a></p>
<h3 id="m61">parallel.TestRunner#runScenario</h3><table class="result"><tr class="param"><th>Parameter #1</th><th>Parameter #2</th></tr><tr class="param stripe"><td>&quot;The user is able to navigate to &quot;Operations in Stack&quot; page&quot;</td><td>&quot;User tests the stack page on the Ds algo application&quot;</td></tr></table><p class="totop"><a href="#summary">back to summary</a></p>
<h3 id="m62">parallel.TestRunner#runScenario</h3><table class="result"><tr class="param"><th>Parameter #1</th><th>Parameter #2</th></tr><tr class="param stripe"><td>&quot;The user is able to navigate to &quot;Practice Questions&quot; in stack Page&quot;</td><td>&quot;User tests the stack page on the Ds algo application&quot;</td></tr></table><p class="totop"><a href="#summary">back to summary</a></p>
<h3 id="m63">parallel.TestRunner#runScenario</h3><table class="result"><tr class="param"><th>Parameter #1</th><th>Parameter #2</th></tr><tr class="param stripe"><td>&quot;The user getting error message with invalid python code for Implement Linked List in Python page&quot;</td><td>&quot;Testing LinkedList page&quot;</td></tr></table><p class="totop"><a href="#summary">back to summary</a></p>
<h3 id="m64">parallel.TestRunner#runScenario</h3><table class="result"><tr class="param"><th>Parameter #1</th><th>Parameter #2</th></tr><tr class="param stripe"><td>&quot;The user is able to navigate to &quot;Overview of Trees&quot; page&quot;</td><td>&quot;User tests the Tree page on the Ds algo application&quot;</td></tr></table><p class="totop"><a href="#summary">back to summary</a></p>
<h3 id="m65">parallel.TestRunner#runScenario</h3><table class="result"><tr class="param"><th>Parameter #1</th><th>Parameter #2</th></tr><tr class="param stripe"><td>&quot;The user is able to get the error message for invalid syntax for Types of Binary Trees Page&quot;</td><td>&quot;User tests the Tree page on the Ds algo application&quot;</td></tr></table><p class="totop"><a href="#summary">back to summary</a></p>
<h3 id="m66">parallel.TestRunner#runScenario</h3><table class="result"><tr class="param"><th>Parameter #1</th><th>Parameter #2</th></tr><tr class="param stripe"><td>&quot;The user is able to run code in tryEditor for Implementation in Python Page&quot;</td><td>&quot;User tests the Tree page on the Ds algo application&quot;</td></tr></table><p class="totop"><a href="#summary">back to summary</a></p>
<h3 id="m67">parallel.TestRunner#runScenario</h3><table class="result"><tr class="param"><th>Parameter #1</th><th>Parameter #2</th></tr><tr class="param stripe"><td>&quot;User navigated to &quot;Introduction&quot; page&quot;</td><td>&quot;Testing LinkedList page&quot;</td></tr></table><p class="totop"><a href="#summary">back to summary</a></p>
<h3 id="m68">parallel.TestRunner#runScenario</h3><table class="result"><tr class="param"><th>Parameter #1</th><th>Parameter #2</th></tr><tr class="param stripe"><td>&quot;The user is able to get the error message for invalid syntax for Binary Search Trees Page&quot;</td><td>&quot;User tests the Tree page on the Ds algo application&quot;</td></tr></table><p class="totop"><a href="#summary">back to summary</a></p>
<h3 id="m69">parallel.TestRunner#runScenario</h3><table class="result"><tr class="param"><th>Parameter #1</th><th>Parameter #2</th></tr><tr class="param stripe"><td>&quot;The user is presented with error message for invalid code in Editor for Implementation using collections page&quot;</td><td>&quot;User to sign in the dsalgo application and test Queue page&quot;</td></tr></table><p class="totop"><a href="#summary">back to summary</a></p>
<h3 id="m70">parallel.TestRunner#runScenario</h3><table class="result"><tr class="param"><th>Parameter #1</th><th>Parameter #2</th></tr><tr class="param stripe"><td>&quot;User on login page and login with invalid and valid inputs from Excel &quot;Sheet1&quot; and 3&quot;</td><td>&quot;Validating Login page&quot;</td></tr></table><p class="totop"><a href="#summary">back to summary</a></p>
<h3 id="m71">parallel.TestRunner#runScenario</h3><table class="result"><tr class="param"><th>Parameter #1</th><th>Parameter #2</th></tr><tr class="param stripe"><td>&quot;The user is presented with error message for empty fields below Password textbox&quot;</td><td>&quot;Validating Register page&quot;</td></tr></table><p class="totop"><a href="#summary">back to summary</a></p>
<h3 id="m72">parallel.TestRunner#runScenario</h3><table class="result"><tr class="param"><th>Parameter #1</th><th>Parameter #2</th></tr><tr class="param stripe"><td>&quot;User navigated to &quot;Types of linked list&quot; page&quot;</td><td>&quot;Testing LinkedList page&quot;</td></tr></table><p class="totop"><a href="#summary">back to summary</a></p>
<h3 id="m73">parallel.TestRunner#runScenario</h3><table class="result"><tr class="param"><th>Parameter #1</th><th>Parameter #2</th></tr><tr class="param stripe"><td>&quot;The user should be directed to editor page with run button to test python code&quot;</td><td>&quot;User launch dsalgo application and test Graph page&quot;</td></tr></table><p class="totop"><a href="#summary">back to summary</a></p>
<h3 id="m74">parallel.TestRunner#runScenario</h3><table class="result"><tr class="param"><th>Parameter #1</th><th>Parameter #2</th></tr><tr class="param stripe"><td>&quot;User on login page and login with invalid and valid inputs from Excel &quot;Sheet1&quot; and 2&quot;</td><td>&quot;Validating Login page&quot;</td></tr></table><p class="totop"><a href="#summary">back to summary</a></p>
<h3 id="m75">parallel.TestRunner#runScenario</h3><table class="result"><tr class="param"><th>Parameter #1</th><th>Parameter #2</th></tr><tr class="param stripe"><td>&quot;The user is presented with error message for code with invalid syntax in tryEditor for Basic Operations in Lists page&quot;</td><td>&quot;User launch dsalgo application and test Array page&quot;</td></tr></table><p class="totop"><a href="#summary">back to summary</a></p>
<h3 id="m76">parallel.TestRunner#runScenario</h3><table class="result"><tr class="param"><th>Parameter #1</th><th>Parameter #2</th></tr><tr class="param stripe"><td>&quot;The user is able to navigate to Implementation of Binary Trees Page&quot;</td><td>&quot;User tests the Tree page on the Ds algo application&quot;</td></tr></table><p class="totop"><a href="#summary">back to summary</a></p>
<h3 id="m77">parallel.TestRunner#runScenario</h3><table class="result"><tr class="param"><th>Parameter #1</th><th>Parameter #2</th></tr><tr class="param stripe"><td>&quot;The user is able to navigate to Practice page&quot;</td><td>&quot;User launch dsalgo application and test Array page&quot;</td></tr></table><p class="totop"><a href="#summary">back to summary</a></p>
<h3 id="m78">parallel.TestRunner#runScenario</h3><table class="result"><tr class="param"><th>Parameter #1</th><th>Parameter #2</th></tr><tr class="param stripe"><td>&quot;User navigated to tryEditor page with Run button from Implement Linked List in Python page&quot;</td><td>&quot;Testing LinkedList page&quot;</td></tr></table><p class="totop"><a href="#summary">back to summary</a></p>
<h3 id="m79">parallel.TestRunner#runScenario</h3><table class="result"><tr class="param"><th>Parameter #1</th><th>Parameter #2</th></tr><tr class="param stripe"><td>&quot;The user is able to run code in Editor for Queue Operations page&quot;</td><td>&quot;User to sign in the dsalgo application and test Queue page&quot;</td></tr></table><p class="totop"><a href="#summary">back to summary</a></p>
<h3 id="m80">parallel.TestRunner#runScenario</h3><table class="result"><tr class="param"><th>Parameter #1</th><th>Parameter #2</th></tr><tr class="param stripe"><td>&quot;The user is able to get the error message for invalid syntax for Applications of Binary trees Page&quot;</td><td>&quot;User tests the Tree page on the Ds algo application&quot;</td></tr></table><p class="totop"><a href="#summary">back to summary</a></p>
<h3 id="m81">parallel.TestRunner#runScenario</h3><table class="result"><tr class="param"><th>Parameter #1</th><th>Parameter #2</th></tr><tr class="param stripe"><td>&quot;The user run the code in tryEditor with valid input for Implement Linked List in Python page&quot;</td><td>&quot;Testing LinkedList page&quot;</td></tr></table><p class="totop"><a href="#summary">back to summary</a></p>
<h3 id="m82">parallel.TestRunner#runScenario</h3><table class="result"><tr class="param"><th>Parameter #1</th><th>Parameter #2</th></tr><tr class="param stripe"><td>&quot;The user is able to navigate to &quot;Terminologies&quot; Page&quot;</td><td>&quot;User tests the Tree page on the Ds algo application&quot;</td></tr></table><p class="totop"><a href="#summary">back to summary</a></p>
<h3 id="m83">parallel.TestRunner#runScenario</h3><table class="result"><tr class="param"><th>Parameter #1</th><th>Parameter #2</th></tr><tr class="param stripe"><td>&quot;The user is able to navigate to QueueOp page and click on Practice Questions&quot;</td><td>&quot;User to sign in the dsalgo application and test Queue page&quot;</td></tr></table><p class="totop"><a href="#summary">back to summary</a></p>
<h3 id="m84">parallel.TestRunner#runScenario</h3><table class="result"><tr class="param"><th>Parameter #1</th><th>Parameter #2</th></tr><tr class="param stripe"><td>&quot;User launch home page of an dsalgo project&quot;</td><td>&quot;User launch dsalgo application and test Home page&quot;</td></tr></table><p class="totop"><a href="#summary">back to summary</a></p>
<h3 id="m85">parallel.TestRunner#runScenario</h3><table class="result"><tr class="param"><th>Parameter #1</th><th>Parameter #2</th></tr><tr class="param stripe"><td>&quot;The user is able to run code in Editor for Implementation using array page&quot;</td><td>&quot;User to sign in the dsalgo application and test Queue page&quot;</td></tr></table><p class="totop"><a href="#summary">back to summary</a></p>
<h3 id="m86">parallel.TestRunner#runScenario</h3><table class="result"><tr class="param"><th>Parameter #1</th><th>Parameter #2</th></tr><tr class="param stripe"><td>&quot;The user is presented with error message for code with invalid syntax in tryEditor for Applications of Array page&quot;</td><td>&quot;User launch dsalgo application and test Array page&quot;</td></tr></table><p class="totop"><a href="#summary">back to summary</a></p>
<h3 id="m87">parallel.TestRunner#runScenario</h3><table class="result"><tr class="param"><th>Parameter #1</th><th>Parameter #2</th></tr><tr class="param stripe"><td>&quot;user navigated to &quot;Traversal&quot; page&quot;</td><td>&quot;Testing LinkedList page&quot;</td></tr></table><p class="totop"><a href="#summary">back to summary</a></p>
<h3 id="m88">parallel.TestRunner#runScenario</h3><table class="result"><tr class="param"><th>Parameter #1</th><th>Parameter #2</th></tr><tr class="param stripe"><td>&quot;The user is able to run code in tryEditor for stack Implementation page&quot;</td><td>&quot;User tests the stack page on the Ds algo application&quot;</td></tr></table><p class="totop"><a href="#summary">back to summary</a></p>
<h3 id="m89">parallel.TestRunner#runScenario</h3><table class="result"><tr class="param"><th>Parameter #1</th><th>Parameter #2</th></tr><tr class="param stripe"><td>&quot;The user should be directed to editor page with run button to test python code from Queue Operations page&quot;</td><td>&quot;User to sign in the dsalgo application and test Queue page&quot;</td></tr></table><p class="totop"><a href="#summary">back to summary</a></p>
<h3 id="m90">parallel.TestRunner#runScenario</h3><table class="result"><tr class="param"><th>Parameter #1</th><th>Parameter #2</th></tr><tr class="param stripe"><td>&quot;The user getting error message with invalid python code for Creating a Linked List page&quot;</td><td>&quot;Testing LinkedList page&quot;</td></tr></table><p class="totop"><a href="#summary">back to summary</a></p>
<h3 id="m91">parallel.TestRunner#runScenario</h3><table class="result"><tr class="param"><th>Parameter #1</th><th>Parameter #2</th></tr><tr class="param stripe"><td>&quot;The user validating &quot;Practice Questions&quot; page&quot;</td><td>&quot;User tests the Tree page on the Ds algo application&quot;</td></tr></table><p class="totop"><a href="#summary">back to summary</a></p>
<h3 id="m92">parallel.TestRunner#runScenario</h3><table class="result"><tr class="param"><th>Parameter #1</th><th>Parameter #2</th></tr><tr class="param stripe"><td>&quot;The user is able to get the error message for invalid syntax for Traversals-Illustration Page&quot;</td><td>&quot;User tests the Tree page on the Ds algo application&quot;</td></tr></table><p class="totop"><a href="#summary">back to summary</a></p>
<h3 id="m93">parallel.TestRunner#runScenario</h3><table class="result"><tr class="param"><th>Parameter #1</th><th>Parameter #2</th></tr><tr class="param stripe"><td>&quot;The user is directed to &quot;Tree&quot; Page&quot;</td><td>&quot;User tests the Tree page on the Ds algo application&quot;</td></tr></table><p class="totop"><a href="#summary">back to summary</a></p>
<h3 id="m94">parallel.TestRunner#runScenario</h3><table class="result"><tr class="param"><th>Parameter #1</th><th>Parameter #2</th></tr><tr class="param stripe"><td>&quot;The user is able to navigate to a page having an tryEditor from Overview of Trees page&quot;</td><td>&quot;User tests the Tree page on the Ds algo application&quot;</td></tr></table><p class="totop"><a href="#summary">back to summary</a></p>
<h3 id="m95">parallel.TestRunner#runScenario</h3><table class="result"><tr class="param"><th>Parameter #1</th><th>Parameter #2</th></tr><tr class="param stripe"><td>&quot;The user is able to navigate to Basic Operations in Lists page&quot;</td><td>&quot;User launch dsalgo application and test Array page&quot;</td></tr></table><p class="totop"><a href="#summary">back to summary</a></p>
<h3 id="m96">parallel.TestRunner#runScenario</h3><table class="result"><tr class="param"><th>Parameter #1</th><th>Parameter #2</th></tr><tr class="param stripe"><td>&quot;The user is presented with error message for code with invalid syntax in tryEditor for Arrays in Python page&quot;</td><td>&quot;User launch dsalgo application and test Array page&quot;</td></tr></table><p class="totop"><a href="#summary">back to summary</a></p>
<h3 id="m97">parallel.TestRunner#runScenario</h3><table class="result"><tr class="param"><th>Parameter #1</th><th>Parameter #2</th></tr><tr class="param stripe"><td>&quot;User navigated to tryEditor page with Run button from Types of Linked List&quot;</td><td>&quot;Testing LinkedList page&quot;</td></tr></table><p class="totop"><a href="#summary">back to summary</a></p>
<h3 id="m98">parallel.TestRunner#runScenario</h3><table class="result"><tr class="param"><th>Parameter #1</th><th>Parameter #2</th></tr><tr class="param stripe"><td>&quot;User on login page and login with invalid inputs &quot;user&quot; and &quot;&quot;&quot;</td><td>&quot;Validating Login page&quot;</td></tr></table><p class="totop"><a href="#summary">back to summary</a></p>
<h3 id="m99">parallel.TestRunner#runScenario</h3><table class="result"><tr class="param"><th>Parameter #1</th><th>Parameter #2</th></tr><tr class="param stripe"><td>&quot;The user is able to navigate to Graph Data Structure Page&quot;</td><td>&quot;User launch dsalgo application and test Graph page&quot;</td></tr></table><p class="totop"><a href="#summary">back to summary</a></p>
<h3 id="m100">parallel.TestRunner#runScenario</h3><table class="result"><tr class="param"><th>Parameter #1</th><th>Parameter #2</th></tr><tr class="param stripe"><td>&quot;The user is able run code in tryEditor for Arrays Using List page&quot;</td><td>&quot;User launch dsalgo application and test Array page&quot;</td></tr></table><p class="totop"><a href="#summary">back to summary</a></p>
<h3 id="m101">parallel.TestRunner#runScenario</h3><table class="result"><tr class="param"><th>Parameter #1</th><th>Parameter #2</th></tr><tr class="param stripe"><td>&quot;The user should be directed to editor page with run button to test python code&quot;</td><td>&quot;User to sign in the dsalgo application and test Queue page&quot;</td></tr></table><p class="totop"><a href="#summary">back to summary</a></p>
<h3 id="m102">parallel.TestRunner#runScenario</h3><table class="result"><tr class="param"><th>Parameter #1</th><th>Parameter #2</th></tr><tr class="param stripe"><td>&quot;The user is able run code in Editor for Implementation using collections page&quot;</td><td>&quot;User to sign in the dsalgo application and test Queue page&quot;</td></tr></table><p class="totop"><a href="#summary">back to summary</a></p>
<h3 id="m103">parallel.TestRunner#runScenario</h3><table class="result"><tr class="param"><th>Parameter #1</th><th>Parameter #2</th></tr><tr class="param stripe"><td>&quot;The user is able to navigate to Applications of Array page&quot;</td><td>&quot;User launch dsalgo application and test Array page&quot;</td></tr></table><p class="totop"><a href="#summary">back to summary</a></p>
<h3 id="m104">parallel.TestRunner#runScenario</h3><table class="result"><tr class="param"><th>Parameter #1</th><th>Parameter #2</th></tr><tr class="param stripe"><td>&quot;The user is able to navigate to a page having an tryEditor for Arrays Using List page&quot;</td><td>&quot;User launch dsalgo application and test Array page&quot;</td></tr></table><p class="totop"><a href="#summary">back to summary</a></p>
<h3 id="m105">parallel.TestRunner#runScenario</h3><table class="result"><tr class="param"><th>Parameter #1</th><th>Parameter #2</th></tr><tr class="param stripe"><td>&quot;The user is able to run code in tryEditor for Implementation Of BST Page&quot;</td><td>&quot;User tests the Tree page on the Ds algo application&quot;</td></tr></table><p class="totop"><a href="#summary">back to summary</a></p>
<h3 id="m106">parallel.TestRunner#runScenario</h3><table class="result"><tr class="param"><th>Parameter #1</th><th>Parameter #2</th></tr><tr class="param stripe"><td>&quot;The user getting error message with invalid python code for Types of Linked List&quot;</td><td>&quot;Testing LinkedList page&quot;</td></tr></table><p class="totop"><a href="#summary">back to summary</a></p>
<h3 id="m107">parallel.TestRunner#runScenario</h3><table class="result"><tr class="param"><th>Parameter #1</th><th>Parameter #2</th></tr><tr class="param stripe"><td>&quot;The user run the code in tryEditor with valid input for Insertion page&quot;</td><td>&quot;Testing LinkedList page&quot;</td></tr></table><p class="totop"><a href="#summary">back to summary</a></p>
<h3 id="m108">parallel.TestRunner#runScenario</h3><table class="result"><tr class="param"><th>Parameter #1</th><th>Parameter #2</th></tr><tr class="param stripe"><td>&quot;The user run the code in tryEditor with valid input for Creating a Linked List page&quot;</td><td>&quot;Testing LinkedList page&quot;</td></tr></table><p class="totop"><a href="#summary">back to summary</a></p>
<h3 id="m109">parallel.TestRunner#runScenario</h3><table class="result"><tr class="param"><th>Parameter #1</th><th>Parameter #2</th></tr><tr class="param stripe"><td>&quot;The user is able to navigate to a page having an tryEditor from Binary Search Trees Page&quot;</td><td>&quot;User tests the Tree page on the Ds algo application&quot;</td></tr></table><p class="totop"><a href="#summary">back to summary</a></p>
<h3 id="m110">parallel.TestRunner#runScenario</h3><table class="result"><tr class="param"><th>Parameter #1</th><th>Parameter #2</th></tr><tr class="param stripe"><td>&quot;The user is able to navigate to Applications of Binary Trees Page&quot;</td><td>&quot;User tests the Tree page on the Ds algo application&quot;</td></tr></table><p class="totop"><a href="#summary">back to summary</a></p>
<h3 id="m111">parallel.TestRunner#runScenario</h3><table class="result"><tr class="param"><th>Parameter #1</th><th>Parameter #2</th></tr><tr class="param stripe"><td>&quot;The user is able to navigate to a page having an tryEditor from Implementation of Binary Trees Page&quot;</td><td>&quot;User tests the Tree page on the Ds algo application&quot;</td></tr></table><p class="totop"><a href="#summary">back to summary</a></p>
<h3 id="m112">parallel.TestRunner#runScenario</h3><table class="result"><tr class="param"><th>Parameter #1</th><th>Parameter #2</th></tr><tr class="param stripe"><td>&quot;The user is able to navigate to &quot;Binary Search Trees&quot; Page&quot;</td><td>&quot;User tests the Tree page on the Ds algo application&quot;</td></tr></table><p class="totop"><a href="#summary">back to summary</a></p>
<h3 id="m113">parallel.TestRunner#runScenario</h3><table class="result"><tr class="param"><th>Parameter #1</th><th>Parameter #2</th></tr><tr class="param stripe"><td>&quot;The user is able to run code in tryEditor for Traversals-Illustration Page&quot;</td><td>&quot;User tests the Tree page on the Ds algo application&quot;</td></tr></table><p class="totop"><a href="#summary">back to summary</a></p>
<h3 id="m114">parallel.TestRunner#runScenario</h3><table class="result"><tr class="param"><th>Parameter #1</th><th>Parameter #2</th></tr><tr class="param stripe"><td>&quot;The user is able to get the error message for invalid syntax for Terminologies page&quot;</td><td>&quot;User tests the Tree page on the Ds algo application&quot;</td></tr></table><p class="totop"><a href="#summary">back to summary</a></p>
<h3 id="m115">parallel.TestRunner#runScenario</h3><table class="result"><tr class="param"><th>Parameter #1</th><th>Parameter #2</th></tr><tr class="param stripe"><td>&quot;User on login page and login with invalid inputs &quot;&quot; and &quot;&quot;&quot;</td><td>&quot;Validating Login page&quot;</td></tr></table><p class="totop"><a href="#summary">back to summary</a></p>
<h3 id="m116">parallel.TestRunner#runScenario</h3><table class="result"><tr class="param"><th>Parameter #1</th><th>Parameter #2</th></tr><tr class="param stripe"><td>&quot;The user is able to get the error message for invalid syntax for Operations in Stack page&quot;</td><td>&quot;User tests the stack page on the Ds algo application&quot;</td></tr></table><p class="totop"><a href="#summary">back to summary</a></p>
<h3 id="m117">parallel.TestRunner#runScenario</h3><table class="result"><tr class="param"><th>Parameter #1</th><th>Parameter #2</th></tr><tr class="param stripe"><td>&quot;The user is able run code in tryEditor for Arrays in Python page&quot;</td><td>&quot;User launch dsalgo application and test Array page&quot;</td></tr></table><p class="totop"><a href="#summary">back to summary</a></p>
<h3 id="m118">parallel.TestRunner#runScenario</h3><table class="result"><tr class="param"><th>Parameter #1</th><th>Parameter #2</th></tr><tr class="param stripe"><td>&quot;The user is presented with error message for code with invalid syntax in tryEditor for Find Numbers with Even Number of Digits&quot;</td><td>&quot;User launch dsalgo application and test Array page&quot;</td></tr></table><p class="totop"><a href="#summary">back to summary</a></p>
<h3 id="m119">parallel.TestRunner#runScenario</h3><table class="result"><tr class="param"><th>Parameter #1</th><th>Parameter #2</th></tr><tr class="param stripe"><td>&quot;The user validating &quot;Practice Questions&quot; page&quot;</td><td>&quot;Testing LinkedList page&quot;</td></tr></table><p class="totop"><a href="#summary">back to summary</a></p>
<h3 id="m120">parallel.TestRunner#runScenario</h3><table class="result"><tr class="param"><th>Parameter #1</th><th>Parameter #2</th></tr><tr class="param stripe"><td>&quot;The user is able to run code in tryEditor for stack Applications page&quot;</td><td>&quot;User tests the stack page on the Ds algo application&quot;</td></tr></table><p class="totop"><a href="#summary">back to summary</a></p>
<h3 id="m121">parallel.TestRunner#runScenario</h3><table class="result"><tr class="param"><th>Parameter #1</th><th>Parameter #2</th></tr><tr class="param stripe"><td>&quot;The user is able to run code in Editor for Graph Representations page&quot;</td><td>&quot;User launch dsalgo application and test Graph page&quot;</td></tr></table><p class="totop"><a href="#summary">back to summary</a></p>
<h3 id="m122">parallel.TestRunner#runScenario</h3><table class="result"><tr class="param"><th>Parameter #1</th><th>Parameter #2</th></tr><tr class="param stripe"><td>&quot;User navigated to tryEditor page with Run button from Introduction page&quot;</td><td>&quot;Testing LinkedList page&quot;</td></tr></table><p class="totop"><a href="#summary">back to summary</a></p>
<h3 id="m123">parallel.TestRunner#runScenario</h3><table class="result"><tr class="param"><th>Parameter #1</th><th>Parameter #2</th></tr><tr class="param stripe"><td>&quot;The user is presented with error message for password mismatch&quot;</td><td>&quot;Validating Register page&quot;</td></tr></table><p class="totop"><a href="#summary">back to summary</a></p>
<h3 id="m124">parallel.TestRunner#runScenario</h3><table class="result"><tr class="param"><th>Parameter #1</th><th>Parameter #2</th></tr><tr class="param stripe"><td>&quot;The user is able to run code in tryEditor for Implementation of Binary Trees Page&quot;</td><td>&quot;User tests the Tree page on the Ds algo application&quot;</td></tr></table><p class="totop"><a href="#summary">back to summary</a></p>
<h3 id="m125">parallel.TestRunner#runScenario</h3><table class="result"><tr class="param"><th>Parameter #1</th><th>Parameter #2</th></tr><tr class="param stripe"><td>&quot;The user getting error message with invalid python code for Insertion page&quot;</td><td>&quot;Testing LinkedList page&quot;</td></tr></table><p class="totop"><a href="#summary">back to summary</a></p>
<h3 id="m126">parallel.TestRunner#runScenario</h3><table class="result"><tr class="param"><th>Parameter #1</th><th>Parameter #2</th></tr><tr class="param stripe"><td>&quot;The user is able to get the error message for invalid syntax for stack Implementation page&quot;</td><td>&quot;User tests the stack page on the Ds algo application&quot;</td></tr></table><p class="totop"><a href="#summary">back to summary</a></p>
<h3 id="m127">parallel.TestRunner#runScenario</h3><table class="result"><tr class="param"><th>Parameter #1</th><th>Parameter #2</th></tr><tr class="param stripe"><td>&quot;The user is able to navigate to queue page and click on Queue Operations link&quot;</td><td>&quot;User to sign in the dsalgo application and test Queue page&quot;</td></tr></table><p class="totop"><a href="#summary">back to summary</a></p>
<h3 id="m128">parallel.TestRunner#runScenario</h3><table class="result"><tr class="param"><th>Parameter #1</th><th>Parameter #2</th></tr><tr class="param stripe"><td>&quot;The user run the code in tryEditor with valid input for Types of Linked List&quot;</td><td>&quot;Testing LinkedList page&quot;</td></tr></table><p class="totop"><a href="#summary">back to summary</a></p>
<h3 id="m129">parallel.TestRunner#runScenario</h3><table class="result"><tr class="param"><th>Parameter #1</th><th>Parameter #2</th></tr><tr class="param stripe"><td>&quot;The user is able to navigate to binary tree traversals Page&quot;</td><td>&quot;User tests the Tree page on the Ds algo application&quot;</td></tr></table><p class="totop"><a href="#summary">back to summary</a></p>
<h3 id="m130">parallel.TestRunner#runScenario</h3><table class="result"><tr class="param"><th>Parameter #1</th><th>Parameter #2</th></tr><tr class="param stripe"><td>&quot;The user is able to get the error message for invalid syntax for Binary Trees Page&quot;</td><td>&quot;User tests the Tree page on the Ds algo application&quot;</td></tr></table><p class="totop"><a href="#summary">back to summary</a></p>
<h3 id="m131">parallel.TestRunner#runScenario</h3><table class="result"><tr class="param"><th>Parameter #1</th><th>Parameter #2</th></tr><tr class="param stripe"><td>&quot;The user run the code in tryEditor with valid input for Deletion page&quot;</td><td>&quot;Testing LinkedList page&quot;</td></tr></table><p class="totop"><a href="#summary">back to summary</a></p>
<h3 id="m132">parallel.TestRunner#runScenario</h3><table class="result"><tr class="param"><th>Parameter #1</th><th>Parameter #2</th></tr><tr class="param stripe"><td>&quot;The user is able to run code in tryEditor for Terminologies page&quot;</td><td>&quot;User tests the Tree page on the Ds algo application&quot;</td></tr></table><p class="totop"><a href="#summary">back to summary</a></p>
<h3 id="m133">parallel.TestRunner#runScenario</h3><table class="result"><tr class="param"><th>Parameter #1</th><th>Parameter #2</th></tr><tr class="param stripe"><td>&quot;The user is presented with error message for empty fields below confirm Password textbox&quot;</td><td>&quot;Validating Register page&quot;</td></tr></table><p class="totop"><a href="#summary">back to summary</a></p>
<h3 id="m134">parallel.TestRunner#runScenario</h3><table class="result"><tr class="param"><th>Parameter #1</th><th>Parameter #2</th></tr><tr class="param stripe"><td>&quot;The user is able to navigate to Applications page having an tryEditor&quot;</td><td>&quot;User tests the stack page on the Ds algo application&quot;</td></tr></table><p class="totop"><a href="#summary">back to summary</a></p>
<h3 id="m135">parallel.TestRunner#runScenario</h3><table class="result"><tr class="param"><th>Parameter #1</th><th>Parameter #2</th></tr><tr class="param stripe"><td>&quot;The user run the code in tryEditor with valid input for Traversal page&quot;</td><td>&quot;Testing LinkedList page&quot;</td></tr></table><p class="totop"><a href="#summary">back to summary</a></p>
<h3 id="m136">parallel.TestRunner#runScenario</h3><table class="result"><tr class="param"><th>Parameter #1</th><th>Parameter #2</th></tr><tr class="param stripe"><td>&quot;The user is able to navigate to a page having an tryEditor from Binary Tree Traversals page&quot;</td><td>&quot;User tests the Tree page on the Ds algo application&quot;</td></tr></table><p class="totop"><a href="#summary">back to summary</a></p>
<h3 id="m137">parallel.TestRunner#runScenario</h3><table class="result"><tr class="param"><th>Parameter #1</th><th>Parameter #2</th></tr><tr class="param stripe"><td>&quot;The user is able to navigate to graph page and click on Graph Representations link&quot;</td><td>&quot;User launch dsalgo application and test Graph page&quot;</td></tr></table><p class="totop"><a href="#summary">back to summary</a></p>
<h3 id="m138">parallel.TestRunner#runScenario</h3><table class="result"><tr class="param"><th>Parameter #1</th><th>Parameter #2</th></tr><tr class="param stripe"><td>&quot;The user is directed to &quot;Stack&quot; Page&quot;</td><td>&quot;User tests the stack page on the Ds algo application&quot;</td></tr></table><p class="totop"><a href="#summary">back to summary</a></p>
<h3 id="m139">parallel.TestRunner#runScenario</h3><table class="result"><tr class="param"><th>Parameter #1</th><th>Parameter #2</th></tr><tr class="param stripe"><td>&quot;The user is able to navigate to Data Structure introduction page&quot;</td><td>&quot;User launch dsalgo application and test Data Structure introduction page&quot;</td></tr></table><p class="totop"><a href="#summary">back to summary</a></p>
<h3 id="m140">parallel.TestRunner#runScenario</h3><table class="result"><tr class="param"><th>Parameter #1</th><th>Parameter #2</th></tr><tr class="param stripe"><td>&quot;The user is able to navigate to Graph page&quot;</td><td>&quot;User launch dsalgo application and test Graph page&quot;</td></tr></table><p class="totop"><a href="#summary">back to summary</a></p>
<h3 id="m141">parallel.TestRunner#runScenario</h3><table class="result"><tr class="param"><th>Parameter #1</th><th>Parameter #2</th></tr><tr class="param stripe"><td>&quot;The user is able to navigate to &quot;Applications&quot; in stack Page&quot;</td><td>&quot;User tests the stack page on the Ds algo application&quot;</td></tr></table><p class="totop"><a href="#summary">back to summary</a></p>
<h3 id="m142">parallel.TestRunner#runScenario</h3><table class="result"><tr class="param"><th>Parameter #1</th><th>Parameter #2</th></tr><tr class="param stripe"><td>&quot;The user is able to navigate to &quot;Traversals illustration&quot; Page&quot;</td><td>&quot;User tests the Tree page on the Ds algo application&quot;</td></tr></table><p class="totop"><a href="#summary">back to summary</a></p>
<h3 id="m143">parallel.TestRunner#runScenario</h3><table class="result"><tr class="param"><th>Parameter #1</th><th>Parameter #2</th></tr><tr class="param stripe"><td>&quot;The user is able to navigate to &quot;Implementation&quot; Page&quot;</td><td>&quot;User tests the stack page on the Ds algo application&quot;</td></tr></table><p class="totop"><a href="#summary">back to summary</a></p>
<h3 id="m144">parallel.TestRunner#runScenario</h3><table class="result"><tr class="param"><th>Parameter #1</th><th>Parameter #2</th></tr><tr class="param stripe"><td>&quot;User navigated to &quot;linked list&quot; page&quot;</td><td>&quot;Testing LinkedList page&quot;</td></tr></table><p class="totop"><a href="#summary">back to summary</a></p>
<h3 id="m145">parallel.TestRunner#runScenario</h3><table class="result"><tr class="param"><th>Parameter #1</th><th>Parameter #2</th></tr><tr class="param stripe"><td>&quot;The user is able run code in Editor for Implementation of queue page&quot;</td><td>&quot;User to sign in the dsalgo application and test Queue page&quot;</td></tr></table><p class="totop"><a href="#summary">back to summary</a></p>
<h3 id="m146">parallel.TestRunner#runScenario</h3><table class="result"><tr class="param"><th>Parameter #1</th><th>Parameter #2</th></tr><tr class="param stripe"><td>&quot;The user is able to run code in tryEditor for Tree Traversals Page&quot;</td><td>&quot;User tests the Tree page on the Ds algo application&quot;</td></tr></table><p class="totop"><a href="#summary">back to summary</a></p>
<h3 id="m147">parallel.TestRunner#runScenario</h3><table class="result"><tr class="param"><th>Parameter #1</th><th>Parameter #2</th></tr><tr class="param stripe"><td>&quot;User launch home page of an dsalgo project&quot;</td><td>&quot;Validating Register page&quot;</td></tr></table><p class="totop"><a href="#summary">back to summary</a></p>
<h3 id="m148">parallel.TestRunner#runScenario</h3><table class="result"><tr class="param"><th>Parameter #1</th><th>Parameter #2</th></tr><tr class="param stripe"><td>&quot;The user is able to navigate to &quot;Tree Traversals&quot; Page&quot;</td><td>&quot;User tests the Tree page on the Ds algo application&quot;</td></tr></table><p class="totop"><a href="#summary">back to summary</a></p>
<h3 id="m149">parallel.TestRunner#runScenario</h3><table class="result"><tr class="param"><th>Parameter #1</th><th>Parameter #2</th></tr><tr class="param stripe"><td>&quot;The user is able to get the error message for invalid syantax for Overview of Trees page&quot;</td><td>&quot;User tests the Tree page on the Ds algo application&quot;</td></tr></table><p class="totop"><a href="#summary">back to summary</a></p>
<h3 id="m150">parallel.TestRunner#runScenario</h3><table class="result"><tr class="param"><th>Parameter #1</th><th>Parameter #2</th></tr><tr class="param stripe"><td>&quot;The user is able to navigate to Question page from Search the array link&quot;</td><td>&quot;User launch dsalgo application and test Array page&quot;</td></tr></table><p class="totop"><a href="#summary">back to summary</a></p>
<h3 id="m151">parallel.TestRunner#runScenario</h3><table class="result"><tr class="param"><th>Parameter #1</th><th>Parameter #2</th></tr><tr class="param stripe"><td>&quot;The user is able to run code in tryEditor for Types of Binary Trees Page&quot;</td><td>&quot;User tests the Tree page on the Ds algo application&quot;</td></tr></table><p class="totop"><a href="#summary">back to summary</a></p>
<h3 id="m152">parallel.TestRunner#runScenario</h3><table class="result"><tr class="param"><th>Parameter #1</th><th>Parameter #2</th></tr><tr class="param stripe"><td>&quot;The user is able to navigate to Question page from Find Numbers with Even Number of Digits&quot;</td><td>&quot;User launch dsalgo application and test Array page&quot;</td></tr></table><p class="totop"><a href="#summary">back to summary</a></p>
<h3 id="m153">parallel.TestRunner#runScenario</h3><table class="result"><tr class="param"><th>Parameter #1</th><th>Parameter #2</th></tr><tr class="param stripe"><td>&quot;The user is able to navigate to Question page from Max Consecutive Ones&quot;</td><td>&quot;User launch dsalgo application and test Array page&quot;</td></tr></table><p class="totop"><a href="#summary">back to summary</a></p>
<h3 id="m154">parallel.TestRunner#runScenario</h3><table class="result"><tr class="param"><th>Parameter #1</th><th>Parameter #2</th></tr><tr class="param stripe"><td>&quot;The user is able to navigate to a page having an tryEditor from Operations in Stack page&quot;</td><td>&quot;User tests the stack page on the Ds algo application&quot;</td></tr></table><p class="totop"><a href="#summary">back to summary</a></p>
<h3 id="m155">parallel.TestRunner#runScenario</h3><table class="result"><tr class="param"><th>Parameter #1</th><th>Parameter #2</th></tr><tr class="param stripe"><td>&quot;The user is able to get the error message for invalid syntax for Implementation in Python Page&quot;</td><td>&quot;User tests the Tree page on the Ds algo application&quot;</td></tr></table><p class="totop"><a href="#summary">back to summary</a></p>
<h3 id="m156">parallel.TestRunner#runScenario</h3><table class="result"><tr class="param"><th>Parameter #1</th><th>Parameter #2</th></tr><tr class="param stripe"><td>&quot;User navigated to tryEditor page with Run button from Creating a Linked List page&quot;</td><td>&quot;Testing LinkedList page&quot;</td></tr></table><p class="totop"><a href="#summary">back to summary</a></p>
<h3 id="m157">parallel.TestRunner#runScenario</h3><table class="result"><tr class="param"><th>Parameter #1</th><th>Parameter #2</th></tr><tr class="param stripe"><td>&quot;The user is able to navigate to a page having an tryEditor from Types of Binary Trees Page&quot;</td><td>&quot;User tests the Tree page on the Ds algo application&quot;</td></tr></table><p class="totop"><a href="#summary">back to summary</a></p>
<h3 id="m158">parallel.TestRunner#runScenario</h3><table class="result"><tr class="param"><th>Parameter #1</th><th>Parameter #2</th></tr><tr class="param stripe"><td>&quot;The user is able to navigate to Implementation in Python Page&quot;</td><td>&quot;User tests the Tree page on the Ds algo application&quot;</td></tr></table><p class="totop"><a href="#summary">back to summary</a></p>
<h3 id="m159">parallel.TestRunner#runScenario</h3><table class="result"><tr class="param"><th>Parameter #1</th><th>Parameter #2</th></tr><tr class="param stripe"><td>&quot;The user is able to get the error message for invalid syntax for Types of Trees page&quot;</td><td>&quot;User tests the Tree page on the Ds algo application&quot;</td></tr></table><p class="totop"><a href="#summary">back to summary</a></p>
<h3 id="m160">parallel.TestRunner#runScenario</h3><table class="result"><tr class="param"><th>Parameter #1</th><th>Parameter #2</th></tr><tr class="param stripe"><td>&quot;User navigated to tryEditor page with Run button from Insertion page&quot;</td><td>&quot;Testing LinkedList page&quot;</td></tr></table><p class="totop"><a href="#summary">back to summary</a></p>
<h3 id="m161">parallel.TestRunner#runScenario</h3><table class="result"><tr class="param"><th>Parameter #1</th><th>Parameter #2</th></tr><tr class="param stripe"><td>&quot;The user is presented with error message for code with invalid syntax in tryEditor for Squares of a Sorted Array&quot;</td><td>&quot;User launch dsalgo application and test Array page&quot;</td></tr></table><p class="totop"><a href="#summary">back to summary</a></p>
<h3 id="m162">parallel.TestRunner#runScenario</h3><table class="result"><tr class="param"><th>Parameter #1</th><th>Parameter #2</th></tr><tr class="param stripe"><td>&quot;The user is presented with error message for invalid code in Editor for Graph page&quot;</td><td>&quot;User launch dsalgo application and test Graph page&quot;</td></tr></table><p class="totop"><a href="#summary">back to summary</a></p>
<h3 id="m163">parallel.TestRunner#runScenario</h3><table class="result"><tr class="param"><th>Parameter #1</th><th>Parameter #2</th></tr><tr class="param stripe"><td>&quot;The user is able to navigate to graph representations page and click on Practice Questions&quot;</td><td>&quot;User launch dsalgo application and test Graph page&quot;</td></tr></table><p class="totop"><a href="#summary">back to summary</a></p>
<h3 id="m164">parallel.TestRunner#runScenario</h3><table class="result"><tr class="param"><th>Parameter #1</th><th>Parameter #2</th></tr><tr class="param stripe"><td>&quot;The user is able to run code in tryEditor for Applications of Binary trees Page&quot;</td><td>&quot;User tests the Tree page on the Ds algo application&quot;</td></tr></table><p class="totop"><a href="#summary">back to summary</a></p>
<h3 id="m165">parallel.TestRunner#runScenario</h3><table class="result"><tr class="param"><th>Parameter #1</th><th>Parameter #2</th></tr><tr class="param stripe"><td>&quot;The user is able to navigate to Question page from Squares of a Sorted Array&quot;</td><td>&quot;User launch dsalgo application and test Array page&quot;</td></tr></table><p class="totop"><a href="#summary">back to summary</a></p>
<h3 id="m166">parallel.TestRunner#runScenario</h3><table class="result"><tr class="param"><th>Parameter #1</th><th>Parameter #2</th></tr><tr class="param stripe"><td>&quot;The user is able to navigate to Terminologies page having an tryEditor&quot;</td><td>&quot;User tests the Tree page on the Ds algo application&quot;</td></tr></table><p class="totop"><a href="#summary">back to summary</a></p>
<h3 id="m167">parallel.TestRunner#runScenario</h3><table class="result"><tr class="param"><th>Parameter #1</th><th>Parameter #2</th></tr><tr class="param stripe"><td>&quot;user navigated to &quot;Insertion&quot; page&quot;</td><td>&quot;Testing LinkedList page&quot;</td></tr></table><p class="totop"><a href="#summary">back to summary</a></p>
<h3 id="m168">parallel.TestRunner#runScenario</h3><table class="result"><tr class="param"><th>Parameter #1</th><th>Parameter #2</th></tr><tr class="param stripe"><td>&quot;The user is presented with error message for invalid code in Editor for Implementation of queue page&quot;</td><td>&quot;User to sign in the dsalgo application and test Queue page&quot;</td></tr></table><p class="totop"><a href="#summary">back to summary</a></p>
<h3 id="m169">parallel.TestRunner#runScenario</h3><table class="result"><tr class="param"><th>Parameter #1</th><th>Parameter #2</th></tr><tr class="param stripe"><td>&quot;The user is able to get the error message for invalid syntax for Implementation Of BST Page&quot;</td><td>&quot;User tests the Tree page on the Ds algo application&quot;</td></tr></table><p class="totop"><a href="#summary">back to summary</a></p>
<h3 id="m170">parallel.TestRunner#runScenario</h3><table class="result"><tr class="param"><th>Parameter #1</th><th>Parameter #2</th></tr><tr class="param stripe"><td>&quot;The user is able to get the error messagefor invalid syntax for stack Applications page&quot;</td><td>&quot;User tests the stack page on the Ds algo application&quot;</td></tr></table><p class="totop"><a href="#summary">back to summary</a></p>
<h3 id="m171">parallel.TestRunner#runScenario</h3><table class="result"><tr class="param"><th>Parameter #1</th><th>Parameter #2</th></tr><tr class="param stripe"><td>&quot;The user is able to navigate to a page having an tryEditor from Implementation in Python Page&quot;</td><td>&quot;User tests the Tree page on the Ds algo application&quot;</td></tr></table><p class="totop"><a href="#summary">back to summary</a></p>
<h3 id="m172">parallel.TestRunner#runScenario</h3><table class="result"><tr class="param"><th>Parameter #1</th><th>Parameter #2</th></tr><tr class="param stripe"><td>&quot;The user is able to navigate to a page having an tryEditor from Arrays in Python page&quot;</td><td>&quot;User launch dsalgo application and test Array page&quot;</td></tr></table><p class="totop"><a href="#summary">back to summary</a></p>
<h3 id="m173">parallel.TestRunner#runScenario</h3><table class="result"><tr class="param"><th>Parameter #1</th><th>Parameter #2</th></tr><tr class="param stripe"><td>&quot;User on signin page and login with valid credentials&quot;</td><td>&quot;Validating Register page&quot;</td></tr></table><p class="totop"><a href="#summary">back to summary</a></p>
<h3 id="m174">parallel.TestRunner#runScenario</h3><table class="result"><tr class="param"><th>Parameter #1</th><th>Parameter #2</th></tr><tr class="param stripe"><td>&quot;User navigated to &quot;creating linked list&quot; page&quot;</td><td>&quot;Testing LinkedList page&quot;</td></tr></table><p class="totop"><a href="#summary">back to summary</a></p>
<h3 id="m175">parallel.TestRunner#runScenario</h3><table class="result"><tr class="param"><th>Parameter #1</th><th>Parameter #2</th></tr><tr class="param stripe"><td>&quot;The user is able to navigate to a page having an tryEditor from Applications of Binary trees Page&quot;</td><td>&quot;User tests the Tree page on the Ds algo application&quot;</td></tr></table><p class="totop"><a href="#summary">back to summary</a></p>
<h3 id="m176">parallel.TestRunner#runScenario</h3><table class="result"><tr class="param"><th>Parameter #1</th><th>Parameter #2</th></tr><tr class="param stripe"><td>&quot;The user is able to navigate to &quot;ARRAY&quot; Data Structure Page&quot;</td><td>&quot;User launch dsalgo application and test Array page&quot;</td></tr></table><p class="totop"><a href="#summary">back to summary</a></p>
<h3 id="m177">parallel.TestRunner#runScenario</h3><table class="result"><tr class="param"><th>Parameter #1</th><th>Parameter #2</th></tr><tr class="param stripe"><td>&quot;The user is presented with error message for code with invalid syntax in tryEditor for Search the array link&quot;</td><td>&quot;User launch dsalgo application and test Array page&quot;</td></tr></table><p class="totop"><a href="#summary">back to summary</a></p>
<h3 id="m178">parallel.TestRunner#runScenario</h3><table class="result"><tr class="param"><th>Parameter #1</th><th>Parameter #2</th></tr><tr class="param stripe"><td>&quot;user navigated to &quot;Deletion&quot; page&quot;</td><td>&quot;Testing LinkedList page&quot;</td></tr></table><p class="totop"><a href="#summary">back to summary</a></p>
<h3 id="m179">parallel.TestRunner#runScenario</h3><table class="result"><tr class="param"><th>Parameter #1</th><th>Parameter #2</th></tr><tr class="param stripe"><td>&quot;The user getting error message with invalid python code for Deletion page&quot;</td><td>&quot;Testing LinkedList page&quot;</td></tr></table><p class="totop"><a href="#summary">back to summary</a></p>
<h3 id="m180">parallel.TestRunner#runScenario</h3><table class="result"><tr class="param"><th>Parameter #1</th><th>Parameter #2</th></tr><tr class="param stripe"><td>&quot;User navigated to tryEditor page with Run button from Traversal page&quot;</td><td>&quot;Testing LinkedList page&quot;</td></tr></table><p class="totop"><a href="#summary">back to summary</a></p>
<h3 id="m181">parallel.TestRunner#runScenario</h3><table class="result"><tr class="param"><th>Parameter #1</th><th>Parameter #2</th></tr><tr class="param stripe"><td>&quot;The user is able run code in tryEditor for Applications of Array page&quot;</td><td>&quot;User launch dsalgo application and test Array page&quot;</td></tr></table><p class="totop"><a href="#summary">back to summary</a></p>
<h3 id="m182">parallel.TestRunner#runScenario</h3><table class="result"><tr class="param"><th>Parameter #1</th><th>Parameter #2</th></tr><tr class="param stripe"><td>&quot;The user is able to navigate to Arrays in Python page&quot;</td><td>&quot;User launch dsalgo application and test Array page&quot;</td></tr></table><p class="totop"><a href="#summary">back to summary</a></p>
<h3 id="m183">parallel.TestRunner#runScenario</h3><table class="result"><tr class="param"><th>Parameter #1</th><th>Parameter #2</th></tr><tr class="param stripe"><td>&quot;The user is able to navigate to Arrays Using List page&quot;</td><td>&quot;User launch dsalgo application and test Array page&quot;</td></tr></table><p class="totop"><a href="#summary">back to summary</a></p>
<h3 id="m184">parallel.TestRunner#runScenario</h3><table class="result"><tr class="param"><th>Parameter #1</th><th>Parameter #2</th></tr><tr class="param stripe"><td>&quot;The user is able to run code in tryEditor for Overview of Trees page&quot;</td><td>&quot;User tests the Tree page on the Ds algo application&quot;</td></tr></table><p class="totop"><a href="#summary">back to summary</a></p>
<h3 id="m185">parallel.TestRunner#runScenario</h3><table class="result"><tr class="param"><th>Parameter #1</th><th>Parameter #2</th></tr><tr class="param stripe"><td>&quot;The user is able to navigate to &quot;Binary trees&quot; Page&quot;</td><td>&quot;User tests the Tree page on the Ds algo application&quot;</td></tr></table><p class="totop"><a href="#summary">back to summary</a></p>
<h3 id="m186">parallel.TestRunner#runScenario</h3><table class="result"><tr class="param"><th>Parameter #1</th><th>Parameter #2</th></tr><tr class="param stripe"><td>&quot;The user is able to navigate to a page having an tryEditor f Basic Operations in Lists page&quot;</td><td>&quot;User launch dsalgo application and test Array page&quot;</td></tr></table><p class="totop"><a href="#summary">back to summary</a></p>
<h3 id="m187">parallel.TestRunner#runScenario</h3><table class="result"><tr class="param"><th>Parameter #1</th><th>Parameter #2</th></tr><tr class="param stripe"><td>&quot;The user is able to navigate to Implementation of Queue in Python link page&quot;</td><td>&quot;User to sign in the dsalgo application and test Queue page&quot;</td></tr></table><p class="totop"><a href="#summary">back to summary</a></p>
<h3 id="m188">parallel.TestRunner#runScenario</h3><table class="result"><tr class="param"><th>Parameter #1</th><th>Parameter #2</th></tr><tr class="param stripe"><td>&quot;User navigated to tryEditor page with Run button from Deletion page&quot;</td><td>&quot;Testing LinkedList page&quot;</td></tr></table><p class="totop"><a href="#summary">back to summary</a></p>
<h3 id="m189">parallel.TestRunner#runScenario</h3><table class="result"><tr class="param"><th>Parameter #1</th><th>Parameter #2</th></tr><tr class="param stripe"><td>&quot;The user is able to navigate to Implementation page having an tryEditor&quot;</td><td>&quot;User tests the stack page on the Ds algo application&quot;</td></tr></table><p class="totop"><a href="#summary">back to summary</a></p>
<h3 id="m190">parallel.TestRunner#runScenario</h3><table class="result"><tr class="param"><th>Parameter #1</th><th>Parameter #2</th></tr><tr class="param stripe"><td>&quot;The user is able to get the error message for invalid syntax for Binary Tree Traversals page&quot;</td><td>&quot;User tests the Tree page on the Ds algo application&quot;</td></tr></table><p class="totop"><a href="#summary">back to summary</a></p>
<h3 id="m191">parallel.TestRunner#runScenario</h3><table class="result"><tr class="param"><th>Parameter #1</th><th>Parameter #2</th></tr><tr class="param stripe"><td>&quot;The user is able run code in tryEditor for Basic Operations in Lists page&quot;</td><td>&quot;User launch dsalgo application and test Array page&quot;</td></tr></table><p class="totop"><a href="#summary">back to summary</a></p>
<h3 id="m192">parallel.TestRunner#runScenario</h3><table class="result"><tr class="param"><th>Parameter #1</th><th>Parameter #2</th></tr><tr class="param stripe"><td>&quot;The user is able to navigate to a page having an tryEditor from Types of Trees page&quot;</td><td>&quot;User tests the Tree page on the Ds algo application&quot;</td></tr></table><p class="totop"><a href="#summary">back to summary</a></p>
<h3 id="m193">parallel.TestRunner#runScenario</h3><table class="result"><tr class="param"><th>Parameter #1</th><th>Parameter #2</th></tr><tr class="param stripe"><td>&quot;Verifying Register link&quot;</td><td>&quot;Validating Login page&quot;</td></tr></table><p class="totop"><a href="#summary">back to summary</a></p>
<h3 id="m194">parallel.TestRunner#runScenario</h3><table class="result"><tr class="param"><th>Parameter #1</th><th>Parameter #2</th></tr><tr class="param stripe"><td>&quot;The user is able to navigate to Queue Data Structure Page&quot;</td><td>&quot;User to sign in the dsalgo application and test Queue page&quot;</td></tr></table><p class="totop"><a href="#summary">back to summary</a></p>
<h3 id="m195">parallel.TestRunner#runScenario</h3><table class="result"><tr class="param"><th>Parameter #1</th><th>Parameter #2</th></tr><tr class="param stripe"><td>&quot;The user is able to run code in tryEditor for Operations in Stack page&quot;</td><td>&quot;User tests the stack page on the Ds algo application&quot;</td></tr></table><p class="totop"><a href="#summary">back to summary</a></p>
<h3 id="m196">parallel.TestRunner#runScenario</h3><table class="result"><tr class="param"><th>Parameter #1</th><th>Parameter #2</th></tr><tr class="param stripe"><td>&quot;The user is able to navigate to queue page and click on Implementation using collections deque link&quot;</td><td>&quot;User to sign in the dsalgo application and test Queue page&quot;</td></tr></table><p class="totop"><a href="#summary">back to summary</a></p>
<h3 id="m197">parallel.TestRunner#runScenario</h3><table class="result"><tr class="param"><th>Parameter #1</th><th>Parameter #2</th></tr><tr class="param stripe"><td>&quot;The user should be directed to editor page with run button to test python code from Implementation using array page&quot;</td><td>&quot;User to sign in the dsalgo application and test Queue page&quot;</td></tr></table><p class="totop"><a href="#summary">back to summary</a></p>
<h3 id="m198">parallel.TestRunner#runScenario</h3><table class="result"><tr class="param"><th>Parameter #1</th><th>Parameter #2</th></tr><tr class="param stripe"><td>&quot;The user is able to run code in tryEditor for Binary Trees Page&quot;</td><td>&quot;User tests the Tree page on the Ds algo application&quot;</td></tr></table><p class="totop"><a href="#summary">back to summary</a></p>
<h3 id="m199">parallel.TestRunner#runScenario</h3><table class="result"><tr class="param"><th>Parameter #1</th><th>Parameter #2</th></tr><tr class="param stripe"><td>&quot;The user should be directed to editor page with run button to test python code from Implementation using collections page&quot;</td><td>&quot;User to sign in the dsalgo application and test Queue page&quot;</td></tr></table><p class="totop"><a href="#summary">back to summary</a></p>
<h3 id="m200">parallel.TestRunner#runScenario</h3><table class="result"><tr class="param"><th>Parameter #1</th><th>Parameter #2</th></tr><tr class="param stripe"><td>&quot;The user getting error message with invalid python code for Traversal page&quot;</td><td>&quot;Testing LinkedList page&quot;</td></tr></table><p class="totop"><a href="#summary">back to summary</a></p>
</body>
</html>
